参考情報：

xbeeing さん所有の 24MHz 改造 XVI を 10MHz モードで計測した結果です。


--------------------------------------------------------------------------------------------

build settings
	ENABLE_SRAM_WRITE 0
	BUILD Feb 13 2023, CRC32 38084D19


testCase 0/39

CRTMOD(13) 512x512 65536color 1plane 15kHz
SP BG disp on (by $EB0808)
T-VRAM display
G-VRAM display
memcpyByU8 (ideal throughput is 454545 bytes/sec @10MHz)

throughput (bytes/sec)
+------------------------+----------+----------+----------+----------+----------+----------+
|                   dst  |   MAIN   |  G-VRAM  |  T-VRAM  |   SPR    |   PCG    |   SRAM   |
|                        | 0x034f96 | 0xc00200 | 0xe00200 | 0xeb0200 | 0xeb8200 | 0xed3a00 |
|  src                   |~0x035195 |~0xc003ff |~0xe003ff |~0xeb03ff |~0xeb83ff |~0xed3bff |
+------------------------+----------+----------+----------+----------+----------+----------+
| MAIN  0x035196~0x035395|   442368 |   413696 |   413696 |   299008 |   303104 |   421888 |
|G-VRAM 0xc00000~0xc001ff|   413696 |   397312 |   397312 |   294912 |   294912 |   397312 |
|T-VRAM 0xe00000~0xe001ff|   413696 |   397312 |   397312 |   294912 |   294912 |   397312 |
| SPR   0xeb0000~0xeb01ff|   303104 |   294912 |   294912 |   212992 |   204800 |   294912 |
| PCG   0xeb8000~0xeb81ff|   303104 |   299008 |   294912 |   204800 |   200704 |   299008 |
| SRAM  0xed3800~0xed39ff|   425984 |   401408 |   397312 |   299008 |   299008 |   401408 |
|CGROM  0xf00000~0xf001ff|   425984 |   401408 |   397312 |   299008 |   299008 |   401408 |
|IPLROM 0xfe0000~0xfe01ff|   425984 |   401408 |   397312 |   299008 |   299008 |   401408 |
+------------------------+----------+----------+----------+----------+----------+----------+


testCase 1/39

CRTMOD(13) 512x512 65536color 1plane 15kHz
SP BG disp off (by $EB0808)
T-VRAM display
G-VRAM display
memcpyByU8 (ideal throughput is 454545 bytes/sec @10MHz)

throughput (bytes/sec)
+------------------------+----------+----------+----------+----------+----------+----------+
|                   dst  |   MAIN   |  G-VRAM  |  T-VRAM  |   SPR    |   PCG    |   SRAM   |
|                        | 0x034f96 | 0xc00200 | 0xe00200 | 0xeb0200 | 0xeb8200 | 0xed3a00 |
|  src                   |~0x035195 |~0xc003ff |~0xe003ff |~0xeb03ff |~0xeb83ff |~0xed3bff |
+------------------------+----------+----------+----------+----------+----------+----------+
| MAIN  0x035196~0x035395|   442368 |   413696 |   413696 |   307200 |   335872 |   425984 |
|G-VRAM 0xc00000~0xc001ff|   413696 |   397312 |   397312 |   299008 |   303104 |   393216 |
|T-VRAM 0xe00000~0xe001ff|   413696 |   397312 |   397312 |   299008 |   303104 |   397312 |
| SPR   0xeb0000~0xeb01ff|   315392 |   294912 |   299008 |   258048 |   237568 |   299008 |
| PCG   0xeb8000~0xeb81ff|   339968 |   303104 |   303104 |   266240 |   266240 |   311296 |
| SRAM  0xed3800~0xed39ff|   425984 |   401408 |   397312 |   299008 |   307200 |   405504 |
|CGROM  0xf00000~0xf001ff|   425984 |   401408 |   397312 |   299008 |   307200 |   405504 |
|IPLROM 0xfe0000~0xfe01ff|   425984 |   401408 |   397312 |   299008 |   307200 |   405504 |
+------------------------+----------+----------+----------+----------+----------+----------+


testCase 2/39

CRTMOD(13) 512x512 65536color 1plane 15kHz
SP BG disp on (by $EB0808)
T-VRAM buffer
G-VRAM display
memcpyByU8 (ideal throughput is 454545 bytes/sec @10MHz)

throughput (bytes/sec)
+------------------------+----------+----------+----------+----------+----------+----------+
|                   dst  |   MAIN   |  G-VRAM  |  T-VRAM  |   SPR    |   PCG    |   SRAM   |
|                        | 0x034f96 | 0xc00200 | 0xe00200 | 0xeb0200 | 0xeb8200 | 0xed3a00 |
|  src                   |~0x035195 |~0xc003ff |~0xe003ff |~0xeb03ff |~0xeb83ff |~0xed3bff |
+------------------------+----------+----------+----------+----------+----------+----------+
| MAIN  0x035196~0x035395|   442368 |   413696 |   421888 |   299008 |   303104 |   425984 |
|G-VRAM 0xc00000~0xc001ff|   413696 |   397312 |   401408 |   290816 |   294912 |   397312 |
|T-VRAM 0xe00000~0xe001ff|   425984 |   397312 |   405504 |   299008 |   294912 |   405504 |
| SPR   0xeb0000~0xeb01ff|   303104 |   294912 |   299008 |   212992 |   204800 |   294912 |
| PCG   0xeb8000~0xeb81ff|   303104 |   299008 |   299008 |   200704 |   204800 |   294912 |
| SRAM  0xed3800~0xed39ff|   425984 |   401408 |   405504 |   299008 |   294912 |   409600 |
|CGROM  0xf00000~0xf001ff|   425984 |   401408 |   405504 |   299008 |   294912 |   409600 |
|IPLROM 0xfe0000~0xfe01ff|   425984 |   401408 |   405504 |   299008 |   294912 |   409600 |
+------------------------+----------+----------+----------+----------+----------+----------+


testCase 3/39

CRTMOD(13) 512x512 65536color 1plane 15kHz
SP BG disp on (by $EB0808)
T-VRAM display
G-VRAM buffer
memcpyByU8 (ideal throughput is 454545 bytes/sec @10MHz)

throughput (bytes/sec)
+------------------------+----------+----------+----------+----------+----------+----------+
|                   dst  |   MAIN   |  G-VRAM  |  T-VRAM  |   SPR    |   PCG    |   SRAM   |
|                        | 0x034f96 | 0xc00200 | 0xe00200 | 0xeb0200 | 0xeb8200 | 0xed3a00 |
|  src                   |~0x035195 |~0xc003ff |~0xe003ff |~0xeb03ff |~0xeb83ff |~0xed3bff |
+------------------------+----------+----------+----------+----------+----------+----------+
| MAIN  0x035196~0x035395|   442368 |   421888 |   413696 |   299008 |   303104 |   425984 |
|G-VRAM 0xc00000~0xc001ff|   425984 |   405504 |   397312 |   299008 |   294912 |   405504 |
|T-VRAM 0xe00000~0xe001ff|   413696 |   397312 |   401408 |   290816 |   294912 |   397312 |
| SPR   0xeb0000~0xeb01ff|   303104 |   299008 |   294912 |   212992 |   204800 |   294912 |
| PCG   0xeb8000~0xeb81ff|   303104 |   299008 |   299008 |   200704 |   204800 |   294912 |
| SRAM  0xed3800~0xed39ff|   425984 |   409600 |   397312 |   299008 |   294912 |   409600 |
|CGROM  0xf00000~0xf001ff|   425984 |   409600 |   397312 |   299008 |   294912 |   409600 |
|IPLROM 0xfe0000~0xfe01ff|   425984 |   409600 |   397312 |   299008 |   294912 |   409600 |
+------------------------+----------+----------+----------+----------+----------+----------+


testCase 4/39

CRTMOD(13) 512x512 65536color 1plane 15kHz
SP BG disp on (by $EB0808)
T-VRAM display
G-VRAM display
memcpyByMovem (ideal throughput is 2081301 bytes/sec @10MHz)

throughput (bytes/sec)
+------------------------+----------+----------+----------+----------+----------+----------+
|                   dst  |   MAIN   |  G-VRAM  |  T-VRAM  |   SPR    |   PCG    |   SRAM   |
|                        | 0x034f96 | 0xc00200 | 0xe00200 | 0xeb0200 | 0xeb8200 | 0xed3a00 |
|  src                   |~0x035195 |~0xc003ff |~0xe003ff |~0xeb03ff |~0xeb83ff |~0xed3bff |
+------------------------+----------+----------+----------+----------+----------+----------+
| MAIN  0x035196~0x035395|  1998848 |  1806336 |  1802240 |   897024 |   888832 |  1839104 |
|G-VRAM 0xc00000~0xc001ff|  1794048 |  1626112 |  1626112 |   851968 |   847872 |  1654784 |
|T-VRAM 0xe00000~0xe001ff|  1794048 |  1626112 |  1626112 |   851968 |   847872 |  1654784 |
| SPR   0xeb0000~0xeb01ff|   868352 |   831488 |   827392 |   565248 |   565248 |   835584 |
| PCG   0xeb8000~0xeb81ff|   872448 |   823296 |   827392 |   565248 |   552960 |   831488 |
| SRAM  0xed3800~0xed39ff|  1830912 |  1654784 |  1654784 |   856064 |   860160 |  1691648 |
|CGROM  0xf00000~0xf001ff|  1830912 |  1654784 |  1654784 |   856064 |   860160 |  1687552 |
|IPLROM 0xfe0000~0xfe01ff|  1830912 |  1654784 |  1654784 |   856064 |   860160 |  1691648 |
+------------------------+----------+----------+----------+----------+----------+----------+


testCase 5/39

CRTMOD(13) 512x512 65536color 1plane 15kHz
SP BG disp off (by $EB0808)
T-VRAM display
G-VRAM display
memcpyByMovem (ideal throughput is 2081301 bytes/sec @10MHz)

throughput (bytes/sec)
+------------------------+----------+----------+----------+----------+----------+----------+
|                   dst  |   MAIN   |  G-VRAM  |  T-VRAM  |   SPR    |   PCG    |   SRAM   |
|                        | 0x034f96 | 0xc00200 | 0xe00200 | 0xeb0200 | 0xeb8200 | 0xed3a00 |
|  src                   |~0x035195 |~0xc003ff |~0xe003ff |~0xeb03ff |~0xeb83ff |~0xed3bff |
+------------------------+----------+----------+----------+----------+----------+----------+
| MAIN  0x035196~0x035395|  1998848 |  1806336 |  1802240 |  1093632 |  1097728 |  1830912 |
|G-VRAM 0xc00000~0xc001ff|  1794048 |  1626112 |  1626112 |  1024000 |  1024000 |  1650688 |
|T-VRAM 0xe00000~0xe001ff|  1794048 |  1626112 |  1626112 |  1024000 |  1024000 |  1650688 |
| SPR   0xeb0000~0xeb01ff|  1069056 |  1015808 |  1015808 |   741376 |   741376 |  1015808 |
| PCG   0xeb8000~0xeb81ff|  1077248 |  1019904 |  1015808 |   741376 |   741376 |  1015808 |
| SRAM  0xed3800~0xed39ff|  1830912 |  1654784 |  1654784 |  1036288 |  1048576 |  1683456 |
|CGROM  0xf00000~0xf001ff|  1830912 |  1654784 |  1654784 |  1036288 |  1048576 |  1683456 |
|IPLROM 0xfe0000~0xfe01ff|  1830912 |  1654784 |  1654784 |  1036288 |  1048576 |  1683456 |
+------------------------+----------+----------+----------+----------+----------+----------+


testCase 6/39

CRTMOD(13) 512x512 65536color 1plane 15kHz
SP BG disp on (by $EB0808)
T-VRAM buffer
G-VRAM display
memcpyByMovem (ideal throughput is 2081301 bytes/sec @10MHz)

throughput (bytes/sec)
+------------------------+----------+----------+----------+----------+----------+----------+
|                   dst  |   MAIN   |  G-VRAM  |  T-VRAM  |   SPR    |   PCG    |   SRAM   |
|                        | 0x034f96 | 0xc00200 | 0xe00200 | 0xeb0200 | 0xeb8200 | 0xed3a00 |
|  src                   |~0x035195 |~0xc003ff |~0xe003ff |~0xeb03ff |~0xeb83ff |~0xed3bff |
+------------------------+----------+----------+----------+----------+----------+----------+
| MAIN  0x035196~0x035395|  1998848 |  1806336 |  1810432 |   897024 |   888832 |  1835008 |
|G-VRAM 0xc00000~0xc001ff|  1794048 |  1626112 |  1634304 |   851968 |   847872 |  1654784 |
|T-VRAM 0xe00000~0xe001ff|  1802240 |  1638400 |  1646592 |   856064 |   843776 |  1671168 |
| SPR   0xeb0000~0xeb01ff|   868352 |   831488 |   831488 |   565248 |   569344 |   831488 |
| PCG   0xeb8000~0xeb81ff|   872448 |   823296 |   835584 |   565248 |   552960 |   831488 |
| SRAM  0xed3800~0xed39ff|  1830912 |  1654784 |  1671168 |   856064 |   860160 |  1687552 |
|CGROM  0xf00000~0xf001ff|  1830912 |  1654784 |  1671168 |   856064 |   860160 |  1687552 |
|IPLROM 0xfe0000~0xfe01ff|  1830912 |  1654784 |  1671168 |   856064 |   860160 |  1687552 |
+------------------------+----------+----------+----------+----------+----------+----------+


testCase 7/39

CRTMOD(13) 512x512 65536color 1plane 15kHz
SP BG disp on (by $EB0808)
T-VRAM display
G-VRAM buffer
memcpyByMovem (ideal throughput is 2081301 bytes/sec @10MHz)

throughput (bytes/sec)
+------------------------+----------+----------+----------+----------+----------+----------+
|                   dst  |   MAIN   |  G-VRAM  |  T-VRAM  |   SPR    |   PCG    |   SRAM   |
|                        | 0x034f96 | 0xc00200 | 0xe00200 | 0xeb0200 | 0xeb8200 | 0xed3a00 |
|  src                   |~0x035195 |~0xc003ff |~0xe003ff |~0xeb03ff |~0xeb83ff |~0xed3bff |
+------------------------+----------+----------+----------+----------+----------+----------+
| MAIN  0x035196~0x035395|  1998848 |  1810432 |  1806336 |   897024 |   888832 |  1835008 |
|G-VRAM 0xc00000~0xc001ff|  1802240 |  1650688 |  1634304 |   856064 |   843776 |  1671168 |
|T-VRAM 0xe00000~0xe001ff|  1794048 |  1634304 |  1626112 |   851968 |   847872 |  1654784 |
| SPR   0xeb0000~0xeb01ff|   868352 |   835584 |   827392 |   565248 |   569344 |   831488 |
| PCG   0xeb8000~0xeb81ff|   872448 |   831488 |   827392 |   565248 |   552960 |   831488 |
| SRAM  0xed3800~0xed39ff|  1830912 |  1667072 |  1658880 |   856064 |   860160 |  1687552 |
|CGROM  0xf00000~0xf001ff|  1830912 |  1667072 |  1658880 |   856064 |   860160 |  1687552 |
|IPLROM 0xfe0000~0xfe01ff|  1830912 |  1667072 |  1658880 |   856064 |   860160 |  1687552 |
+------------------------+----------+----------+----------+----------+----------+----------+


testCase 8/39

CRTMOD(13) 512x512 65536color 1plane 15kHz
SP BG disp on (by $EB0808)
T-VRAM display
G-VRAM display
memcpyByDma Maximum-rate

throughput (bytes/sec)
+------------------------+----------+----------+----------+----------+----------+----------+
|                   dst  |   MAIN   |  G-VRAM  |  T-VRAM  |   SPR    |   PCG    |   SRAM   |
|                        | 0x034f96 | 0xc00200 | 0xe00200 | 0xeb0200 | 0xeb8200 | 0xed3a00 |
|  src                   |~0x035195 |~0xc003ff |~0xe003ff |~0xeb03ff |~0xeb83ff |~0xed3bff |
+------------------------+----------+----------+----------+----------+----------+----------+
| MAIN  0x035196~0x035395|  1593344 |  1568768 |  1564672 |   745472 |  1036288 |  1597440 |
|G-VRAM 0xc00000~0xc001ff|  1568768 |  1572864 |  1572864 |   733184 |  1036288 |  1572864 |
|T-VRAM 0xe00000~0xe001ff|  1568768 |  1572864 |  1572864 |   733184 |  1036288 |  1572864 |
| SPR   0xeb0000~0xeb01ff|   991232 |   974848 |   970752 |   569344 |   565248 |  1003520 |
| PCG   0xeb8000~0xeb81ff|  1044480 |  1036288 |  1036288 |   565248 |   569344 |  1056768 |
| SRAM  0xed3800~0xed39ff|  1605632 |  1576960 |  1576960 |   745472 |  1060864 |  1617920 |
|CGROM  0xf00000~0xf001ff|  1605632 |  1576960 |  1576960 |   745472 |  1060864 |  1617920 |
|IPLROM 0xfe0000~0xfe01ff|  1605632 |  1576960 |  1576960 |   745472 |  1060864 |  1617920 |
+------------------------+----------+----------+----------+----------+----------+----------+


testCase 9/39

CRTMOD(13) 512x512 65536color 1plane 15kHz
SP BG disp off (by $EB0808)
T-VRAM display
G-VRAM display
memcpyByDma Maximum-rate

throughput (bytes/sec)
+------------------------+----------+----------+----------+----------+----------+----------+
|                   dst  |   MAIN   |  G-VRAM  |  T-VRAM  |   SPR    |   PCG    |   SRAM   |
|                        | 0x034f96 | 0xc00200 | 0xe00200 | 0xeb0200 | 0xeb8200 | 0xed3a00 |
|  src                   |~0x035195 |~0xc003ff |~0xe003ff |~0xeb03ff |~0xeb83ff |~0xed3bff |
+------------------------+----------+----------+----------+----------+----------+----------+
| MAIN  0x035196~0x035395|  1593344 |  1568768 |  1564672 |   876544 |  1056768 |  1605632 |
|G-VRAM 0xc00000~0xc001ff|  1568768 |  1572864 |  1572864 |   860160 |  1040384 |  1572864 |
|T-VRAM 0xe00000~0xe001ff|  1568768 |  1572864 |  1572864 |   860160 |  1040384 |  1572864 |
| SPR   0xeb0000~0xeb01ff|  1003520 |   978944 |   978944 |   724992 |   684032 |  1003520 |
| PCG   0xeb8000~0xeb81ff|  1060864 |  1040384 |  1036288 |   643072 |   741376 |  1060864 |
| SRAM  0xed3800~0xed39ff|  1605632 |  1576960 |  1576960 |   876544 |  1060864 |  1617920 |
|CGROM  0xf00000~0xf001ff|  1605632 |  1576960 |  1576960 |   876544 |  1060864 |  1617920 |
|IPLROM 0xfe0000~0xfe01ff|  1605632 |  1576960 |  1576960 |   876544 |  1060864 |  1622016 |
+------------------------+----------+----------+----------+----------+----------+----------+


testCase 10/39

CRTMOD(13) 512x512 65536color 1plane 15kHz
SP BG disp on (by $EB0808)
T-VRAM buffer
G-VRAM display
memcpyByDma Maximum-rate

throughput (bytes/sec)
+------------------------+----------+----------+----------+----------+----------+----------+
|                   dst  |   MAIN   |  G-VRAM  |  T-VRAM  |   SPR    |   PCG    |   SRAM   |
|                        | 0x034f96 | 0xc00200 | 0xe00200 | 0xeb0200 | 0xeb8200 | 0xed3a00 |
|  src                   |~0x035195 |~0xc003ff |~0xe003ff |~0xeb03ff |~0xeb83ff |~0xed3bff |
+------------------------+----------+----------+----------+----------+----------+----------+
| MAIN  0x035196~0x035395|  1593344 |  1568768 |  1601536 |   745472 |  1032192 |  1605632 |
|G-VRAM 0xc00000~0xc001ff|  1568768 |  1572864 |  1556480 |   733184 |  1036288 |  1576960 |
|T-VRAM 0xe00000~0xe001ff|  1605632 |  1556480 |  1585152 |   745472 |  1032192 |  1605632 |
| SPR   0xeb0000~0xeb01ff|   991232 |   974848 |   991232 |   565248 |   569344 |   999424 |
| PCG   0xeb8000~0xeb81ff|  1044480 |  1036288 |  1040384 |   565248 |   569344 |  1056768 |
| SRAM  0xed3800~0xed39ff|  1605632 |  1576960 |  1601536 |   745472 |  1060864 |  1617920 |
|CGROM  0xf00000~0xf001ff|  1605632 |  1576960 |  1601536 |   745472 |  1060864 |  1617920 |
|IPLROM 0xfe0000~0xfe01ff|  1605632 |  1576960 |  1601536 |   745472 |  1060864 |  1617920 |
+------------------------+----------+----------+----------+----------+----------+----------+


testCase 11/39

CRTMOD(13) 512x512 65536color 1plane 15kHz
SP BG disp on (by $EB0808)
T-VRAM display
G-VRAM buffer
memcpyByDma Maximum-rate

throughput (bytes/sec)
+------------------------+----------+----------+----------+----------+----------+----------+
|                   dst  |   MAIN   |  G-VRAM  |  T-VRAM  |   SPR    |   PCG    |   SRAM   |
|                        | 0x034f96 | 0xc00200 | 0xe00200 | 0xeb0200 | 0xeb8200 | 0xed3a00 |
|  src                   |~0x035195 |~0xc003ff |~0xe003ff |~0xeb03ff |~0xeb83ff |~0xed3bff |
+------------------------+----------+----------+----------+----------+----------+----------+
| MAIN  0x035196~0x035395|  1593344 |  1601536 |  1568768 |   745472 |  1032192 |  1605632 |
|G-VRAM 0xc00000~0xc001ff|  1605632 |  1585152 |  1556480 |   745472 |  1032192 |  1605632 |
|T-VRAM 0xe00000~0xe001ff|  1568768 |  1556480 |  1572864 |   733184 |  1036288 |  1572864 |
| SPR   0xeb0000~0xeb01ff|   991232 |   991232 |   974848 |   569344 |   565248 |   999424 |
| PCG   0xeb8000~0xeb81ff|  1044480 |  1040384 |  1036288 |   565248 |   569344 |  1056768 |
| SRAM  0xed3800~0xed39ff|  1605632 |  1605632 |  1572864 |   745472 |  1060864 |  1617920 |
|CGROM  0xf00000~0xf001ff|  1605632 |  1605632 |  1572864 |   745472 |  1060864 |  1617920 |
|IPLROM 0xfe0000~0xfe01ff|  1605632 |  1605632 |  1572864 |   745472 |  1060864 |  1617920 |
+------------------------+----------+----------+----------+----------+----------+----------+


testCase 12/39

CRTMOD(13) 512x512 65536color 1plane 15kHz
SP BG disp on (by $EB0808)
T-VRAM display
G-VRAM display
memcpyByDma Limited-rate BwRatio50% BurstTime16 LiteCsrPolling

throughput (bytes/sec)
+------------------------+----------+----------+----------+----------+----------+----------+
|                   dst  |   MAIN   |  G-VRAM  |  T-VRAM  |   SPR    |   PCG    |   SRAM   |
|                        | 0x034f96 | 0xc00200 | 0xe00200 | 0xeb0200 | 0xeb8200 | 0xed3a00 |
|  src                   |~0x035195 |~0xc003ff |~0xe003ff |~0xeb03ff |~0xeb83ff |~0xed3bff |
+------------------------+----------+----------+----------+----------+----------+----------+
| MAIN  0x035196~0x035395|   512000 |   503808 |   499712 |   385024 |   430080 |   512000 |
|G-VRAM 0xc00000~0xc001ff|   503808 |   495616 |   499712 |   380928 |   425984 |   503808 |
|T-VRAM 0xe00000~0xe001ff|   503808 |   499712 |   495616 |   380928 |   425984 |   503808 |
| SPR   0xeb0000~0xeb01ff|   446464 |   442368 |   442368 |   372736 |   335872 |   450560 |
| PCG   0xeb8000~0xeb81ff|   442368 |   438272 |   438272 |   352256 |   344064 |   446464 |
| SRAM  0xed3800~0xed39ff|   512000 |   503808 |   499712 |   385024 |   434176 |   507904 |
|CGROM  0xf00000~0xf001ff|   512000 |   503808 |   499712 |   385024 |   434176 |   507904 |
|IPLROM 0xfe0000~0xfe01ff|   512000 |   503808 |   499712 |   385024 |   434176 |   507904 |
+------------------------+----------+----------+----------+----------+----------+----------+


testCase 13/39

CRTMOD(13) 512x512 65536color 1plane 15kHz
SP BG disp off (by $EB0808)
T-VRAM display
G-VRAM display
memcpyByDma Limited-rate BwRatio50% BurstTime16 LiteCsrPolling

throughput (bytes/sec)
+------------------------+----------+----------+----------+----------+----------+----------+
|                   dst  |   MAIN   |  G-VRAM  |  T-VRAM  |   SPR    |   PCG    |   SRAM   |
|                        | 0x034f96 | 0xc00200 | 0xe00200 | 0xeb0200 | 0xeb8200 | 0xed3a00 |
|  src                   |~0x035195 |~0xc003ff |~0xe003ff |~0xeb03ff |~0xeb83ff |~0xed3bff |
+------------------------+----------+----------+----------+----------+----------+----------+
| MAIN  0x035196~0x035395|   512000 |   503808 |   499712 |   397312 |   536576 |   507904 |
|G-VRAM 0xc00000~0xc001ff|   503808 |   495616 |   499712 |   397312 |   524288 |   499712 |
|T-VRAM 0xe00000~0xe001ff|   503808 |   499712 |   495616 |   397312 |   524288 |   499712 |
| SPR   0xeb0000~0xeb01ff|   499712 |   491520 |   491520 |   372736 |   364544 |   499712 |
| PCG   0xeb8000~0xeb81ff|   544768 |   532480 |   532480 |   360448 |   376832 |   548864 |
| SRAM  0xed3800~0xed39ff|   512000 |   503808 |   499712 |   401408 |   540672 |   507904 |
|CGROM  0xf00000~0xf001ff|   512000 |   503808 |   499712 |   397312 |   544768 |   512000 |
|IPLROM 0xfe0000~0xfe01ff|   512000 |   503808 |   499712 |   401408 |   540672 |   507904 |
+------------------------+----------+----------+----------+----------+----------+----------+


testCase 14/39

CRTMOD(13) 512x512 65536color 1plane 15kHz
SP BG disp on (by $EB0808)
T-VRAM buffer
G-VRAM display
memcpyByDma Limited-rate BwRatio50% BurstTime16 LiteCsrPolling

throughput (bytes/sec)
+------------------------+----------+----------+----------+----------+----------+----------+
|                   dst  |   MAIN   |  G-VRAM  |  T-VRAM  |   SPR    |   PCG    |   SRAM   |
|                        | 0x034f96 | 0xc00200 | 0xe00200 | 0xeb0200 | 0xeb8200 | 0xed3a00 |
|  src                   |~0x035195 |~0xc003ff |~0xe003ff |~0xeb03ff |~0xeb83ff |~0xed3bff |
+------------------------+----------+----------+----------+----------+----------+----------+
| MAIN  0x035196~0x035395|   512000 |   503808 |   507904 |   385024 |   430080 |   512000 |
|G-VRAM 0xc00000~0xc001ff|   503808 |   495616 |   503808 |   380928 |   425984 |   503808 |
|T-VRAM 0xe00000~0xe001ff|   512000 |   499712 |   512000 |   385024 |   430080 |   507904 |
| SPR   0xeb0000~0xeb01ff|   446464 |   442368 |   446464 |   372736 |   335872 |   450560 |
| PCG   0xeb8000~0xeb81ff|   442368 |   438272 |   438272 |   352256 |   348160 |   442368 |
| SRAM  0xed3800~0xed39ff|   512000 |   503808 |   507904 |   385024 |   434176 |   507904 |
|CGROM  0xf00000~0xf001ff|   512000 |   503808 |   507904 |   385024 |   434176 |   507904 |
|IPLROM 0xfe0000~0xfe01ff|   512000 |   503808 |   507904 |   389120 |   430080 |   507904 |
+------------------------+----------+----------+----------+----------+----------+----------+


testCase 15/39

CRTMOD(13) 512x512 65536color 1plane 15kHz
SP BG disp on (by $EB0808)
T-VRAM display
G-VRAM buffer
memcpyByDma Limited-rate BwRatio50% BurstTime16 LiteCsrPolling

throughput (bytes/sec)
+------------------------+----------+----------+----------+----------+----------+----------+
|                   dst  |   MAIN   |  G-VRAM  |  T-VRAM  |   SPR    |   PCG    |   SRAM   |
|                        | 0x034f96 | 0xc00200 | 0xe00200 | 0xeb0200 | 0xeb8200 | 0xed3a00 |
|  src                   |~0x035195 |~0xc003ff |~0xe003ff |~0xeb03ff |~0xeb83ff |~0xed3bff |
+------------------------+----------+----------+----------+----------+----------+----------+
| MAIN  0x035196~0x035395|   495616 |   512000 |   499712 |   385024 |   430080 |   512000 |
|G-VRAM 0xc00000~0xc001ff|   512000 |   512000 |   499712 |   385024 |   430080 |   507904 |
|T-VRAM 0xe00000~0xe001ff|   503808 |   499712 |   499712 |   380928 |   425984 |   503808 |
| SPR   0xeb0000~0xeb01ff|   446464 |   446464 |   442368 |   372736 |   335872 |   446464 |
| PCG   0xeb8000~0xeb81ff|   442368 |   442368 |   434176 |   352256 |   348160 |   442368 |
| SRAM  0xed3800~0xed39ff|   512000 |   512000 |   499712 |   385024 |   434176 |   507904 |
|CGROM  0xf00000~0xf001ff|   512000 |   512000 |   499712 |   385024 |   434176 |   507904 |
|IPLROM 0xfe0000~0xfe01ff|   512000 |   512000 |   499712 |   385024 |   434176 |   507904 |
+------------------------+----------+----------+----------+----------+----------+----------+


testCase 16/39

CRTMOD(13) 512x512 65536color 1plane 15kHz
SP BG disp on (by $EB0808)
T-VRAM display
G-VRAM display
memcpyByDma Limited-rate BwRatio50% BurstTime16 FullCsrPolling

throughput (bytes/sec)
+------------------------+----------+----------+----------+----------+----------+----------+
|                   dst  |   MAIN   |  G-VRAM  |  T-VRAM  |   SPR    |   PCG    |   SRAM   |
|                        | 0x034f96 | 0xc00200 | 0xe00200 | 0xeb0200 | 0xeb8200 | 0xed3a00 |
|  src                   |~0x035195 |~0xc003ff |~0xe003ff |~0xeb03ff |~0xeb83ff |~0xed3bff |
+------------------------+----------+----------+----------+----------+----------+----------+
| MAIN  0x035196~0x035395|   450560 |   442368 |   442368 |   352256 |   376832 |   438272 |
|G-VRAM 0xc00000~0xc001ff|   442368 |   438272 |   438272 |   356352 |   376832 |   438272 |
|T-VRAM 0xe00000~0xe001ff|   442368 |   438272 |   438272 |   356352 |   376832 |   438272 |
| SPR   0xeb0000~0xeb01ff|   393216 |   385024 |   389120 |   352256 |   311296 |   389120 |
| PCG   0xeb8000~0xeb81ff|   380928 |   385024 |   380928 |   331776 |   319488 |   385024 |
| SRAM  0xed3800~0xed39ff|   438272 |   438272 |   438272 |   352256 |   380928 |   434176 |
|CGROM  0xf00000~0xf001ff|   438272 |   438272 |   438272 |   352256 |   380928 |   434176 |
|IPLROM 0xfe0000~0xfe01ff|   438272 |   438272 |   438272 |   352256 |   380928 |   434176 |
+------------------------+----------+----------+----------+----------+----------+----------+


testCase 17/39

CRTMOD(13) 512x512 65536color 1plane 15kHz
SP BG disp off (by $EB0808)
T-VRAM display
G-VRAM display
memcpyByDma Limited-rate BwRatio50% BurstTime16 FullCsrPolling

throughput (bytes/sec)
+------------------------+----------+----------+----------+----------+----------+----------+
|                   dst  |   MAIN   |  G-VRAM  |  T-VRAM  |   SPR    |   PCG    |   SRAM   |
|                        | 0x034f96 | 0xc00200 | 0xe00200 | 0xeb0200 | 0xeb8200 | 0xed3a00 |
|  src                   |~0x035195 |~0xc003ff |~0xe003ff |~0xeb03ff |~0xeb83ff |~0xed3bff |
+------------------------+----------+----------+----------+----------+----------+----------+
| MAIN  0x035196~0x035395|   450560 |   442368 |   442368 |   348160 |   471040 |   438272 |
|G-VRAM 0xc00000~0xc001ff|   442368 |   438272 |   438272 |   352256 |   466944 |   438272 |
|T-VRAM 0xe00000~0xe001ff|   442368 |   438272 |   438272 |   352256 |   466944 |   438272 |
| SPR   0xeb0000~0xeb01ff|   434176 |   430080 |   434176 |   331776 |   339968 |   434176 |
| PCG   0xeb8000~0xeb81ff|   483328 |   475136 |   475136 |   352256 |   307200 |   479232 |
| SRAM  0xed3800~0xed39ff|   438272 |   438272 |   438272 |   344064 |   479232 |   434176 |
|CGROM  0xf00000~0xf001ff|   438272 |   438272 |   438272 |   344064 |   479232 |   438272 |
|IPLROM 0xfe0000~0xfe01ff|   438272 |   438272 |   438272 |   344064 |   479232 |   434176 |
+------------------------+----------+----------+----------+----------+----------+----------+


testCase 18/39

CRTMOD(13) 512x512 65536color 1plane 15kHz
SP BG disp on (by $EB0808)
T-VRAM buffer
G-VRAM display
memcpyByDma Limited-rate BwRatio50% BurstTime16 FullCsrPolling

throughput (bytes/sec)
+------------------------+----------+----------+----------+----------+----------+----------+
|                   dst  |   MAIN   |  G-VRAM  |  T-VRAM  |   SPR    |   PCG    |   SRAM   |
|                        | 0x034f96 | 0xc00200 | 0xe00200 | 0xeb0200 | 0xeb8200 | 0xed3a00 |
|  src                   |~0x035195 |~0xc003ff |~0xe003ff |~0xeb03ff |~0xeb83ff |~0xed3bff |
+------------------------+----------+----------+----------+----------+----------+----------+
| MAIN  0x035196~0x035395|   450560 |   442368 |   442368 |   356352 |   376832 |   434176 |
|G-VRAM 0xc00000~0xc001ff|   442368 |   438272 |   446464 |   356352 |   376832 |   438272 |
|T-VRAM 0xe00000~0xe001ff|   446464 |   446464 |   450560 |   352256 |   376832 |   438272 |
| SPR   0xeb0000~0xeb01ff|   389120 |   389120 |   389120 |   352256 |   311296 |   389120 |
| PCG   0xeb8000~0xeb81ff|   380928 |   385024 |   376832 |   331776 |   319488 |   385024 |
| SRAM  0xed3800~0xed39ff|   438272 |   438272 |   438272 |   352256 |   376832 |   438272 |
|CGROM  0xf00000~0xf001ff|   438272 |   438272 |   438272 |   352256 |   376832 |   438272 |
|IPLROM 0xfe0000~0xfe01ff|   438272 |   438272 |   434176 |   356352 |   376832 |   438272 |
+------------------------+----------+----------+----------+----------+----------+----------+


testCase 19/39

CRTMOD(13) 512x512 65536color 1plane 15kHz
SP BG disp on (by $EB0808)
T-VRAM display
G-VRAM buffer
memcpyByDma Limited-rate BwRatio50% BurstTime16 FullCsrPolling

throughput (bytes/sec)
+------------------------+----------+----------+----------+----------+----------+----------+
|                   dst  |   MAIN   |  G-VRAM  |  T-VRAM  |   SPR    |   PCG    |   SRAM   |
|                        | 0x034f96 | 0xc00200 | 0xe00200 | 0xeb0200 | 0xeb8200 | 0xed3a00 |
|  src                   |~0x035195 |~0xc003ff |~0xe003ff |~0xeb03ff |~0xeb83ff |~0xed3bff |
+------------------------+----------+----------+----------+----------+----------+----------+
| MAIN  0x035196~0x035395|   450560 |   446464 |   442368 |   352256 |   376832 |   438272 |
|G-VRAM 0xc00000~0xc001ff|   446464 |   446464 |   446464 |   352256 |   380928 |   434176 |
|T-VRAM 0xe00000~0xe001ff|   442368 |   446464 |   438272 |   356352 |   376832 |   438272 |
| SPR   0xeb0000~0xeb01ff|   393216 |   389120 |   385024 |   352256 |   311296 |   389120 |
| PCG   0xeb8000~0xeb81ff|   380928 |   380928 |   380928 |   331776 |   319488 |   385024 |
| SRAM  0xed3800~0xed39ff|   438272 |   438272 |   438272 |   352256 |   376832 |   438272 |
|CGROM  0xf00000~0xf001ff|   438272 |   438272 |   438272 |   352256 |   376832 |   438272 |
|IPLROM 0xfe0000~0xfe01ff|   438272 |   438272 |   438272 |   352256 |   380928 |   434176 |
+------------------------+----------+----------+----------+----------+----------+----------+


testCase 20/39

CRTMOD(12) 512x512 65536color 1plane 31kHz
SP BG disp on (by $EB0808)
T-VRAM display
G-VRAM display
memcpyByU8 (ideal throughput is 454545 bytes/sec @10MHz)

throughput (bytes/sec)
+------------------------+----------+----------+----------+----------+----------+----------+
|                   dst  |   MAIN   |  G-VRAM  |  T-VRAM  |   SPR    |   PCG    |   SRAM   |
|                        | 0x034f96 | 0xc00200 | 0xe00200 | 0xeb0200 | 0xeb8200 | 0xed3a00 |
|  src                   |~0x035195 |~0xc003ff |~0xe003ff |~0xeb03ff |~0xeb83ff |~0xed3bff |
+------------------------+----------+----------+----------+----------+----------+----------+
| MAIN  0x035196~0x035395|   442368 |   409600 |   405504 |   356352 |   348160 |   425984 |
|G-VRAM 0xc00000~0xc001ff|   409600 |   405504 |   401408 |   344064 |   348160 |   401408 |
|T-VRAM 0xe00000~0xe001ff|   409600 |   405504 |   401408 |   344064 |   348160 |   401408 |
| SPR   0xeb0000~0xeb01ff|   360448 |   344064 |   348160 |   286720 |   286720 |   356352 |
| PCG   0xeb8000~0xeb81ff|   360448 |   344064 |   348160 |   282624 |   282624 |   348160 |
| SRAM  0xed3800~0xed39ff|   425984 |   405504 |   405504 |   356352 |   352256 |   405504 |
|CGROM  0xf00000~0xf001ff|   425984 |   405504 |   405504 |   356352 |   352256 |   405504 |
|IPLROM 0xfe0000~0xfe01ff|   425984 |   405504 |   405504 |   356352 |   352256 |   405504 |
+------------------------+----------+----------+----------+----------+----------+----------+


testCase 21/39

CRTMOD(12) 512x512 65536color 1plane 31kHz
SP BG disp off (by $EB0808)
T-VRAM display
G-VRAM display
memcpyByU8 (ideal throughput is 454545 bytes/sec @10MHz)

throughput (bytes/sec)
+------------------------+----------+----------+----------+----------+----------+----------+
|                   dst  |   MAIN   |  G-VRAM  |  T-VRAM  |   SPR    |   PCG    |   SRAM   |
|                        | 0x034f96 | 0xc00200 | 0xe00200 | 0xeb0200 | 0xeb8200 | 0xed3a00 |
|  src                   |~0x035195 |~0xc003ff |~0xe003ff |~0xeb03ff |~0xeb83ff |~0xed3bff |
+------------------------+----------+----------+----------+----------+----------+----------+
| MAIN  0x035196~0x035395|   442368 |   409600 |   405504 |   380928 |   376832 |   425984 |
|G-VRAM 0xc00000~0xc001ff|   409600 |   405504 |   401408 |   344064 |   360448 |   405504 |
|T-VRAM 0xe00000~0xe001ff|   409600 |   405504 |   401408 |   344064 |   360448 |   405504 |
| SPR   0xeb0000~0xeb01ff|   380928 |   348160 |   352256 |   319488 |   335872 |   360448 |
| PCG   0xeb8000~0xeb81ff|   380928 |   368640 |   368640 |   335872 |   339968 |   372736 |
| SRAM  0xed3800~0xed39ff|   425984 |   405504 |   405504 |   356352 |   368640 |   405504 |
|CGROM  0xf00000~0xf001ff|   425984 |   405504 |   405504 |   356352 |   368640 |   405504 |
|IPLROM 0xfe0000~0xfe01ff|   425984 |   405504 |   405504 |   356352 |   368640 |   405504 |
+------------------------+----------+----------+----------+----------+----------+----------+


testCase 22/39

CRTMOD(12) 512x512 65536color 1plane 31kHz
SP BG disp on (by $EB0808)
T-VRAM buffer
G-VRAM display
memcpyByU8 (ideal throughput is 454545 bytes/sec @10MHz)

throughput (bytes/sec)
+------------------------+----------+----------+----------+----------+----------+----------+
|                   dst  |   MAIN   |  G-VRAM  |  T-VRAM  |   SPR    |   PCG    |   SRAM   |
|                        | 0x034f96 | 0xc00200 | 0xe00200 | 0xeb0200 | 0xeb8200 | 0xed3a00 |
|  src                   |~0x035195 |~0xc003ff |~0xe003ff |~0xeb03ff |~0xeb83ff |~0xed3bff |
+------------------------+----------+----------+----------+----------+----------+----------+
| MAIN  0x035196~0x035395|   442368 |   409600 |   421888 |   356352 |   348160 |   425984 |
|G-VRAM 0xc00000~0xc001ff|   409600 |   405504 |   401408 |   348160 |   344064 |   405504 |
|T-VRAM 0xe00000~0xe001ff|   425984 |   401408 |   409600 |   352256 |   348160 |   409600 |
| SPR   0xeb0000~0xeb01ff|   360448 |   344064 |   356352 |   286720 |   290816 |   356352 |
| PCG   0xeb8000~0xeb81ff|   360448 |   344064 |   352256 |   286720 |   278528 |   348160 |
| SRAM  0xed3800~0xed39ff|   425984 |   405504 |   405504 |   356352 |   352256 |   405504 |
|CGROM  0xf00000~0xf001ff|   425984 |   405504 |   405504 |   356352 |   352256 |   405504 |
|IPLROM 0xfe0000~0xfe01ff|   425984 |   405504 |   405504 |   356352 |   352256 |   405504 |
+------------------------+----------+----------+----------+----------+----------+----------+


testCase 23/39

CRTMOD(12) 512x512 65536color 1plane 31kHz
SP BG disp on (by $EB0808)
T-VRAM display
G-VRAM buffer
memcpyByU8 (ideal throughput is 454545 bytes/sec @10MHz)

throughput (bytes/sec)
+------------------------+----------+----------+----------+----------+----------+----------+
|                   dst  |   MAIN   |  G-VRAM  |  T-VRAM  |   SPR    |   PCG    |   SRAM   |
|                        | 0x034f96 | 0xc00200 | 0xe00200 | 0xeb0200 | 0xeb8200 | 0xed3a00 |
|  src                   |~0x035195 |~0xc003ff |~0xe003ff |~0xeb03ff |~0xeb83ff |~0xed3bff |
+------------------------+----------+----------+----------+----------+----------+----------+
| MAIN  0x035196~0x035395|   442368 |   421888 |   409600 |   356352 |   348160 |   425984 |
|G-VRAM 0xc00000~0xc001ff|   425984 |   405504 |   405504 |   352256 |   348160 |   405504 |
|T-VRAM 0xe00000~0xe001ff|   409600 |   405504 |   401408 |   348160 |   344064 |   405504 |
| SPR   0xeb0000~0xeb01ff|   360448 |   356352 |   344064 |   286720 |   290816 |   356352 |
| PCG   0xeb8000~0xeb81ff|   360448 |   352256 |   344064 |   286720 |   278528 |   348160 |
| SRAM  0xed3800~0xed39ff|   425984 |   409600 |   401408 |   356352 |   352256 |   405504 |
|CGROM  0xf00000~0xf001ff|   425984 |   409600 |   401408 |   356352 |   352256 |   405504 |
|IPLROM 0xfe0000~0xfe01ff|   425984 |   409600 |   401408 |   356352 |   352256 |   405504 |
+------------------------+----------+----------+----------+----------+----------+----------+


testCase 24/39

CRTMOD(12) 512x512 65536color 1plane 31kHz
SP BG disp on (by $EB0808)
T-VRAM display
G-VRAM display
memcpyByMovem (ideal throughput is 2081301 bytes/sec @10MHz)

throughput (bytes/sec)
+------------------------+----------+----------+----------+----------+----------+----------+
|                   dst  |   MAIN   |  G-VRAM  |  T-VRAM  |   SPR    |   PCG    |   SRAM   |
|                        | 0x034f96 | 0xc00200 | 0xe00200 | 0xeb0200 | 0xeb8200 | 0xed3a00 |
|  src                   |~0x035195 |~0xc003ff |~0xe003ff |~0xeb03ff |~0xeb83ff |~0xed3bff |
+------------------------+----------+----------+----------+----------+----------+----------+
| MAIN  0x035196~0x035395|  1998848 |  1794048 |  1798144 |  1245184 |  1261568 |  1835008 |
|G-VRAM 0xc00000~0xc001ff|  1785856 |  1609728 |  1613824 |  1155072 |  1150976 |  1654784 |
|T-VRAM 0xe00000~0xe001ff|  1785856 |  1609728 |  1613824 |  1155072 |  1150976 |  1654784 |
| SPR   0xeb0000~0xeb01ff|  1253376 |  1163264 |  1163264 |   905216 |   913408 |  1183744 |
| PCG   0xeb8000~0xeb81ff|  1294336 |  1208320 |  1204224 |   929792 |   937984 |  1228800 |
| SRAM  0xed3800~0xed39ff|  1830912 |  1654784 |  1654784 |  1183744 |  1175552 |  1683456 |
|CGROM  0xf00000~0xf001ff|  1830912 |  1654784 |  1654784 |  1183744 |  1175552 |  1683456 |
|IPLROM 0xfe0000~0xfe01ff|  1830912 |  1654784 |  1654784 |  1183744 |  1175552 |  1683456 |
+------------------------+----------+----------+----------+----------+----------+----------+


testCase 25/39

CRTMOD(12) 512x512 65536color 1plane 31kHz
SP BG disp off (by $EB0808)
T-VRAM display
G-VRAM display
memcpyByMovem (ideal throughput is 2081301 bytes/sec @10MHz)

throughput (bytes/sec)
+------------------------+----------+----------+----------+----------+----------+----------+
|                   dst  |   MAIN   |  G-VRAM  |  T-VRAM  |   SPR    |   PCG    |   SRAM   |
|                        | 0x034f96 | 0xc00200 | 0xe00200 | 0xeb0200 | 0xeb8200 | 0xed3a00 |
|  src                   |~0x035195 |~0xc003ff |~0xe003ff |~0xeb03ff |~0xeb83ff |~0xed3bff |
+------------------------+----------+----------+----------+----------+----------+----------+
| MAIN  0x035196~0x035395|  1998848 |  1794048 |  1798144 |  1380352 |  1474560 |  1839104 |
|G-VRAM 0xc00000~0xc001ff|  1785856 |  1609728 |  1613824 |  1269760 |  1347584 |  1654784 |
|T-VRAM 0xe00000~0xe001ff|  1785856 |  1609728 |  1613824 |  1269760 |  1347584 |  1654784 |
| SPR   0xeb0000~0xeb01ff|  1392640 |  1286144 |  1286144 |  1060864 |  1118208 |  1310720 |
| PCG   0xeb8000~0xeb81ff|  1486848 |  1363968 |  1368064 |  1110016 |  1175552 |  1388544 |
| SRAM  0xed3800~0xed39ff|  1830912 |  1654784 |  1654784 |  1302528 |  1384448 |  1687552 |
|CGROM  0xf00000~0xf001ff|  1830912 |  1654784 |  1654784 |  1302528 |  1384448 |  1687552 |
|IPLROM 0xfe0000~0xfe01ff|  1830912 |  1654784 |  1654784 |  1302528 |  1384448 |  1687552 |
+------------------------+----------+----------+----------+----------+----------+----------+


testCase 26/39

CRTMOD(12) 512x512 65536color 1plane 31kHz
SP BG disp on (by $EB0808)
T-VRAM buffer
G-VRAM display
memcpyByMovem (ideal throughput is 2081301 bytes/sec @10MHz)

throughput (bytes/sec)
+------------------------+----------+----------+----------+----------+----------+----------+
|                   dst  |   MAIN   |  G-VRAM  |  T-VRAM  |   SPR    |   PCG    |   SRAM   |
|                        | 0x034f96 | 0xc00200 | 0xe00200 | 0xeb0200 | 0xeb8200 | 0xed3a00 |
|  src                   |~0x035195 |~0xc003ff |~0xe003ff |~0xeb03ff |~0xeb83ff |~0xed3bff |
+------------------------+----------+----------+----------+----------+----------+----------+
| MAIN  0x035196~0x035395|  1998848 |  1794048 |  1814528 |  1245184 |  1261568 |  1835008 |
|G-VRAM 0xc00000~0xc001ff|  1785856 |  1609728 |  1638400 |  1150976 |  1155072 |  1654784 |
|T-VRAM 0xe00000~0xe001ff|  1802240 |  1638400 |  1646592 |  1171456 |  1175552 |  1671168 |
| SPR   0xeb0000~0xeb01ff|  1253376 |  1163264 |  1167360 |   909312 |   909312 |  1187840 |
| PCG   0xeb8000~0xeb81ff|  1294336 |  1208320 |  1212416 |   929792 |   937984 |  1228800 |
| SRAM  0xed3800~0xed39ff|  1830912 |  1654784 |  1671168 |  1179648 |  1175552 |  1687552 |
|CGROM  0xf00000~0xf001ff|  1830912 |  1654784 |  1671168 |  1179648 |  1175552 |  1687552 |
|IPLROM 0xfe0000~0xfe01ff|  1830912 |  1654784 |  1671168 |  1179648 |  1175552 |  1687552 |
+------------------------+----------+----------+----------+----------+----------+----------+


testCase 27/39

CRTMOD(12) 512x512 65536color 1plane 31kHz
SP BG disp on (by $EB0808)
T-VRAM display
G-VRAM buffer
memcpyByMovem (ideal throughput is 2081301 bytes/sec @10MHz)

throughput (bytes/sec)
+------------------------+----------+----------+----------+----------+----------+----------+
|                   dst  |   MAIN   |  G-VRAM  |  T-VRAM  |   SPR    |   PCG    |   SRAM   |
|                        | 0x034f96 | 0xc00200 | 0xe00200 | 0xeb0200 | 0xeb8200 | 0xed3a00 |
|  src                   |~0x035195 |~0xc003ff |~0xe003ff |~0xeb03ff |~0xeb83ff |~0xed3bff |
+------------------------+----------+----------+----------+----------+----------+----------+
| MAIN  0x035196~0x035395|  1998848 |  1810432 |  1798144 |  1245184 |  1261568 |  1835008 |
|G-VRAM 0xc00000~0xc001ff|  1802240 |  1650688 |  1634304 |  1171456 |  1175552 |  1671168 |
|T-VRAM 0xe00000~0xe001ff|  1785856 |  1634304 |  1613824 |  1150976 |  1155072 |  1654784 |
| SPR   0xeb0000~0xeb01ff|  1253376 |  1167360 |  1163264 |   909312 |   909312 |  1187840 |
| PCG   0xeb8000~0xeb81ff|  1294336 |  1216512 |  1204224 |   929792 |   937984 |  1224704 |
| SRAM  0xed3800~0xed39ff|  1830912 |  1667072 |  1658880 |  1179648 |  1175552 |  1687552 |
|CGROM  0xf00000~0xf001ff|  1830912 |  1667072 |  1658880 |  1179648 |  1175552 |  1687552 |
|IPLROM 0xfe0000~0xfe01ff|  1830912 |  1667072 |  1658880 |  1179648 |  1175552 |  1687552 |
+------------------------+----------+----------+----------+----------+----------+----------+


testCase 28/39

CRTMOD(12) 512x512 65536color 1plane 31kHz
SP BG disp on (by $EB0808)
T-VRAM display
G-VRAM display
memcpyByDma Maximum-rate

throughput (bytes/sec)
+------------------------+----------+----------+----------+----------+----------+----------+
|                   dst  |   MAIN   |  G-VRAM  |  T-VRAM  |   SPR    |   PCG    |   SRAM   |
|                        | 0x034f96 | 0xc00200 | 0xe00200 | 0xeb0200 | 0xeb8200 | 0xed3a00 |
|  src                   |~0x035195 |~0xc003ff |~0xe003ff |~0xeb03ff |~0xeb83ff |~0xed3bff |
+------------------------+----------+----------+----------+----------+----------+----------+
| MAIN  0x035196~0x035395|  1593344 |  1556480 |  1556480 |  1212416 |  1220608 |  1601536 |
|G-VRAM 0xc00000~0xc001ff|  1556480 |  1556480 |  1560576 |  1191936 |  1191936 |  1568768 |
|T-VRAM 0xe00000~0xe001ff|  1556480 |  1560576 |  1556480 |  1191936 |  1191936 |  1568768 |
| SPR   0xeb0000~0xeb01ff|  1236992 |  1191936 |  1196032 |   868352 |   868352 |  1236992 |
| PCG   0xeb8000~0xeb81ff|  1232896 |  1196032 |  1191936 |   868352 |   696320 |  1236992 |
| SRAM  0xed3800~0xed39ff|  1605632 |  1568768 |  1568768 |  1224704 |  1236992 |  1622016 |
|CGROM  0xf00000~0xf001ff|  1605632 |  1568768 |  1568768 |  1224704 |  1236992 |  1622016 |
|IPLROM 0xfe0000~0xfe01ff|  1605632 |  1568768 |  1568768 |  1224704 |  1236992 |  1622016 |
+------------------------+----------+----------+----------+----------+----------+----------+


testCase 29/39

CRTMOD(12) 512x512 65536color 1plane 31kHz
SP BG disp off (by $EB0808)
T-VRAM display
G-VRAM display
memcpyByDma Maximum-rate

throughput (bytes/sec)
+------------------------+----------+----------+----------+----------+----------+----------+
|                   dst  |   MAIN   |  G-VRAM  |  T-VRAM  |   SPR    |   PCG    |   SRAM   |
|                        | 0x034f96 | 0xc00200 | 0xe00200 | 0xeb0200 | 0xeb8200 | 0xed3a00 |
|  src                   |~0x035195 |~0xc003ff |~0xe003ff |~0xeb03ff |~0xeb83ff |~0xed3bff |
+------------------------+----------+----------+----------+----------+----------+----------+
| MAIN  0x035196~0x035395|  1593344 |  1556480 |  1556480 |  1224704 |  1232896 |  1601536 |
|G-VRAM 0xc00000~0xc001ff|  1556480 |  1556480 |  1560576 |  1191936 |  1196032 |  1568768 |
|T-VRAM 0xe00000~0xe001ff|  1556480 |  1560576 |  1556480 |  1191936 |  1196032 |  1564672 |
| SPR   0xeb0000~0xeb01ff|  1236992 |  1196032 |  1191936 |   946176 |  1019904 |  1241088 |
| PCG   0xeb8000~0xeb81ff|  1327104 |  1290240 |  1286144 |   942080 |  1036288 |  1339392 |
| SRAM  0xed3800~0xed39ff|  1605632 |  1568768 |  1568768 |  1232896 |  1236992 |  1622016 |
|CGROM  0xf00000~0xf001ff|  1605632 |  1568768 |  1568768 |  1232896 |  1236992 |  1622016 |
|IPLROM 0xfe0000~0xfe01ff|  1605632 |  1568768 |  1568768 |  1232896 |  1236992 |  1622016 |
+------------------------+----------+----------+----------+----------+----------+----------+


testCase 30/39

CRTMOD(12) 512x512 65536color 1plane 31kHz
SP BG disp on (by $EB0808)
T-VRAM buffer
G-VRAM display
memcpyByDma Maximum-rate

throughput (bytes/sec)
+------------------------+----------+----------+----------+----------+----------+----------+
|                   dst  |   MAIN   |  G-VRAM  |  T-VRAM  |   SPR    |   PCG    |   SRAM   |
|                        | 0x034f96 | 0xc00200 | 0xe00200 | 0xeb0200 | 0xeb8200 | 0xed3a00 |
|  src                   |~0x035195 |~0xc003ff |~0xe003ff |~0xeb03ff |~0xeb83ff |~0xed3bff |
+------------------------+----------+----------+----------+----------+----------+----------+
| MAIN  0x035196~0x035395|  1593344 |  1556480 |  1601536 |  1212416 |  1220608 |  1601536 |
|G-VRAM 0xc00000~0xc001ff|  1556480 |  1556480 |  1548288 |  1191936 |  1196032 |  1568768 |
|T-VRAM 0xe00000~0xe001ff|  1605632 |  1548288 |  1585152 |  1212416 |  1220608 |  1601536 |
| SPR   0xeb0000~0xeb01ff|  1236992 |  1191936 |  1232896 |   868352 |   868352 |  1236992 |
| PCG   0xeb8000~0xeb81ff|  1232896 |  1196032 |  1228800 |   868352 |   696320 |  1232896 |
| SRAM  0xed3800~0xed39ff|  1605632 |  1568768 |  1601536 |  1224704 |  1241088 |  1617920 |
|CGROM  0xf00000~0xf001ff|  1605632 |  1568768 |  1601536 |  1224704 |  1241088 |  1617920 |
|IPLROM 0xfe0000~0xfe01ff|  1605632 |  1568768 |  1601536 |  1224704 |  1241088 |  1617920 |
+------------------------+----------+----------+----------+----------+----------+----------+


testCase 31/39

CRTMOD(12) 512x512 65536color 1plane 31kHz
SP BG disp on (by $EB0808)
T-VRAM display
G-VRAM buffer
memcpyByDma Maximum-rate

throughput (bytes/sec)
+------------------------+----------+----------+----------+----------+----------+----------+
|                   dst  |   MAIN   |  G-VRAM  |  T-VRAM  |   SPR    |   PCG    |   SRAM   |
|                        | 0x034f96 | 0xc00200 | 0xe00200 | 0xeb0200 | 0xeb8200 | 0xed3a00 |
|  src                   |~0x035195 |~0xc003ff |~0xe003ff |~0xeb03ff |~0xeb83ff |~0xed3bff |
+------------------------+----------+----------+----------+----------+----------+----------+
| MAIN  0x035196~0x035395|  1593344 |  1601536 |  1556480 |  1212416 |  1220608 |  1601536 |
|G-VRAM 0xc00000~0xc001ff|  1605632 |  1585152 |  1548288 |  1212416 |  1220608 |  1601536 |
|T-VRAM 0xe00000~0xe001ff|  1556480 |  1552384 |  1552384 |  1191936 |  1196032 |  1568768 |
| SPR   0xeb0000~0xeb01ff|  1236992 |  1232896 |  1191936 |   868352 |   868352 |  1236992 |
| PCG   0xeb8000~0xeb81ff|  1232896 |  1228800 |  1196032 |   868352 |   696320 |  1232896 |
| SRAM  0xed3800~0xed39ff|  1605632 |  1605632 |  1564672 |  1224704 |  1241088 |  1617920 |
|CGROM  0xf00000~0xf001ff|  1605632 |  1605632 |  1564672 |  1224704 |  1241088 |  1617920 |
|IPLROM 0xfe0000~0xfe01ff|  1605632 |  1605632 |  1564672 |  1224704 |  1241088 |  1617920 |
+------------------------+----------+----------+----------+----------+----------+----------+


testCase 32/39

CRTMOD(12) 512x512 65536color 1plane 31kHz
SP BG disp on (by $EB0808)
T-VRAM display
G-VRAM display
memcpyByDma Limited-rate BwRatio50% BurstTime16 LiteCsrPolling

throughput (bytes/sec)
+------------------------+----------+----------+----------+----------+----------+----------+
|                   dst  |   MAIN   |  G-VRAM  |  T-VRAM  |   SPR    |   PCG    |   SRAM   |
|                        | 0x034f96 | 0xc00200 | 0xe00200 | 0xeb0200 | 0xeb8200 | 0xed3a00 |
|  src                   |~0x035195 |~0xc003ff |~0xe003ff |~0xeb03ff |~0xeb83ff |~0xed3bff |
+------------------------+----------+----------+----------+----------+----------+----------+
| MAIN  0x035196~0x035395|   512000 |   516096 |   516096 |   520192 |   524288 |   512000 |
|G-VRAM 0xc00000~0xc001ff|   516096 |   536576 |   532480 |   507904 |   516096 |   516096 |
|T-VRAM 0xe00000~0xe001ff|   516096 |   532480 |   536576 |   503808 |   520192 |   516096 |
| SPR   0xeb0000~0xeb01ff|   516096 |   507904 |   503808 |   385024 |   385024 |   512000 |
| PCG   0xeb8000~0xeb81ff|   524288 |   512000 |   516096 |   393216 |   368640 |   520192 |
| SRAM  0xed3800~0xed39ff|   512000 |   516096 |   516096 |   516096 |   524288 |   512000 |
|CGROM  0xf00000~0xf001ff|   512000 |   516096 |   512000 |   520192 |   524288 |   512000 |
|IPLROM 0xfe0000~0xfe01ff|   512000 |   516096 |   512000 |   520192 |   524288 |   512000 |
+------------------------+----------+----------+----------+----------+----------+----------+


testCase 33/39

CRTMOD(12) 512x512 65536color 1plane 31kHz
SP BG disp off (by $EB0808)
T-VRAM display
G-VRAM display
memcpyByDma Limited-rate BwRatio50% BurstTime16 LiteCsrPolling

throughput (bytes/sec)
+------------------------+----------+----------+----------+----------+----------+----------+
|                   dst  |   MAIN   |  G-VRAM  |  T-VRAM  |   SPR    |   PCG    |   SRAM   |
|                        | 0x034f96 | 0xc00200 | 0xe00200 | 0xeb0200 | 0xeb8200 | 0xed3a00 |
|  src                   |~0x035195 |~0xc003ff |~0xe003ff |~0xeb03ff |~0xeb83ff |~0xed3bff |
+------------------------+----------+----------+----------+----------+----------+----------+
| MAIN  0x035196~0x035395|   512000 |   516096 |   516096 |   512000 |   516096 |   512000 |
|G-VRAM 0xc00000~0xc001ff|   516096 |   536576 |   532480 |   503808 |   503808 |   516096 |
|T-VRAM 0xe00000~0xe001ff|   516096 |   532480 |   536576 |   503808 |   503808 |   516096 |
| SPR   0xeb0000~0xeb01ff|   516096 |   503808 |   503808 |   536576 |   548864 |   512000 |
| PCG   0xeb8000~0xeb81ff|   512000 |   507904 |   507904 |   520192 |   561152 |   512000 |
| SRAM  0xed3800~0xed39ff|   512000 |   516096 |   512000 |   516096 |   507904 |   512000 |
|CGROM  0xf00000~0xf001ff|   512000 |   516096 |   512000 |   512000 |   512000 |   512000 |
|IPLROM 0xfe0000~0xfe01ff|   512000 |   516096 |   512000 |   512000 |   512000 |   512000 |
+------------------------+----------+----------+----------+----------+----------+----------+


testCase 34/39

CRTMOD(12) 512x512 65536color 1plane 31kHz
SP BG disp on (by $EB0808)
T-VRAM buffer
G-VRAM display
memcpyByDma Limited-rate BwRatio50% BurstTime16 LiteCsrPolling

throughput (bytes/sec)
+------------------------+----------+----------+----------+----------+----------+----------+
|                   dst  |   MAIN   |  G-VRAM  |  T-VRAM  |   SPR    |   PCG    |   SRAM   |
|                        | 0x034f96 | 0xc00200 | 0xe00200 | 0xeb0200 | 0xeb8200 | 0xed3a00 |
|  src                   |~0x035195 |~0xc003ff |~0xe003ff |~0xeb03ff |~0xeb83ff |~0xed3bff |
+------------------------+----------+----------+----------+----------+----------+----------+
| MAIN  0x035196~0x035395|   512000 |   516096 |   507904 |   524288 |   524288 |   512000 |
|G-VRAM 0xc00000~0xc001ff|   516096 |   536576 |   512000 |   507904 |   516096 |   516096 |
|T-VRAM 0xe00000~0xe001ff|   512000 |   516096 |   507904 |   524288 |   524288 |   512000 |
| SPR   0xeb0000~0xeb01ff|   516096 |   507904 |   512000 |   385024 |   385024 |   516096 |
| PCG   0xeb8000~0xeb81ff|   524288 |   512000 |   520192 |   393216 |   372736 |   520192 |
| SRAM  0xed3800~0xed39ff|   512000 |   516096 |   507904 |   520192 |   524288 |   512000 |
|CGROM  0xf00000~0xf001ff|   512000 |   516096 |   507904 |   520192 |   524288 |   512000 |
|IPLROM 0xfe0000~0xfe01ff|   512000 |   516096 |   507904 |   520192 |   524288 |   512000 |
+------------------------+----------+----------+----------+----------+----------+----------+


testCase 35/39

CRTMOD(12) 512x512 65536color 1plane 31kHz
SP BG disp on (by $EB0808)
T-VRAM display
G-VRAM buffer
memcpyByDma Limited-rate BwRatio50% BurstTime16 LiteCsrPolling

throughput (bytes/sec)
+------------------------+----------+----------+----------+----------+----------+----------+
|                   dst  |   MAIN   |  G-VRAM  |  T-VRAM  |   SPR    |   PCG    |   SRAM   |
|                        | 0x034f96 | 0xc00200 | 0xe00200 | 0xeb0200 | 0xeb8200 | 0xed3a00 |
|  src                   |~0x035195 |~0xc003ff |~0xe003ff |~0xeb03ff |~0xeb83ff |~0xed3bff |
+------------------------+----------+----------+----------+----------+----------+----------+
| MAIN  0x035196~0x035395|   512000 |   512000 |   512000 |   524288 |   524288 |   512000 |
|G-VRAM 0xc00000~0xc001ff|   512000 |   512000 |   512000 |   524288 |   524288 |   507904 |
|T-VRAM 0xe00000~0xe001ff|   516096 |   516096 |   532480 |   507904 |   516096 |   516096 |
| SPR   0xeb0000~0xeb01ff|   516096 |   516096 |   503808 |   385024 |   385024 |   512000 |
| PCG   0xeb8000~0xeb81ff|   524288 |   520192 |   512000 |   393216 |   372736 |   520192 |
| SRAM  0xed3800~0xed39ff|   512000 |   512000 |   512000 |   520192 |   524288 |   512000 |
|CGROM  0xf00000~0xf001ff|   512000 |   512000 |   512000 |   520192 |   524288 |   512000 |
|IPLROM 0xfe0000~0xfe01ff|   512000 |   512000 |   512000 |   520192 |   524288 |   512000 |
+------------------------+----------+----------+----------+----------+----------+----------+


testCase 36/39

CRTMOD(12) 512x512 65536color 1plane 31kHz
SP BG disp on (by $EB0808)
T-VRAM display
G-VRAM display
memcpyByDma Limited-rate BwRatio50% BurstTime16 FullCsrPolling

throughput (bytes/sec)
+------------------------+----------+----------+----------+----------+----------+----------+
|                   dst  |   MAIN   |  G-VRAM  |  T-VRAM  |   SPR    |   PCG    |   SRAM   |
|                        | 0x034f96 | 0xc00200 | 0xe00200 | 0xeb0200 | 0xeb8200 | 0xed3a00 |
|  src                   |~0x035195 |~0xc003ff |~0xe003ff |~0xeb03ff |~0xeb83ff |~0xed3bff |
+------------------------+----------+----------+----------+----------+----------+----------+
| MAIN  0x035196~0x035395|   450560 |   442368 |   446464 |   524288 |   516096 |   434176 |
|G-VRAM 0xc00000~0xc001ff|   446464 |   446464 |   446464 |   507904 |   503808 |   446464 |
|T-VRAM 0xe00000~0xe001ff|   446464 |   446464 |   446464 |   507904 |   503808 |   446464 |
| SPR   0xeb0000~0xeb01ff|   536576 |   516096 |   512000 |   344064 |   356352 |   532480 |
| PCG   0xeb8000~0xeb81ff|   532480 |   512000 |   512000 |   352256 |   327680 |   532480 |
| SRAM  0xed3800~0xed39ff|   438272 |   446464 |   442368 |   528384 |   516096 |   438272 |
|CGROM  0xf00000~0xf001ff|   438272 |   446464 |   442368 |   528384 |   516096 |   438272 |
|IPLROM 0xfe0000~0xfe01ff|   438272 |   446464 |   442368 |   528384 |   516096 |   438272 |
+------------------------+----------+----------+----------+----------+----------+----------+


testCase 37/39

CRTMOD(12) 512x512 65536color 1plane 31kHz
SP BG disp off (by $EB0808)
T-VRAM display
G-VRAM display
memcpyByDma Limited-rate BwRatio50% BurstTime16 FullCsrPolling

throughput (bytes/sec)
+------------------------+----------+----------+----------+----------+----------+----------+
|                   dst  |   MAIN   |  G-VRAM  |  T-VRAM  |   SPR    |   PCG    |   SRAM   |
|                        | 0x034f96 | 0xc00200 | 0xe00200 | 0xeb0200 | 0xeb8200 | 0xed3a00 |
|  src                   |~0x035195 |~0xc003ff |~0xe003ff |~0xeb03ff |~0xeb83ff |~0xed3bff |
+------------------------+----------+----------+----------+----------+----------+----------+
| MAIN  0x035196~0x035395|   450560 |   442368 |   446464 |   536576 |   536576 |   438272 |
|G-VRAM 0xc00000~0xc001ff|   446464 |   446464 |   446464 |   524288 |   520192 |   442368 |
|T-VRAM 0xe00000~0xe001ff|   446464 |   446464 |   446464 |   520192 |   520192 |   446464 |
| SPR   0xeb0000~0xeb01ff|   540672 |   524288 |   520192 |   442368 |   450560 |   540672 |
| PCG   0xeb8000~0xeb81ff|   552960 |   532480 |   532480 |   417792 |   491520 |   552960 |
| SRAM  0xed3800~0xed39ff|   438272 |   446464 |   442368 |   536576 |   540672 |   438272 |
|CGROM  0xf00000~0xf001ff|   438272 |   446464 |   442368 |   540672 |   536576 |   438272 |
|IPLROM 0xfe0000~0xfe01ff|   438272 |   442368 |   446464 |   536576 |   540672 |   434176 |
+------------------------+----------+----------+----------+----------+----------+----------+


testCase 38/39

CRTMOD(12) 512x512 65536color 1plane 31kHz
SP BG disp on (by $EB0808)
T-VRAM buffer
G-VRAM display
memcpyByDma Limited-rate BwRatio50% BurstTime16 FullCsrPolling

throughput (bytes/sec)
+------------------------+----------+----------+----------+----------+----------+----------+
|                   dst  |   MAIN   |  G-VRAM  |  T-VRAM  |   SPR    |   PCG    |   SRAM   |
|                        | 0x034f96 | 0xc00200 | 0xe00200 | 0xeb0200 | 0xeb8200 | 0xed3a00 |
|  src                   |~0x035195 |~0xc003ff |~0xe003ff |~0xeb03ff |~0xeb83ff |~0xed3bff |
+------------------------+----------+----------+----------+----------+----------+----------+
| MAIN  0x035196~0x035395|   450560 |   442368 |   446464 |   528384 |   512000 |   438272 |
|G-VRAM 0xc00000~0xc001ff|   446464 |   446464 |   450560 |   507904 |   503808 |   446464 |
|T-VRAM 0xe00000~0xe001ff|   446464 |   450560 |   450560 |   524288 |   516096 |   438272 |
| SPR   0xeb0000~0xeb01ff|   536576 |   516096 |   532480 |   344064 |   356352 |   532480 |
| PCG   0xeb8000~0xeb81ff|   532480 |   512000 |   528384 |   352256 |   331776 |   528384 |
| SRAM  0xed3800~0xed39ff|   438272 |   442368 |   438272 |   528384 |   516096 |   438272 |
|CGROM  0xf00000~0xf001ff|   438272 |   446464 |   434176 |   528384 |   516096 |   438272 |
|IPLROM 0xfe0000~0xfe01ff|   438272 |   446464 |   434176 |   528384 |   516096 |   438272 |
+------------------------+----------+----------+----------+----------+----------+----------+


testCase 39/39

CRTMOD(12) 512x512 65536color 1plane 31kHz
SP BG disp on (by $EB0808)
T-VRAM display
G-VRAM buffer
memcpyByDma Limited-rate BwRatio50% BurstTime16 FullCsrPolling

throughput (bytes/sec)
+------------------------+----------+----------+----------+----------+----------+----------+
|                   dst  |   MAIN   |  G-VRAM  |  T-VRAM  |   SPR    |   PCG    |   SRAM   |
|                        | 0x034f96 | 0xc00200 | 0xe00200 | 0xeb0200 | 0xeb8200 | 0xed3a00 |
|  src                   |~0x035195 |~0xc003ff |~0xe003ff |~0xeb03ff |~0xeb83ff |~0xed3bff |
+------------------------+----------+----------+----------+----------+----------+----------+
| MAIN  0x035196~0x035395|   450560 |   446464 |   442368 |   528384 |   516096 |   434176 |
|G-VRAM 0xc00000~0xc001ff|   446464 |   450560 |   450560 |   524288 |   516096 |   438272 |
|T-VRAM 0xe00000~0xe001ff|   446464 |   450560 |   446464 |   507904 |   503808 |   446464 |
| SPR   0xeb0000~0xeb01ff|   536576 |   536576 |   512000 |   344064 |   356352 |   532480 |
| PCG   0xeb8000~0xeb81ff|   532480 |   528384 |   512000 |   352256 |   331776 |   528384 |
| SRAM  0xed3800~0xed39ff|   438272 |   438272 |   442368 |   528384 |   516096 |   438272 |
|CGROM  0xf00000~0xf001ff|   438272 |   438272 |   442368 |   528384 |   516096 |   438272 |
|IPLROM 0xfe0000~0xfe01ff|   438272 |   438272 |   442368 |   528384 |   516096 |   438272 |
+------------------------+----------+----------+----------+----------+----------+----------+

