build settings
	ENABLE_SRAM_WRITE 0
	BUILD Feb 13 2023, CRC32 38084D19


testCase 0/39

CRTMOD(13) 512x512 65536color 1plane 15kHz
SP BG disp on (by $EB0808)
T-VRAM display
G-VRAM display
memcpyByU8 (ideal throughput is 454545 bytes/sec @10MHz)

throughput (bytes/sec)
+------------------------+----------+----------+----------+----------+----------+----------+
|                   dst  |   MAIN   |  G-VRAM  |  T-VRAM  |   SPR    |   PCG    |   SRAM   |
|                        | 0x1fceee | 0xc00200 | 0xe00200 | 0xeb0200 | 0xeb8200 | 0xed3a00 |
|  src                   |~0x1fd0ed |~0xc003ff |~0xe003ff |~0xeb03ff |~0xeb83ff |~0xed3bff |
+------------------------+----------+----------+----------+----------+----------+----------+
| MAIN  0x1fd0ee~0x1fd2ed|   659456 |   622592 |   626688 |   393216 |   303104 |   634880 |
|G-VRAM 0xc00000~0xc001ff|   626688 |   606208 |   602112 |   393216 |   303104 |   598016 |
|T-VRAM 0xe00000~0xe001ff|   626688 |   606208 |   602112 |   393216 |   303104 |   598016 |
| SPR   0xeb0000~0xeb01ff|   397312 |   389120 |   389120 |   241664 |   303104 |   393216 |
| PCG   0xeb8000~0xeb81ff|   303104 |   303104 |   303104 |   204800 |   200704 |   299008 |
| SRAM  0xed3800~0xed39ff|   643072 |   602112 |   606208 |   389120 |   303104 |   614400 |
|CGROM  0xf00000~0xf001ff|   643072 |   602112 |   606208 |   389120 |   303104 |   614400 |
|IPLROM 0xfe0000~0xfe01ff|   643072 |   602112 |   606208 |   389120 |   303104 |   614400 |
+------------------------+----------+----------+----------+----------+----------+----------+


testCase 1/39

CRTMOD(13) 512x512 65536color 1plane 15kHz
SP BG disp off (by $EB0808)
T-VRAM display
G-VRAM display
memcpyByU8 (ideal throughput is 454545 bytes/sec @10MHz)

throughput (bytes/sec)
+------------------------+----------+----------+----------+----------+----------+----------+
|                   dst  |   MAIN   |  G-VRAM  |  T-VRAM  |   SPR    |   PCG    |   SRAM   |
|                        | 0x1fceee | 0xc00200 | 0xe00200 | 0xeb0200 | 0xeb8200 | 0xed3a00 |
|  src                   |~0x1fd0ed |~0xc003ff |~0xe003ff |~0xeb03ff |~0xeb83ff |~0xed3bff |
+------------------------+----------+----------+----------+----------+----------+----------+
| MAIN  0x1fd0ee~0x1fd2ed|   659456 |   622592 |   626688 |   397312 |   425984 |   634880 |
|G-VRAM 0xc00000~0xc001ff|   626688 |   606208 |   602112 |   397312 |   397312 |   606208 |
|T-VRAM 0xe00000~0xe001ff|   626688 |   606208 |   602112 |   397312 |   397312 |   606208 |
| SPR   0xeb0000~0xeb01ff|   401408 |   397312 |   397312 |   303104 |   335872 |   401408 |
| PCG   0xeb8000~0xeb81ff|   425984 |   397312 |   401408 |   303104 |   299008 |   405504 |
| SRAM  0xed3800~0xed39ff|   643072 |   602112 |   606208 |   401408 |   401408 |   610304 |
|CGROM  0xf00000~0xf001ff|   643072 |   602112 |   606208 |   401408 |   401408 |   610304 |
|IPLROM 0xfe0000~0xfe01ff|   643072 |   602112 |   606208 |   401408 |   401408 |   610304 |
+------------------------+----------+----------+----------+----------+----------+----------+


testCase 2/39

CRTMOD(13) 512x512 65536color 1plane 15kHz
SP BG disp on (by $EB0808)
T-VRAM buffer
G-VRAM display
memcpyByU8 (ideal throughput is 454545 bytes/sec @10MHz)

throughput (bytes/sec)
+------------------------+----------+----------+----------+----------+----------+----------+
|                   dst  |   MAIN   |  G-VRAM  |  T-VRAM  |   SPR    |   PCG    |   SRAM   |
|                        | 0x1fceee | 0xc00200 | 0xe00200 | 0xeb0200 | 0xeb8200 | 0xed3a00 |
|  src                   |~0x1fd0ed |~0xc003ff |~0xe003ff |~0xeb03ff |~0xeb83ff |~0xed3bff |
+------------------------+----------+----------+----------+----------+----------+----------+
| MAIN  0x1fd0ee~0x1fd2ed|   659456 |   622592 |   630784 |   393216 |   303104 |   634880 |
|G-VRAM 0xc00000~0xc001ff|   626688 |   606208 |   602112 |   389120 |   303104 |   606208 |
|T-VRAM 0xe00000~0xe001ff|   630784 |   606208 |   602112 |   393216 |   303104 |   610304 |
| SPR   0xeb0000~0xeb01ff|   397312 |   389120 |   389120 |   245760 |   299008 |   393216 |
| PCG   0xeb8000~0xeb81ff|   303104 |   303104 |   303104 |   204800 |   200704 |   299008 |
| SRAM  0xed3800~0xed39ff|   643072 |   602112 |   610304 |   393216 |   303104 |   606208 |
|CGROM  0xf00000~0xf001ff|   643072 |   602112 |   610304 |   393216 |   303104 |   606208 |
|IPLROM 0xfe0000~0xfe01ff|   643072 |   602112 |   610304 |   393216 |   303104 |   606208 |
+------------------------+----------+----------+----------+----------+----------+----------+


testCase 3/39

CRTMOD(13) 512x512 65536color 1plane 15kHz
SP BG disp on (by $EB0808)
T-VRAM display
G-VRAM buffer
memcpyByU8 (ideal throughput is 454545 bytes/sec @10MHz)

throughput (bytes/sec)
+------------------------+----------+----------+----------+----------+----------+----------+
|                   dst  |   MAIN   |  G-VRAM  |  T-VRAM  |   SPR    |   PCG    |   SRAM   |
|                        | 0x1fceee | 0xc00200 | 0xe00200 | 0xeb0200 | 0xeb8200 | 0xed3a00 |
|  src                   |~0x1fd0ed |~0xc003ff |~0xe003ff |~0xeb03ff |~0xeb83ff |~0xed3bff |
+------------------------+----------+----------+----------+----------+----------+----------+
| MAIN  0x1fd0ee~0x1fd2ed|   659456 |   626688 |   626688 |   393216 |   303104 |   634880 |
|G-VRAM 0xc00000~0xc001ff|   630784 |   606208 |   602112 |   393216 |   303104 |   610304 |
|T-VRAM 0xe00000~0xe001ff|   626688 |   602112 |   606208 |   389120 |   303104 |   606208 |
| SPR   0xeb0000~0xeb01ff|   397312 |   389120 |   389120 |   245760 |   299008 |   393216 |
| PCG   0xeb8000~0xeb81ff|   303104 |   303104 |   303104 |   204800 |   200704 |   299008 |
| SRAM  0xed3800~0xed39ff|   643072 |   606208 |   606208 |   393216 |   303104 |   606208 |
|CGROM  0xf00000~0xf001ff|   643072 |   606208 |   606208 |   393216 |   303104 |   606208 |
|IPLROM 0xfe0000~0xfe01ff|   643072 |   606208 |   606208 |   393216 |   303104 |   606208 |
+------------------------+----------+----------+----------+----------+----------+----------+


testCase 4/39

CRTMOD(13) 512x512 65536color 1plane 15kHz
SP BG disp on (by $EB0808)
T-VRAM display
G-VRAM display
memcpyByMovem (ideal throughput is 2081301 bytes/sec @10MHz)

throughput (bytes/sec)
+------------------------+----------+----------+----------+----------+----------+----------+
|                   dst  |   MAIN   |  G-VRAM  |  T-VRAM  |   SPR    |   PCG    |   SRAM   |
|                        | 0x1fceee | 0xc00200 | 0xe00200 | 0xeb0200 | 0xeb8200 | 0xed3a00 |
|  src                   |~0x1fd0ed |~0xc003ff |~0xe003ff |~0xeb03ff |~0xeb83ff |~0xed3bff |
+------------------------+----------+----------+----------+----------+----------+----------+
| MAIN  0x1fd0ee~0x1fd2ed|  2969600 |  2707456 |  2703360 |   987136 |   966656 |  2736128 |
|G-VRAM 0xc00000~0xc001ff|  2695168 |  2473984 |  2469888 |   958464 |   954368 |  2527232 |
|T-VRAM 0xe00000~0xe001ff|  2695168 |  2473984 |  2469888 |   958464 |   954368 |  2527232 |
| SPR   0xeb0000~0xeb01ff|   950272 |   917504 |   917504 |   573440 |   573440 |   917504 |
| PCG   0xeb8000~0xeb81ff|   942080 |   913408 |   909312 |   573440 |   569344 |   917504 |
| SRAM  0xed3800~0xed39ff|  2727936 |  2527232 |  2527232 |   962560 |   958464 |  2531328 |
|CGROM  0xf00000~0xf001ff|  2727936 |  2527232 |  2527232 |   962560 |   958464 |  2531328 |
|IPLROM 0xfe0000~0xfe01ff|  2727936 |  2527232 |  2527232 |   962560 |   958464 |  2531328 |
+------------------------+----------+----------+----------+----------+----------+----------+


testCase 5/39

CRTMOD(13) 512x512 65536color 1plane 15kHz
SP BG disp off (by $EB0808)
T-VRAM display
G-VRAM display
memcpyByMovem (ideal throughput is 2081301 bytes/sec @10MHz)

throughput (bytes/sec)
+------------------------+----------+----------+----------+----------+----------+----------+
|                   dst  |   MAIN   |  G-VRAM  |  T-VRAM  |   SPR    |   PCG    |   SRAM   |
|                        | 0x1fceee | 0xc00200 | 0xe00200 | 0xeb0200 | 0xeb8200 | 0xed3a00 |
|  src                   |~0x1fd0ed |~0xc003ff |~0xe003ff |~0xeb03ff |~0xeb83ff |~0xed3bff |
+------------------------+----------+----------+----------+----------+----------+----------+
| MAIN  0x1fd0ee~0x1fd2ed|  2969600 |  2707456 |  2703360 |  1228800 |  1228800 |  2732032 |
|G-VRAM 0xc00000~0xc001ff|  2695168 |  2473984 |  2469888 |  1175552 |  1179648 |  2523136 |
|T-VRAM 0xe00000~0xe001ff|  2695168 |  2473984 |  2469888 |  1175552 |  1179648 |  2523136 |
| SPR   0xeb0000~0xeb01ff|  1191936 |  1138688 |  1138688 |   757760 |   761856 |  1138688 |
| PCG   0xeb8000~0xeb81ff|  1220608 |  1163264 |  1163264 |   765952 |   770048 |  1171456 |
| SRAM  0xed3800~0xed39ff|  2727936 |  2527232 |  2527232 |  1183744 |  1183744 |  2531328 |
|CGROM  0xf00000~0xf001ff|  2727936 |  2527232 |  2527232 |  1183744 |  1183744 |  2527232 |
|IPLROM 0xfe0000~0xfe01ff|  2727936 |  2527232 |  2527232 |  1183744 |  1183744 |  2531328 |
+------------------------+----------+----------+----------+----------+----------+----------+


testCase 6/39

CRTMOD(13) 512x512 65536color 1plane 15kHz
SP BG disp on (by $EB0808)
T-VRAM buffer
G-VRAM display
memcpyByMovem (ideal throughput is 2081301 bytes/sec @10MHz)

throughput (bytes/sec)
+------------------------+----------+----------+----------+----------+----------+----------+
|                   dst  |   MAIN   |  G-VRAM  |  T-VRAM  |   SPR    |   PCG    |   SRAM   |
|                        | 0x1fceee | 0xc00200 | 0xe00200 | 0xeb0200 | 0xeb8200 | 0xed3a00 |
|  src                   |~0x1fd0ed |~0xc003ff |~0xe003ff |~0xeb03ff |~0xeb83ff |~0xed3bff |
+------------------------+----------+----------+----------+----------+----------+----------+
| MAIN  0x1fd0ee~0x1fd2ed|  2969600 |  2707456 |  2699264 |   987136 |   966656 |  2732032 |
|G-VRAM 0xc00000~0xc001ff|  2695168 |  2473984 |  2478080 |   958464 |   954368 |  2523136 |
|T-VRAM 0xe00000~0xe001ff|  2686976 |  2478080 |  2465792 |   954368 |   962560 |  2490368 |
| SPR   0xeb0000~0xeb01ff|   950272 |   917504 |   917504 |   573440 |   573440 |   917504 |
| PCG   0xeb8000~0xeb81ff|   942080 |   913408 |   913408 |   569344 |   573440 |   913408 |
| SRAM  0xed3800~0xed39ff|  2727936 |  2527232 |  2498560 |   962560 |   958464 |  2531328 |
|CGROM  0xf00000~0xf001ff|  2727936 |  2527232 |  2498560 |   962560 |   958464 |  2531328 |
|IPLROM 0xfe0000~0xfe01ff|  2727936 |  2527232 |  2498560 |   962560 |   958464 |  2531328 |
+------------------------+----------+----------+----------+----------+----------+----------+


testCase 7/39

CRTMOD(13) 512x512 65536color 1plane 15kHz
SP BG disp on (by $EB0808)
T-VRAM display
G-VRAM buffer
memcpyByMovem (ideal throughput is 2081301 bytes/sec @10MHz)

throughput (bytes/sec)
+------------------------+----------+----------+----------+----------+----------+----------+
|                   dst  |   MAIN   |  G-VRAM  |  T-VRAM  |   SPR    |   PCG    |   SRAM   |
|                        | 0x1fceee | 0xc00200 | 0xe00200 | 0xeb0200 | 0xeb8200 | 0xed3a00 |
|  src                   |~0x1fd0ed |~0xc003ff |~0xe003ff |~0xeb03ff |~0xeb83ff |~0xed3bff |
+------------------------+----------+----------+----------+----------+----------+----------+
| MAIN  0x1fd0ee~0x1fd2ed|  2969600 |  2699264 |  2707456 |   987136 |   966656 |  2732032 |
|G-VRAM 0xc00000~0xc001ff|  2686976 |  2465792 |  2478080 |   954368 |   962560 |  2490368 |
|T-VRAM 0xe00000~0xe001ff|  2695168 |  2478080 |  2473984 |   958464 |   954368 |  2523136 |
| SPR   0xeb0000~0xeb01ff|   950272 |   917504 |   917504 |   573440 |   573440 |   917504 |
| PCG   0xeb8000~0xeb81ff|   942080 |   913408 |   913408 |   569344 |   573440 |   913408 |
| SRAM  0xed3800~0xed39ff|  2727936 |  2498560 |  2527232 |   962560 |   958464 |  2531328 |
|CGROM  0xf00000~0xf001ff|  2727936 |  2498560 |  2527232 |   962560 |   958464 |  2531328 |
|IPLROM 0xfe0000~0xfe01ff|  2727936 |  2498560 |  2527232 |   962560 |   958464 |  2531328 |
+------------------------+----------+----------+----------+----------+----------+----------+


testCase 8/39

CRTMOD(13) 512x512 65536color 1plane 15kHz
SP BG disp on (by $EB0808)
T-VRAM display
G-VRAM display
memcpyByDma Maximum-rate

throughput (bytes/sec)
+------------------------+----------+----------+----------+----------+----------+----------+
|                   dst  |   MAIN   |  G-VRAM  |  T-VRAM  |   SPR    |   PCG    |   SRAM   |
|                        | 0x1fceee | 0xc00200 | 0xe00200 | 0xeb0200 | 0xeb8200 | 0xed3a00 |
|  src                   |~0x1fd0ed |~0xc003ff |~0xe003ff |~0xeb03ff |~0xeb83ff |~0xed3bff |
+------------------------+----------+----------+----------+----------+----------+----------+
| MAIN  0x1fd0ee~0x1fd2ed|  2363392 |  2179072 |  2183168 |  1110016 |  1105920 |  2211840 |
|G-VRAM 0xc00000~0xc001ff|  2183168 |  2048000 |  2048000 |  1097728 |  1081344 |  2048000 |
|T-VRAM 0xe00000~0xe001ff|  2183168 |  2052096 |  2043904 |  1097728 |  1081344 |  2048000 |
| SPR   0xeb0000~0xeb01ff|  1110016 |  1097728 |  1101824 |   581632 |   577536 |  1105920 |
| PCG   0xeb8000~0xeb81ff|  1110016 |  1081344 |  1077248 |   581632 |   577536 |  1110016 |
| SRAM  0xed3800~0xed39ff|  2220032 |  2052096 |  2052096 |  1110016 |  1105920 |  2093056 |
|CGROM  0xf00000~0xf001ff|  2220032 |  2052096 |  2052096 |  1110016 |  1105920 |  2093056 |
|IPLROM 0xfe0000~0xfe01ff|  2220032 |  2052096 |  2052096 |  1110016 |  1105920 |  2088960 |
+------------------------+----------+----------+----------+----------+----------+----------+


testCase 9/39

CRTMOD(13) 512x512 65536color 1plane 15kHz
SP BG disp off (by $EB0808)
T-VRAM display
G-VRAM display
memcpyByDma Maximum-rate

throughput (bytes/sec)
+------------------------+----------+----------+----------+----------+----------+----------+
|                   dst  |   MAIN   |  G-VRAM  |  T-VRAM  |   SPR    |   PCG    |   SRAM   |
|                        | 0x1fceee | 0xc00200 | 0xe00200 | 0xeb0200 | 0xeb8200 | 0xed3a00 |
|  src                   |~0x1fd0ed |~0xc003ff |~0xe003ff |~0xeb03ff |~0xeb83ff |~0xed3bff |
+------------------------+----------+----------+----------+----------+----------+----------+
| MAIN  0x1fd0ee~0x1fd2ed|  2363392 |  2179072 |  2183168 |  1110016 |  1114112 |  2215936 |
|G-VRAM 0xc00000~0xc001ff|  2183168 |  2048000 |  2048000 |  1097728 |  1105920 |  2048000 |
|T-VRAM 0xe00000~0xe001ff|  2187264 |  2048000 |  2043904 |  1097728 |  1105920 |  2052096 |
| SPR   0xeb0000~0xeb01ff|  1110016 |  1101824 |  1097728 |   761856 |   798720 |  1110016 |
| PCG   0xeb8000~0xeb81ff|  1384448 |  1105920 |  1110016 |   901120 |   761856 |  1110016 |
| SRAM  0xed3800~0xed39ff|  2220032 |  2052096 |  2052096 |  1110016 |  1110016 |  2088960 |
|CGROM  0xf00000~0xf001ff|  2220032 |  2052096 |  2052096 |  1110016 |  1110016 |  2088960 |
|IPLROM 0xfe0000~0xfe01ff|  2220032 |  2052096 |  2052096 |  1110016 |  1110016 |  2084864 |
+------------------------+----------+----------+----------+----------+----------+----------+


testCase 10/39

CRTMOD(13) 512x512 65536color 1plane 15kHz
SP BG disp on (by $EB0808)
T-VRAM buffer
G-VRAM display
memcpyByDma Maximum-rate

throughput (bytes/sec)
+------------------------+----------+----------+----------+----------+----------+----------+
|                   dst  |   MAIN   |  G-VRAM  |  T-VRAM  |   SPR    |   PCG    |   SRAM   |
|                        | 0x1fceee | 0xc00200 | 0xe00200 | 0xeb0200 | 0xeb8200 | 0xed3a00 |
|  src                   |~0x1fd0ed |~0xc003ff |~0xe003ff |~0xeb03ff |~0xeb83ff |~0xed3bff |
+------------------------+----------+----------+----------+----------+----------+----------+
| MAIN  0x1fd0ee~0x1fd2ed|  2363392 |  2179072 |  2191360 |  1110016 |  1105920 |  2215936 |
|G-VRAM 0xc00000~0xc001ff|  2183168 |  2048000 |  2043904 |  1097728 |  1081344 |  2048000 |
|T-VRAM 0xe00000~0xe001ff|  2195456 |  2043904 |  2052096 |  1110016 |  1105920 |  2093056 |
| SPR   0xeb0000~0xeb01ff|  1110016 |  1097728 |  1110016 |   581632 |   577536 |  1110016 |
| PCG   0xeb8000~0xeb81ff|  1110016 |  1081344 |  1105920 |   581632 |   577536 |  1105920 |
| SRAM  0xed3800~0xed39ff|  2220032 |  2052096 |  2093056 |  1110016 |  1105920 |  2088960 |
|CGROM  0xf00000~0xf001ff|  2220032 |  2052096 |  2093056 |  1110016 |  1105920 |  2088960 |
|IPLROM 0xfe0000~0xfe01ff|  2220032 |  2052096 |  2088960 |  1110016 |  1105920 |  2088960 |
+------------------------+----------+----------+----------+----------+----------+----------+


testCase 11/39

CRTMOD(13) 512x512 65536color 1plane 15kHz
SP BG disp on (by $EB0808)
T-VRAM display
G-VRAM buffer
memcpyByDma Maximum-rate

throughput (bytes/sec)
+------------------------+----------+----------+----------+----------+----------+----------+
|                   dst  |   MAIN   |  G-VRAM  |  T-VRAM  |   SPR    |   PCG    |   SRAM   |
|                        | 0x1fceee | 0xc00200 | 0xe00200 | 0xeb0200 | 0xeb8200 | 0xed3a00 |
|  src                   |~0x1fd0ed |~0xc003ff |~0xe003ff |~0xeb03ff |~0xeb83ff |~0xed3bff |
+------------------------+----------+----------+----------+----------+----------+----------+
| MAIN  0x1fd0ee~0x1fd2ed|  2363392 |  2187264 |  2183168 |  1110016 |  1105920 |  2215936 |
|G-VRAM 0xc00000~0xc001ff|  2195456 |  2052096 |  2048000 |  1110016 |  1105920 |  2088960 |
|T-VRAM 0xe00000~0xe001ff|  2187264 |  2043904 |  2043904 |  1097728 |  1081344 |  2048000 |
| SPR   0xeb0000~0xeb01ff|  1110016 |  1110016 |  1097728 |   581632 |   577536 |  1110016 |
| PCG   0xeb8000~0xeb81ff|  1110016 |  1105920 |  1081344 |   581632 |   577536 |  1105920 |
| SRAM  0xed3800~0xed39ff|  2220032 |  2088960 |  2056192 |  1110016 |  1105920 |  2088960 |
|CGROM  0xf00000~0xf001ff|  2220032 |  2088960 |  2056192 |  1110016 |  1105920 |  2088960 |
|IPLROM 0xfe0000~0xfe01ff|  2220032 |  2088960 |  2052096 |  1110016 |  1105920 |  2088960 |
+------------------------+----------+----------+----------+----------+----------+----------+


testCase 12/39

CRTMOD(13) 512x512 65536color 1plane 15kHz
SP BG disp on (by $EB0808)
T-VRAM display
G-VRAM display
memcpyByDma Limited-rate BwRatio50%% BurstTime16 LiteCsrPolling

throughput (bytes/sec)
+------------------------+----------+----------+----------+----------+----------+----------+
|                   dst  |   MAIN   |  G-VRAM  |  T-VRAM  |   SPR    |   PCG    |   SRAM   |
|                        | 0x1fceee | 0xc00200 | 0xe00200 | 0xeb0200 | 0xeb8200 | 0xed3a00 |
|  src                   |~0x1fd0ed |~0xc003ff |~0xe003ff |~0xeb03ff |~0xeb83ff |~0xed3bff |
+------------------------+----------+----------+----------+----------+----------+----------+
| MAIN  0x1fd0ee~0x1fd2ed|   811008 |   757760 |   761856 |   565248 |   565248 |   765952 |
|G-VRAM 0xc00000~0xc001ff|   761856 |   753664 |   757760 |   565248 |   552960 |   757760 |
|T-VRAM 0xe00000~0xe001ff|   761856 |   753664 |   753664 |   565248 |   557056 |   757760 |
| SPR   0xeb0000~0xeb01ff|   573440 |   565248 |   565248 |   417792 |   397312 |   569344 |
| PCG   0xeb8000~0xeb81ff|   569344 |   557056 |   552960 |   401408 |   397312 |   569344 |
| SRAM  0xed3800~0xed39ff|   770048 |   753664 |   757760 |   569344 |   561152 |   765952 |
|CGROM  0xf00000~0xf001ff|   770048 |   753664 |   757760 |   569344 |   561152 |   765952 |
|IPLROM 0xfe0000~0xfe01ff|   770048 |   753664 |   757760 |   569344 |   561152 |   765952 |
+------------------------+----------+----------+----------+----------+----------+----------+


testCase 13/39

CRTMOD(13) 512x512 65536color 1plane 15kHz
SP BG disp off (by $EB0808)
T-VRAM display
G-VRAM display
memcpyByDma Limited-rate BwRatio50%% BurstTime16 LiteCsrPolling

throughput (bytes/sec)
+------------------------+----------+----------+----------+----------+----------+----------+
|                   dst  |   MAIN   |  G-VRAM  |  T-VRAM  |   SPR    |   PCG    |   SRAM   |
|                        | 0x1fceee | 0xc00200 | 0xe00200 | 0xeb0200 | 0xeb8200 | 0xed3a00 |
|  src                   |~0x1fd0ed |~0xc003ff |~0xe003ff |~0xeb03ff |~0xeb83ff |~0xed3bff |
+------------------------+----------+----------+----------+----------+----------+----------+
| MAIN  0x1fd0ee~0x1fd2ed|   811008 |   761856 |   757760 |   573440 |   577536 |   765952 |
|G-VRAM 0xc00000~0xc001ff|   761856 |   753664 |   753664 |   573440 |   573440 |   753664 |
|T-VRAM 0xe00000~0xe001ff|   761856 |   753664 |   753664 |   573440 |   573440 |   757760 |
| SPR   0xeb0000~0xeb01ff|   577536 |   573440 |   573440 |   487424 |   483328 |   573440 |
| PCG   0xeb8000~0xeb81ff|   598016 |   577536 |   573440 |   548864 |   499712 |   573440 |
| SRAM  0xed3800~0xed39ff|   770048 |   753664 |   757760 |   573440 |   577536 |   761856 |
|CGROM  0xf00000~0xf001ff|   770048 |   753664 |   757760 |   573440 |   577536 |   761856 |
|IPLROM 0xfe0000~0xfe01ff|   770048 |   753664 |   757760 |   573440 |   577536 |   761856 |
+------------------------+----------+----------+----------+----------+----------+----------+


testCase 14/39

CRTMOD(13) 512x512 65536color 1plane 15kHz
SP BG disp on (by $EB0808)
T-VRAM buffer
G-VRAM display
memcpyByDma Limited-rate BwRatio50%% BurstTime16 LiteCsrPolling

throughput (bytes/sec)
+------------------------+----------+----------+----------+----------+----------+----------+
|                   dst  |   MAIN   |  G-VRAM  |  T-VRAM  |   SPR    |   PCG    |   SRAM   |
|                        | 0x1fceee | 0xc00200 | 0xe00200 | 0xeb0200 | 0xeb8200 | 0xed3a00 |
|  src                   |~0x1fd0ed |~0xc003ff |~0xe003ff |~0xeb03ff |~0xeb83ff |~0xed3bff |
+------------------------+----------+----------+----------+----------+----------+----------+
| MAIN  0x1fd0ee~0x1fd2ed|   811008 |   761856 |   765952 |   565248 |   565248 |   765952 |
|G-VRAM 0xc00000~0xc001ff|   761856 |   753664 |   757760 |   565248 |   552960 |   757760 |
|T-VRAM 0xe00000~0xe001ff|   770048 |   753664 |   765952 |   569344 |   561152 |   765952 |
| SPR   0xeb0000~0xeb01ff|   573440 |   565248 |   569344 |   417792 |   397312 |   565248 |
| PCG   0xeb8000~0xeb81ff|   569344 |   557056 |   565248 |   401408 |   397312 |   565248 |
| SRAM  0xed3800~0xed39ff|   770048 |   753664 |   765952 |   569344 |   561152 |   765952 |
|CGROM  0xf00000~0xf001ff|   770048 |   753664 |   765952 |   569344 |   561152 |   765952 |
|IPLROM 0xfe0000~0xfe01ff|   770048 |   753664 |   765952 |   569344 |   561152 |   765952 |
+------------------------+----------+----------+----------+----------+----------+----------+


testCase 15/39

CRTMOD(13) 512x512 65536color 1plane 15kHz
SP BG disp on (by $EB0808)
T-VRAM display
G-VRAM buffer
memcpyByDma Limited-rate BwRatio50%% BurstTime16 LiteCsrPolling

throughput (bytes/sec)
+------------------------+----------+----------+----------+----------+----------+----------+
|                   dst  |   MAIN   |  G-VRAM  |  T-VRAM  |   SPR    |   PCG    |   SRAM   |
|                        | 0x1fceee | 0xc00200 | 0xe00200 | 0xeb0200 | 0xeb8200 | 0xed3a00 |
|  src                   |~0x1fd0ed |~0xc003ff |~0xe003ff |~0xeb03ff |~0xeb83ff |~0xed3bff |
+------------------------+----------+----------+----------+----------+----------+----------+
| MAIN  0x1fd0ee~0x1fd2ed|   811008 |   770048 |   757760 |   565248 |   565248 |   765952 |
|G-VRAM 0xc00000~0xc001ff|   770048 |   765952 |   753664 |   569344 |   561152 |   765952 |
|T-VRAM 0xe00000~0xe001ff|   761856 |   753664 |   757760 |   565248 |   552960 |   757760 |
| SPR   0xeb0000~0xeb01ff|   573440 |   569344 |   565248 |   417792 |   397312 |   565248 |
| PCG   0xeb8000~0xeb81ff|   569344 |   565248 |   557056 |   401408 |   397312 |   565248 |
| SRAM  0xed3800~0xed39ff|   770048 |   765952 |   753664 |   569344 |   561152 |   765952 |
|CGROM  0xf00000~0xf001ff|   770048 |   765952 |   753664 |   569344 |   561152 |   765952 |
|IPLROM 0xfe0000~0xfe01ff|   770048 |   765952 |   753664 |   569344 |   561152 |   765952 |
+------------------------+----------+----------+----------+----------+----------+----------+


testCase 16/39

CRTMOD(13) 512x512 65536color 1plane 15kHz
SP BG disp on (by $EB0808)
T-VRAM display
G-VRAM display
memcpyByDma Limited-rate BwRatio50%% BurstTime16 FullCsrPolling

throughput (bytes/sec)
+------------------------+----------+----------+----------+----------+----------+----------+
|                   dst  |   MAIN   |  G-VRAM  |  T-VRAM  |   SPR    |   PCG    |   SRAM   |
|                        | 0x1fceee | 0xc00200 | 0xe00200 | 0xeb0200 | 0xeb8200 | 0xed3a00 |
|  src                   |~0x1fd0ed |~0xc003ff |~0xe003ff |~0xeb03ff |~0xeb83ff |~0xed3bff |
+------------------------+----------+----------+----------+----------+----------+----------+
| MAIN  0x1fd0ee~0x1fd2ed|   643072 |   692224 |   688128 |   524288 |   528384 |   700416 |
|G-VRAM 0xc00000~0xc001ff|   679936 |   704512 |   708608 |   499712 |   516096 |   704512 |
|T-VRAM 0xe00000~0xe001ff|   679936 |   708608 |   704512 |   499712 |   516096 |   704512 |
| SPR   0xeb0000~0xeb01ff|   528384 |   520192 |   520192 |   430080 |   389120 |   520192 |
| PCG   0xeb8000~0xeb81ff|   532480 |   520192 |   524288 |   389120 |   376832 |   524288 |
| SRAM  0xed3800~0xed39ff|   675840 |   704512 |   708608 |   495616 |   520192 |   696320 |
|CGROM  0xf00000~0xf001ff|   675840 |   704512 |   708608 |   495616 |   520192 |   696320 |
|IPLROM 0xfe0000~0xfe01ff|   679936 |   708608 |   708608 |   495616 |   520192 |   704512 |
+------------------------+----------+----------+----------+----------+----------+----------+


testCase 17/39

CRTMOD(13) 512x512 65536color 1plane 15kHz
SP BG disp off (by $EB0808)
T-VRAM display
G-VRAM display
memcpyByDma Limited-rate BwRatio50%% BurstTime16 FullCsrPolling

throughput (bytes/sec)
+------------------------+----------+----------+----------+----------+----------+----------+
|                   dst  |   MAIN   |  G-VRAM  |  T-VRAM  |   SPR    |   PCG    |   SRAM   |
|                        | 0x1fceee | 0xc00200 | 0xe00200 | 0xeb0200 | 0xeb8200 | 0xed3a00 |
|  src                   |~0x1fd0ed |~0xc003ff |~0xe003ff |~0xeb03ff |~0xeb83ff |~0xed3bff |
+------------------------+----------+----------+----------+----------+----------+----------+
| MAIN  0x1fd0ee~0x1fd2ed|   643072 |   688128 |   692224 |   540672 |   540672 |   700416 |
|G-VRAM 0xc00000~0xc001ff|   679936 |   704512 |   708608 |   540672 |   536576 |   708608 |
|T-VRAM 0xe00000~0xe001ff|   679936 |   708608 |   704512 |   540672 |   536576 |   708608 |
| SPR   0xeb0000~0xeb01ff|   540672 |   540672 |   540672 |   425984 |   466944 |   540672 |
| PCG   0xeb8000~0xeb81ff|   561152 |   544768 |   540672 |   544768 |   434176 |   536576 |
| SRAM  0xed3800~0xed39ff|   675840 |   708608 |   704512 |   544768 |   540672 |   692224 |
|CGROM  0xf00000~0xf001ff|   675840 |   704512 |   708608 |   544768 |   536576 |   696320 |
|IPLROM 0xfe0000~0xfe01ff|   679936 |   708608 |   708608 |   544768 |   536576 |   700416 |
+------------------------+----------+----------+----------+----------+----------+----------+


testCase 18/39

CRTMOD(13) 512x512 65536color 1plane 15kHz
SP BG disp on (by $EB0808)
T-VRAM buffer
G-VRAM display
memcpyByDma Limited-rate BwRatio50%% BurstTime16 FullCsrPolling

throughput (bytes/sec)
+------------------------+----------+----------+----------+----------+----------+----------+
|                   dst  |   MAIN   |  G-VRAM  |  T-VRAM  |   SPR    |   PCG    |   SRAM   |
|                        | 0x1fceee | 0xc00200 | 0xe00200 | 0xeb0200 | 0xeb8200 | 0xed3a00 |
|  src                   |~0x1fd0ed |~0xc003ff |~0xe003ff |~0xeb03ff |~0xeb83ff |~0xed3bff |
+------------------------+----------+----------+----------+----------+----------+----------+
| MAIN  0x1fd0ee~0x1fd2ed|   643072 |   692224 |   663552 |   524288 |   528384 |   700416 |
|G-VRAM 0xc00000~0xc001ff|   679936 |   704512 |   708608 |   499712 |   516096 |   704512 |
|T-VRAM 0xe00000~0xe001ff|   671744 |   708608 |   716800 |   491520 |   524288 |   696320 |
| SPR   0xeb0000~0xeb01ff|   528384 |   520192 |   520192 |   430080 |   389120 |   520192 |
| PCG   0xeb8000~0xeb81ff|   532480 |   524288 |   524288 |   389120 |   376832 |   528384 |
| SRAM  0xed3800~0xed39ff|   675840 |   704512 |   700416 |   491520 |   524288 |   696320 |
|CGROM  0xf00000~0xf001ff|   675840 |   704512 |   700416 |   491520 |   524288 |   696320 |
|IPLROM 0xfe0000~0xfe01ff|   679936 |   708608 |   704512 |   491520 |   524288 |   704512 |
+------------------------+----------+----------+----------+----------+----------+----------+


testCase 19/39

CRTMOD(13) 512x512 65536color 1plane 15kHz
SP BG disp on (by $EB0808)
T-VRAM display
G-VRAM buffer
memcpyByDma Limited-rate BwRatio50%% BurstTime16 FullCsrPolling

throughput (bytes/sec)
+------------------------+----------+----------+----------+----------+----------+----------+
|                   dst  |   MAIN   |  G-VRAM  |  T-VRAM  |   SPR    |   PCG    |   SRAM   |
|                        | 0x1fceee | 0xc00200 | 0xe00200 | 0xeb0200 | 0xeb8200 | 0xed3a00 |
|  src                   |~0x1fd0ed |~0xc003ff |~0xe003ff |~0xeb03ff |~0xeb83ff |~0xed3bff |
+------------------------+----------+----------+----------+----------+----------+----------+
| MAIN  0x1fd0ee~0x1fd2ed|   643072 |   663552 |   692224 |   524288 |   528384 |   700416 |
|G-VRAM 0xc00000~0xc001ff|   675840 |   712704 |   708608 |   491520 |   524288 |   696320 |
|T-VRAM 0xe00000~0xe001ff|   679936 |   708608 |   704512 |   499712 |   520192 |   700416 |
| SPR   0xeb0000~0xeb01ff|   528384 |   520192 |   520192 |   430080 |   389120 |   520192 |
| PCG   0xeb8000~0xeb81ff|   532480 |   528384 |   520192 |   389120 |   376832 |   528384 |
| SRAM  0xed3800~0xed39ff|   675840 |   696320 |   708608 |   491520 |   524288 |   696320 |
|CGROM  0xf00000~0xf001ff|   675840 |   696320 |   708608 |   491520 |   524288 |   696320 |
|IPLROM 0xfe0000~0xfe01ff|   675840 |   708608 |   708608 |   495616 |   524288 |   700416 |
+------------------------+----------+----------+----------+----------+----------+----------+


testCase 20/39

CRTMOD(12) 512x512 65536color 1plane 31kHz
SP BG disp on (by $EB0808)
T-VRAM display
G-VRAM display
memcpyByU8 (ideal throughput is 454545 bytes/sec @10MHz)

throughput (bytes/sec)
+------------------------+----------+----------+----------+----------+----------+----------+
|                   dst  |   MAIN   |  G-VRAM  |  T-VRAM  |   SPR    |   PCG    |   SRAM   |
|                        | 0x1fceee | 0xc00200 | 0xe00200 | 0xeb0200 | 0xeb8200 | 0xed3a00 |
|  src                   |~0x1fd0ed |~0xc003ff |~0xe003ff |~0xeb03ff |~0xeb83ff |~0xed3bff |
+------------------------+----------+----------+----------+----------+----------+----------+
| MAIN  0x1fd0ee~0x1fd2ed|   659456 |   626688 |   626688 |   479232 |   475136 |   638976 |
|G-VRAM 0xc00000~0xc001ff|   630784 |   593920 |   598016 |   471040 |   466944 |   598016 |
|T-VRAM 0xe00000~0xe001ff|   630784 |   593920 |   598016 |   471040 |   466944 |   598016 |
| SPR   0xeb0000~0xeb01ff|   483328 |   471040 |   466944 |   409600 |   360448 |   475136 |
| PCG   0xeb8000~0xeb81ff|   479232 |   466944 |   471040 |   360448 |   360448 |   475136 |
| SRAM  0xed3800~0xed39ff|   643072 |   598016 |   598016 |   475136 |   475136 |   610304 |
|CGROM  0xf00000~0xf001ff|   643072 |   598016 |   598016 |   475136 |   475136 |   610304 |
|IPLROM 0xfe0000~0xfe01ff|   643072 |   598016 |   598016 |   475136 |   475136 |   610304 |
+------------------------+----------+----------+----------+----------+----------+----------+


testCase 21/39

CRTMOD(12) 512x512 65536color 1plane 31kHz
SP BG disp off (by $EB0808)
T-VRAM display
G-VRAM display
memcpyByU8 (ideal throughput is 454545 bytes/sec @10MHz)

throughput (bytes/sec)
+------------------------+----------+----------+----------+----------+----------+----------+
|                   dst  |   MAIN   |  G-VRAM  |  T-VRAM  |   SPR    |   PCG    |   SRAM   |
|                        | 0x1fceee | 0xc00200 | 0xe00200 | 0xeb0200 | 0xeb8200 | 0xed3a00 |
|  src                   |~0x1fd0ed |~0xc003ff |~0xe003ff |~0xeb03ff |~0xeb83ff |~0xed3bff |
+------------------------+----------+----------+----------+----------+----------+----------+
| MAIN  0x1fd0ee~0x1fd2ed|   659456 |   626688 |   626688 |   516096 |   516096 |   638976 |
|G-VRAM 0xc00000~0xc001ff|   630784 |   593920 |   598016 |   503808 |   507904 |   598016 |
|T-VRAM 0xe00000~0xe001ff|   630784 |   593920 |   598016 |   503808 |   507904 |   598016 |
| SPR   0xeb0000~0xeb01ff|   520192 |   507904 |   507904 |   425984 |   421888 |   520192 |
| PCG   0xeb8000~0xeb81ff|   520192 |   512000 |   507904 |   430080 |   430080 |   520192 |
| SRAM  0xed3800~0xed39ff|   643072 |   598016 |   598016 |   507904 |   520192 |   614400 |
|CGROM  0xf00000~0xf001ff|   643072 |   598016 |   598016 |   507904 |   520192 |   614400 |
|IPLROM 0xfe0000~0xfe01ff|   643072 |   598016 |   598016 |   507904 |   520192 |   614400 |
+------------------------+----------+----------+----------+----------+----------+----------+


testCase 22/39

CRTMOD(12) 512x512 65536color 1plane 31kHz
SP BG disp on (by $EB0808)
T-VRAM buffer
G-VRAM display
memcpyByU8 (ideal throughput is 454545 bytes/sec @10MHz)

throughput (bytes/sec)
+------------------------+----------+----------+----------+----------+----------+----------+
|                   dst  |   MAIN   |  G-VRAM  |  T-VRAM  |   SPR    |   PCG    |   SRAM   |
|                        | 0x1fceee | 0xc00200 | 0xe00200 | 0xeb0200 | 0xeb8200 | 0xed3a00 |
|  src                   |~0x1fd0ed |~0xc003ff |~0xe003ff |~0xeb03ff |~0xeb83ff |~0xed3bff |
+------------------------+----------+----------+----------+----------+----------+----------+
| MAIN  0x1fd0ee~0x1fd2ed|   659456 |   626688 |   626688 |   479232 |   479232 |   634880 |
|G-VRAM 0xc00000~0xc001ff|   630784 |   593920 |   598016 |   471040 |   462848 |   602112 |
|T-VRAM 0xe00000~0xe001ff|   630784 |   598016 |   602112 |   475136 |   471040 |   610304 |
| SPR   0xeb0000~0xeb01ff|   483328 |   471040 |   471040 |   409600 |   360448 |   475136 |
| PCG   0xeb8000~0xeb81ff|   479232 |   466944 |   475136 |   360448 |   360448 |   475136 |
| SRAM  0xed3800~0xed39ff|   643072 |   598016 |   610304 |   475136 |   471040 |   614400 |
|CGROM  0xf00000~0xf001ff|   643072 |   598016 |   610304 |   475136 |   471040 |   614400 |
|IPLROM 0xfe0000~0xfe01ff|   643072 |   598016 |   610304 |   475136 |   471040 |   614400 |
+------------------------+----------+----------+----------+----------+----------+----------+


testCase 23/39

CRTMOD(12) 512x512 65536color 1plane 31kHz
SP BG disp on (by $EB0808)
T-VRAM display
G-VRAM buffer
memcpyByU8 (ideal throughput is 454545 bytes/sec @10MHz)

throughput (bytes/sec)
+------------------------+----------+----------+----------+----------+----------+----------+
|                   dst  |   MAIN   |  G-VRAM  |  T-VRAM  |   SPR    |   PCG    |   SRAM   |
|                        | 0x1fceee | 0xc00200 | 0xe00200 | 0xeb0200 | 0xeb8200 | 0xed3a00 |
|  src                   |~0x1fd0ed |~0xc003ff |~0xe003ff |~0xeb03ff |~0xeb83ff |~0xed3bff |
+------------------------+----------+----------+----------+----------+----------+----------+
| MAIN  0x1fd0ee~0x1fd2ed|   659456 |   626688 |   626688 |   479232 |   479232 |   634880 |
|G-VRAM 0xc00000~0xc001ff|   630784 |   606208 |   593920 |   475136 |   471040 |   610304 |
|T-VRAM 0xe00000~0xe001ff|   630784 |   593920 |   598016 |   471040 |   462848 |   602112 |
| SPR   0xeb0000~0xeb01ff|   483328 |   471040 |   471040 |   409600 |   360448 |   475136 |
| PCG   0xeb8000~0xeb81ff|   479232 |   475136 |   466944 |   360448 |   360448 |   475136 |
| SRAM  0xed3800~0xed39ff|   643072 |   606208 |   602112 |   475136 |   471040 |   614400 |
|CGROM  0xf00000~0xf001ff|   643072 |   606208 |   602112 |   475136 |   471040 |   614400 |
|IPLROM 0xfe0000~0xfe01ff|   643072 |   606208 |   602112 |   475136 |   471040 |   614400 |
+------------------------+----------+----------+----------+----------+----------+----------+


testCase 24/39

CRTMOD(12) 512x512 65536color 1plane 31kHz
SP BG disp on (by $EB0808)
T-VRAM display
G-VRAM display
memcpyByMovem (ideal throughput is 2081301 bytes/sec @10MHz)

throughput (bytes/sec)
+------------------------+----------+----------+----------+----------+----------+----------+
|                   dst  |   MAIN   |  G-VRAM  |  T-VRAM  |   SPR    |   PCG    |   SRAM   |
|                        | 0x1fceee | 0xc00200 | 0xe00200 | 0xeb0200 | 0xeb8200 | 0xed3a00 |
|  src                   |~0x1fd0ed |~0xc003ff |~0xe003ff |~0xeb03ff |~0xeb83ff |~0xed3bff |
+------------------------+----------+----------+----------+----------+----------+----------+
| MAIN  0x1fd0ee~0x1fd2ed|  2969600 |  2695168 |  2695168 |  1835008 |  1822720 |  2736128 |
|G-VRAM 0xc00000~0xc001ff|  2674688 |  2453504 |  2453504 |  1708032 |  1708032 |  2482176 |
|T-VRAM 0xe00000~0xe001ff|  2674688 |  2453504 |  2453504 |  1708032 |  1708032 |  2482176 |
| SPR   0xeb0000~0xeb01ff|  1798144 |  1675264 |  1679360 |  1290240 |  1302528 |  1695744 |
| PCG   0xeb8000~0xeb81ff|  1773568 |  1671168 |  1671168 |  1286144 |  1290240 |  1687552 |
| SRAM  0xed3800~0xed39ff|  2727936 |  2490368 |  2490368 |  1724416 |  1708032 |  2531328 |
|CGROM  0xf00000~0xf001ff|  2727936 |  2490368 |  2486272 |  1728512 |  1708032 |  2531328 |
|IPLROM 0xfe0000~0xfe01ff|  2727936 |  2490368 |  2486272 |  1728512 |  1708032 |  2531328 |
+------------------------+----------+----------+----------+----------+----------+----------+


testCase 25/39

CRTMOD(12) 512x512 65536color 1plane 31kHz
SP BG disp off (by $EB0808)
T-VRAM display
G-VRAM display
memcpyByMovem (ideal throughput is 2081301 bytes/sec @10MHz)

throughput (bytes/sec)
+------------------------+----------+----------+----------+----------+----------+----------+
|                   dst  |   MAIN   |  G-VRAM  |  T-VRAM  |   SPR    |   PCG    |   SRAM   |
|                        | 0x1fceee | 0xc00200 | 0xe00200 | 0xeb0200 | 0xeb8200 | 0xed3a00 |
|  src                   |~0x1fd0ed |~0xc003ff |~0xe003ff |~0xeb03ff |~0xeb83ff |~0xed3bff |
+------------------------+----------+----------+----------+----------+----------+----------+
| MAIN  0x1fd0ee~0x1fd2ed|  2969600 |  2695168 |  2695168 |  1839104 |  1835008 |  2740224 |
|G-VRAM 0xc00000~0xc001ff|  2674688 |  2453504 |  2453504 |  1720320 |  1728512 |  2486272 |
|T-VRAM 0xe00000~0xe001ff|  2674688 |  2453504 |  2453504 |  1720320 |  1728512 |  2486272 |
| SPR   0xeb0000~0xeb01ff|  1802240 |  1691648 |  1691648 |  1306624 |  1314816 |  1708032 |
| PCG   0xeb8000~0xeb81ff|  1806336 |  1699840 |  1699840 |  1310720 |  1314816 |  1708032 |
| SRAM  0xed3800~0xed39ff|  2727936 |  2490368 |  2490368 |  1736704 |  1748992 |  2531328 |
|CGROM  0xf00000~0xf001ff|  2727936 |  2490368 |  2486272 |  1740800 |  1744896 |  2535424 |
|IPLROM 0xfe0000~0xfe01ff|  2727936 |  2490368 |  2486272 |  1740800 |  1744896 |  2535424 |
+------------------------+----------+----------+----------+----------+----------+----------+


testCase 26/39

CRTMOD(12) 512x512 65536color 1plane 31kHz
SP BG disp on (by $EB0808)
T-VRAM buffer
G-VRAM display
memcpyByMovem (ideal throughput is 2081301 bytes/sec @10MHz)

throughput (bytes/sec)
+------------------------+----------+----------+----------+----------+----------+----------+
|                   dst  |   MAIN   |  G-VRAM  |  T-VRAM  |   SPR    |   PCG    |   SRAM   |
|                        | 0x1fceee | 0xc00200 | 0xe00200 | 0xeb0200 | 0xeb8200 | 0xed3a00 |
|  src                   |~0x1fd0ed |~0xc003ff |~0xe003ff |~0xeb03ff |~0xeb83ff |~0xed3bff |
+------------------------+----------+----------+----------+----------+----------+----------+
| MAIN  0x1fd0ee~0x1fd2ed|  2969600 |  2695168 |  2699264 |  1835008 |  1822720 |  2736128 |
|G-VRAM 0xc00000~0xc001ff|  2674688 |  2453504 |  2457600 |  1708032 |  1708032 |  2486272 |
|T-VRAM 0xe00000~0xe001ff|  2686976 |  2461696 |  2465792 |  1720320 |  1699840 |  2494464 |
| SPR   0xeb0000~0xeb01ff|  1798144 |  1675264 |  1691648 |  1290240 |  1302528 |  1691648 |
| PCG   0xeb8000~0xeb81ff|  1773568 |  1671168 |  1683456 |  1290240 |  1290240 |  1687552 |
| SRAM  0xed3800~0xed39ff|  2727936 |  2490368 |  2498560 |  1724416 |  1708032 |  2531328 |
|CGROM  0xf00000~0xf001ff|  2727936 |  2490368 |  2498560 |  1724416 |  1708032 |  2531328 |
|IPLROM 0xfe0000~0xfe01ff|  2727936 |  2490368 |  2498560 |  1724416 |  1708032 |  2531328 |
+------------------------+----------+----------+----------+----------+----------+----------+


testCase 27/39

CRTMOD(12) 512x512 65536color 1plane 31kHz
SP BG disp on (by $EB0808)
T-VRAM display
G-VRAM buffer
memcpyByMovem (ideal throughput is 2081301 bytes/sec @10MHz)

throughput (bytes/sec)
+------------------------+----------+----------+----------+----------+----------+----------+
|                   dst  |   MAIN   |  G-VRAM  |  T-VRAM  |   SPR    |   PCG    |   SRAM   |
|                        | 0x1fceee | 0xc00200 | 0xe00200 | 0xeb0200 | 0xeb8200 | 0xed3a00 |
|  src                   |~0x1fd0ed |~0xc003ff |~0xe003ff |~0xeb03ff |~0xeb83ff |~0xed3bff |
+------------------------+----------+----------+----------+----------+----------+----------+
| MAIN  0x1fd0ee~0x1fd2ed|  2969600 |  2699264 |  2695168 |  1835008 |  1822720 |  2740224 |
|G-VRAM 0xc00000~0xc001ff|  2686976 |  2465792 |  2461696 |  1720320 |  1699840 |  2494464 |
|T-VRAM 0xe00000~0xe001ff|  2674688 |  2457600 |  2453504 |  1708032 |  1708032 |  2486272 |
| SPR   0xeb0000~0xeb01ff|  1798144 |  1687552 |  1679360 |  1290240 |  1302528 |  1691648 |
| PCG   0xeb8000~0xeb81ff|  1773568 |  1687552 |  1667072 |  1290240 |  1290240 |  1687552 |
| SRAM  0xed3800~0xed39ff|  2727936 |  2498560 |  2490368 |  1724416 |  1708032 |  2531328 |
|CGROM  0xf00000~0xf001ff|  2727936 |  2498560 |  2490368 |  1724416 |  1708032 |  2531328 |
|IPLROM 0xfe0000~0xfe01ff|  2727936 |  2498560 |  2490368 |  1724416 |  1708032 |  2531328 |
+------------------------+----------+----------+----------+----------+----------+----------+


testCase 28/39

CRTMOD(12) 512x512 65536color 1plane 31kHz
SP BG disp on (by $EB0808)
T-VRAM display
G-VRAM display
memcpyByDma Maximum-rate

throughput (bytes/sec)
+------------------------+----------+----------+----------+----------+----------+----------+
|                   dst  |   MAIN   |  G-VRAM  |  T-VRAM  |   SPR    |   PCG    |   SRAM   |
|                        | 0x1fceee | 0xc00200 | 0xe00200 | 0xeb0200 | 0xeb8200 | 0xed3a00 |
|  src                   |~0x1fd0ed |~0xc003ff |~0xe003ff |~0xeb03ff |~0xeb83ff |~0xed3bff |
+------------------------+----------+----------+----------+----------+----------+----------+
| MAIN  0x1fd0ee~0x1fd2ed|  2363392 |  2183168 |  2183168 |  1613824 |  1302528 |  2211840 |
|G-VRAM 0xc00000~0xc001ff|  2187264 |  2035712 |  2039808 |  1302528 |  1302528 |  2052096 |
|T-VRAM 0xe00000~0xe001ff|  2187264 |  2039808 |  2039808 |  1302528 |  1298432 |  2056192 |
| SPR   0xeb0000~0xeb01ff|  1679360 |  1540096 |  1536000 |  1232896 |  1224704 |  1556480 |
| PCG   0xeb8000~0xeb81ff|  1302528 |  1302528 |  1302528 |   933888 |  1302528 |  1302528 |
| SRAM  0xed3800~0xed39ff|  2220032 |  2052096 |  2056192 |  1302528 |  1302528 |  2088960 |
|CGROM  0xf00000~0xf001ff|  2220032 |  2052096 |  2056192 |  1302528 |  1302528 |  2088960 |
|IPLROM 0xfe0000~0xfe01ff|  2113536 |  2043904 |  2043904 |  1302528 |  1302528 |  2084864 |
+------------------------+----------+----------+----------+----------+----------+----------+


testCase 29/39

CRTMOD(12) 512x512 65536color 1plane 31kHz
SP BG disp off (by $EB0808)
T-VRAM display
G-VRAM display
memcpyByDma Maximum-rate

throughput (bytes/sec)
+------------------------+----------+----------+----------+----------+----------+----------+
|                   dst  |   MAIN   |  G-VRAM  |  T-VRAM  |   SPR    |   PCG    |   SRAM   |
|                        | 0x1fceee | 0xc00200 | 0xe00200 | 0xeb0200 | 0xeb8200 | 0xed3a00 |
|  src                   |~0x1fd0ed |~0xc003ff |~0xe003ff |~0xeb03ff |~0xeb83ff |~0xed3bff |
+------------------------+----------+----------+----------+----------+----------+----------+
| MAIN  0x1fd0ee~0x1fd2ed|  2363392 |  2183168 |  2183168 |  1650688 |  1679360 |  2215936 |
|G-VRAM 0xc00000~0xc001ff|  2187264 |  2035712 |  2039808 |  1454080 |  1486848 |  2056192 |
|T-VRAM 0xe00000~0xe001ff|  2187264 |  2039808 |  2039808 |  1449984 |  1490944 |  2056192 |
| SPR   0xeb0000~0xeb01ff|  1679360 |  1585152 |  1589248 |  1232896 |  1245184 |  1605632 |
| PCG   0xeb8000~0xeb81ff|  1679360 |  1646592 |  1646592 |  1232896 |  1302528 |  1675264 |
| SRAM  0xed3800~0xed39ff|  2220032 |  2052096 |  2056192 |  1466368 |  1503232 |  2093056 |
|CGROM  0xf00000~0xf001ff|  2220032 |  2052096 |  2056192 |  1466368 |  1503232 |  2093056 |
|IPLROM 0xfe0000~0xfe01ff|  2113536 |  2043904 |  2043904 |  1466368 |  1495040 |  2088960 |
+------------------------+----------+----------+----------+----------+----------+----------+


testCase 30/39

CRTMOD(12) 512x512 65536color 1plane 31kHz
SP BG disp on (by $EB0808)
T-VRAM buffer
G-VRAM display
memcpyByDma Maximum-rate

throughput (bytes/sec)
+------------------------+----------+----------+----------+----------+----------+----------+
|                   dst  |   MAIN   |  G-VRAM  |  T-VRAM  |   SPR    |   PCG    |   SRAM   |
|                        | 0x1fceee | 0xc00200 | 0xe00200 | 0xeb0200 | 0xeb8200 | 0xed3a00 |
|  src                   |~0x1fd0ed |~0xc003ff |~0xe003ff |~0xeb03ff |~0xeb83ff |~0xed3bff |
+------------------------+----------+----------+----------+----------+----------+----------+
| MAIN  0x1fd0ee~0x1fd2ed|  2363392 |  2183168 |  2191360 |  1613824 |  1302528 |  2211840 |
|G-VRAM 0xc00000~0xc001ff|  2187264 |  2035712 |  2039808 |  1302528 |  1302528 |  2052096 |
|T-VRAM 0xe00000~0xe001ff|  2195456 |  2043904 |  2052096 |  1302528 |  1302528 |  2088960 |
| SPR   0xeb0000~0xeb01ff|  1679360 |  1536000 |  1548288 |  1232896 |  1220608 |  1556480 |
| PCG   0xeb8000~0xeb81ff|  1302528 |  1302528 |  1302528 |   933888 |  1298432 |  1302528 |
| SRAM  0xed3800~0xed39ff|  2220032 |  2052096 |  2093056 |  1302528 |  1302528 |  2088960 |
|CGROM  0xf00000~0xf001ff|  2220032 |  2052096 |  2093056 |  1302528 |  1302528 |  2088960 |
|IPLROM 0xfe0000~0xfe01ff|  2105344 |  2043904 |  2060288 |  1302528 |  1298432 |  2093056 |
+------------------------+----------+----------+----------+----------+----------+----------+


testCase 31/39

CRTMOD(12) 512x512 65536color 1plane 31kHz
SP BG disp on (by $EB0808)
T-VRAM display
G-VRAM buffer
memcpyByDma Maximum-rate

throughput (bytes/sec)
+------------------------+----------+----------+----------+----------+----------+----------+
|                   dst  |   MAIN   |  G-VRAM  |  T-VRAM  |   SPR    |   PCG    |   SRAM   |
|                        | 0x1fceee | 0xc00200 | 0xe00200 | 0xeb0200 | 0xeb8200 | 0xed3a00 |
|  src                   |~0x1fd0ed |~0xc003ff |~0xe003ff |~0xeb03ff |~0xeb83ff |~0xed3bff |
+------------------------+----------+----------+----------+----------+----------+----------+
| MAIN  0x1fd0ee~0x1fd2ed|  2363392 |  2191360 |  2183168 |  1613824 |  1302528 |  2211840 |
|G-VRAM 0xc00000~0xc001ff|  2195456 |  2052096 |  2043904 |  1302528 |  1302528 |  2088960 |
|T-VRAM 0xe00000~0xe001ff|  2187264 |  2043904 |  2035712 |  1302528 |  1298432 |  2056192 |
| SPR   0xeb0000~0xeb01ff|  1679360 |  1548288 |  1531904 |  1232896 |  1220608 |  1556480 |
| PCG   0xeb8000~0xeb81ff|  1302528 |  1302528 |  1302528 |   929792 |  1302528 |  1302528 |
| SRAM  0xed3800~0xed39ff|  2220032 |  2088960 |  2056192 |  1302528 |  1302528 |  2088960 |
|CGROM  0xf00000~0xf001ff|  2220032 |  2088960 |  2056192 |  1302528 |  1302528 |  2088960 |
|IPLROM 0xfe0000~0xfe01ff|  2101248 |  2056192 |  2043904 |  1302528 |  1302528 |  2084864 |
+------------------------+----------+----------+----------+----------+----------+----------+


testCase 32/39

CRTMOD(12) 512x512 65536color 1plane 31kHz
SP BG disp on (by $EB0808)
T-VRAM display
G-VRAM display
memcpyByDma Limited-rate BwRatio50%% BurstTime16 LiteCsrPolling

throughput (bytes/sec)
+------------------------+----------+----------+----------+----------+----------+----------+
|                   dst  |   MAIN   |  G-VRAM  |  T-VRAM  |   SPR    |   PCG    |   SRAM   |
|                        | 0x1fceee | 0xc00200 | 0xe00200 | 0xeb0200 | 0xeb8200 | 0xed3a00 |
|  src                   |~0x1fd0ed |~0xc003ff |~0xe003ff |~0xeb03ff |~0xeb83ff |~0xed3bff |
+------------------------+----------+----------+----------+----------+----------+----------+
| MAIN  0x1fd0ee~0x1fd2ed|   811008 |   765952 |   765952 |   798720 |   630784 |   765952 |
|G-VRAM 0xc00000~0xc001ff|   765952 |   761856 |   765952 |   643072 |   622592 |   761856 |
|T-VRAM 0xe00000~0xe001ff|   765952 |   761856 |   765952 |   643072 |   622592 |   761856 |
| SPR   0xeb0000~0xeb01ff|   806912 |   753664 |   753664 |   573440 |   573440 |   770048 |
| PCG   0xeb8000~0xeb81ff|   655360 |   626688 |   626688 |   540672 |   577536 |   630784 |
| SRAM  0xed3800~0xed39ff|   770048 |   761856 |   761856 |   647168 |   626688 |   761856 |
|CGROM  0xf00000~0xf001ff|   770048 |   761856 |   761856 |   647168 |   626688 |   761856 |
|IPLROM 0xfe0000~0xfe01ff|   770048 |   761856 |   761856 |   647168 |   626688 |   761856 |
+------------------------+----------+----------+----------+----------+----------+----------+


testCase 33/39

CRTMOD(12) 512x512 65536color 1plane 31kHz
SP BG disp off (by $EB0808)
T-VRAM display
G-VRAM display
memcpyByDma Limited-rate BwRatio50%% BurstTime16 LiteCsrPolling

throughput (bytes/sec)
+------------------------+----------+----------+----------+----------+----------+----------+
|                   dst  |   MAIN   |  G-VRAM  |  T-VRAM  |   SPR    |   PCG    |   SRAM   |
|                        | 0x1fceee | 0xc00200 | 0xe00200 | 0xeb0200 | 0xeb8200 | 0xed3a00 |
|  src                   |~0x1fd0ed |~0xc003ff |~0xe003ff |~0xeb03ff |~0xeb83ff |~0xed3bff |
+------------------------+----------+----------+----------+----------+----------+----------+
| MAIN  0x1fd0ee~0x1fd2ed|   811008 |   765952 |   765952 |   806912 |   782336 |   765952 |
|G-VRAM 0xc00000~0xc001ff|   765952 |   761856 |   761856 |   798720 |   806912 |   761856 |
|T-VRAM 0xe00000~0xe001ff|   765952 |   761856 |   765952 |   794624 |   806912 |   765952 |
| SPR   0xeb0000~0xeb01ff|   782336 |   798720 |   794624 |   577536 |   577536 |   811008 |
| PCG   0xeb8000~0xeb81ff|   782336 |   770048 |   774144 |   577536 |   577536 |   782336 |
| SRAM  0xed3800~0xed39ff|   770048 |   761856 |   761856 |   819200 |   823296 |   765952 |
|CGROM  0xf00000~0xf001ff|   770048 |   761856 |   761856 |   819200 |   823296 |   765952 |
|IPLROM 0xfe0000~0xfe01ff|   770048 |   761856 |   761856 |   819200 |   827392 |   765952 |
+------------------------+----------+----------+----------+----------+----------+----------+


testCase 34/39

CRTMOD(12) 512x512 65536color 1plane 31kHz
SP BG disp on (by $EB0808)
T-VRAM buffer
G-VRAM display
memcpyByDma Limited-rate BwRatio50%% BurstTime16 LiteCsrPolling

throughput (bytes/sec)
+------------------------+----------+----------+----------+----------+----------+----------+
|                   dst  |   MAIN   |  G-VRAM  |  T-VRAM  |   SPR    |   PCG    |   SRAM   |
|                        | 0x1fceee | 0xc00200 | 0xe00200 | 0xeb0200 | 0xeb8200 | 0xed3a00 |
|  src                   |~0x1fd0ed |~0xc003ff |~0xe003ff |~0xeb03ff |~0xeb83ff |~0xed3bff |
+------------------------+----------+----------+----------+----------+----------+----------+
| MAIN  0x1fd0ee~0x1fd2ed|   811008 |   765952 |   765952 |   798720 |   630784 |   765952 |
|G-VRAM 0xc00000~0xc001ff|   765952 |   761856 |   765952 |   643072 |   622592 |   761856 |
|T-VRAM 0xe00000~0xe001ff|   770048 |   761856 |   765952 |   647168 |   622592 |   765952 |
| SPR   0xeb0000~0xeb01ff|   806912 |   753664 |   765952 |   577536 |   569344 |   770048 |
| PCG   0xeb8000~0xeb81ff|   655360 |   626688 |   630784 |   540672 |   573440 |   630784 |
| SRAM  0xed3800~0xed39ff|   770048 |   761856 |   765952 |   647168 |   622592 |   765952 |
|CGROM  0xf00000~0xf001ff|   770048 |   761856 |   765952 |   647168 |   622592 |   765952 |
|IPLROM 0xfe0000~0xfe01ff|   770048 |   761856 |   765952 |   647168 |   622592 |   765952 |
+------------------------+----------+----------+----------+----------+----------+----------+


testCase 35/39

CRTMOD(12) 512x512 65536color 1plane 31kHz
SP BG disp on (by $EB0808)
T-VRAM display
G-VRAM buffer
memcpyByDma Limited-rate BwRatio50%% BurstTime16 LiteCsrPolling

throughput (bytes/sec)
+------------------------+----------+----------+----------+----------+----------+----------+
|                   dst  |   MAIN   |  G-VRAM  |  T-VRAM  |   SPR    |   PCG    |   SRAM   |
|                        | 0x1fceee | 0xc00200 | 0xe00200 | 0xeb0200 | 0xeb8200 | 0xed3a00 |
|  src                   |~0x1fd0ed |~0xc003ff |~0xe003ff |~0xeb03ff |~0xeb83ff |~0xed3bff |
+------------------------+----------+----------+----------+----------+----------+----------+
| MAIN  0x1fd0ee~0x1fd2ed|   811008 |   770048 |   761856 |   798720 |   630784 |   765952 |
|G-VRAM 0xc00000~0xc001ff|   770048 |   765952 |   761856 |   647168 |   622592 |   765952 |
|T-VRAM 0xe00000~0xe001ff|   765952 |   765952 |   761856 |   643072 |   622592 |   761856 |
| SPR   0xeb0000~0xeb01ff|   806912 |   765952 |   753664 |   577536 |   569344 |   770048 |
| PCG   0xeb8000~0xeb81ff|   655360 |   626688 |   630784 |   540672 |   573440 |   630784 |
| SRAM  0xed3800~0xed39ff|   770048 |   765952 |   761856 |   647168 |   622592 |   765952 |
|CGROM  0xf00000~0xf001ff|   770048 |   765952 |   761856 |   647168 |   622592 |   765952 |
|IPLROM 0xfe0000~0xfe01ff|   770048 |   761856 |   765952 |   647168 |   622592 |   765952 |
+------------------------+----------+----------+----------+----------+----------+----------+


testCase 36/39

CRTMOD(12) 512x512 65536color 1plane 31kHz
SP BG disp on (by $EB0808)
T-VRAM display
G-VRAM display
memcpyByDma Limited-rate BwRatio50%% BurstTime16 FullCsrPolling

throughput (bytes/sec)
+------------------------+----------+----------+----------+----------+----------+----------+
|                   dst  |   MAIN   |  G-VRAM  |  T-VRAM  |   SPR    |   PCG    |   SRAM   |
|                        | 0x1fceee | 0xc00200 | 0xe00200 | 0xeb0200 | 0xeb8200 | 0xed3a00 |
|  src                   |~0x1fd0ed |~0xc003ff |~0xe003ff |~0xeb03ff |~0xeb83ff |~0xed3bff |
+------------------------+----------+----------+----------+----------+----------+----------+
| MAIN  0x1fd0ee~0x1fd2ed|   643072 |   692224 |   688128 |   708608 |   565248 |   700416 |
|G-VRAM 0xc00000~0xc001ff|   684032 |   712704 |   716800 |   573440 |   552960 |   712704 |
|T-VRAM 0xe00000~0xe001ff|   684032 |   716800 |   712704 |   573440 |   552960 |   708608 |
| SPR   0xeb0000~0xeb01ff|   757760 |   675840 |   675840 |   540672 |   532480 |   684032 |
| PCG   0xeb8000~0xeb81ff|   585728 |   565248 |   561152 |   540672 |   528384 |   565248 |
| SRAM  0xed3800~0xed39ff|   675840 |   712704 |   712704 |   577536 |   552960 |   696320 |
|CGROM  0xf00000~0xf001ff|   675840 |   712704 |   712704 |   573440 |   557056 |   696320 |
|IPLROM 0xfe0000~0xfe01ff|   655360 |   724992 |   724992 |   573440 |   557056 |   712704 |
+------------------------+----------+----------+----------+----------+----------+----------+


testCase 37/39

CRTMOD(12) 512x512 65536color 1plane 31kHz
SP BG disp off (by $EB0808)
T-VRAM display
G-VRAM display
memcpyByDma Limited-rate BwRatio50%% BurstTime16 FullCsrPolling

throughput (bytes/sec)
+------------------------+----------+----------+----------+----------+----------+----------+
|                   dst  |   MAIN   |  G-VRAM  |  T-VRAM  |   SPR    |   PCG    |   SRAM   |
|                        | 0x1fceee | 0xc00200 | 0xe00200 | 0xeb0200 | 0xeb8200 | 0xed3a00 |
|  src                   |~0x1fd0ed |~0xc003ff |~0xe003ff |~0xeb03ff |~0xeb83ff |~0xed3bff |
+------------------------+----------+----------+----------+----------+----------+----------+
| MAIN  0x1fd0ee~0x1fd2ed|   643072 |   692224 |   688128 |   761856 |   786432 |   700416 |
|G-VRAM 0xc00000~0xc001ff|   684032 |   712704 |   716800 |   679936 |   720896 |   712704 |
|T-VRAM 0xe00000~0xe001ff|   684032 |   712704 |   716800 |   679936 |   720896 |   712704 |
| SPR   0xeb0000~0xeb01ff|   778240 |   737280 |   737280 |   528384 |   528384 |   749568 |
| PCG   0xeb8000~0xeb81ff|   786432 |   774144 |   770048 |   540672 |   520192 |   786432 |
| SRAM  0xed3800~0xed39ff|   675840 |   712704 |   712704 |   692224 |   737280 |   696320 |
|CGROM  0xf00000~0xf001ff|   675840 |   712704 |   712704 |   692224 |   733184 |   696320 |
|IPLROM 0xfe0000~0xfe01ff|   655360 |   724992 |   720896 |   696320 |   729088 |   716800 |
+------------------------+----------+----------+----------+----------+----------+----------+


testCase 38/39

CRTMOD(12) 512x512 65536color 1plane 31kHz
SP BG disp on (by $EB0808)
T-VRAM buffer
G-VRAM display
memcpyByDma Limited-rate BwRatio50%% BurstTime16 FullCsrPolling

throughput (bytes/sec)
+------------------------+----------+----------+----------+----------+----------+----------+
|                   dst  |   MAIN   |  G-VRAM  |  T-VRAM  |   SPR    |   PCG    |   SRAM   |
|                        | 0x1fceee | 0xc00200 | 0xe00200 | 0xeb0200 | 0xeb8200 | 0xed3a00 |
|  src                   |~0x1fd0ed |~0xc003ff |~0xe003ff |~0xeb03ff |~0xeb83ff |~0xed3bff |
+------------------------+----------+----------+----------+----------+----------+----------+
| MAIN  0x1fd0ee~0x1fd2ed|   643072 |   692224 |   663552 |   708608 |   565248 |   696320 |
|G-VRAM 0xc00000~0xc001ff|   684032 |   712704 |   716800 |   573440 |   552960 |   712704 |
|T-VRAM 0xe00000~0xe001ff|   671744 |   716800 |   712704 |   577536 |   552960 |   696320 |
| SPR   0xeb0000~0xeb01ff|   757760 |   675840 |   679936 |   540672 |   532480 |   688128 |
| PCG   0xeb8000~0xeb81ff|   585728 |   565248 |   561152 |   540672 |   528384 |   565248 |
| SRAM  0xed3800~0xed39ff|   675840 |   712704 |   696320 |   577536 |   552960 |   696320 |
|CGROM  0xf00000~0xf001ff|   675840 |   712704 |   696320 |   577536 |   557056 |   692224 |
|IPLROM 0xfe0000~0xfe01ff|   655360 |   724992 |   716800 |   573440 |   557056 |   712704 |
+------------------------+----------+----------+----------+----------+----------+----------+


testCase 39/39

CRTMOD(12) 512x512 65536color 1plane 31kHz
SP BG disp on (by $EB0808)
T-VRAM display
G-VRAM buffer
memcpyByDma Limited-rate BwRatio50%% BurstTime16 FullCsrPolling

throughput (bytes/sec)
+------------------------+----------+----------+----------+----------+----------+----------+
|                   dst  |   MAIN   |  G-VRAM  |  T-VRAM  |   SPR    |   PCG    |   SRAM   |
|                        | 0x1fceee | 0xc00200 | 0xe00200 | 0xeb0200 | 0xeb8200 | 0xed3a00 |
|  src                   |~0x1fd0ed |~0xc003ff |~0xe003ff |~0xeb03ff |~0xeb83ff |~0xed3bff |
+------------------------+----------+----------+----------+----------+----------+----------+
| MAIN  0x1fd0ee~0x1fd2ed|   643072 |   663552 |   692224 |   708608 |   565248 |   696320 |
|G-VRAM 0xc00000~0xc001ff|   671744 |   716800 |   712704 |   577536 |   552960 |   696320 |
|T-VRAM 0xe00000~0xe001ff|   684032 |   716800 |   712704 |   569344 |   557056 |   708608 |
| SPR   0xeb0000~0xeb01ff|   757760 |   679936 |   675840 |   540672 |   532480 |   684032 |
| PCG   0xeb8000~0xeb81ff|   585728 |   565248 |   565248 |   536576 |   528384 |   565248 |
| SRAM  0xed3800~0xed39ff|   679936 |   696320 |   712704 |   573440 |   557056 |   696320 |
|CGROM  0xf00000~0xf001ff|   675840 |   696320 |   712704 |   577536 |   552960 |   696320 |
|IPLROM 0xfe0000~0xfe01ff|   655360 |   716800 |   724992 |   573440 |   557056 |   712704 |
+------------------------+----------+----------+----------+----------+----------+----------+

