参考情報：

xbeeing さん所有の 24MHz 改造 XVI を 24MHz モードで計測した結果です。


--------------------------------------------------------------------------------------------
build settings
	ENABLE_SRAM_WRITE 0
	BUILD Feb 13 2023, CRC32 38084D19


testCase 0/39

CRTMOD(13) 512x512 65536color 1plane 15kHz
SP BG disp on (by $EB0808)
T-VRAM display
G-VRAM display
memcpyByU8 (ideal throughput is 454545 bytes/sec @10MHz)

throughput (bytes/sec)
+------------------------+----------+----------+----------+----------+----------+----------+
|                   dst  |   MAIN   |  G-VRAM  |  T-VRAM  |   SPR    |   PCG    |   SRAM   |
|                        | 0x034f96 | 0xc00200 | 0xe00200 | 0xeb0200 | 0xeb8200 | 0xed3a00 |
|  src                   |~0x035195 |~0xc003ff |~0xe003ff |~0xeb03ff |~0xeb83ff |~0xed3bff |
+------------------------+----------+----------+----------+----------+----------+----------+
| MAIN  0x035196~0x035395|  1077248 |  1015808 |  1019904 |   405504 |   303104 |  1024000 |
|G-VRAM 0xc00000~0xc001ff|   978944 |   937984 |   937984 |   401408 |   303104 |   933888 |
|T-VRAM 0xe00000~0xe001ff|   978944 |   937984 |   937984 |   401408 |   303104 |   933888 |
| SPR   0xeb0000~0xeb01ff|   405504 |   405504 |   401408 |   290816 |   200704 |   401408 |
| PCG   0xeb8000~0xeb81ff|   323584 |   303104 |   303104 |   303104 |   299008 |   303104 |
| SRAM  0xed3800~0xed39ff|  1032192 |   983040 |   987136 |   405504 |   303104 |   987136 |
|CGROM  0xf00000~0xf001ff|  1032192 |   987136 |   983040 |   405504 |   303104 |   987136 |
|IPLROM 0xfe0000~0xfe01ff|  1032192 |   987136 |   983040 |   405504 |   303104 |   987136 |
+------------------------+----------+----------+----------+----------+----------+----------+


testCase 1/39

CRTMOD(13) 512x512 65536color 1plane 15kHz
SP BG disp off (by $EB0808)
T-VRAM display
G-VRAM display
memcpyByU8 (ideal throughput is 454545 bytes/sec @10MHz)

throughput (bytes/sec)
+------------------------+----------+----------+----------+----------+----------+----------+
|                   dst  |   MAIN   |  G-VRAM  |  T-VRAM  |   SPR    |   PCG    |   SRAM   |
|                        | 0x034f96 | 0xc00200 | 0xe00200 | 0xeb0200 | 0xeb8200 | 0xed3a00 |
|  src                   |~0x035195 |~0xc003ff |~0xe003ff |~0xeb03ff |~0xeb83ff |~0xed3bff |
+------------------------+----------+----------+----------+----------+----------+----------+
| MAIN  0x035196~0x035395|  1077248 |  1015808 |  1019904 |   483328 |   483328 |  1032192 |
|G-VRAM 0xc00000~0xc001ff|   978944 |   937984 |   937984 |   479232 |   475136 |   942080 |
|T-VRAM 0xe00000~0xe001ff|   978944 |   937984 |   937984 |   479232 |   475136 |   942080 |
| SPR   0xeb0000~0xeb01ff|   487424 |   475136 |   479232 |   335872 |   303104 |   483328 |
| PCG   0xeb8000~0xeb81ff|   507904 |   483328 |   483328 |   319488 |   344064 |   483328 |
| SRAM  0xed3800~0xed39ff|  1032192 |   987136 |   983040 |   483328 |   483328 |   991232 |
|CGROM  0xf00000~0xf001ff|  1032192 |   987136 |   983040 |   483328 |   483328 |   991232 |
|IPLROM 0xfe0000~0xfe01ff|  1032192 |   987136 |   983040 |   483328 |   483328 |   991232 |
+------------------------+----------+----------+----------+----------+----------+----------+


testCase 2/39

CRTMOD(13) 512x512 65536color 1plane 15kHz
SP BG disp on (by $EB0808)
T-VRAM buffer
G-VRAM display
memcpyByU8 (ideal throughput is 454545 bytes/sec @10MHz)

throughput (bytes/sec)
+------------------------+----------+----------+----------+----------+----------+----------+
|                   dst  |   MAIN   |  G-VRAM  |  T-VRAM  |   SPR    |   PCG    |   SRAM   |
|                        | 0x034f96 | 0xc00200 | 0xe00200 | 0xeb0200 | 0xeb8200 | 0xed3a00 |
|  src                   |~0x035195 |~0xc003ff |~0xe003ff |~0xeb03ff |~0xeb83ff |~0xed3bff |
+------------------------+----------+----------+----------+----------+----------+----------+
| MAIN  0x035196~0x035395|  1077248 |  1015808 |  1028096 |   405504 |   303104 |  1024000 |
|G-VRAM 0xc00000~0xc001ff|   978944 |   937984 |   937984 |   401408 |   303104 |   933888 |
|T-VRAM 0xe00000~0xe001ff|   991232 |   937984 |   946176 |   405504 |   303104 |   942080 |
| SPR   0xeb0000~0xeb01ff|   405504 |   405504 |   401408 |   290816 |   200704 |   401408 |
| PCG   0xeb8000~0xeb81ff|   323584 |   303104 |   303104 |   303104 |   299008 |   303104 |
| SRAM  0xed3800~0xed39ff|  1032192 |   987136 |   987136 |   405504 |   303104 |   983040 |
|CGROM  0xf00000~0xf001ff|  1032192 |   987136 |   987136 |   405504 |   303104 |   983040 |
|IPLROM 0xfe0000~0xfe01ff|  1032192 |   987136 |   987136 |   405504 |   303104 |   983040 |
+------------------------+----------+----------+----------+----------+----------+----------+


testCase 3/39

CRTMOD(13) 512x512 65536color 1plane 15kHz
SP BG disp on (by $EB0808)
T-VRAM display
G-VRAM buffer
memcpyByU8 (ideal throughput is 454545 bytes/sec @10MHz)

throughput (bytes/sec)
+------------------------+----------+----------+----------+----------+----------+----------+
|                   dst  |   MAIN   |  G-VRAM  |  T-VRAM  |   SPR    |   PCG    |   SRAM   |
|                        | 0x034f96 | 0xc00200 | 0xe00200 | 0xeb0200 | 0xeb8200 | 0xed3a00 |
|  src                   |~0x035195 |~0xc003ff |~0xe003ff |~0xeb03ff |~0xeb83ff |~0xed3bff |
+------------------------+----------+----------+----------+----------+----------+----------+
| MAIN  0x035196~0x035395|  1077248 |  1028096 |  1015808 |   405504 |   303104 |  1024000 |
|G-VRAM 0xc00000~0xc001ff|   991232 |   946176 |   937984 |   405504 |   303104 |   942080 |
|T-VRAM 0xe00000~0xe001ff|   978944 |   937984 |   937984 |   401408 |   303104 |   933888 |
| SPR   0xeb0000~0xeb01ff|   405504 |   405504 |   401408 |   290816 |   200704 |   401408 |
| PCG   0xeb8000~0xeb81ff|   323584 |   303104 |   303104 |   303104 |   299008 |   303104 |
| SRAM  0xed3800~0xed39ff|  1032192 |   987136 |   987136 |   405504 |   303104 |   983040 |
|CGROM  0xf00000~0xf001ff|  1032192 |   987136 |   987136 |   405504 |   303104 |   983040 |
|IPLROM 0xfe0000~0xfe01ff|  1032192 |   987136 |   987136 |   405504 |   303104 |   983040 |
+------------------------+----------+----------+----------+----------+----------+----------+


testCase 4/39

CRTMOD(13) 512x512 65536color 1plane 15kHz
SP BG disp on (by $EB0808)
T-VRAM display
G-VRAM display
memcpyByMovem (ideal throughput is 2081301 bytes/sec @10MHz)

throughput (bytes/sec)
+------------------------+----------+----------+----------+----------+----------+----------+
|                   dst  |   MAIN   |  G-VRAM  |  T-VRAM  |   SPR    |   PCG    |   SRAM   |
|                        | 0x034f96 | 0xc00200 | 0xe00200 | 0xeb0200 | 0xeb8200 | 0xed3a00 |
|  src                   |~0x035195 |~0xc003ff |~0xe003ff |~0xeb03ff |~0xeb83ff |~0xed3bff |
+------------------------+----------+----------+----------+----------+----------+----------+
| MAIN  0x035196~0x035395|  4861952 |  4395008 |  4399104 |  1069056 |  1073152 |  4415488 |
|G-VRAM 0xc00000~0xc001ff|  3997696 |  3661824 |  3665920 |  1015808 |  1011712 |  3686400 |
|T-VRAM 0xe00000~0xe001ff|  3997696 |  3661824 |  3665920 |  1015808 |  1011712 |  3686400 |
| SPR   0xeb0000~0xeb01ff|  1015808 |   991232 |   987136 |   585728 |   585728 |   987136 |
| PCG   0xeb8000~0xeb81ff|  1015808 |   970752 |   974848 |   573440 |   581632 |   974848 |
| SRAM  0xed3800~0xed39ff|  4407296 |  4050944 |  4046848 |  1044480 |  1015808 |  4055040 |
|CGROM  0xf00000~0xf001ff|  4407296 |  4050944 |  4046848 |  1044480 |  1015808 |  4055040 |
|IPLROM 0xfe0000~0xfe01ff|  4407296 |  4050944 |  4046848 |  1044480 |  1015808 |  4055040 |
+------------------------+----------+----------+----------+----------+----------+----------+


testCase 5/39

CRTMOD(13) 512x512 65536color 1plane 15kHz
SP BG disp off (by $EB0808)
T-VRAM display
G-VRAM display
memcpyByMovem (ideal throughput is 2081301 bytes/sec @10MHz)

throughput (bytes/sec)
+------------------------+----------+----------+----------+----------+----------+----------+
|                   dst  |   MAIN   |  G-VRAM  |  T-VRAM  |   SPR    |   PCG    |   SRAM   |
|                        | 0x034f96 | 0xc00200 | 0xe00200 | 0xeb0200 | 0xeb8200 | 0xed3a00 |
|  src                   |~0x035195 |~0xc003ff |~0xe003ff |~0xeb03ff |~0xeb83ff |~0xed3bff |
+------------------------+----------+----------+----------+----------+----------+----------+
| MAIN  0x035196~0x035395|  4861952 |  4395008 |  4395008 |  1351680 |  1351680 |  4427776 |
|G-VRAM 0xc00000~0xc001ff|  3997696 |  3661824 |  3665920 |  1269760 |  1277952 |  3682304 |
|T-VRAM 0xe00000~0xe001ff|  3997696 |  3661824 |  3665920 |  1269760 |  1277952 |  3682304 |
| SPR   0xeb0000~0xeb01ff|  1298432 |  1261568 |  1261568 |   761856 |   765952 |  1265664 |
| PCG   0xeb8000~0xeb81ff|  1302528 |  1265664 |  1265664 |   765952 |   765952 |  1269760 |
| SRAM  0xed3800~0xed39ff|  4407296 |  4050944 |  4046848 |  1310720 |  1306624 |  4055040 |
|CGROM  0xf00000~0xf001ff|  4407296 |  4050944 |  4046848 |  1310720 |  1306624 |  4055040 |
|IPLROM 0xfe0000~0xfe01ff|  4407296 |  4050944 |  4046848 |  1310720 |  1306624 |  4055040 |
+------------------------+----------+----------+----------+----------+----------+----------+


testCase 6/39

CRTMOD(13) 512x512 65536color 1plane 15kHz
SP BG disp on (by $EB0808)
T-VRAM buffer
G-VRAM display
memcpyByMovem (ideal throughput is 2081301 bytes/sec @10MHz)

throughput (bytes/sec)
+------------------------+----------+----------+----------+----------+----------+----------+
|                   dst  |   MAIN   |  G-VRAM  |  T-VRAM  |   SPR    |   PCG    |   SRAM   |
|                        | 0x034f96 | 0xc00200 | 0xe00200 | 0xeb0200 | 0xeb8200 | 0xed3a00 |
|  src                   |~0x035195 |~0xc003ff |~0xe003ff |~0xeb03ff |~0xeb83ff |~0xed3bff |
+------------------------+----------+----------+----------+----------+----------+----------+
| MAIN  0x035196~0x035395|  4861952 |  4399104 |  4407296 |  1073152 |  1069056 |  4415488 |
|G-VRAM 0xc00000~0xc001ff|  3997696 |  3661824 |  3670016 |  1015808 |  1011712 |  3690496 |
|T-VRAM 0xe00000~0xe001ff|  3997696 |  3670016 |  3682304 |  1015808 |  1015808 |  3690496 |
| SPR   0xeb0000~0xeb01ff|  1015808 |   991232 |   991232 |   585728 |   581632 |   991232 |
| PCG   0xeb8000~0xeb81ff|  1015808 |   970752 |   970752 |   573440 |   585728 |   970752 |
| SRAM  0xed3800~0xed39ff|  4407296 |  4050944 |  4034560 |  1044480 |  1015808 |  4055040 |
|CGROM  0xf00000~0xf001ff|  4407296 |  4050944 |  4034560 |  1044480 |  1015808 |  4055040 |
|IPLROM 0xfe0000~0xfe01ff|  4407296 |  4050944 |  4034560 |  1044480 |  1015808 |  4055040 |
+------------------------+----------+----------+----------+----------+----------+----------+


testCase 7/39

CRTMOD(13) 512x512 65536color 1plane 15kHz
SP BG disp on (by $EB0808)
T-VRAM display
G-VRAM buffer
memcpyByMovem (ideal throughput is 2081301 bytes/sec @10MHz)

throughput (bytes/sec)
+------------------------+----------+----------+----------+----------+----------+----------+
|                   dst  |   MAIN   |  G-VRAM  |  T-VRAM  |   SPR    |   PCG    |   SRAM   |
|                        | 0x034f96 | 0xc00200 | 0xe00200 | 0xeb0200 | 0xeb8200 | 0xed3a00 |
|  src                   |~0x035195 |~0xc003ff |~0xe003ff |~0xeb03ff |~0xeb83ff |~0xed3bff |
+------------------------+----------+----------+----------+----------+----------+----------+
| MAIN  0x035196~0x035395|  4861952 |  4411392 |  4395008 |  1073152 |  1069056 |  4415488 |
|G-VRAM 0xc00000~0xc001ff|  3997696 |  3682304 |  3670016 |  1015808 |  1015808 |  3690496 |
|T-VRAM 0xe00000~0xe001ff|  3997696 |  3670016 |  3665920 |  1015808 |  1011712 |  3686400 |
| SPR   0xeb0000~0xeb01ff|  1015808 |   991232 |   991232 |   585728 |   585728 |   987136 |
| PCG   0xeb8000~0xeb81ff|  1015808 |   970752 |   970752 |   573440 |   585728 |   970752 |
| SRAM  0xed3800~0xed39ff|  4407296 |  4038656 |  4046848 |  1044480 |  1015808 |  4055040 |
|CGROM  0xf00000~0xf001ff|  4407296 |  4038656 |  4046848 |  1044480 |  1015808 |  4055040 |
|IPLROM 0xfe0000~0xfe01ff|  4407296 |  4038656 |  4046848 |  1044480 |  1015808 |  4055040 |
+------------------------+----------+----------+----------+----------+----------+----------+


testCase 8/39

CRTMOD(13) 512x512 65536color 1plane 15kHz
SP BG disp on (by $EB0808)
T-VRAM display
G-VRAM display
memcpyByDma Maximum-rate

throughput (bytes/sec)
+------------------------+----------+----------+----------+----------+----------+----------+
|                   dst  |   MAIN   |  G-VRAM  |  T-VRAM  |   SPR    |   PCG    |   SRAM   |
|                        | 0x034f96 | 0xc00200 | 0xe00200 | 0xeb0200 | 0xeb8200 | 0xed3a00 |
|  src                   |~0x035195 |~0xc003ff |~0xe003ff |~0xeb03ff |~0xeb83ff |~0xed3bff |
+------------------------+----------+----------+----------+----------+----------+----------+
| MAIN  0x035196~0x035395|  1863680 |  1736704 |  1753088 |  1101824 |  1093632 |  1859584 |
|G-VRAM 0xc00000~0xc001ff|  1572864 |  1544192 |  1548288 |   753664 |   581632 |  1572864 |
|T-VRAM 0xe00000~0xe001ff|  1572864 |  1548288 |  1544192 |   753664 |   581632 |  1572864 |
| SPR   0xeb0000~0xeb01ff|  1036288 |   909312 |   921600 |   581632 |   577536 |  1044480 |
| PCG   0xeb8000~0xeb81ff|  1093632 |  1064960 |  1064960 |   581632 |   577536 |  1105920 |
| SRAM  0xed3800~0xed39ff|  1728512 |  1712128 |  1716224 |   765952 |  1105920 |  1728512 |
|CGROM  0xf00000~0xf001ff|  1728512 |  1712128 |  1716224 |   765952 |  1105920 |  1728512 |
|IPLROM 0xfe0000~0xfe01ff|  1728512 |  1712128 |  1716224 |   765952 |  1105920 |  1728512 |
+------------------------+----------+----------+----------+----------+----------+----------+


testCase 9/39

CRTMOD(13) 512x512 65536color 1plane 15kHz
SP BG disp off (by $EB0808)
T-VRAM display
G-VRAM display
memcpyByDma Maximum-rate

throughput (bytes/sec)
+------------------------+----------+----------+----------+----------+----------+----------+
|                   dst  |   MAIN   |  G-VRAM  |  T-VRAM  |   SPR    |   PCG    |   SRAM   |
|                        | 0x034f96 | 0xc00200 | 0xe00200 | 0xeb0200 | 0xeb8200 | 0xed3a00 |
|  src                   |~0x035195 |~0xc003ff |~0xe003ff |~0xeb03ff |~0xeb83ff |~0xed3bff |
+------------------------+----------+----------+----------+----------+----------+----------+
| MAIN  0x035196~0x035395|  1863680 |  1736704 |  1753088 |  1105920 |  1105920 |  1863680 |
|G-VRAM 0xc00000~0xc001ff|  1572864 |  1544192 |  1548288 |   892928 |   897024 |  1572864 |
|T-VRAM 0xe00000~0xe001ff|  1572864 |  1548288 |  1544192 |   897024 |   892928 |  1572864 |
| SPR   0xeb0000~0xeb01ff|  1044480 |  1032192 |  1032192 |   745472 |   704512 |  1040384 |
| PCG   0xeb8000~0xeb81ff|  1110016 |  1069056 |  1073152 |   659456 |   761856 |  1105920 |
| SRAM  0xed3800~0xed39ff|  1728512 |  1712128 |  1716224 |   905216 |  1105920 |  1732608 |
|CGROM  0xf00000~0xf001ff|  1728512 |  1712128 |  1716224 |   905216 |  1105920 |  1728512 |
|IPLROM 0xfe0000~0xfe01ff|  1728512 |  1712128 |  1716224 |   905216 |  1105920 |  1732608 |
+------------------------+----------+----------+----------+----------+----------+----------+


testCase 10/39

CRTMOD(13) 512x512 65536color 1plane 15kHz
SP BG disp on (by $EB0808)
T-VRAM buffer
G-VRAM display
memcpyByDma Maximum-rate

throughput (bytes/sec)
+------------------------+----------+----------+----------+----------+----------+----------+
|                   dst  |   MAIN   |  G-VRAM  |  T-VRAM  |   SPR    |   PCG    |   SRAM   |
|                        | 0x034f96 | 0xc00200 | 0xe00200 | 0xeb0200 | 0xeb8200 | 0xed3a00 |
|  src                   |~0x035195 |~0xc003ff |~0xe003ff |~0xeb03ff |~0xeb83ff |~0xed3bff |
+------------------------+----------+----------+----------+----------+----------+----------+
| MAIN  0x035196~0x035395|  1839104 |  1740800 |  1761280 |  1101824 |  1093632 |  1859584 |
|G-VRAM 0xc00000~0xc001ff|  1572864 |  1544192 |  1552384 |   753664 |   581632 |  1568768 |
|T-VRAM 0xe00000~0xe001ff|  1585152 |  1548288 |  1560576 |   761856 |   581632 |  1589248 |
| SPR   0xeb0000~0xeb01ff|  1036288 |   909312 |   929792 |   581632 |   577536 |  1044480 |
| PCG   0xeb8000~0xeb81ff|  1093632 |  1064960 |  1060864 |   581632 |   577536 |  1105920 |
| SRAM  0xed3800~0xed39ff|  1728512 |  1712128 |  1728512 |   765952 |  1105920 |  1728512 |
|CGROM  0xf00000~0xf001ff|  1728512 |  1712128 |  1728512 |   765952 |  1105920 |  1728512 |
|IPLROM 0xfe0000~0xfe01ff|  1728512 |  1712128 |  1728512 |   765952 |  1105920 |  1728512 |
+------------------------+----------+----------+----------+----------+----------+----------+


testCase 11/39

CRTMOD(13) 512x512 65536color 1plane 15kHz
SP BG disp on (by $EB0808)
T-VRAM display
G-VRAM buffer
memcpyByDma Maximum-rate

throughput (bytes/sec)
+------------------------+----------+----------+----------+----------+----------+----------+
|                   dst  |   MAIN   |  G-VRAM  |  T-VRAM  |   SPR    |   PCG    |   SRAM   |
|                        | 0x034f96 | 0xc00200 | 0xe00200 | 0xeb0200 | 0xeb8200 | 0xed3a00 |
|  src                   |~0x035195 |~0xc003ff |~0xe003ff |~0xeb03ff |~0xeb83ff |~0xed3bff |
+------------------------+----------+----------+----------+----------+----------+----------+
| MAIN  0x035196~0x035395|  1863680 |  1748992 |  1753088 |  1101824 |  1093632 |  1859584 |
|G-VRAM 0xc00000~0xc001ff|  1585152 |  1560576 |  1548288 |   761856 |   581632 |  1589248 |
|T-VRAM 0xe00000~0xe001ff|  1572864 |  1548288 |  1548288 |   753664 |   581632 |  1568768 |
| SPR   0xeb0000~0xeb01ff|  1036288 |   917504 |   921600 |   581632 |   577536 |  1044480 |
| PCG   0xeb8000~0xeb81ff|  1093632 |  1060864 |  1064960 |   581632 |   577536 |  1105920 |
| SRAM  0xed3800~0xed39ff|  1728512 |  1724416 |  1716224 |   765952 |  1105920 |  1728512 |
|CGROM  0xf00000~0xf001ff|  1728512 |  1724416 |  1716224 |   765952 |  1105920 |  1728512 |
|IPLROM 0xfe0000~0xfe01ff|  1728512 |  1724416 |  1716224 |   765952 |  1105920 |  1728512 |
+------------------------+----------+----------+----------+----------+----------+----------+


testCase 12/39

CRTMOD(13) 512x512 65536color 1plane 15kHz
SP BG disp on (by $EB0808)
T-VRAM display
G-VRAM display
memcpyByDma Limited-rate BwRatio50% BurstTime16 LiteCsrPolling

throughput (bytes/sec)
+------------------------+----------+----------+----------+----------+----------+----------+
|                   dst  |   MAIN   |  G-VRAM  |  T-VRAM  |   SPR    |   PCG    |   SRAM   |
|                        | 0x034f96 | 0xc00200 | 0xe00200 | 0xeb0200 | 0xeb8200 | 0xed3a00 |
|  src                   |~0x035195 |~0xc003ff |~0xe003ff |~0xeb03ff |~0xeb83ff |~0xed3bff |
+------------------------+----------+----------+----------+----------+----------+----------+
| MAIN  0x035196~0x035395|   524288 |   524288 |   524288 |   483328 |   446464 |   528384 |
|G-VRAM 0xc00000~0xc001ff|   520192 |   516096 |   520192 |   389120 |   376832 |   512000 |
|T-VRAM 0xe00000~0xe001ff|   516096 |   520192 |   520192 |   389120 |   376832 |   512000 |
| SPR   0xeb0000~0xeb01ff|   454656 |   438272 |   438272 |   380928 |   344064 |   454656 |
| PCG   0xeb8000~0xeb81ff|   446464 |   442368 |   438272 |   368640 |   356352 |   446464 |
| SRAM  0xed3800~0xed39ff|   491520 |   491520 |   491520 |   393216 |   438272 |   487424 |
|CGROM  0xf00000~0xf001ff|   491520 |   491520 |   491520 |   393216 |   438272 |   487424 |
|IPLROM 0xfe0000~0xfe01ff|   491520 |   491520 |   491520 |   393216 |   438272 |   487424 |
+------------------------+----------+----------+----------+----------+----------+----------+


testCase 13/39

CRTMOD(13) 512x512 65536color 1plane 15kHz
SP BG disp off (by $EB0808)
T-VRAM display
G-VRAM display
memcpyByDma Limited-rate BwRatio50% BurstTime16 LiteCsrPolling

throughput (bytes/sec)
+------------------------+----------+----------+----------+----------+----------+----------+
|                   dst  |   MAIN   |  G-VRAM  |  T-VRAM  |   SPR    |   PCG    |   SRAM   |
|                        | 0x034f96 | 0xc00200 | 0xe00200 | 0xeb0200 | 0xeb8200 | 0xed3a00 |
|  src                   |~0x035195 |~0xc003ff |~0xe003ff |~0xeb03ff |~0xeb83ff |~0xed3bff |
+------------------------+----------+----------+----------+----------+----------+----------+
| MAIN  0x035196~0x035395|   524288 |   524288 |   524288 |   516096 |   544768 |   528384 |
|G-VRAM 0xc00000~0xc001ff|   516096 |   520192 |   520192 |   413696 |   438272 |   516096 |
|T-VRAM 0xe00000~0xe001ff|   520192 |   520192 |   516096 |   413696 |   442368 |   512000 |
| SPR   0xeb0000~0xeb01ff|   507904 |   487424 |   491520 |   372736 |   364544 |   503808 |
| PCG   0xeb8000~0xeb81ff|   540672 |   528384 |   532480 |   372736 |   385024 |   536576 |
| SRAM  0xed3800~0xed39ff|   491520 |   491520 |   495616 |   442368 |   520192 |   491520 |
|CGROM  0xf00000~0xf001ff|   491520 |   491520 |   491520 |   446464 |   520192 |   487424 |
|IPLROM 0xfe0000~0xfe01ff|   491520 |   491520 |   491520 |   446464 |   520192 |   487424 |
+------------------------+----------+----------+----------+----------+----------+----------+


testCase 14/39

CRTMOD(13) 512x512 65536color 1plane 15kHz
SP BG disp on (by $EB0808)
T-VRAM buffer
G-VRAM display
memcpyByDma Limited-rate BwRatio50% BurstTime16 LiteCsrPolling

throughput (bytes/sec)
+------------------------+----------+----------+----------+----------+----------+----------+
|                   dst  |   MAIN   |  G-VRAM  |  T-VRAM  |   SPR    |   PCG    |   SRAM   |
|                        | 0x034f96 | 0xc00200 | 0xe00200 | 0xeb0200 | 0xeb8200 | 0xed3a00 |
|  src                   |~0x035195 |~0xc003ff |~0xe003ff |~0xeb03ff |~0xeb83ff |~0xed3bff |
+------------------------+----------+----------+----------+----------+----------+----------+
| MAIN  0x035196~0x035395|   524288 |   524288 |   524288 |   483328 |   446464 |   528384 |
|G-VRAM 0xc00000~0xc001ff|   516096 |   520192 |   520192 |   389120 |   376832 |   516096 |
|T-VRAM 0xe00000~0xe001ff|   516096 |   524288 |   520192 |   393216 |   376832 |   512000 |
| SPR   0xeb0000~0xeb01ff|   454656 |   438272 |   442368 |   380928 |   344064 |   454656 |
| PCG   0xeb8000~0xeb81ff|   446464 |   442368 |   438272 |   368640 |   356352 |   446464 |
| SRAM  0xed3800~0xed39ff|   491520 |   491520 |   491520 |   393216 |   434176 |   491520 |
|CGROM  0xf00000~0xf001ff|   491520 |   491520 |   491520 |   393216 |   434176 |   491520 |
|IPLROM 0xfe0000~0xfe01ff|   491520 |   491520 |   491520 |   393216 |   434176 |   491520 |
+------------------------+----------+----------+----------+----------+----------+----------+


testCase 15/39

CRTMOD(13) 512x512 65536color 1plane 15kHz
SP BG disp on (by $EB0808)
T-VRAM display
G-VRAM buffer
memcpyByDma Limited-rate BwRatio50% BurstTime16 LiteCsrPolling

throughput (bytes/sec)
+------------------------+----------+----------+----------+----------+----------+----------+
|                   dst  |   MAIN   |  G-VRAM  |  T-VRAM  |   SPR    |   PCG    |   SRAM   |
|                        | 0x034f96 | 0xc00200 | 0xe00200 | 0xeb0200 | 0xeb8200 | 0xed3a00 |
|  src                   |~0x035195 |~0xc003ff |~0xe003ff |~0xeb03ff |~0xeb83ff |~0xed3bff |
+------------------------+----------+----------+----------+----------+----------+----------+
| MAIN  0x035196~0x035395|   524288 |   524288 |   524288 |   483328 |   446464 |   528384 |
|G-VRAM 0xc00000~0xc001ff|   516096 |   524288 |   520192 |   393216 |   376832 |   512000 |
|T-VRAM 0xe00000~0xe001ff|   520192 |   520192 |   520192 |   389120 |   376832 |   512000 |
| SPR   0xeb0000~0xeb01ff|   454656 |   442368 |   438272 |   380928 |   344064 |   454656 |
| PCG   0xeb8000~0xeb81ff|   446464 |   442368 |   438272 |   368640 |   356352 |   446464 |
| SRAM  0xed3800~0xed39ff|   491520 |   491520 |   491520 |   393216 |   434176 |   491520 |
|CGROM  0xf00000~0xf001ff|   491520 |   491520 |   491520 |   393216 |   434176 |   491520 |
|IPLROM 0xfe0000~0xfe01ff|   491520 |   491520 |   491520 |   393216 |   434176 |   491520 |
+------------------------+----------+----------+----------+----------+----------+----------+


testCase 16/39

CRTMOD(13) 512x512 65536color 1plane 15kHz
SP BG disp on (by $EB0808)
T-VRAM display
G-VRAM display
memcpyByDma Limited-rate BwRatio50% BurstTime16 FullCsrPolling

throughput (bytes/sec)
+------------------------+----------+----------+----------+----------+----------+----------+
|                   dst  |   MAIN   |  G-VRAM  |  T-VRAM  |   SPR    |   PCG    |   SRAM   |
|                        | 0x034f96 | 0xc00200 | 0xe00200 | 0xeb0200 | 0xeb8200 | 0xed3a00 |
|  src                   |~0x035195 |~0xc003ff |~0xe003ff |~0xeb03ff |~0xeb83ff |~0xed3bff |
+------------------------+----------+----------+----------+----------+----------+----------+
| MAIN  0x035196~0x035395|   507904 |   507904 |   512000 |   434176 |   393216 |   503808 |
|G-VRAM 0xc00000~0xc001ff|   569344 |   573440 |   573440 |   327680 |   372736 |   565248 |
|T-VRAM 0xe00000~0xe001ff|   569344 |   573440 |   573440 |   327680 |   372736 |   565248 |
| SPR   0xeb0000~0xeb01ff|   405504 |   393216 |   393216 |   348160 |   311296 |   405504 |
| PCG   0xeb8000~0xeb81ff|   393216 |   389120 |   389120 |   331776 |   323584 |   393216 |
| SRAM  0xed3800~0xed39ff|   532480 |   536576 |   536576 |   323584 |   385024 |   528384 |
|CGROM  0xf00000~0xf001ff|   532480 |   536576 |   536576 |   327680 |   380928 |   528384 |
|IPLROM 0xfe0000~0xfe01ff|   532480 |   536576 |   536576 |   327680 |   380928 |   528384 |
+------------------------+----------+----------+----------+----------+----------+----------+


testCase 17/39

CRTMOD(13) 512x512 65536color 1plane 15kHz
SP BG disp off (by $EB0808)
T-VRAM display
G-VRAM display
memcpyByDma Limited-rate BwRatio50% BurstTime16 FullCsrPolling

throughput (bytes/sec)
+------------------------+----------+----------+----------+----------+----------+----------+
|                   dst  |   MAIN   |  G-VRAM  |  T-VRAM  |   SPR    |   PCG    |   SRAM   |
|                        | 0x034f96 | 0xc00200 | 0xe00200 | 0xeb0200 | 0xeb8200 | 0xed3a00 |
|  src                   |~0x035195 |~0xc003ff |~0xe003ff |~0xeb03ff |~0xeb83ff |~0xed3bff |
+------------------------+----------+----------+----------+----------+----------+----------+
| MAIN  0x035196~0x035395|   507904 |   507904 |   512000 |   466944 |   475136 |   503808 |
|G-VRAM 0xc00000~0xc001ff|   569344 |   573440 |   573440 |   335872 |   376832 |   565248 |
|T-VRAM 0xe00000~0xe001ff|   569344 |   573440 |   573440 |   335872 |   376832 |   565248 |
| SPR   0xeb0000~0xeb01ff|   458752 |   446464 |   446464 |   352256 |   368640 |   458752 |
| PCG   0xeb8000~0xeb81ff|   479232 |   466944 |   471040 |   385024 |   339968 |   479232 |
| SRAM  0xed3800~0xed39ff|   532480 |   536576 |   536576 |   376832 |   475136 |   528384 |
|CGROM  0xf00000~0xf001ff|   532480 |   536576 |   536576 |   380928 |   471040 |   524288 |
|IPLROM 0xfe0000~0xfe01ff|   532480 |   536576 |   536576 |   380928 |   471040 |   524288 |
+------------------------+----------+----------+----------+----------+----------+----------+


testCase 18/39

CRTMOD(13) 512x512 65536color 1plane 15kHz
SP BG disp on (by $EB0808)
T-VRAM buffer
G-VRAM display
memcpyByDma Limited-rate BwRatio50% BurstTime16 FullCsrPolling

throughput (bytes/sec)
+------------------------+----------+----------+----------+----------+----------+----------+
|                   dst  |   MAIN   |  G-VRAM  |  T-VRAM  |   SPR    |   PCG    |   SRAM   |
|                        | 0x034f96 | 0xc00200 | 0xe00200 | 0xeb0200 | 0xeb8200 | 0xed3a00 |
|  src                   |~0x035195 |~0xc003ff |~0xe003ff |~0xeb03ff |~0xeb83ff |~0xed3bff |
+------------------------+----------+----------+----------+----------+----------+----------+
| MAIN  0x035196~0x035395|   442368 |   512000 |   507904 |   438272 |   389120 |   503808 |
|G-VRAM 0xc00000~0xc001ff|   569344 |   573440 |   573440 |   331776 |   368640 |   565248 |
|T-VRAM 0xe00000~0xe001ff|   569344 |   573440 |   569344 |   327680 |   376832 |   561152 |
| SPR   0xeb0000~0xeb01ff|   405504 |   393216 |   393216 |   348160 |   311296 |   405504 |
| PCG   0xeb8000~0xeb81ff|   393216 |   389120 |   385024 |   331776 |   327680 |   389120 |
| SRAM  0xed3800~0xed39ff|   532480 |   536576 |   532480 |   327680 |   380928 |   528384 |
|CGROM  0xf00000~0xf001ff|   532480 |   536576 |   532480 |   327680 |   380928 |   528384 |
|IPLROM 0xfe0000~0xfe01ff|   532480 |   536576 |   532480 |   327680 |   380928 |   528384 |
+------------------------+----------+----------+----------+----------+----------+----------+


testCase 19/39

CRTMOD(13) 512x512 65536color 1plane 15kHz
SP BG disp on (by $EB0808)
T-VRAM display
G-VRAM buffer
memcpyByDma Limited-rate BwRatio50% BurstTime16 FullCsrPolling

throughput (bytes/sec)
+------------------------+----------+----------+----------+----------+----------+----------+
|                   dst  |   MAIN   |  G-VRAM  |  T-VRAM  |   SPR    |   PCG    |   SRAM   |
|                        | 0x034f96 | 0xc00200 | 0xe00200 | 0xeb0200 | 0xeb8200 | 0xed3a00 |
|  src                   |~0x035195 |~0xc003ff |~0xe003ff |~0xeb03ff |~0xeb83ff |~0xed3bff |
+------------------------+----------+----------+----------+----------+----------+----------+
| MAIN  0x035196~0x035395|   507904 |   507904 |   507904 |   438272 |   389120 |   503808 |
|G-VRAM 0xc00000~0xc001ff|   569344 |   573440 |   569344 |   331776 |   372736 |   561152 |
|T-VRAM 0xe00000~0xe001ff|   569344 |   573440 |   573440 |   331776 |   368640 |   565248 |
| SPR   0xeb0000~0xeb01ff|   405504 |   393216 |   397312 |   344064 |   315392 |   401408 |
| PCG   0xeb8000~0xeb81ff|   393216 |   389120 |   385024 |   331776 |   327680 |   389120 |
| SRAM  0xed3800~0xed39ff|   532480 |   532480 |   536576 |   327680 |   380928 |   528384 |
|CGROM  0xf00000~0xf001ff|   532480 |   532480 |   536576 |   327680 |   380928 |   528384 |
|IPLROM 0xfe0000~0xfe01ff|   532480 |   532480 |   536576 |   327680 |   385024 |   524288 |
+------------------------+----------+----------+----------+----------+----------+----------+


testCase 20/39

CRTMOD(12) 512x512 65536color 1plane 31kHz
SP BG disp on (by $EB0808)
T-VRAM display
G-VRAM display
memcpyByU8 (ideal throughput is 454545 bytes/sec @10MHz)

throughput (bytes/sec)
+------------------------+----------+----------+----------+----------+----------+----------+
|                   dst  |   MAIN   |  G-VRAM  |  T-VRAM  |   SPR    |   PCG    |   SRAM   |
|                        | 0x034f96 | 0xc00200 | 0xe00200 | 0xeb0200 | 0xeb8200 | 0xed3a00 |
|  src                   |~0x035195 |~0xc003ff |~0xe003ff |~0xeb03ff |~0xeb83ff |~0xed3bff |
+------------------------+----------+----------+----------+----------+----------+----------+
| MAIN  0x035196~0x035395|  1077248 |  1024000 |  1019904 |   577536 |   483328 |  1024000 |
|G-VRAM 0xc00000~0xc001ff|   974848 |   942080 |   937984 |   573440 |   479232 |   942080 |
|T-VRAM 0xe00000~0xe001ff|   974848 |   942080 |   937984 |   573440 |   479232 |   942080 |
| SPR   0xeb0000~0xeb01ff|   598016 |   569344 |   573440 |   409600 |   413696 |   577536 |
| PCG   0xeb8000~0xeb81ff|   581632 |   487424 |   487424 |   360448 |   368640 |   491520 |
| SRAM  0xed3800~0xed39ff|  1032192 |   974848 |   978944 |   577536 |   479232 |   991232 |
|CGROM  0xf00000~0xf001ff|  1032192 |   974848 |   978944 |   577536 |   479232 |   991232 |
|IPLROM 0xfe0000~0xfe01ff|  1032192 |   974848 |   978944 |   577536 |   479232 |   991232 |
+------------------------+----------+----------+----------+----------+----------+----------+


testCase 21/39

CRTMOD(12) 512x512 65536color 1plane 31kHz
SP BG disp off (by $EB0808)
T-VRAM display
G-VRAM display
memcpyByU8 (ideal throughput is 454545 bytes/sec @10MHz)

throughput (bytes/sec)
+------------------------+----------+----------+----------+----------+----------+----------+
|                   dst  |   MAIN   |  G-VRAM  |  T-VRAM  |   SPR    |   PCG    |   SRAM   |
|                        | 0x034f96 | 0xc00200 | 0xe00200 | 0xeb0200 | 0xeb8200 | 0xed3a00 |
|  src                   |~0x035195 |~0xc003ff |~0xe003ff |~0xeb03ff |~0xeb83ff |~0xed3bff |
+------------------------+----------+----------+----------+----------+----------+----------+
| MAIN  0x035196~0x035395|  1077248 |  1024000 |  1019904 |   626688 |   634880 |  1032192 |
|G-VRAM 0xc00000~0xc001ff|   974848 |   942080 |   937984 |   577536 |   598016 |   937984 |
|T-VRAM 0xe00000~0xe001ff|   974848 |   942080 |   937984 |   577536 |   598016 |   937984 |
| SPR   0xeb0000~0xeb01ff|   651264 |   630784 |   630784 |   446464 |   466944 |   634880 |
| PCG   0xeb8000~0xeb81ff|   684032 |   647168 |   643072 |   475136 |   475136 |   647168 |
| SRAM  0xed3800~0xed39ff|  1032192 |   974848 |   978944 |   598016 |   622592 |   991232 |
|CGROM  0xf00000~0xf001ff|  1032192 |   974848 |   978944 |   598016 |   622592 |   991232 |
|IPLROM 0xfe0000~0xfe01ff|  1032192 |   974848 |   978944 |   598016 |   622592 |   991232 |
+------------------------+----------+----------+----------+----------+----------+----------+


testCase 22/39

CRTMOD(12) 512x512 65536color 1plane 31kHz
SP BG disp on (by $EB0808)
T-VRAM buffer
G-VRAM display
memcpyByU8 (ideal throughput is 454545 bytes/sec @10MHz)

throughput (bytes/sec)
+------------------------+----------+----------+----------+----------+----------+----------+
|                   dst  |   MAIN   |  G-VRAM  |  T-VRAM  |   SPR    |   PCG    |   SRAM   |
|                        | 0x034f96 | 0xc00200 | 0xe00200 | 0xeb0200 | 0xeb8200 | 0xed3a00 |
|  src                   |~0x035195 |~0xc003ff |~0xe003ff |~0xeb03ff |~0xeb83ff |~0xed3bff |
+------------------------+----------+----------+----------+----------+----------+----------+
| MAIN  0x035196~0x035395|  1077248 |  1024000 |  1028096 |   577536 |   479232 |  1032192 |
|G-VRAM 0xc00000~0xc001ff|   974848 |   942080 |   937984 |   573440 |   479232 |   942080 |
|T-VRAM 0xe00000~0xe001ff|   991232 |   937984 |   946176 |   573440 |   483328 |   942080 |
| SPR   0xeb0000~0xeb01ff|   598016 |   569344 |   577536 |   409600 |   413696 |   577536 |
| PCG   0xeb8000~0xeb81ff|   581632 |   487424 |   487424 |   360448 |   368640 |   487424 |
| SRAM  0xed3800~0xed39ff|  1032192 |   974848 |   991232 |   577536 |   479232 |   991232 |
|CGROM  0xf00000~0xf001ff|  1032192 |   974848 |   991232 |   577536 |   479232 |   991232 |
|IPLROM 0xfe0000~0xfe01ff|  1032192 |   974848 |   991232 |   577536 |   479232 |   991232 |
+------------------------+----------+----------+----------+----------+----------+----------+


testCase 23/39

CRTMOD(12) 512x512 65536color 1plane 31kHz
SP BG disp on (by $EB0808)
T-VRAM display
G-VRAM buffer
memcpyByU8 (ideal throughput is 454545 bytes/sec @10MHz)

throughput (bytes/sec)
+------------------------+----------+----------+----------+----------+----------+----------+
|                   dst  |   MAIN   |  G-VRAM  |  T-VRAM  |   SPR    |   PCG    |   SRAM   |
|                        | 0x034f96 | 0xc00200 | 0xe00200 | 0xeb0200 | 0xeb8200 | 0xed3a00 |
|  src                   |~0x035195 |~0xc003ff |~0xe003ff |~0xeb03ff |~0xeb83ff |~0xed3bff |
+------------------------+----------+----------+----------+----------+----------+----------+
| MAIN  0x035196~0x035395|  1077248 |  1028096 |  1024000 |   577536 |   479232 |  1032192 |
|G-VRAM 0xc00000~0xc001ff|   991232 |   946176 |   937984 |   573440 |   483328 |   942080 |
|T-VRAM 0xe00000~0xe001ff|   974848 |   942080 |   937984 |   573440 |   483328 |   933888 |
| SPR   0xeb0000~0xeb01ff|   598016 |   577536 |   569344 |   409600 |   413696 |   577536 |
| PCG   0xeb8000~0xeb81ff|   581632 |   487424 |   487424 |   360448 |   368640 |   487424 |
| SRAM  0xed3800~0xed39ff|  1032192 |   987136 |   978944 |   577536 |   479232 |   991232 |
|CGROM  0xf00000~0xf001ff|  1032192 |   987136 |   978944 |   577536 |   479232 |   991232 |
|IPLROM 0xfe0000~0xfe01ff|  1032192 |   987136 |   978944 |   577536 |   479232 |   991232 |
+------------------------+----------+----------+----------+----------+----------+----------+


testCase 24/39

CRTMOD(12) 512x512 65536color 1plane 31kHz
SP BG disp on (by $EB0808)
T-VRAM display
G-VRAM display
memcpyByMovem (ideal throughput is 2081301 bytes/sec @10MHz)

throughput (bytes/sec)
+------------------------+----------+----------+----------+----------+----------+----------+
|                   dst  |   MAIN   |  G-VRAM  |  T-VRAM  |   SPR    |   PCG    |   SRAM   |
|                        | 0x034f96 | 0xc00200 | 0xe00200 | 0xeb0200 | 0xeb8200 | 0xed3a00 |
|  src                   |~0x035195 |~0xc003ff |~0xe003ff |~0xeb03ff |~0xeb83ff |~0xed3bff |
+------------------------+----------+----------+----------+----------+----------+----------+
| MAIN  0x035196~0x035395|  4861952 |  4378624 |  4374528 |  1576960 |  1339392 |  4415488 |
|G-VRAM 0xc00000~0xc001ff|  4001792 |  3649536 |  3649536 |  1470464 |  1269760 |  3674112 |
|T-VRAM 0xe00000~0xe001ff|  4001792 |  3649536 |  3649536 |  1474560 |  1265664 |  3678208 |
| SPR   0xeb0000~0xeb01ff|  1892352 |  1822720 |  1822720 |  1056768 |   933888 |  1822720 |
| PCG   0xeb8000~0xeb81ff|  2035712 |  1961984 |  1961984 |  1089536 |   974848 |  1961984 |
| SRAM  0xed3800~0xed39ff|  4407296 |  3997696 |  4001792 |  1527808 |  1302528 |  4050944 |
|CGROM  0xf00000~0xf001ff|  4407296 |  4001792 |  3997696 |  1527808 |  1302528 |  4050944 |
|IPLROM 0xfe0000~0xfe01ff|  4407296 |  4001792 |  3997696 |  1527808 |  1302528 |  4050944 |
+------------------------+----------+----------+----------+----------+----------+----------+


testCase 25/39

CRTMOD(12) 512x512 65536color 1plane 31kHz
SP BG disp off (by $EB0808)
T-VRAM display
G-VRAM display
memcpyByMovem (ideal throughput is 2081301 bytes/sec @10MHz)

throughput (bytes/sec)
+------------------------+----------+----------+----------+----------+----------+----------+
|                   dst  |   MAIN   |  G-VRAM  |  T-VRAM  |   SPR    |   PCG    |   SRAM   |
|                        | 0x034f96 | 0xc00200 | 0xe00200 | 0xeb0200 | 0xeb8200 | 0xed3a00 |
|  src                   |~0x035195 |~0xc003ff |~0xe003ff |~0xeb03ff |~0xeb83ff |~0xed3bff |
+------------------------+----------+----------+----------+----------+----------+----------+
| MAIN  0x035196~0x035395|  4861952 |  4374528 |  4378624 |  1814528 |  1863680 |  4423680 |
|G-VRAM 0xc00000~0xc001ff|  4001792 |  3649536 |  3645440 |  1679360 |  1720320 |  3674112 |
|T-VRAM 0xe00000~0xe001ff|  4001792 |  3649536 |  3649536 |  1675264 |  1720320 |  3678208 |
| SPR   0xeb0000~0xeb01ff|  2007040 |  1921024 |  1925120 |  1183744 |  1208320 |  1929216 |
| PCG   0xeb8000~0xeb81ff|  2072576 |  1982464 |  1982464 |  1204224 |  1228800 |  1990656 |
| SRAM  0xed3800~0xed39ff|  4407296 |  4001792 |  3997696 |  1744896 |  1794048 |  4050944 |
|CGROM  0xf00000~0xf001ff|  4407296 |  4001792 |  3997696 |  1744896 |  1794048 |  4046848 |
|IPLROM 0xfe0000~0xfe01ff|  4407296 |  3997696 |  4001792 |  1744896 |  1794048 |  4050944 |
+------------------------+----------+----------+----------+----------+----------+----------+


testCase 26/39

CRTMOD(12) 512x512 65536color 1plane 31kHz
SP BG disp on (by $EB0808)
T-VRAM buffer
G-VRAM display
memcpyByMovem (ideal throughput is 2081301 bytes/sec @10MHz)

throughput (bytes/sec)
+------------------------+----------+----------+----------+----------+----------+----------+
|                   dst  |   MAIN   |  G-VRAM  |  T-VRAM  |   SPR    |   PCG    |   SRAM   |
|                        | 0x034f96 | 0xc00200 | 0xe00200 | 0xeb0200 | 0xeb8200 | 0xed3a00 |
|  src                   |~0x035195 |~0xc003ff |~0xe003ff |~0xeb03ff |~0xeb83ff |~0xed3bff |
+------------------------+----------+----------+----------+----------+----------+----------+
| MAIN  0x035196~0x035395|  4861952 |  4378624 |  4411392 |  1576960 |  1339392 |  4419584 |
|G-VRAM 0xc00000~0xc001ff|  4001792 |  3649536 |  3665920 |  1474560 |  1269760 |  3670016 |
|T-VRAM 0xe00000~0xe001ff|  3997696 |  3665920 |  3686400 |  1470464 |  1277952 |  3694592 |
| SPR   0xeb0000~0xeb01ff|  1892352 |  1822720 |  1822720 |  1056768 |   933888 |  1822720 |
| PCG   0xeb8000~0xeb81ff|  2035712 |  1961984 |  1953792 |  1089536 |   974848 |  1966080 |
| SRAM  0xed3800~0xed39ff|  4407296 |  4001792 |  4034560 |  1531904 |  1298432 |  4055040 |
|CGROM  0xf00000~0xf001ff|  4407296 |  4001792 |  4034560 |  1531904 |  1298432 |  4055040 |
|IPLROM 0xfe0000~0xfe01ff|  4407296 |  4001792 |  4034560 |  1527808 |  1302528 |  4050944 |
+------------------------+----------+----------+----------+----------+----------+----------+


testCase 27/39

CRTMOD(12) 512x512 65536color 1plane 31kHz
SP BG disp on (by $EB0808)
T-VRAM display
G-VRAM buffer
memcpyByMovem (ideal throughput is 2081301 bytes/sec @10MHz)

throughput (bytes/sec)
+------------------------+----------+----------+----------+----------+----------+----------+
|                   dst  |   MAIN   |  G-VRAM  |  T-VRAM  |   SPR    |   PCG    |   SRAM   |
|                        | 0x034f96 | 0xc00200 | 0xe00200 | 0xeb0200 | 0xeb8200 | 0xed3a00 |
|  src                   |~0x035195 |~0xc003ff |~0xe003ff |~0xeb03ff |~0xeb83ff |~0xed3bff |
+------------------------+----------+----------+----------+----------+----------+----------+
| MAIN  0x035196~0x035395|  4861952 |  4411392 |  4374528 |  1576960 |  1339392 |  4419584 |
|G-VRAM 0xc00000~0xc001ff|  3997696 |  3682304 |  3670016 |  1470464 |  1277952 |  3690496 |
|T-VRAM 0xe00000~0xe001ff|  4001792 |  3670016 |  3645440 |  1474560 |  1269760 |  3670016 |
| SPR   0xeb0000~0xeb01ff|  1892352 |  1822720 |  1822720 |  1056768 |   933888 |  1822720 |
| PCG   0xeb8000~0xeb81ff|  2035712 |  1957888 |  1961984 |  1089536 |   974848 |  1961984 |
| SRAM  0xed3800~0xed39ff|  4407296 |  4038656 |  3997696 |  1531904 |  1298432 |  4055040 |
|CGROM  0xf00000~0xf001ff|  4407296 |  4038656 |  3997696 |  1531904 |  1298432 |  4055040 |
|IPLROM 0xfe0000~0xfe01ff|  4407296 |  4038656 |  3997696 |  1527808 |  1302528 |  4050944 |
+------------------------+----------+----------+----------+----------+----------+----------+


testCase 28/39

CRTMOD(12) 512x512 65536color 1plane 31kHz
SP BG disp on (by $EB0808)
T-VRAM display
G-VRAM display
memcpyByDma Maximum-rate

throughput (bytes/sec)
+------------------------+----------+----------+----------+----------+----------+----------+
|                   dst  |   MAIN   |  G-VRAM  |  T-VRAM  |   SPR    |   PCG    |   SRAM   |
|                        | 0x034f96 | 0xc00200 | 0xe00200 | 0xeb0200 | 0xeb8200 | 0xed3a00 |
|  src                   |~0x035195 |~0xc003ff |~0xe003ff |~0xeb03ff |~0xeb83ff |~0xed3bff |
+------------------------+----------+----------+----------+----------+----------+----------+
| MAIN  0x035196~0x035395|  1863680 |  1740800 |  1748992 |  1298432 |  1294336 |  1863680 |
|G-VRAM 0xc00000~0xc001ff|  1572864 |  1540096 |  1552384 |  1056768 |  1044480 |  1581056 |
|T-VRAM 0xe00000~0xe001ff|  1572864 |  1552384 |  1540096 |  1056768 |  1044480 |  1581056 |
| SPR   0xeb0000~0xeb01ff|  1298432 |  1257472 |  1261568 |   897024 |   901120 |  1298432 |
| PCG   0xeb8000~0xeb81ff|  1298432 |  1298432 |  1298432 |   897024 |   712704 |  1302528 |
| SRAM  0xed3800~0xed39ff|  1728512 |  1708032 |  1708032 |  1286144 |  1298432 |  1732608 |
|CGROM  0xf00000~0xf001ff|  1728512 |  1708032 |  1708032 |  1286144 |  1298432 |  1732608 |
|IPLROM 0xfe0000~0xfe01ff|  1728512 |  1708032 |  1708032 |  1286144 |  1298432 |  1732608 |
+------------------------+----------+----------+----------+----------+----------+----------+


testCase 29/39

CRTMOD(12) 512x512 65536color 1plane 31kHz
SP BG disp off (by $EB0808)
T-VRAM display
G-VRAM display
memcpyByDma Maximum-rate

throughput (bytes/sec)
+------------------------+----------+----------+----------+----------+----------+----------+
|                   dst  |   MAIN   |  G-VRAM  |  T-VRAM  |   SPR    |   PCG    |   SRAM   |
|                        | 0x034f96 | 0xc00200 | 0xe00200 | 0xeb0200 | 0xeb8200 | 0xed3a00 |
|  src                   |~0x035195 |~0xc003ff |~0xe003ff |~0xeb03ff |~0xeb83ff |~0xed3bff |
+------------------------+----------+----------+----------+----------+----------+----------+
| MAIN  0x035196~0x035395|  1843200 |  1740800 |  1753088 |  1396736 |  1413120 |  1863680 |
|G-VRAM 0xc00000~0xc001ff|  1572864 |  1540096 |  1552384 |  1163264 |  1179648 |  1581056 |
|T-VRAM 0xe00000~0xe001ff|  1576960 |  1548288 |  1544192 |  1159168 |  1179648 |  1585152 |
| SPR   0xeb0000~0xeb01ff|  1298432 |  1286144 |  1290240 |   983040 |  1060864 |  1298432 |
| PCG   0xeb8000~0xeb81ff|  1404928 |  1388544 |  1384448 |   978944 |  1077248 |  1413120 |
| SRAM  0xed3800~0xed39ff|  1728512 |  1708032 |  1708032 |  1298432 |  1298432 |  1728512 |
|CGROM  0xf00000~0xf001ff|  1728512 |  1708032 |  1708032 |  1298432 |  1298432 |  1728512 |
|IPLROM 0xfe0000~0xfe01ff|  1728512 |  1708032 |  1708032 |  1298432 |  1298432 |  1728512 |
+------------------------+----------+----------+----------+----------+----------+----------+


testCase 30/39

CRTMOD(12) 512x512 65536color 1plane 31kHz
SP BG disp on (by $EB0808)
T-VRAM buffer
G-VRAM display
memcpyByDma Maximum-rate

throughput (bytes/sec)
+------------------------+----------+----------+----------+----------+----------+----------+
|                   dst  |   MAIN   |  G-VRAM  |  T-VRAM  |   SPR    |   PCG    |   SRAM   |
|                        | 0x034f96 | 0xc00200 | 0xe00200 | 0xeb0200 | 0xeb8200 | 0xed3a00 |
|  src                   |~0x035195 |~0xc003ff |~0xe003ff |~0xeb03ff |~0xeb83ff |~0xed3bff |
+------------------------+----------+----------+----------+----------+----------+----------+
| MAIN  0x035196~0x035395|  1863680 |  1740800 |  1761280 |  1298432 |  1294336 |  1859584 |
|G-VRAM 0xc00000~0xc001ff|  1576960 |  1536000 |  1556480 |  1056768 |  1040384 |  1585152 |
|T-VRAM 0xe00000~0xe001ff|  1585152 |  1552384 |  1560576 |  1064960 |  1044480 |  1589248 |
| SPR   0xeb0000~0xeb01ff|  1298432 |  1257472 |  1261568 |   901120 |   897024 |  1298432 |
| PCG   0xeb8000~0xeb81ff|  1298432 |  1298432 |  1298432 |   897024 |   712704 |  1302528 |
| SRAM  0xed3800~0xed39ff|  1728512 |  1708032 |  1724416 |  1286144 |  1302528 |  1724416 |
|CGROM  0xf00000~0xf001ff|  1728512 |  1708032 |  1724416 |  1286144 |  1298432 |  1732608 |
|IPLROM 0xfe0000~0xfe01ff|  1728512 |  1708032 |  1724416 |  1286144 |  1298432 |  1728512 |
+------------------------+----------+----------+----------+----------+----------+----------+


testCase 31/39

CRTMOD(12) 512x512 65536color 1plane 31kHz
SP BG disp on (by $EB0808)
T-VRAM display
G-VRAM buffer
memcpyByDma Maximum-rate

throughput (bytes/sec)
+------------------------+----------+----------+----------+----------+----------+----------+
|                   dst  |   MAIN   |  G-VRAM  |  T-VRAM  |   SPR    |   PCG    |   SRAM   |
|                        | 0x034f96 | 0xc00200 | 0xe00200 | 0xeb0200 | 0xeb8200 | 0xed3a00 |
|  src                   |~0x035195 |~0xc003ff |~0xe003ff |~0xeb03ff |~0xeb83ff |~0xed3bff |
+------------------------+----------+----------+----------+----------+----------+----------+
| MAIN  0x035196~0x035395|  1863680 |  1748992 |  1753088 |  1298432 |  1294336 |  1863680 |
|G-VRAM 0xc00000~0xc001ff|  1585152 |  1560576 |  1552384 |  1064960 |  1044480 |  1589248 |
|T-VRAM 0xe00000~0xe001ff|  1572864 |  1552384 |  1544192 |  1056768 |  1040384 |  1585152 |
| SPR   0xeb0000~0xeb01ff|  1298432 |  1257472 |  1261568 |   901120 |   897024 |  1298432 |
| PCG   0xeb8000~0xeb81ff|  1298432 |  1298432 |  1298432 |   897024 |   712704 |  1302528 |
| SRAM  0xed3800~0xed39ff|  1728512 |  1724416 |  1708032 |  1286144 |  1302528 |  1724416 |
|CGROM  0xf00000~0xf001ff|  1728512 |  1724416 |  1708032 |  1286144 |  1302528 |  1724416 |
|IPLROM 0xfe0000~0xfe01ff|  1728512 |  1724416 |  1708032 |  1286144 |  1302528 |  1724416 |
+------------------------+----------+----------+----------+----------+----------+----------+


testCase 32/39

CRTMOD(12) 512x512 65536color 1plane 31kHz
SP BG disp on (by $EB0808)
T-VRAM display
G-VRAM display
memcpyByDma Limited-rate BwRatio50% BurstTime16 LiteCsrPolling

throughput (bytes/sec)
+------------------------+----------+----------+----------+----------+----------+----------+
|                   dst  |   MAIN   |  G-VRAM  |  T-VRAM  |   SPR    |   PCG    |   SRAM   |
|                        | 0x034f96 | 0xc00200 | 0xe00200 | 0xeb0200 | 0xeb8200 | 0xed3a00 |
|  src                   |~0x035195 |~0xc003ff |~0xe003ff |~0xeb03ff |~0xeb83ff |~0xed3bff |
+------------------------+----------+----------+----------+----------+----------+----------+
| MAIN  0x035196~0x035395|   524288 |   524288 |   520192 |   577536 |   577536 |   528384 |
|G-VRAM 0xc00000~0xc001ff|   520192 |   524288 |   524288 |   544768 |   520192 |   516096 |
|T-VRAM 0xe00000~0xe001ff|   520192 |   524288 |   524288 |   544768 |   520192 |   516096 |
| SPR   0xeb0000~0xeb01ff|   581632 |   573440 |   577536 |   417792 |   401408 |   577536 |
| PCG   0xeb8000~0xeb81ff|   577536 |   573440 |   573440 |   409600 |   372736 |   573440 |
| SRAM  0xed3800~0xed39ff|   491520 |   495616 |   491520 |   577536 |   577536 |   487424 |
|CGROM  0xf00000~0xf001ff|   491520 |   491520 |   495616 |   577536 |   577536 |   487424 |
|IPLROM 0xfe0000~0xfe01ff|   491520 |   495616 |   491520 |   577536 |   577536 |   491520 |
+------------------------+----------+----------+----------+----------+----------+----------+


testCase 33/39

CRTMOD(12) 512x512 65536color 1plane 31kHz
SP BG disp off (by $EB0808)
T-VRAM display
G-VRAM display
memcpyByDma Limited-rate BwRatio50% BurstTime16 LiteCsrPolling

throughput (bytes/sec)
+------------------------+----------+----------+----------+----------+----------+----------+
|                   dst  |   MAIN   |  G-VRAM  |  T-VRAM  |   SPR    |   PCG    |   SRAM   |
|                        | 0x034f96 | 0xc00200 | 0xe00200 | 0xeb0200 | 0xeb8200 | 0xed3a00 |
|  src                   |~0x035195 |~0xc003ff |~0xe003ff |~0xeb03ff |~0xeb83ff |~0xed3bff |
+------------------------+----------+----------+----------+----------+----------+----------+
| MAIN  0x035196~0x035395|   524288 |   524288 |   520192 |   573440 |   565248 |   532480 |
|G-VRAM 0xc00000~0xc001ff|   520192 |   524288 |   524288 |   577536 |   577536 |   512000 |
|T-VRAM 0xe00000~0xe001ff|   516096 |   528384 |   524288 |   573440 |   577536 |   516096 |
| SPR   0xeb0000~0xeb01ff|   577536 |   577536 |   577536 |   512000 |   512000 |   577536 |
| PCG   0xeb8000~0xeb81ff|   573440 |   573440 |   573440 |   503808 |   557056 |   569344 |
| SRAM  0xed3800~0xed39ff|   491520 |   491520 |   495616 |   577536 |   577536 |   487424 |
|CGROM  0xf00000~0xf001ff|   491520 |   491520 |   495616 |   577536 |   577536 |   487424 |
|IPLROM 0xfe0000~0xfe01ff|   491520 |   491520 |   495616 |   573440 |   577536 |   491520 |
+------------------------+----------+----------+----------+----------+----------+----------+


testCase 34/39

CRTMOD(12) 512x512 65536color 1plane 31kHz
SP BG disp on (by $EB0808)
T-VRAM buffer
G-VRAM display
memcpyByDma Limited-rate BwRatio50% BurstTime16 LiteCsrPolling

throughput (bytes/sec)
+------------------------+----------+----------+----------+----------+----------+----------+
|                   dst  |   MAIN   |  G-VRAM  |  T-VRAM  |   SPR    |   PCG    |   SRAM   |
|                        | 0x034f96 | 0xc00200 | 0xe00200 | 0xeb0200 | 0xeb8200 | 0xed3a00 |
|  src                   |~0x035195 |~0xc003ff |~0xe003ff |~0xeb03ff |~0xeb83ff |~0xed3bff |
+------------------------+----------+----------+----------+----------+----------+----------+
| MAIN  0x035196~0x035395|   524288 |   524288 |   524288 |   573440 |   577536 |   532480 |
|G-VRAM 0xc00000~0xc001ff|   520192 |   524288 |   524288 |   544768 |   520192 |   516096 |
|T-VRAM 0xe00000~0xe001ff|   516096 |   524288 |   524288 |   548864 |   524288 |   512000 |
| SPR   0xeb0000~0xeb01ff|   581632 |   573440 |   577536 |   417792 |   401408 |   577536 |
| PCG   0xeb8000~0xeb81ff|   577536 |   573440 |   577536 |   409600 |   372736 |   573440 |
| SRAM  0xed3800~0xed39ff|   491520 |   491520 |   491520 |   577536 |   577536 |   491520 |
|CGROM  0xf00000~0xf001ff|   491520 |   491520 |   491520 |   577536 |   577536 |   491520 |
|IPLROM 0xfe0000~0xfe01ff|   491520 |   491520 |   491520 |   577536 |   577536 |   491520 |
+------------------------+----------+----------+----------+----------+----------+----------+


testCase 35/39

CRTMOD(12) 512x512 65536color 1plane 31kHz
SP BG disp on (by $EB0808)
T-VRAM display
G-VRAM buffer
memcpyByDma Limited-rate BwRatio50% BurstTime16 LiteCsrPolling

throughput (bytes/sec)
+------------------------+----------+----------+----------+----------+----------+----------+
|                   dst  |   MAIN   |  G-VRAM  |  T-VRAM  |   SPR    |   PCG    |   SRAM   |
|                        | 0x034f96 | 0xc00200 | 0xe00200 | 0xeb0200 | 0xeb8200 | 0xed3a00 |
|  src                   |~0x035195 |~0xc003ff |~0xe003ff |~0xeb03ff |~0xeb83ff |~0xed3bff |
+------------------------+----------+----------+----------+----------+----------+----------+
| MAIN  0x035196~0x035395|   524288 |   524288 |   524288 |   577536 |   573440 |   532480 |
|G-VRAM 0xc00000~0xc001ff|   516096 |   524288 |   524288 |   548864 |   524288 |   512000 |
|T-VRAM 0xe00000~0xe001ff|   520192 |   524288 |   524288 |   544768 |   520192 |   516096 |
| SPR   0xeb0000~0xeb01ff|   581632 |   577536 |   573440 |   417792 |   401408 |   577536 |
| PCG   0xeb8000~0xeb81ff|   577536 |   577536 |   573440 |   409600 |   372736 |   573440 |
| SRAM  0xed3800~0xed39ff|   491520 |   491520 |   491520 |   577536 |   577536 |   491520 |
|CGROM  0xf00000~0xf001ff|   491520 |   491520 |   491520 |   577536 |   577536 |   491520 |
|IPLROM 0xfe0000~0xfe01ff|   491520 |   491520 |   491520 |   577536 |   577536 |   491520 |
+------------------------+----------+----------+----------+----------+----------+----------+


testCase 36/39

CRTMOD(12) 512x512 65536color 1plane 31kHz
SP BG disp on (by $EB0808)
T-VRAM display
G-VRAM display
memcpyByDma Limited-rate BwRatio50% BurstTime16 FullCsrPolling

throughput (bytes/sec)
+------------------------+----------+----------+----------+----------+----------+----------+
|                   dst  |   MAIN   |  G-VRAM  |  T-VRAM  |   SPR    |   PCG    |   SRAM   |
|                        | 0x034f96 | 0xc00200 | 0xe00200 | 0xeb0200 | 0xeb8200 | 0xed3a00 |
|  src                   |~0x035195 |~0xc003ff |~0xe003ff |~0xeb03ff |~0xeb83ff |~0xed3bff |
+------------------------+----------+----------+----------+----------+----------+----------+
| MAIN  0x035196~0x035395|   507904 |   507904 |   512000 |   512000 |   507904 |   503808 |
|G-VRAM 0xc00000~0xc001ff|   569344 |   573440 |   573440 |   479232 |   438272 |   565248 |
|T-VRAM 0xe00000~0xe001ff|   569344 |   573440 |   573440 |   479232 |   438272 |   569344 |
| SPR   0xeb0000~0xeb01ff|   516096 |   507904 |   507904 |   339968 |   319488 |   512000 |
| PCG   0xeb8000~0xeb81ff|   507904 |   499712 |   499712 |   344064 |   348160 |   507904 |
| SRAM  0xed3800~0xed39ff|   532480 |   536576 |   532480 |   503808 |   499712 |   528384 |
|CGROM  0xf00000~0xf001ff|   532480 |   536576 |   532480 |   503808 |   499712 |   528384 |
|IPLROM 0xfe0000~0xfe01ff|   532480 |   536576 |   532480 |   503808 |   499712 |   528384 |
+------------------------+----------+----------+----------+----------+----------+----------+


testCase 37/39

CRTMOD(12) 512x512 65536color 1plane 31kHz
SP BG disp off (by $EB0808)
T-VRAM display
G-VRAM display
memcpyByDma Limited-rate BwRatio50% BurstTime16 FullCsrPolling

throughput (bytes/sec)
+------------------------+----------+----------+----------+----------+----------+----------+
|                   dst  |   MAIN   |  G-VRAM  |  T-VRAM  |   SPR    |   PCG    |   SRAM   |
|                        | 0x034f96 | 0xc00200 | 0xe00200 | 0xeb0200 | 0xeb8200 | 0xed3a00 |
|  src                   |~0x035195 |~0xc003ff |~0xe003ff |~0xeb03ff |~0xeb83ff |~0xed3bff |
+------------------------+----------+----------+----------+----------+----------+----------+
| MAIN  0x035196~0x035395|   507904 |   507904 |   512000 |   524288 |   544768 |   503808 |
|G-VRAM 0xc00000~0xc001ff|   569344 |   573440 |   573440 |   491520 |   499712 |   565248 |
|T-VRAM 0xe00000~0xe001ff|   569344 |   573440 |   573440 |   491520 |   499712 |   565248 |
| SPR   0xeb0000~0xeb01ff|   524288 |   520192 |   520192 |   466944 |   471040 |   524288 |
| PCG   0xeb8000~0xeb81ff|   536576 |   532480 |   528384 |   466944 |   479232 |   536576 |
| SRAM  0xed3800~0xed39ff|   532480 |   536576 |   532480 |   516096 |   520192 |   528384 |
|CGROM  0xf00000~0xf001ff|   532480 |   536576 |   532480 |   516096 |   520192 |   528384 |
|IPLROM 0xfe0000~0xfe01ff|   532480 |   536576 |   532480 |   516096 |   520192 |   528384 |
+------------------------+----------+----------+----------+----------+----------+----------+


testCase 38/39

CRTMOD(12) 512x512 65536color 1plane 31kHz
SP BG disp on (by $EB0808)
T-VRAM buffer
G-VRAM display
memcpyByDma Limited-rate BwRatio50% BurstTime16 FullCsrPolling

throughput (bytes/sec)
+------------------------+----------+----------+----------+----------+----------+----------+
|                   dst  |   MAIN   |  G-VRAM  |  T-VRAM  |   SPR    |   PCG    |   SRAM   |
|                        | 0x034f96 | 0xc00200 | 0xe00200 | 0xeb0200 | 0xeb8200 | 0xed3a00 |
|  src                   |~0x035195 |~0xc003ff |~0xe003ff |~0xeb03ff |~0xeb83ff |~0xed3bff |
+------------------------+----------+----------+----------+----------+----------+----------+
| MAIN  0x035196~0x035395|   507904 |   507904 |   507904 |   516096 |   507904 |   499712 |
|G-VRAM 0xc00000~0xc001ff|   569344 |   573440 |   573440 |   479232 |   438272 |   565248 |
|T-VRAM 0xe00000~0xe001ff|   569344 |   573440 |   569344 |   483328 |   438272 |   565248 |
| SPR   0xeb0000~0xeb01ff|   516096 |   507904 |   512000 |   339968 |   319488 |   512000 |
| PCG   0xeb8000~0xeb81ff|   507904 |   499712 |   503808 |   339968 |   352256 |   507904 |
| SRAM  0xed3800~0xed39ff|   532480 |   536576 |   532480 |   503808 |   499712 |   528384 |
|CGROM  0xf00000~0xf001ff|   532480 |   536576 |   532480 |   503808 |   499712 |   524288 |
|IPLROM 0xfe0000~0xfe01ff|   532480 |   536576 |   532480 |   503808 |   499712 |   528384 |
+------------------------+----------+----------+----------+----------+----------+----------+


testCase 39/39

CRTMOD(12) 512x512 65536color 1plane 31kHz
SP BG disp on (by $EB0808)
T-VRAM display
G-VRAM buffer
memcpyByDma Limited-rate BwRatio50% BurstTime16 FullCsrPolling

throughput (bytes/sec)
+------------------------+----------+----------+----------+----------+----------+----------+
|                   dst  |   MAIN   |  G-VRAM  |  T-VRAM  |   SPR    |   PCG    |   SRAM   |
|                        | 0x034f96 | 0xc00200 | 0xe00200 | 0xeb0200 | 0xeb8200 | 0xed3a00 |
|  src                   |~0x035195 |~0xc003ff |~0xe003ff |~0xeb03ff |~0xeb83ff |~0xed3bff |
+------------------------+----------+----------+----------+----------+----------+----------+
| MAIN  0x035196~0x035395|   507904 |   507904 |   507904 |   516096 |   507904 |   499712 |
|G-VRAM 0xc00000~0xc001ff|   569344 |   573440 |   569344 |   483328 |   438272 |   565248 |
|T-VRAM 0xe00000~0xe001ff|   569344 |   573440 |   573440 |   479232 |   438272 |   565248 |
| SPR   0xeb0000~0xeb01ff|   516096 |   507904 |   512000 |   339968 |   319488 |   512000 |
| PCG   0xeb8000~0xeb81ff|   507904 |   503808 |   499712 |   339968 |   352256 |   507904 |
| SRAM  0xed3800~0xed39ff|   532480 |   532480 |   532480 |   507904 |   495616 |   528384 |
|CGROM  0xf00000~0xf001ff|   532480 |   532480 |   536576 |   503808 |   499712 |   528384 |
|IPLROM 0xfe0000~0xfe01ff|   532480 |   532480 |   536576 |   503808 |   499712 |   524288 |
+------------------------+----------+----------+----------+----------+----------+----------+

