参考情報：

xbeeing さん所有の 040excel で計測した結果です。
改造機での計測結果となります。

・D Cache I Cache ともに有効な状態の計測です。
・「DMAを通す改造」というものが当時行われてた。
・メインボードとなにか線で直結されている（xellent30ではそうなっていない）
・ソフトで解決したかったけどできなくてそうした（作者談）


--------------------------------------------------------------------------------------------

build settings
	ENABLE_SRAM_WRITE 0
	BUILD Feb 13 2023, CRC32 38084D19


testCase 0/39

CRTMOD(13) 512x512 65536color 1plane 15kHz
SP BG disp on (by $EB0808)
T-VRAM display
G-VRAM display
memcpyByU8 (ideal throughput is 454545 bytes/sec @10MHz)

throughput (bytes/sec)
+------------------------+----------+----------+----------+----------+----------+----------+
|                   dst  |   MAIN   |  G-VRAM  |  T-VRAM  |   SPR    |   PCG    |   SRAM   |
|                        | 0x0c2936 | 0xc00200 | 0xe00200 | 0xeb0200 | 0xeb8200 | 0xed3a00 |
|  src                   |~0x0c2b35 |~0xc003ff |~0xe003ff |~0xeb03ff |~0xeb83ff |~0xed3bff |
+------------------------+----------+----------+----------+----------+----------+----------+
| MAIN  0x0c2b36~0x0c2d35|  2596864 |  2207744 |  2211840 |   606208 |   606208 |  2064384 |
|G-VRAM 0xc00000~0xc001ff|  1220608 |  1130496 |  1130496 |   401408 |   303104 |  1073152 |
|T-VRAM 0xe00000~0xe001ff|  1220608 |  1130496 |  1130496 |   401408 |   303104 |  1073152 |
| SPR   0xeb0000~0xeb01ff|   532480 |   438272 |   434176 |   303104 |   303104 |   409600 |
| PCG   0xeb8000~0xeb81ff|   602112 |   536576 |   536576 |   303104 |   303104 |   425984 |
| SRAM  0xed3800~0xed39ff|  1257472 |  1146880 |  1146880 |   405504 |   307200 |  1110016 |
|CGROM  0xf00000~0xf001ff|  2588672 |  2207744 |  2203648 |   606208 |   606208 |  2064384 |
|IPLROM 0xfe0000~0xfe01ff|  2592768 |  2207744 |  2207744 |   606208 |   606208 |  2064384 |
+------------------------+----------+----------+----------+----------+----------+----------+


testCase 1/39

CRTMOD(13) 512x512 65536color 1plane 15kHz
SP BG disp off (by $EB0808)
T-VRAM display
G-VRAM display
memcpyByU8 (ideal throughput is 454545 bytes/sec @10MHz)

throughput (bytes/sec)
+------------------------+----------+----------+----------+----------+----------+----------+
|                   dst  |   MAIN   |  G-VRAM  |  T-VRAM  |   SPR    |   PCG    |   SRAM   |
|                        | 0x0c2936 | 0xc00200 | 0xe00200 | 0xeb0200 | 0xeb8200 | 0xed3a00 |
|  src                   |~0x0c2b35 |~0xc003ff |~0xe003ff |~0xeb03ff |~0xeb83ff |~0xed3bff |
+------------------------+----------+----------+----------+----------+----------+----------+
| MAIN  0x0c2b36~0x0c2d35|  2596864 |  2207744 |  2211840 |   606208 |   606208 |  2068480 |
|G-VRAM 0xc00000~0xc001ff|  1220608 |  1130496 |  1130496 |   479232 |   479232 |  1077248 |
|T-VRAM 0xe00000~0xe001ff|  1220608 |  1130496 |  1130496 |   479232 |   479232 |  1077248 |
| SPR   0xeb0000~0xeb01ff|   569344 |   499712 |   503808 |   311296 |   335872 |   483328 |
| PCG   0xeb8000~0xeb81ff|   606208 |   589824 |   589824 |   344064 |   348160 |   569344 |
| SRAM  0xed3800~0xed39ff|  1257472 |  1146880 |  1146880 |   483328 |   487424 |  1114112 |
|CGROM  0xf00000~0xf001ff|  2588672 |  2207744 |  2203648 |   606208 |   606208 |  2068480 |
|IPLROM 0xfe0000~0xfe01ff|  2592768 |  2207744 |  2207744 |   606208 |   606208 |  2064384 |
+------------------------+----------+----------+----------+----------+----------+----------+


testCase 2/39

CRTMOD(13) 512x512 65536color 1plane 15kHz
SP BG disp on (by $EB0808)
T-VRAM buffer
G-VRAM display
memcpyByU8 (ideal throughput is 454545 bytes/sec @10MHz)

throughput (bytes/sec)
+------------------------+----------+----------+----------+----------+----------+----------+
|                   dst  |   MAIN   |  G-VRAM  |  T-VRAM  |   SPR    |   PCG    |   SRAM   |
|                        | 0x0c2936 | 0xc00200 | 0xe00200 | 0xeb0200 | 0xeb8200 | 0xed3a00 |
|  src                   |~0x0c2b35 |~0xc003ff |~0xe003ff |~0xeb03ff |~0xeb83ff |~0xed3bff |
+------------------------+----------+----------+----------+----------+----------+----------+
| MAIN  0x0c2b36~0x0c2d35|  2596864 |  2207744 |  2236416 |   606208 |   606208 |  2064384 |
|G-VRAM 0xc00000~0xc001ff|  1220608 |  1130496 |  1130496 |   401408 |   303104 |  1073152 |
|T-VRAM 0xe00000~0xe001ff|  1245184 |  1130496 |  1146880 |   405504 |   303104 |  1097728 |
| SPR   0xeb0000~0xeb01ff|   532480 |   438272 |   438272 |   303104 |   303104 |   405504 |
| PCG   0xeb8000~0xeb81ff|   602112 |   536576 |   540672 |   303104 |   303104 |   425984 |
| SRAM  0xed3800~0xed39ff|  1257472 |  1146880 |  1155072 |   405504 |   307200 |  1114112 |
|CGROM  0xf00000~0xf001ff|  2588672 |  2207744 |  2228224 |   606208 |   606208 |  2064384 |
|IPLROM 0xfe0000~0xfe01ff|  2592768 |  2207744 |  2232320 |   606208 |   606208 |  2064384 |
+------------------------+----------+----------+----------+----------+----------+----------+


testCase 3/39

CRTMOD(13) 512x512 65536color 1plane 15kHz
SP BG disp on (by $EB0808)
T-VRAM display
G-VRAM buffer
memcpyByU8 (ideal throughput is 454545 bytes/sec @10MHz)

throughput (bytes/sec)
+------------------------+----------+----------+----------+----------+----------+----------+
|                   dst  |   MAIN   |  G-VRAM  |  T-VRAM  |   SPR    |   PCG    |   SRAM   |
|                        | 0x0c2936 | 0xc00200 | 0xe00200 | 0xeb0200 | 0xeb8200 | 0xed3a00 |
|  src                   |~0x0c2b35 |~0xc003ff |~0xe003ff |~0xeb03ff |~0xeb83ff |~0xed3bff |
+------------------------+----------+----------+----------+----------+----------+----------+
| MAIN  0x0c2b36~0x0c2d35|  2596864 |  2232320 |  2211840 |   606208 |   606208 |  2064384 |
|G-VRAM 0xc00000~0xc001ff|  1245184 |  1146880 |  1130496 |   405504 |   303104 |  1097728 |
|T-VRAM 0xe00000~0xe001ff|  1220608 |  1130496 |  1130496 |   401408 |   303104 |  1073152 |
| SPR   0xeb0000~0xeb01ff|   532480 |   438272 |   438272 |   303104 |   303104 |   405504 |
| PCG   0xeb8000~0xeb81ff|   602112 |   540672 |   536576 |   303104 |   303104 |   425984 |
| SRAM  0xed3800~0xed39ff|  1257472 |  1159168 |  1146880 |   405504 |   307200 |  1110016 |
|CGROM  0xf00000~0xf001ff|  2588672 |  2228224 |  2207744 |   606208 |   606208 |  2064384 |
|IPLROM 0xfe0000~0xfe01ff|  2592768 |  2232320 |  2207744 |   606208 |   606208 |  2064384 |
+------------------------+----------+----------+----------+----------+----------+----------+


testCase 4/39

CRTMOD(13) 512x512 65536color 1plane 15kHz
SP BG disp on (by $EB0808)
T-VRAM display
G-VRAM display
memcpyByMovem (ideal throughput is 2081301 bytes/sec @10MHz)

throughput (bytes/sec)
+------------------------+----------+----------+----------+----------+----------+----------+
|                   dst  |   MAIN   |  G-VRAM  |  T-VRAM  |   SPR    |   PCG    |   SRAM   |
|                        | 0x0c2936 | 0xc00200 | 0xe00200 | 0xeb0200 | 0xeb8200 | 0xed3a00 |
|  src                   |~0x0c2b35 |~0xc003ff |~0xe003ff |~0xeb03ff |~0xeb83ff |~0xed3bff |
+------------------------+----------+----------+----------+----------+----------+----------+
| MAIN  0x0c2b36~0x0c2d35|  5582848 |  5107712 |  5111808 |  1175552 |  1142784 |  4681728 |
|G-VRAM 0xc00000~0xc001ff|  2662400 |  2576384 |  2576384 |   966656 |   962560 |  2473984 |
|T-VRAM 0xe00000~0xe001ff|  2662400 |  2576384 |  2572288 |   966656 |   962560 |  2478080 |
| SPR   0xeb0000~0xeb01ff|  1011712 |   995328 |   991232 |   606208 |   606208 |   970752 |
| PCG   0xeb8000~0xeb81ff|  1015808 |   970752 |   970752 |   606208 |   606208 |   970752 |
| SRAM  0xed3800~0xed39ff|  2764800 |  2662400 |  2666496 |   970752 |   970752 |  2547712 |
|CGROM  0xf00000~0xf001ff|  5689344 |  5332992 |  5337088 |  1212416 |  1212416 |  4894720 |
|IPLROM 0xfe0000~0xfe01ff|  5697536 |  5337088 |  5341184 |  1212416 |  1208320 |  4907008 |
+------------------------+----------+----------+----------+----------+----------+----------+


testCase 5/39

CRTMOD(13) 512x512 65536color 1plane 15kHz
SP BG disp off (by $EB0808)
T-VRAM display
G-VRAM display
memcpyByMovem (ideal throughput is 2081301 bytes/sec @10MHz)

throughput (bytes/sec)
+------------------------+----------+----------+----------+----------+----------+----------+
|                   dst  |   MAIN   |  G-VRAM  |  T-VRAM  |   SPR    |   PCG    |   SRAM   |
|                        | 0x0c2936 | 0xc00200 | 0xe00200 | 0xeb0200 | 0xeb8200 | 0xed3a00 |
|  src                   |~0x0c2b35 |~0xc003ff |~0xe003ff |~0xeb03ff |~0xeb83ff |~0xed3bff |
+------------------------+----------+----------+----------+----------+----------+----------+
| MAIN  0x0c2b36~0x0c2d35|  5582848 |  5111808 |  5107712 |  1204224 |  1396736 |  4685824 |
|G-VRAM 0xc00000~0xc001ff|  2662400 |  2576384 |  2576384 |   974848 |  1105920 |  2478080 |
|T-VRAM 0xe00000~0xe001ff|  2662400 |  2576384 |  2572288 |   974848 |  1110016 |  2469888 |
| SPR   0xeb0000~0xeb01ff|  1171456 |  1150976 |  1150976 |   659456 |   724992 |  1126400 |
| PCG   0xeb8000~0xeb81ff|  1273856 |  1245184 |  1245184 |   696320 |   757760 |  1224704 |
| SRAM  0xed3800~0xed39ff|  2764800 |  2662400 |  2666496 |   991232 |  1118208 |  2551808 |
|CGROM  0xf00000~0xf001ff|  5689344 |  5337088 |  5332992 |  1220608 |  1429504 |  4898816 |
|IPLROM 0xfe0000~0xfe01ff|  5697536 |  5337088 |  5341184 |  1220608 |  1429504 |  4902912 |
+------------------------+----------+----------+----------+----------+----------+----------+


testCase 6/39

CRTMOD(13) 512x512 65536color 1plane 15kHz
SP BG disp on (by $EB0808)
T-VRAM buffer
G-VRAM display
memcpyByMovem (ideal throughput is 2081301 bytes/sec @10MHz)

throughput (bytes/sec)
+------------------------+----------+----------+----------+----------+----------+----------+
|                   dst  |   MAIN   |  G-VRAM  |  T-VRAM  |   SPR    |   PCG    |   SRAM   |
|                        | 0x0c2936 | 0xc00200 | 0xe00200 | 0xeb0200 | 0xeb8200 | 0xed3a00 |
|  src                   |~0x0c2b35 |~0xc003ff |~0xe003ff |~0xeb03ff |~0xeb83ff |~0xed3bff |
+------------------------+----------+----------+----------+----------+----------+----------+
| MAIN  0x0c2b36~0x0c2d35|  5582848 |  5111808 |  5230592 |  1175552 |  1142784 |  4681728 |
|G-VRAM 0xc00000~0xc001ff|  2662400 |  2576384 |  2568192 |   966656 |   962560 |  2473984 |
|T-VRAM 0xe00000~0xe001ff|  2682880 |  2568192 |  2600960 |   970752 |   970752 |  2473984 |
| SPR   0xeb0000~0xeb01ff|  1015808 |   991232 |   995328 |   606208 |   606208 |   966656 |
| PCG   0xeb8000~0xeb81ff|  1015808 |   970752 |   970752 |   606208 |   606208 |   970752 |
| SRAM  0xed3800~0xed39ff|  2764800 |  2662400 |  2678784 |   970752 |   970752 |  2551808 |
|CGROM  0xf00000~0xf001ff|  5689344 |  5332992 |  5394432 |  1212416 |  1212416 |  4894720 |
|IPLROM 0xfe0000~0xfe01ff|  5697536 |  5337088 |  5398528 |  1212416 |  1208320 |  4907008 |
+------------------------+----------+----------+----------+----------+----------+----------+


testCase 7/39

CRTMOD(13) 512x512 65536color 1plane 15kHz
SP BG disp on (by $EB0808)
T-VRAM display
G-VRAM buffer
memcpyByMovem (ideal throughput is 2081301 bytes/sec @10MHz)

throughput (bytes/sec)
+------------------------+----------+----------+----------+----------+----------+----------+
|                   dst  |   MAIN   |  G-VRAM  |  T-VRAM  |   SPR    |   PCG    |   SRAM   |
|                        | 0x0c2936 | 0xc00200 | 0xe00200 | 0xeb0200 | 0xeb8200 | 0xed3a00 |
|  src                   |~0x0c2b35 |~0xc003ff |~0xe003ff |~0xeb03ff |~0xeb83ff |~0xed3bff |
+------------------------+----------+----------+----------+----------+----------+----------+
| MAIN  0x0c2b36~0x0c2d35|  5582848 |  5230592 |  5111808 |  1175552 |  1142784 |  4681728 |
|G-VRAM 0xc00000~0xc001ff|  2682880 |  2600960 |  2568192 |   970752 |   970752 |  2473984 |
|T-VRAM 0xe00000~0xe001ff|  2662400 |  2568192 |  2576384 |   966656 |   962560 |  2473984 |
| SPR   0xeb0000~0xeb01ff|  1011712 |   995328 |   995328 |   606208 |   606208 |   966656 |
| PCG   0xeb8000~0xeb81ff|  1015808 |   970752 |   970752 |   606208 |   606208 |   970752 |
| SRAM  0xed3800~0xed39ff|  2764800 |  2678784 |  2662400 |   970752 |   970752 |  2551808 |
|CGROM  0xf00000~0xf001ff|  5689344 |  5394432 |  5337088 |  1212416 |  1208320 |  4907008 |
|IPLROM 0xfe0000~0xfe01ff|  5697536 |  5394432 |  5341184 |  1212416 |  1208320 |  4907008 |
+------------------------+----------+----------+----------+----------+----------+----------+


testCase 8/39

CRTMOD(13) 512x512 65536color 1plane 15kHz
SP BG disp on (by $EB0808)
T-VRAM display
G-VRAM display
memcpyByDma Maximum-rate

throughput (bytes/sec)
+------------------------+----------+----------+----------+----------+----------+----------+
|                   dst  |   MAIN   |  G-VRAM  |  T-VRAM  |   SPR    |   PCG    |   SRAM   |
|                        | 0x0c2936 | 0xc00200 | 0xe00200 | 0xeb0200 | 0xeb8200 | 0xed3a00 |
|  src                   |~0x0c2b35 |~0xc003ff |~0xe003ff |~0xeb03ff |~0xeb83ff |~0xed3bff |
+------------------------+----------+----------+----------+----------+----------+----------+
| MAIN  0x0c2b36~0x0c2d35|  1916928 |  1863680 |  1871872 |  1093632 |  1110016 |  1916928 |
|G-VRAM 0xc00000~0xc001ff|  1536000 |  1474560 |  1478656 |   761856 |   585728 |  1531904 |
|T-VRAM 0xe00000~0xe001ff|  1536000 |  1478656 |  1474560 |   761856 |   585728 |  1531904 |
| SPR   0xeb0000~0xeb01ff|  1048576 |   835584 |   835584 |   585728 |   581632 |  1060864 |
| PCG   0xeb8000~0xeb81ff|  1114112 |   868352 |   868352 |   585728 |   585728 |  1118208 |
| SRAM  0xed3800~0xed39ff|  1773568 |  1658880 |  1667072 |   770048 |  1052672 |  1769472 |
|CGROM  0xf00000~0xf001ff|  1773568 |  1658880 |  1667072 |   770048 |  1052672 |  1769472 |
|IPLROM 0xfe0000~0xfe01ff|  1773568 |  1662976 |  1662976 |   770048 |  1052672 |  1769472 |
+------------------------+----------+----------+----------+----------+----------+----------+


testCase 9/39

CRTMOD(13) 512x512 65536color 1plane 15kHz
SP BG disp off (by $EB0808)
T-VRAM display
G-VRAM display
memcpyByDma Maximum-rate

throughput (bytes/sec)
+------------------------+----------+----------+----------+----------+----------+----------+
|                   dst  |   MAIN   |  G-VRAM  |  T-VRAM  |   SPR    |   PCG    |   SRAM   |
|                        | 0x0c2936 | 0xc00200 | 0xe00200 | 0xeb0200 | 0xeb8200 | 0xed3a00 |
|  src                   |~0x0c2b35 |~0xc003ff |~0xe003ff |~0xeb03ff |~0xeb83ff |~0xed3bff |
+------------------------+----------+----------+----------+----------+----------+----------+
| MAIN  0x0c2b36~0x0c2d35|  1916928 |  1863680 |  1871872 |  1105920 |  1122304 |  1912832 |
|G-VRAM 0xc00000~0xc001ff|  1536000 |  1478656 |  1478656 |   905216 |   901120 |  1540096 |
|T-VRAM 0xe00000~0xe001ff|  1536000 |  1478656 |  1478656 |   905216 |   901120 |  1540096 |
| SPR   0xeb0000~0xeb01ff|  1060864 |   942080 |   937984 |   749568 |   712704 |  1056768 |
| PCG   0xeb8000~0xeb81ff|  1126400 |  1081344 |  1085440 |   663552 |   770048 |  1126400 |
| SRAM  0xed3800~0xed39ff|  1773568 |  1662976 |  1662976 |   913408 |  1060864 |  1773568 |
|CGROM  0xf00000~0xf001ff|  1773568 |  1662976 |  1662976 |   913408 |  1060864 |  1773568 |
|IPLROM 0xfe0000~0xfe01ff|  1773568 |  1662976 |  1662976 |   913408 |  1060864 |  1773568 |
+------------------------+----------+----------+----------+----------+----------+----------+


testCase 10/39

CRTMOD(13) 512x512 65536color 1plane 15kHz
SP BG disp on (by $EB0808)
T-VRAM buffer
G-VRAM display
memcpyByDma Maximum-rate

throughput (bytes/sec)
+------------------------+----------+----------+----------+----------+----------+----------+
|                   dst  |   MAIN   |  G-VRAM  |  T-VRAM  |   SPR    |   PCG    |   SRAM   |
|                        | 0x0c2936 | 0xc00200 | 0xe00200 | 0xeb0200 | 0xeb8200 | 0xed3a00 |
|  src                   |~0x0c2b35 |~0xc003ff |~0xe003ff |~0xeb03ff |~0xeb83ff |~0xed3bff |
+------------------------+----------+----------+----------+----------+----------+----------+
| MAIN  0x0c2b36~0x0c2d35|  1916928 |  1863680 |  1896448 |  1093632 |  1110016 |  1916928 |
|G-VRAM 0xc00000~0xc001ff|  1536000 |  1478656 |  1474560 |   761856 |   585728 |  1531904 |
|T-VRAM 0xe00000~0xe001ff|  1560576 |  1474560 |  1486848 |   770048 |   585728 |  1556480 |
| SPR   0xeb0000~0xeb01ff|  1052672 |   831488 |   843776 |   581632 |   585728 |  1056768 |
| PCG   0xeb8000~0xeb81ff|  1114112 |   868352 |   876544 |   585728 |   585728 |  1118208 |
| SRAM  0xed3800~0xed39ff|  1773568 |  1662976 |  1687552 |   770048 |  1052672 |  1769472 |
|CGROM  0xf00000~0xf001ff|  1773568 |  1662976 |  1687552 |   770048 |  1052672 |  1769472 |
|IPLROM 0xfe0000~0xfe01ff|  1773568 |  1662976 |  1687552 |   770048 |  1052672 |  1773568 |
+------------------------+----------+----------+----------+----------+----------+----------+


testCase 11/39

CRTMOD(13) 512x512 65536color 1plane 15kHz
SP BG disp on (by $EB0808)
T-VRAM display
G-VRAM buffer
memcpyByDma Maximum-rate

throughput (bytes/sec)
+------------------------+----------+----------+----------+----------+----------+----------+
|                   dst  |   MAIN   |  G-VRAM  |  T-VRAM  |   SPR    |   PCG    |   SRAM   |
|                        | 0x0c2936 | 0xc00200 | 0xe00200 | 0xeb0200 | 0xeb8200 | 0xed3a00 |
|  src                   |~0x0c2b35 |~0xc003ff |~0xe003ff |~0xeb03ff |~0xeb83ff |~0xed3bff |
+------------------------+----------+----------+----------+----------+----------+----------+
| MAIN  0x0c2b36~0x0c2d35|  1916928 |  1888256 |  1871872 |  1093632 |  1110016 |  1916928 |
|G-VRAM 0xc00000~0xc001ff|  1560576 |  1486848 |  1474560 |   770048 |   585728 |  1556480 |
|T-VRAM 0xe00000~0xe001ff|  1536000 |  1478656 |  1474560 |   761856 |   585728 |  1536000 |
| SPR   0xeb0000~0xeb01ff|  1052672 |   835584 |   839680 |   585728 |   581632 |  1056768 |
| PCG   0xeb8000~0xeb81ff|  1114112 |   872448 |   872448 |   585728 |   585728 |  1118208 |
| SRAM  0xed3800~0xed39ff|  1773568 |  1687552 |  1662976 |   770048 |  1052672 |  1769472 |
|CGROM  0xf00000~0xf001ff|  1773568 |  1687552 |  1662976 |   770048 |  1052672 |  1769472 |
|IPLROM 0xfe0000~0xfe01ff|  1773568 |  1687552 |  1662976 |   770048 |  1052672 |  1773568 |
+------------------------+----------+----------+----------+----------+----------+----------+


testCase 12/39

CRTMOD(13) 512x512 65536color 1plane 15kHz
SP BG disp on (by $EB0808)
T-VRAM display
G-VRAM display
memcpyByDma Limited-rate BwRatio50% BurstTime16 LiteCsrPolling

throughput (bytes/sec)
+------------------------+----------+----------+----------+----------+----------+----------+
|                   dst  |   MAIN   |  G-VRAM  |  T-VRAM  |   SPR    |   PCG    |   SRAM   |
|                        | 0x0c2936 | 0xc00200 | 0xe00200 | 0xeb0200 | 0xeb8200 | 0xed3a00 |
|  src                   |~0x0c2b35 |~0xc003ff |~0xe003ff |~0xeb03ff |~0xeb83ff |~0xed3bff |
+------------------------+----------+----------+----------+----------+----------+----------+
| MAIN  0x0c2b36~0x0c2d35|    20480 |    20480 |    20480 |    73728 |   135168 |    20480 |
|G-VRAM 0xc00000~0xc001ff|    12288 |     8192 |     8192 |     8192 |    36864 |    12288 |
|T-VRAM 0xe00000~0xe001ff|    12288 |     8192 |     8192 |     8192 |    32768 |    12288 |
| SPR   0xeb0000~0xeb01ff|    16384 |     8192 |     8192 |   303104 |   294912 |    16384 |
| PCG   0xeb8000~0xeb81ff|   131072 |    53248 |    53248 |   331776 |   319488 |   180224 |
| SRAM  0xed3800~0xed39ff|    12288 |    16384 |    20480 |     8192 |    32768 |    12288 |
|CGROM  0xf00000~0xf001ff|    12288 |    16384 |    20480 |     8192 |    32768 |     8192 |
|IPLROM 0xfe0000~0xfe01ff|    12288 |    16384 |    20480 |     8192 |    28672 |    12288 |
+------------------------+----------+----------+----------+----------+----------+----------+


testCase 13/39

CRTMOD(13) 512x512 65536color 1plane 15kHz
SP BG disp off (by $EB0808)
T-VRAM display
G-VRAM display
memcpyByDma Limited-rate BwRatio50% BurstTime16 LiteCsrPolling

throughput (bytes/sec)
+------------------------+----------+----------+----------+----------+----------+----------+
|                   dst  |   MAIN   |  G-VRAM  |  T-VRAM  |   SPR    |   PCG    |   SRAM   |
|                        | 0x0c2936 | 0xc00200 | 0xe00200 | 0xeb0200 | 0xeb8200 | 0xed3a00 |
|  src                   |~0x0c2b35 |~0xc003ff |~0xe003ff |~0xeb03ff |~0xeb83ff |~0xed3bff |
+------------------------+----------+----------+----------+----------+----------+----------+
| MAIN  0x0c2b36~0x0c2d35|    20480 |    20480 |    20480 |   487424 |   581632 |    20480 |
|G-VRAM 0xc00000~0xc001ff|    12288 |     8192 |     8192 |    12288 |    12288 |    12288 |
|T-VRAM 0xe00000~0xe001ff|    12288 |     8192 |     8192 |    12288 |    16384 |     8192 |
| SPR   0xeb0000~0xeb01ff|   520192 |    57344 |    53248 |    12288 |    12288 |   479232 |
| PCG   0xeb8000~0xeb81ff|   581632 |   241664 |   225280 |    16384 |    16384 |   561152 |
| SRAM  0xed3800~0xed39ff|    12288 |    16384 |    20480 |    32768 |   536576 |    12288 |
|CGROM  0xf00000~0xf001ff|    12288 |    16384 |    20480 |    32768 |   540672 |    12288 |
|IPLROM 0xfe0000~0xfe01ff|    12288 |    16384 |    20480 |    32768 |   536576 |    12288 |
+------------------------+----------+----------+----------+----------+----------+----------+


testCase 14/39

CRTMOD(13) 512x512 65536color 1plane 15kHz
SP BG disp on (by $EB0808)
T-VRAM buffer
G-VRAM display
memcpyByDma Limited-rate BwRatio50% BurstTime16 LiteCsrPolling

throughput (bytes/sec)
+------------------------+----------+----------+----------+----------+----------+----------+
|                   dst  |   MAIN   |  G-VRAM  |  T-VRAM  |   SPR    |   PCG    |   SRAM   |
|                        | 0x0c2936 | 0xc00200 | 0xe00200 | 0xeb0200 | 0xeb8200 | 0xed3a00 |
|  src                   |~0x0c2b35 |~0xc003ff |~0xe003ff |~0xeb03ff |~0xeb83ff |~0xed3bff |
+------------------------+----------+----------+----------+----------+----------+----------+
| MAIN  0x0c2b36~0x0c2d35|    20480 |    20480 |    20480 |    73728 |   131072 |    20480 |
|G-VRAM 0xc00000~0xc001ff|    12288 |     8192 |    12288 |     4096 |    57344 |    12288 |
|T-VRAM 0xe00000~0xe001ff|    12288 |     8192 |     8192 |     8192 |    32768 |    12288 |
| SPR   0xeb0000~0xeb01ff|    16384 |     8192 |     8192 |   266240 |   286720 |    16384 |
| PCG   0xeb8000~0xeb81ff|   122880 |    53248 |    61440 |   319488 |   327680 |   176128 |
| SRAM  0xed3800~0xed39ff|    12288 |    16384 |    20480 |     8192 |    32768 |     8192 |
|CGROM  0xf00000~0xf001ff|    12288 |    16384 |    20480 |     8192 |    28672 |    12288 |
|IPLROM 0xfe0000~0xfe01ff|    12288 |    12288 |    24576 |     8192 |    28672 |    12288 |
+------------------------+----------+----------+----------+----------+----------+----------+


testCase 15/39

CRTMOD(13) 512x512 65536color 1plane 15kHz
SP BG disp on (by $EB0808)
T-VRAM display
G-VRAM buffer
memcpyByDma Limited-rate BwRatio50% BurstTime16 LiteCsrPolling

throughput (bytes/sec)
+------------------------+----------+----------+----------+----------+----------+----------+
|                   dst  |   MAIN   |  G-VRAM  |  T-VRAM  |   SPR    |   PCG    |   SRAM   |
|                        | 0x0c2936 | 0xc00200 | 0xe00200 | 0xeb0200 | 0xeb8200 | 0xed3a00 |
|  src                   |~0x0c2b35 |~0xc003ff |~0xe003ff |~0xeb03ff |~0xeb83ff |~0xed3bff |
+------------------------+----------+----------+----------+----------+----------+----------+
| MAIN  0x0c2b36~0x0c2d35|    20480 |    20480 |    20480 |    73728 |   131072 |    20480 |
|G-VRAM 0xc00000~0xc001ff|    12288 |     8192 |     8192 |     8192 |    36864 |    12288 |
|T-VRAM 0xe00000~0xe001ff|    12288 |     8192 |     8192 |     8192 |    40960 |    12288 |
| SPR   0xeb0000~0xeb01ff|    16384 |     8192 |     8192 |   286720 |   294912 |    16384 |
| PCG   0xeb8000~0xeb81ff|   118784 |    57344 |    57344 |   303104 |   315392 |   184320 |
| SRAM  0xed3800~0xed39ff|    12288 |    16384 |    20480 |     8192 |    28672 |    12288 |
|CGROM  0xf00000~0xf001ff|    12288 |    16384 |    20480 |     8192 |    28672 |    12288 |
|IPLROM 0xfe0000~0xfe01ff|    12288 |    16384 |    20480 |     8192 |    32768 |    12288 |
+------------------------+----------+----------+----------+----------+----------+----------+


testCase 16/39

CRTMOD(13) 512x512 65536color 1plane 15kHz
SP BG disp on (by $EB0808)
T-VRAM display
G-VRAM display
memcpyByDma Limited-rate BwRatio50% BurstTime16 FullCsrPolling

throughput (bytes/sec)
+------------------------+----------+----------+----------+----------+----------+----------+
|                   dst  |   MAIN   |  G-VRAM  |  T-VRAM  |   SPR    |   PCG    |   SRAM   |
|                        | 0x0c2936 | 0xc00200 | 0xe00200 | 0xeb0200 | 0xeb8200 | 0xed3a00 |
|  src                   |~0x0c2b35 |~0xc003ff |~0xe003ff |~0xeb03ff |~0xeb83ff |~0xed3bff |
+------------------------+----------+----------+----------+----------+----------+----------+
| MAIN  0x0c2b36~0x0c2d35|   499712 |   638976 |   638976 |   405504 |   385024 |   475136 |
|G-VRAM 0xc00000~0xc001ff|   581632 |   569344 |   573440 |   376832 |   266240 |   573440 |
|T-VRAM 0xe00000~0xe001ff|   581632 |   573440 |   573440 |   372736 |   266240 |   577536 |
| SPR   0xeb0000~0xeb01ff|   348160 |   364544 |   360448 |   270336 |   270336 |   348160 |
| PCG   0xeb8000~0xeb81ff|   380928 |   331776 |   335872 |   262144 |   262144 |   385024 |
| SRAM  0xed3800~0xed39ff|   602112 |   577536 |   585728 |   385024 |   364544 |   585728 |
|CGROM  0xf00000~0xf001ff|   598016 |   581632 |   585728 |   385024 |   360448 |   589824 |
|IPLROM 0xfe0000~0xfe01ff|   598016 |   581632 |   585728 |   385024 |   360448 |   589824 |
+------------------------+----------+----------+----------+----------+----------+----------+


testCase 17/39

CRTMOD(13) 512x512 65536color 1plane 15kHz
SP BG disp off (by $EB0808)
T-VRAM display
G-VRAM display
memcpyByDma Limited-rate BwRatio50% BurstTime16 FullCsrPolling

throughput (bytes/sec)
+------------------------+----------+----------+----------+----------+----------+----------+
|                   dst  |   MAIN   |  G-VRAM  |  T-VRAM  |   SPR    |   PCG    |   SRAM   |
|                        | 0x0c2936 | 0xc00200 | 0xe00200 | 0xeb0200 | 0xeb8200 | 0xed3a00 |
|  src                   |~0x0c2b35 |~0xc003ff |~0xe003ff |~0xeb03ff |~0xeb83ff |~0xed3bff |
+------------------------+----------+----------+----------+----------+----------+----------+
| MAIN  0x0c2b36~0x0c2d35|   503808 |   634880 |   634880 |   372736 |   327680 |   471040 |
|G-VRAM 0xc00000~0xc001ff|   581632 |   569344 |   573440 |   274432 |   282624 |   581632 |
|T-VRAM 0xe00000~0xe001ff|   581632 |   569344 |   573440 |   278528 |   282624 |   573440 |
| SPR   0xeb0000~0xeb01ff|   364544 |   319488 |   315392 |   266240 |   233472 |   368640 |
| PCG   0xeb8000~0xeb81ff|   356352 |   348160 |   339968 |   208896 |   311296 |   356352 |
| SRAM  0xed3800~0xed39ff|   598016 |   581632 |   585728 |   286720 |   364544 |   589824 |
|CGROM  0xf00000~0xf001ff|   598016 |   581632 |   585728 |   286720 |   364544 |   589824 |
|IPLROM 0xfe0000~0xfe01ff|   598016 |   581632 |   585728 |   286720 |   364544 |   589824 |
+------------------------+----------+----------+----------+----------+----------+----------+


testCase 18/39

CRTMOD(13) 512x512 65536color 1plane 15kHz
SP BG disp on (by $EB0808)
T-VRAM buffer
G-VRAM display
memcpyByDma Limited-rate BwRatio50% BurstTime16 FullCsrPolling

throughput (bytes/sec)
+------------------------+----------+----------+----------+----------+----------+----------+
|                   dst  |   MAIN   |  G-VRAM  |  T-VRAM  |   SPR    |   PCG    |   SRAM   |
|                        | 0x0c2936 | 0xc00200 | 0xe00200 | 0xeb0200 | 0xeb8200 | 0xed3a00 |
|  src                   |~0x0c2b35 |~0xc003ff |~0xe003ff |~0xeb03ff |~0xeb83ff |~0xed3bff |
+------------------------+----------+----------+----------+----------+----------+----------+
| MAIN  0x0c2b36~0x0c2d35|   499712 |   638976 |   655360 |   409600 |   380928 |   475136 |
|G-VRAM 0xc00000~0xc001ff|   581632 |   569344 |   589824 |   376832 |   266240 |   573440 |
|T-VRAM 0xe00000~0xe001ff|   598016 |   585728 |   614400 |   385024 |   266240 |   598016 |
| SPR   0xeb0000~0xeb01ff|   348160 |   364544 |   368640 |   270336 |   270336 |   348160 |
| PCG   0xeb8000~0xeb81ff|   380928 |   331776 |   339968 |   262144 |   262144 |   385024 |
| SRAM  0xed3800~0xed39ff|   598016 |   581632 |   606208 |   385024 |   364544 |   585728 |
|CGROM  0xf00000~0xf001ff|   598016 |   581632 |   606208 |   385024 |   360448 |   589824 |
|IPLROM 0xfe0000~0xfe01ff|   598016 |   581632 |   606208 |   385024 |   360448 |   589824 |
+------------------------+----------+----------+----------+----------+----------+----------+


testCase 19/39

CRTMOD(13) 512x512 65536color 1plane 15kHz
SP BG disp on (by $EB0808)
T-VRAM display
G-VRAM buffer
memcpyByDma Limited-rate BwRatio50% BurstTime16 FullCsrPolling

throughput (bytes/sec)
+------------------------+----------+----------+----------+----------+----------+----------+
|                   dst  |   MAIN   |  G-VRAM  |  T-VRAM  |   SPR    |   PCG    |   SRAM   |
|                        | 0x0c2936 | 0xc00200 | 0xe00200 | 0xeb0200 | 0xeb8200 | 0xed3a00 |
|  src                   |~0x0c2b35 |~0xc003ff |~0xe003ff |~0xeb03ff |~0xeb83ff |~0xed3bff |
+------------------------+----------+----------+----------+----------+----------+----------+
| MAIN  0x0c2b36~0x0c2d35|   499712 |   655360 |   638976 |   405504 |   385024 |   475136 |
|G-VRAM 0xc00000~0xc001ff|   598016 |   610304 |   589824 |   389120 |   266240 |   589824 |
|T-VRAM 0xe00000~0xe001ff|   581632 |   589824 |   573440 |   376832 |   266240 |   573440 |
| SPR   0xeb0000~0xeb01ff|   348160 |   372736 |   360448 |   270336 |   270336 |   348160 |
| PCG   0xeb8000~0xeb81ff|   380928 |   335872 |   331776 |   262144 |   262144 |   389120 |
| SRAM  0xed3800~0xed39ff|   598016 |   606208 |   581632 |   385024 |   360448 |   589824 |
|CGROM  0xf00000~0xf001ff|   598016 |   606208 |   581632 |   385024 |   360448 |   589824 |
|IPLROM 0xfe0000~0xfe01ff|   598016 |   602112 |   585728 |   385024 |   360448 |   589824 |
+------------------------+----------+----------+----------+----------+----------+----------+


testCase 20/39

CRTMOD(12) 512x512 65536color 1plane 31kHz
SP BG disp on (by $EB0808)
T-VRAM display
G-VRAM display
memcpyByU8 (ideal throughput is 454545 bytes/sec @10MHz)

throughput (bytes/sec)
+------------------------+----------+----------+----------+----------+----------+----------+
|                   dst  |   MAIN   |  G-VRAM  |  T-VRAM  |   SPR    |   PCG    |   SRAM   |
|                        | 0x0c2936 | 0xc00200 | 0xe00200 | 0xeb0200 | 0xeb8200 | 0xed3a00 |
|  src                   |~0x0c2b35 |~0xc003ff |~0xe003ff |~0xeb03ff |~0xeb83ff |~0xed3bff |
+------------------------+----------+----------+----------+----------+----------+----------+
| MAIN  0x0c2b36~0x0c2d35|  2596864 |  2195456 |  2195456 |   770048 |   720896 |  2072576 |
|G-VRAM 0xc00000~0xc001ff|  1220608 |  1126400 |  1126400 |   565248 |   491520 |  1081344 |
|T-VRAM 0xe00000~0xe001ff|  1220608 |  1130496 |  1122304 |   569344 |   487424 |  1085440 |
| SPR   0xeb0000~0xeb01ff|   720896 |   684032 |   679936 |   434176 |   479232 |   659456 |
| PCG   0xeb8000~0xeb81ff|   720896 |   692224 |   692224 |   368640 |   360448 |   716800 |
| SRAM  0xed3800~0xed39ff|  1257472 |  1142784 |  1142784 |   581632 |   503808 |  1110016 |
|CGROM  0xf00000~0xf001ff|  2588672 |  2195456 |  2195456 |   770048 |   720896 |  2068480 |
|IPLROM 0xfe0000~0xfe01ff|  2592768 |  2195456 |  2195456 |   770048 |   720896 |  2068480 |
+------------------------+----------+----------+----------+----------+----------+----------+


testCase 21/39

CRTMOD(12) 512x512 65536color 1plane 31kHz
SP BG disp off (by $EB0808)
T-VRAM display
G-VRAM display
memcpyByU8 (ideal throughput is 454545 bytes/sec @10MHz)

throughput (bytes/sec)
+------------------------+----------+----------+----------+----------+----------+----------+
|                   dst  |   MAIN   |  G-VRAM  |  T-VRAM  |   SPR    |   PCG    |   SRAM   |
|                        | 0x0c2936 | 0xc00200 | 0xe00200 | 0xeb0200 | 0xeb8200 | 0xed3a00 |
|  src                   |~0x0c2b35 |~0xc003ff |~0xe003ff |~0xeb03ff |~0xeb83ff |~0xed3bff |
+------------------------+----------+----------+----------+----------+----------+----------+
| MAIN  0x0c2b36~0x0c2d35|  2596864 |  2195456 |  2195456 |   868352 |   864256 |  2072576 |
|G-VRAM 0xc00000~0xc001ff|  1220608 |  1126400 |  1126400 |   630784 |   630784 |  1085440 |
|T-VRAM 0xe00000~0xe001ff|  1220608 |  1130496 |  1122304 |   630784 |   630784 |  1085440 |
| SPR   0xeb0000~0xeb01ff|   729088 |   696320 |   700416 |   471040 |   479232 |   696320 |
| PCG   0xeb8000~0xeb81ff|   765952 |   716800 |   716800 |   483328 |   499712 |   720896 |
| SRAM  0xed3800~0xed39ff|  1257472 |  1142784 |  1142784 |   643072 |   651264 |  1114112 |
|CGROM  0xf00000~0xf001ff|  2588672 |  2195456 |  2195456 |   864256 |   868352 |  2072576 |
|IPLROM 0xfe0000~0xfe01ff|  2592768 |  2195456 |  2195456 |   864256 |   868352 |  2072576 |
+------------------------+----------+----------+----------+----------+----------+----------+


testCase 22/39

CRTMOD(12) 512x512 65536color 1plane 31kHz
SP BG disp on (by $EB0808)
T-VRAM buffer
G-VRAM display
memcpyByU8 (ideal throughput is 454545 bytes/sec @10MHz)

throughput (bytes/sec)
+------------------------+----------+----------+----------+----------+----------+----------+
|                   dst  |   MAIN   |  G-VRAM  |  T-VRAM  |   SPR    |   PCG    |   SRAM   |
|                        | 0x0c2936 | 0xc00200 | 0xe00200 | 0xeb0200 | 0xeb8200 | 0xed3a00 |
|  src                   |~0x0c2b35 |~0xc003ff |~0xe003ff |~0xeb03ff |~0xeb83ff |~0xed3bff |
+------------------------+----------+----------+----------+----------+----------+----------+
| MAIN  0x0c2b36~0x0c2d35|  2596864 |  2195456 |  2232320 |   770048 |   720896 |  2072576 |
|G-VRAM 0xc00000~0xc001ff|  1220608 |  1126400 |  1126400 |   569344 |   487424 |  1085440 |
|T-VRAM 0xe00000~0xe001ff|  1245184 |  1130496 |  1146880 |   577536 |   495616 |  1101824 |
| SPR   0xeb0000~0xeb01ff|   720896 |   684032 |   688128 |   434176 |   475136 |   659456 |
| PCG   0xeb8000~0xeb81ff|   720896 |   692224 |   712704 |   368640 |   360448 |   716800 |
| SRAM  0xed3800~0xed39ff|  1257472 |  1142784 |  1159168 |   581632 |   499712 |  1118208 |
|CGROM  0xf00000~0xf001ff|  2588672 |  2195456 |  2228224 |   770048 |   720896 |  2068480 |
|IPLROM 0xfe0000~0xfe01ff|  2592768 |  2195456 |  2228224 |   770048 |   720896 |  2068480 |
+------------------------+----------+----------+----------+----------+----------+----------+


testCase 23/39

CRTMOD(12) 512x512 65536color 1plane 31kHz
SP BG disp on (by $EB0808)
T-VRAM display
G-VRAM buffer
memcpyByU8 (ideal throughput is 454545 bytes/sec @10MHz)

throughput (bytes/sec)
+------------------------+----------+----------+----------+----------+----------+----------+
|                   dst  |   MAIN   |  G-VRAM  |  T-VRAM  |   SPR    |   PCG    |   SRAM   |
|                        | 0x0c2936 | 0xc00200 | 0xe00200 | 0xeb0200 | 0xeb8200 | 0xed3a00 |
|  src                   |~0x0c2b35 |~0xc003ff |~0xe003ff |~0xeb03ff |~0xeb83ff |~0xed3bff |
+------------------------+----------+----------+----------+----------+----------+----------+
| MAIN  0x0c2b36~0x0c2d35|  2596864 |  2232320 |  2195456 |   770048 |   720896 |  2068480 |
|G-VRAM 0xc00000~0xc001ff|  1245184 |  1146880 |  1130496 |   577536 |   495616 |  1101824 |
|T-VRAM 0xe00000~0xe001ff|  1220608 |  1130496 |  1126400 |   565248 |   491520 |  1081344 |
| SPR   0xeb0000~0xeb01ff|   720896 |   688128 |   684032 |   434176 |   475136 |   659456 |
| PCG   0xeb8000~0xeb81ff|   720896 |   712704 |   692224 |   368640 |   360448 |   716800 |
| SRAM  0xed3800~0xed39ff|  1257472 |  1159168 |  1142784 |   581632 |   499712 |  1118208 |
|CGROM  0xf00000~0xf001ff|  2588672 |  2228224 |  2195456 |   770048 |   720896 |  2068480 |
|IPLROM 0xfe0000~0xfe01ff|  2592768 |  2232320 |  2195456 |   770048 |   720896 |  2064384 |
+------------------------+----------+----------+----------+----------+----------+----------+


testCase 24/39

CRTMOD(12) 512x512 65536color 1plane 31kHz
SP BG disp on (by $EB0808)
T-VRAM display
G-VRAM display
memcpyByMovem (ideal throughput is 2081301 bytes/sec @10MHz)

throughput (bytes/sec)
+------------------------+----------+----------+----------+----------+----------+----------+
|                   dst  |   MAIN   |  G-VRAM  |  T-VRAM  |   SPR    |   PCG    |   SRAM   |
|                        | 0x0c2936 | 0xc00200 | 0xe00200 | 0xeb0200 | 0xeb8200 | 0xed3a00 |
|  src                   |~0x0c2b35 |~0xc003ff |~0xe003ff |~0xeb03ff |~0xeb83ff |~0xed3bff |
+------------------------+----------+----------+----------+----------+----------+----------+
| MAIN  0x0c2b36~0x0c2d35|  5582848 |  5079040 |  5083136 |  1794048 |  1400832 |  4694016 |
|G-VRAM 0xc00000~0xc001ff|  2666496 |  2560000 |  2564096 |  1339392 |  1118208 |  2457600 |
|T-VRAM 0xe00000~0xe001ff|  2666496 |  2560000 |  2560000 |  1343488 |  1118208 |  2453504 |
| SPR   0xeb0000~0xeb01ff|  1458176 |  1437696 |  1433600 |   946176 |   827392 |  1396736 |
| PCG   0xeb8000~0xeb81ff|  1175552 |  1150976 |  1150976 |   819200 |   724992 |  1126400 |
| SRAM  0xed3800~0xed39ff|  2760704 |  2670592 |  2670592 |  1380352 |  1130496 |  2547712 |
|CGROM  0xf00000~0xf001ff|  5685248 |  5304320 |  5300224 |  1806336 |  1445888 |  4898816 |
|IPLROM 0xfe0000~0xfe01ff|  5697536 |  5304320 |  5300224 |  1806336 |  1445888 |  4898816 |
+------------------------+----------+----------+----------+----------+----------+----------+


testCase 25/39

CRTMOD(12) 512x512 65536color 1plane 31kHz
SP BG disp off (by $EB0808)
T-VRAM display
G-VRAM display
memcpyByMovem (ideal throughput is 2081301 bytes/sec @10MHz)

throughput (bytes/sec)
+------------------------+----------+----------+----------+----------+----------+----------+
|                   dst  |   MAIN   |  G-VRAM  |  T-VRAM  |   SPR    |   PCG    |   SRAM   |
|                        | 0x0c2936 | 0xc00200 | 0xe00200 | 0xeb0200 | 0xeb8200 | 0xed3a00 |
|  src                   |~0x0c2b35 |~0xc003ff |~0xe003ff |~0xeb03ff |~0xeb83ff |~0xed3bff |
+------------------------+----------+----------+----------+----------+----------+----------+
| MAIN  0x0c2b36~0x0c2d35|  5582848 |  5083136 |  5083136 |  1855488 |  1912832 |  4689920 |
|G-VRAM 0xc00000~0xc001ff|  2666496 |  2560000 |  2564096 |  1363968 |  1392640 |  2457600 |
|T-VRAM 0xe00000~0xe001ff|  2666496 |  2560000 |  2564096 |  1363968 |  1392640 |  2457600 |
| SPR   0xeb0000~0xeb01ff|  1568768 |  1527808 |  1527808 |  1003520 |  1024000 |  1490944 |
| PCG   0xeb8000~0xeb81ff|  1605632 |  1564672 |  1564672 |  1019904 |  1036288 |  1523712 |
| SRAM  0xed3800~0xed39ff|  2764800 |  2666496 |  2670592 |  1392640 |  1421312 |  2551808 |
|CGROM  0xf00000~0xf001ff|  5685248 |  5304320 |  5300224 |  1884160 |  1937408 |  4902912 |
|IPLROM 0xfe0000~0xfe01ff|  5697536 |  5304320 |  5304320 |  1884160 |  1937408 |  4902912 |
+------------------------+----------+----------+----------+----------+----------+----------+


testCase 26/39

CRTMOD(12) 512x512 65536color 1plane 31kHz
SP BG disp on (by $EB0808)
T-VRAM buffer
G-VRAM display
memcpyByMovem (ideal throughput is 2081301 bytes/sec @10MHz)

throughput (bytes/sec)
+------------------------+----------+----------+----------+----------+----------+----------+
|                   dst  |   MAIN   |  G-VRAM  |  T-VRAM  |   SPR    |   PCG    |   SRAM   |
|                        | 0x0c2936 | 0xc00200 | 0xe00200 | 0xeb0200 | 0xeb8200 | 0xed3a00 |
|  src                   |~0x0c2b35 |~0xc003ff |~0xe003ff |~0xeb03ff |~0xeb83ff |~0xed3bff |
+------------------------+----------+----------+----------+----------+----------+----------+
| MAIN  0x0c2b36~0x0c2d35|  5582848 |  5083136 |  5230592 |  1794048 |  1400832 |  4689920 |
|G-VRAM 0xc00000~0xc001ff|  2666496 |  2560000 |  2580480 |  1343488 |  1118208 |  2453504 |
|T-VRAM 0xe00000~0xe001ff|  2682880 |  2580480 |  2605056 |  1343488 |  1114112 |  2478080 |
| SPR   0xeb0000~0xeb01ff|  1458176 |  1437696 |  1437696 |   946176 |   827392 |  1396736 |
| PCG   0xeb8000~0xeb81ff|  1175552 |  1150976 |  1155072 |   823296 |   720896 |  1130496 |
| SRAM  0xed3800~0xed39ff|  2760704 |  2670592 |  2678784 |  1380352 |  1130496 |  2551808 |
|CGROM  0xf00000~0xf001ff|  5685248 |  5304320 |  5394432 |  1806336 |  1445888 |  4898816 |
|IPLROM 0xfe0000~0xfe01ff|  5697536 |  5304320 |  5394432 |  1806336 |  1445888 |  4898816 |
+------------------------+----------+----------+----------+----------+----------+----------+


testCase 27/39

CRTMOD(12) 512x512 65536color 1plane 31kHz
SP BG disp on (by $EB0808)
T-VRAM display
G-VRAM buffer
memcpyByMovem (ideal throughput is 2081301 bytes/sec @10MHz)

throughput (bytes/sec)
+------------------------+----------+----------+----------+----------+----------+----------+
|                   dst  |   MAIN   |  G-VRAM  |  T-VRAM  |   SPR    |   PCG    |   SRAM   |
|                        | 0x0c2936 | 0xc00200 | 0xe00200 | 0xeb0200 | 0xeb8200 | 0xed3a00 |
|  src                   |~0x0c2b35 |~0xc003ff |~0xe003ff |~0xeb03ff |~0xeb83ff |~0xed3bff |
+------------------------+----------+----------+----------+----------+----------+----------+
| MAIN  0x0c2b36~0x0c2d35|  5582848 |  5230592 |  5083136 |  1794048 |  1400832 |  4689920 |
|G-VRAM 0xc00000~0xc001ff|  2682880 |  2600960 |  2584576 |  1343488 |  1114112 |  2478080 |
|T-VRAM 0xe00000~0xe001ff|  2666496 |  2580480 |  2560000 |  1343488 |  1118208 |  2453504 |
| SPR   0xeb0000~0xeb01ff|  1458176 |  1441792 |  1433600 |   946176 |   827392 |  1396736 |
| PCG   0xeb8000~0xeb81ff|  1175552 |  1159168 |  1146880 |   823296 |   720896 |  1130496 |
| SRAM  0xed3800~0xed39ff|  2760704 |  2682880 |  2666496 |  1380352 |  1130496 |  2551808 |
|CGROM  0xf00000~0xf001ff|  5689344 |  5394432 |  5300224 |  1806336 |  1445888 |  4898816 |
|IPLROM 0xfe0000~0xfe01ff|  5693440 |  5398528 |  5304320 |  1806336 |  1445888 |  4898816 |
+------------------------+----------+----------+----------+----------+----------+----------+


testCase 28/39

CRTMOD(12) 512x512 65536color 1plane 31kHz
SP BG disp on (by $EB0808)
T-VRAM display
G-VRAM display
memcpyByDma Maximum-rate

throughput (bytes/sec)
+------------------------+----------+----------+----------+----------+----------+----------+
|                   dst  |   MAIN   |  G-VRAM  |  T-VRAM  |   SPR    |   PCG    |   SRAM   |
|                        | 0x0c2936 | 0xc00200 | 0xe00200 | 0xeb0200 | 0xeb8200 | 0xed3a00 |
|  src                   |~0x0c2b35 |~0xc003ff |~0xe003ff |~0xeb03ff |~0xeb83ff |~0xed3bff |
+------------------------+----------+----------+----------+----------+----------+----------+
| MAIN  0x0c2b36~0x0c2d35|  1916928 |  1863680 |  1871872 |  1318912 |  1323008 |  1912832 |
|G-VRAM 0xc00000~0xc001ff|  1536000 |  1466368 |  1478656 |  1060864 |   970752 |  1527808 |
|T-VRAM 0xe00000~0xe001ff|  1536000 |  1478656 |  1470464 |  1056768 |   970752 |  1531904 |
| SPR   0xeb0000~0xeb01ff|  1323008 |  1204224 |  1204224 |   909312 |   909312 |  1323008 |
| PCG   0xeb8000~0xeb81ff|  1323008 |  1277952 |  1282048 |   909312 |   704512 |  1323008 |
| SRAM  0xed3800~0xed39ff|  1773568 |  1662976 |  1667072 |  1282048 |  1323008 |  1773568 |
|CGROM  0xf00000~0xf001ff|  1773568 |  1662976 |  1667072 |  1282048 |  1323008 |  1773568 |
|IPLROM 0xfe0000~0xfe01ff|  1773568 |  1662976 |  1667072 |  1282048 |  1323008 |  1773568 |
+------------------------+----------+----------+----------+----------+----------+----------+


testCase 29/39

CRTMOD(12) 512x512 65536color 1plane 31kHz
SP BG disp off (by $EB0808)
T-VRAM display
G-VRAM display
memcpyByDma Maximum-rate

throughput (bytes/sec)
+------------------------+----------+----------+----------+----------+----------+----------+
|                   dst  |   MAIN   |  G-VRAM  |  T-VRAM  |   SPR    |   PCG    |   SRAM   |
|                        | 0x0c2936 | 0xc00200 | 0xe00200 | 0xeb0200 | 0xeb8200 | 0xed3a00 |
|  src                   |~0x0c2b35 |~0xc003ff |~0xe003ff |~0xeb03ff |~0xeb83ff |~0xed3bff |
+------------------------+----------+----------+----------+----------+----------+----------+
| MAIN  0x0c2b36~0x0c2d35|  1916928 |  1863680 |  1871872 |  1343488 |  1441792 |  1912832 |
|G-VRAM 0xc00000~0xc001ff|  1536000 |  1466368 |  1482752 |  1167360 |  1183744 |  1531904 |
|T-VRAM 0xe00000~0xe001ff|  1536000 |  1478656 |  1470464 |  1163264 |  1187840 |  1531904 |
| SPR   0xeb0000~0xeb01ff|  1327104 |  1273856 |  1273856 |   995328 |  1077248 |  1327104 |
| PCG   0xeb8000~0xeb81ff|  1437696 |  1323008 |  1323008 |   995328 |  1085440 |  1441792 |
| SRAM  0xed3800~0xed39ff|  1773568 |  1662976 |  1667072 |  1318912 |  1327104 |  1773568 |
|CGROM  0xf00000~0xf001ff|  1773568 |  1662976 |  1667072 |  1318912 |  1327104 |  1773568 |
|IPLROM 0xfe0000~0xfe01ff|  1773568 |  1662976 |  1667072 |  1318912 |  1327104 |  1773568 |
+------------------------+----------+----------+----------+----------+----------+----------+


testCase 30/39

CRTMOD(12) 512x512 65536color 1plane 31kHz
SP BG disp on (by $EB0808)
T-VRAM buffer
G-VRAM display
memcpyByDma Maximum-rate

throughput (bytes/sec)
+------------------------+----------+----------+----------+----------+----------+----------+
|                   dst  |   MAIN   |  G-VRAM  |  T-VRAM  |   SPR    |   PCG    |   SRAM   |
|                        | 0x0c2936 | 0xc00200 | 0xe00200 | 0xeb0200 | 0xeb8200 | 0xed3a00 |
|  src                   |~0x0c2b35 |~0xc003ff |~0xe003ff |~0xeb03ff |~0xeb83ff |~0xed3bff |
+------------------------+----------+----------+----------+----------+----------+----------+
| MAIN  0x0c2b36~0x0c2d35|  1916928 |  1863680 |  1896448 |  1318912 |  1323008 |  1912832 |
|G-VRAM 0xc00000~0xc001ff|  1536000 |  1466368 |  1482752 |  1060864 |   966656 |  1531904 |
|T-VRAM 0xe00000~0xe001ff|  1560576 |  1478656 |  1490944 |  1077248 |   978944 |  1556480 |
| SPR   0xeb0000~0xeb01ff|  1323008 |  1204224 |  1212416 |   909312 |   909312 |  1327104 |
| PCG   0xeb8000~0xeb81ff|  1323008 |  1277952 |  1318912 |   913408 |   700416 |  1327104 |
| SRAM  0xed3800~0xed39ff|  1773568 |  1662976 |  1687552 |  1282048 |  1323008 |  1773568 |
|CGROM  0xf00000~0xf001ff|  1773568 |  1662976 |  1687552 |  1282048 |  1323008 |  1773568 |
|IPLROM 0xfe0000~0xfe01ff|  1773568 |  1662976 |  1691648 |  1277952 |  1327104 |  1769472 |
+------------------------+----------+----------+----------+----------+----------+----------+


testCase 31/39

CRTMOD(12) 512x512 65536color 1plane 31kHz
SP BG disp on (by $EB0808)
T-VRAM display
G-VRAM buffer
memcpyByDma Maximum-rate

throughput (bytes/sec)
+------------------------+----------+----------+----------+----------+----------+----------+
|                   dst  |   MAIN   |  G-VRAM  |  T-VRAM  |   SPR    |   PCG    |   SRAM   |
|                        | 0x0c2936 | 0xc00200 | 0xe00200 | 0xeb0200 | 0xeb8200 | 0xed3a00 |
|  src                   |~0x0c2b35 |~0xc003ff |~0xe003ff |~0xeb03ff |~0xeb83ff |~0xed3bff |
+------------------------+----------+----------+----------+----------+----------+----------+
| MAIN  0x0c2b36~0x0c2d35|  1916928 |  1888256 |  1871872 |  1318912 |  1323008 |  1912832 |
|G-VRAM 0xc00000~0xc001ff|  1560576 |  1486848 |  1482752 |  1077248 |   978944 |  1556480 |
|T-VRAM 0xe00000~0xe001ff|  1536000 |  1478656 |  1470464 |  1060864 |   966656 |  1531904 |
| SPR   0xeb0000~0xeb01ff|  1323008 |  1212416 |  1204224 |   909312 |   909312 |  1327104 |
| PCG   0xeb8000~0xeb81ff|  1323008 |  1318912 |  1282048 |   909312 |   704512 |  1318912 |
| SRAM  0xed3800~0xed39ff|  1773568 |  1687552 |  1662976 |  1282048 |  1323008 |  1773568 |
|CGROM  0xf00000~0xf001ff|  1773568 |  1687552 |  1662976 |  1282048 |  1323008 |  1773568 |
|IPLROM 0xfe0000~0xfe01ff|  1773568 |  1687552 |  1662976 |  1282048 |  1323008 |  1773568 |
+------------------------+----------+----------+----------+----------+----------+----------+


testCase 32/39

CRTMOD(12) 512x512 65536color 1plane 31kHz
SP BG disp on (by $EB0808)
T-VRAM display
G-VRAM display
memcpyByDma Limited-rate BwRatio50% BurstTime16 LiteCsrPolling

throughput (bytes/sec)
+------------------------+----------+----------+----------+----------+----------+----------+
|                   dst  |   MAIN   |  G-VRAM  |  T-VRAM  |   SPR    |   PCG    |   SRAM   |
|                        | 0x0c2936 | 0xc00200 | 0xe00200 | 0xeb0200 | 0xeb8200 | 0xed3a00 |
|  src                   |~0x0c2b35 |~0xc003ff |~0xe003ff |~0xeb03ff |~0xeb83ff |~0xed3bff |
+------------------------+----------+----------+----------+----------+----------+----------+
| MAIN  0x0c2b36~0x0c2d35|    20480 |    20480 |    20480 |   311296 |   442368 |    20480 |
|G-VRAM 0xc00000~0xc001ff|    12288 |     8192 |     8192 |   520192 |    61440 |    12288 |
|T-VRAM 0xe00000~0xe001ff|    12288 |     8192 |     8192 |   520192 |    65536 |    12288 |
| SPR   0xeb0000~0xeb01ff|   380928 |   413696 |   442368 |    16384 |     8192 |   372736 |
| PCG   0xeb8000~0xeb81ff|   450560 |   450560 |   434176 |    12288 |    12288 |   393216 |
| SRAM  0xed3800~0xed39ff|    12288 |    12288 |    24576 |   339968 |   454656 |    12288 |
|CGROM  0xf00000~0xf001ff|    12288 |    12288 |    24576 |   339968 |   454656 |    12288 |
|IPLROM 0xfe0000~0xfe01ff|    12288 |    12288 |    24576 |   344064 |   466944 |    12288 |
+------------------------+----------+----------+----------+----------+----------+----------+


testCase 33/39

CRTMOD(12) 512x512 65536color 1plane 31kHz
SP BG disp off (by $EB0808)
T-VRAM display
G-VRAM display
memcpyByDma Limited-rate BwRatio50% BurstTime16 LiteCsrPolling

throughput (bytes/sec)
+------------------------+----------+----------+----------+----------+----------+----------+
|                   dst  |   MAIN   |  G-VRAM  |  T-VRAM  |   SPR    |   PCG    |   SRAM   |
|                        | 0x0c2936 | 0xc00200 | 0xe00200 | 0xeb0200 | 0xeb8200 | 0xed3a00 |
|  src                   |~0x0c2b35 |~0xc003ff |~0xe003ff |~0xeb03ff |~0xeb83ff |~0xed3bff |
+------------------------+----------+----------+----------+----------+----------+----------+
| MAIN  0x0c2b36~0x0c2d35|    20480 |    20480 |    20480 |   266240 |    94208 |    20480 |
|G-VRAM 0xc00000~0xc001ff|    12288 |     8192 |     8192 |   495616 |   454656 |    12288 |
|T-VRAM 0xe00000~0xe001ff|    12288 |     8192 |     8192 |   495616 |   450560 |    12288 |
| SPR   0xeb0000~0xeb01ff|   356352 |   380928 |   389120 |   561152 |   581632 |   356352 |
| PCG   0xeb8000~0xeb81ff|   204800 |   262144 |   253952 |   532480 |   585728 |   200704 |
| SRAM  0xed3800~0xed39ff|    12288 |    12288 |    24576 |   319488 |   360448 |    12288 |
|CGROM  0xf00000~0xf001ff|    12288 |    12288 |    24576 |   323584 |   356352 |    12288 |
|IPLROM 0xfe0000~0xfe01ff|    12288 |    12288 |    24576 |   323584 |   360448 |    12288 |
+------------------------+----------+----------+----------+----------+----------+----------+


testCase 34/39

CRTMOD(12) 512x512 65536color 1plane 31kHz
SP BG disp on (by $EB0808)
T-VRAM buffer
G-VRAM display
memcpyByDma Limited-rate BwRatio50% BurstTime16 LiteCsrPolling

throughput (bytes/sec)
+------------------------+----------+----------+----------+----------+----------+----------+
|                   dst  |   MAIN   |  G-VRAM  |  T-VRAM  |   SPR    |   PCG    |   SRAM   |
|                        | 0x0c2936 | 0xc00200 | 0xe00200 | 0xeb0200 | 0xeb8200 | 0xed3a00 |
|  src                   |~0x0c2b35 |~0xc003ff |~0xe003ff |~0xeb03ff |~0xeb83ff |~0xed3bff |
+------------------------+----------+----------+----------+----------+----------+----------+
| MAIN  0x0c2b36~0x0c2d35|    20480 |    20480 |    20480 |   319488 |   446464 |    20480 |
|G-VRAM 0xc00000~0xc001ff|    12288 |     8192 |    12288 |   344064 |    65536 |    12288 |
|T-VRAM 0xe00000~0xe001ff|    12288 |     8192 |     8192 |   552960 |    90112 |    12288 |
| SPR   0xeb0000~0xeb01ff|   389120 |   430080 |   434176 |    16384 |     8192 |   368640 |
| PCG   0xeb8000~0xeb81ff|   450560 |   442368 |   475136 |    12288 |    12288 |   405504 |
| SRAM  0xed3800~0xed39ff|    12288 |    12288 |    24576 |   360448 |   479232 |    12288 |
|CGROM  0xf00000~0xf001ff|    12288 |    12288 |    24576 |   352256 |   466944 |    12288 |
|IPLROM 0xfe0000~0xfe01ff|    12288 |    12288 |    24576 |   356352 |   458752 |    12288 |
+------------------------+----------+----------+----------+----------+----------+----------+


testCase 35/39

CRTMOD(12) 512x512 65536color 1plane 31kHz
SP BG disp on (by $EB0808)
T-VRAM display
G-VRAM buffer
memcpyByDma Limited-rate BwRatio50% BurstTime16 LiteCsrPolling

throughput (bytes/sec)
+------------------------+----------+----------+----------+----------+----------+----------+
|                   dst  |   MAIN   |  G-VRAM  |  T-VRAM  |   SPR    |   PCG    |   SRAM   |
|                        | 0x0c2936 | 0xc00200 | 0xe00200 | 0xeb0200 | 0xeb8200 | 0xed3a00 |
|  src                   |~0x0c2b35 |~0xc003ff |~0xe003ff |~0xeb03ff |~0xeb83ff |~0xed3bff |
+------------------------+----------+----------+----------+----------+----------+----------+
| MAIN  0x0c2b36~0x0c2d35|    20480 |    20480 |    20480 |   319488 |   446464 |    20480 |
|G-VRAM 0xc00000~0xc001ff|    12288 |     8192 |     8192 |   561152 |    90112 |    12288 |
|T-VRAM 0xe00000~0xe001ff|    12288 |     8192 |    12288 |   311296 |    61440 |    12288 |
| SPR   0xeb0000~0xeb01ff|   376832 |   434176 |   442368 |    16384 |     8192 |   380928 |
| PCG   0xeb8000~0xeb81ff|   458752 |   487424 |   438272 |    12288 |    12288 |   380928 |
| SRAM  0xed3800~0xed39ff|    12288 |    16384 |    20480 |   360448 |   475136 |    12288 |
|CGROM  0xf00000~0xf001ff|    12288 |    16384 |    20480 |   352256 |   462848 |    12288 |
|IPLROM 0xfe0000~0xfe01ff|    12288 |    16384 |    20480 |   364544 |   483328 |    12288 |
+------------------------+----------+----------+----------+----------+----------+----------+


testCase 36/39

CRTMOD(12) 512x512 65536color 1plane 31kHz
SP BG disp on (by $EB0808)
T-VRAM display
G-VRAM display
memcpyByDma Limited-rate BwRatio50% BurstTime16 FullCsrPolling

throughput (bytes/sec)
+------------------------+----------+----------+----------+----------+----------+----------+
|                   dst  |   MAIN   |  G-VRAM  |  T-VRAM  |   SPR    |   PCG    |   SRAM   |
|                        | 0x0c2936 | 0xc00200 | 0xe00200 | 0xeb0200 | 0xeb8200 | 0xed3a00 |
|  src                   |~0x0c2b35 |~0xc003ff |~0xe003ff |~0xeb03ff |~0xeb83ff |~0xed3bff |
+------------------------+----------+----------+----------+----------+----------+----------+
| MAIN  0x0c2b36~0x0c2d35|   503808 |   630784 |   638976 |   405504 |   389120 |   475136 |
|G-VRAM 0xc00000~0xc001ff|   585728 |   528384 |   557056 |   290816 |   303104 |   581632 |
|T-VRAM 0xe00000~0xe001ff|   585728 |   552960 |   532480 |   290816 |   303104 |   585728 |
| SPR   0xeb0000~0xeb01ff|   401408 |   393216 |   393216 |   262144 |   290816 |   397312 |
| PCG   0xeb8000~0xeb81ff|   389120 |   364544 |   368640 |   286720 |   278528 |   380928 |
| SRAM  0xed3800~0xed39ff|   598016 |   581632 |   585728 |   389120 |   380928 |   589824 |
|CGROM  0xf00000~0xf001ff|   598016 |   581632 |   585728 |   389120 |   380928 |   589824 |
|IPLROM 0xfe0000~0xfe01ff|   598016 |   581632 |   585728 |   389120 |   380928 |   589824 |
+------------------------+----------+----------+----------+----------+----------+----------+


testCase 37/39

CRTMOD(12) 512x512 65536color 1plane 31kHz
SP BG disp off (by $EB0808)
T-VRAM display
G-VRAM display
memcpyByDma Limited-rate BwRatio50% BurstTime16 FullCsrPolling

throughput (bytes/sec)
+------------------------+----------+----------+----------+----------+----------+----------+
|                   dst  |   MAIN   |  G-VRAM  |  T-VRAM  |   SPR    |   PCG    |   SRAM   |
|                        | 0x0c2936 | 0xc00200 | 0xe00200 | 0xeb0200 | 0xeb8200 | 0xed3a00 |
|  src                   |~0x0c2b35 |~0xc003ff |~0xe003ff |~0xeb03ff |~0xeb83ff |~0xed3bff |
+------------------------+----------+----------+----------+----------+----------+----------+
| MAIN  0x0c2b36~0x0c2d35|   503808 |   630784 |   638976 |   438272 |   479232 |   479232 |
|G-VRAM 0xc00000~0xc001ff|   585728 |   528384 |   557056 |   405504 |   409600 |   581632 |
|T-VRAM 0xe00000~0xe001ff|   585728 |   552960 |   532480 |   405504 |   409600 |   581632 |
| SPR   0xeb0000~0xeb01ff|   434176 |   376832 |   380928 |   389120 |   417792 |   434176 |
| PCG   0xeb8000~0xeb81ff|   524288 |   462848 |   462848 |   380928 |   266240 |   536576 |
| SRAM  0xed3800~0xed39ff|   598016 |   581632 |   585728 |   380928 |   434176 |   589824 |
|CGROM  0xf00000~0xf001ff|   598016 |   581632 |   585728 |   380928 |   434176 |   589824 |
|IPLROM 0xfe0000~0xfe01ff|   598016 |   581632 |   585728 |   380928 |   434176 |   589824 |
+------------------------+----------+----------+----------+----------+----------+----------+


testCase 38/39

CRTMOD(12) 512x512 65536color 1plane 31kHz
SP BG disp on (by $EB0808)
T-VRAM buffer
G-VRAM display
memcpyByDma Limited-rate BwRatio50% BurstTime16 FullCsrPolling

throughput (bytes/sec)
+------------------------+----------+----------+----------+----------+----------+----------+
|                   dst  |   MAIN   |  G-VRAM  |  T-VRAM  |   SPR    |   PCG    |   SRAM   |
|                        | 0x0c2936 | 0xc00200 | 0xe00200 | 0xeb0200 | 0xeb8200 | 0xed3a00 |
|  src                   |~0x0c2b35 |~0xc003ff |~0xe003ff |~0xeb03ff |~0xeb83ff |~0xed3bff |
+------------------------+----------+----------+----------+----------+----------+----------+
| MAIN  0x0c2b36~0x0c2d35|   503808 |   630784 |   659456 |   405504 |   389120 |   475136 |
|G-VRAM 0xc00000~0xc001ff|   581632 |   532480 |   577536 |   290816 |   303104 |   581632 |
|T-VRAM 0xe00000~0xe001ff|   598016 |   577536 |   610304 |   274432 |   299008 |   598016 |
| SPR   0xeb0000~0xeb01ff|   401408 |   393216 |   397312 |   262144 |   290816 |   401408 |
| PCG   0xeb8000~0xeb81ff|   389120 |   364544 |   372736 |   286720 |   278528 |   380928 |
| SRAM  0xed3800~0xed39ff|   598016 |   581632 |   606208 |   389120 |   380928 |   589824 |
|CGROM  0xf00000~0xf001ff|   598016 |   581632 |   606208 |   389120 |   380928 |   589824 |
|IPLROM 0xfe0000~0xfe01ff|   598016 |   581632 |   606208 |   389120 |   385024 |   585728 |
+------------------------+----------+----------+----------+----------+----------+----------+


testCase 39/39

CRTMOD(12) 512x512 65536color 1plane 31kHz
SP BG disp on (by $EB0808)
T-VRAM display
G-VRAM buffer
memcpyByDma Limited-rate BwRatio50% BurstTime16 FullCsrPolling

throughput (bytes/sec)
+------------------------+----------+----------+----------+----------+----------+----------+
|                   dst  |   MAIN   |  G-VRAM  |  T-VRAM  |   SPR    |   PCG    |   SRAM   |
|                        | 0x0c2936 | 0xc00200 | 0xe00200 | 0xeb0200 | 0xeb8200 | 0xed3a00 |
|  src                   |~0x0c2b35 |~0xc003ff |~0xe003ff |~0xeb03ff |~0xeb83ff |~0xed3bff |
+------------------------+----------+----------+----------+----------+----------+----------+
| MAIN  0x0c2b36~0x0c2d35|   499712 |   655360 |   634880 |   405504 |   389120 |   479232 |
|G-VRAM 0xc00000~0xc001ff|   598016 |   610304 |   577536 |   274432 |   303104 |   593920 |
|T-VRAM 0xe00000~0xe001ff|   585728 |   577536 |   532480 |   290816 |   303104 |   577536 |
| SPR   0xeb0000~0xeb01ff|   401408 |   397312 |   393216 |   262144 |   290816 |   401408 |
| PCG   0xeb8000~0xeb81ff|   389120 |   368640 |   368640 |   286720 |   278528 |   380928 |
| SRAM  0xed3800~0xed39ff|   598016 |   602112 |   585728 |   389120 |   380928 |   589824 |
|CGROM  0xf00000~0xf001ff|   598016 |   602112 |   585728 |   389120 |   380928 |   589824 |
|IPLROM 0xfe0000~0xfe01ff|   598016 |   602112 |   585728 |   389120 |   380928 |   585728 |
+------------------------+----------+----------+----------+----------+----------+----------+

