見どころ
	memcpyByDma Maximum-rate（例：testCase 8/39）の SPR との転送速度が、
		mem_bw_Pro10MHz(無改造).log
	より 6～7% 低速になっています。
	ハードウェアのリビジョンによる違いでしょうか？
	改造による影響の可能性が全くないとは言い切れません。

--------------------------------------------------------------------------------------------

build settings
	ENABLE_SRAM_WRITE 0
	BUILD Feb 14 2023, CRC32 DD36157F
	ARG
		-mode 1
		-case (not specified)
		-br 0 (Limited-rate DMA band-width ratio 50%)
		-bt 0 (Limited-rate DMA burst time 16 cycles)


testCase 0/39

CRTMOD(13) 512x512 65536color 1plane 15kHz
SP BG disp on (by $EB0808)
T-VRAM display
G-VRAM display
memcpyByU8 (ideal throughput is 454545 bytes/sec @10MHz)

throughput (bytes/sec)
+------------------------+----------+----------+----------+----------+----------+----------+
|                   dst  |   MAIN   |  G-VRAM  |  T-VRAM  |   SPR    |   PCG    |   SRAM   |
|                        | 0x1bc4dc | 0xc00200 | 0xe00200 | 0xeb0200 | 0xeb8200 | 0xed3a00 |
|  src                   |~0x1bc6db |~0xc003ff |~0xe003ff |~0xeb03ff |~0xeb83ff |~0xed3bff |
+------------------------+----------+----------+----------+----------+----------+----------+
| MAIN  0x1bc6dc~0x1bc8db|   438272 |   413696 |   413696 |   286720 |   290816 |   421888 |
|G-VRAM 0xc00000~0xc001ff|   413696 |   397312 |   397312 |   286720 |   290816 |   397312 |
|T-VRAM 0xe00000~0xe001ff|   413696 |   397312 |   397312 |   286720 |   290816 |   397312 |
| SPR   0xeb0000~0xeb01ff|   290816 |   286720 |   286720 |   212992 |   200704 |   286720 |
| PCG   0xeb8000~0xeb81ff|   294912 |   290816 |   290816 |   200704 |   200704 |   290816 |
| SRAM  0xed3800~0xed39ff|   430080 |   397312 |   397312 |   286720 |   290816 |   405504 |
|CGROM  0xf00000~0xf001ff|   430080 |   397312 |   397312 |   286720 |   290816 |   405504 |
|IPLROM 0xfe0000~0xfe01ff|   430080 |   397312 |   397312 |   286720 |   290816 |   405504 |
+------------------------+----------+----------+----------+----------+----------+----------+


testCase 1/39

CRTMOD(13) 512x512 65536color 1plane 15kHz
SP BG disp off (by $EB0808)
T-VRAM display
G-VRAM display
memcpyByU8 (ideal throughput is 454545 bytes/sec @10MHz)

throughput (bytes/sec)
+------------------------+----------+----------+----------+----------+----------+----------+
|                   dst  |   MAIN   |  G-VRAM  |  T-VRAM  |   SPR    |   PCG    |   SRAM   |
|                        | 0x1bc4dc | 0xc00200 | 0xe00200 | 0xeb0200 | 0xeb8200 | 0xed3a00 |
|  src                   |~0x1bc6db |~0xc003ff |~0xe003ff |~0xeb03ff |~0xeb83ff |~0xed3bff |
+------------------------+----------+----------+----------+----------+----------+----------+
| MAIN  0x1bc6dc~0x1bc8db|   438272 |   413696 |   413696 |   303104 |   339968 |   425984 |
|G-VRAM 0xc00000~0xc001ff|   413696 |   397312 |   397312 |   294912 |   299008 |   397312 |
|T-VRAM 0xe00000~0xe001ff|   413696 |   397312 |   397312 |   294912 |   299008 |   397312 |
| SPR   0xeb0000~0xeb01ff|   311296 |   294912 |   294912 |   253952 |   237568 |   299008 |
| PCG   0xeb8000~0xeb81ff|   339968 |   303104 |   303104 |   262144 |   266240 |   307200 |
| SRAM  0xed3800~0xed39ff|   430080 |   397312 |   397312 |   299008 |   307200 |   405504 |
|CGROM  0xf00000~0xf001ff|   430080 |   397312 |   397312 |   299008 |   307200 |   405504 |
|IPLROM 0xfe0000~0xfe01ff|   430080 |   397312 |   397312 |   299008 |   307200 |   405504 |
+------------------------+----------+----------+----------+----------+----------+----------+


testCase 2/39

CRTMOD(13) 512x512 65536color 1plane 15kHz
SP BG disp on (by $EB0808)
T-VRAM buffer
G-VRAM display
memcpyByU8 (ideal throughput is 454545 bytes/sec @10MHz)

throughput (bytes/sec)
+------------------------+----------+----------+----------+----------+----------+----------+
|                   dst  |   MAIN   |  G-VRAM  |  T-VRAM  |   SPR    |   PCG    |   SRAM   |
|                        | 0x1bc4dc | 0xc00200 | 0xe00200 | 0xeb0200 | 0xeb8200 | 0xed3a00 |
|  src                   |~0x1bc6db |~0xc003ff |~0xe003ff |~0xeb03ff |~0xeb83ff |~0xed3bff |
+------------------------+----------+----------+----------+----------+----------+----------+
| MAIN  0x1bc6dc~0x1bc8db|   438272 |   413696 |   421888 |   282624 |   290816 |   425984 |
|G-VRAM 0xc00000~0xc001ff|   413696 |   397312 |   397312 |   286720 |   290816 |   397312 |
|T-VRAM 0xe00000~0xe001ff|   421888 |   397312 |   401408 |   286720 |   286720 |   405504 |
| SPR   0xeb0000~0xeb01ff|   290816 |   286720 |   282624 |   212992 |   204800 |   282624 |
| PCG   0xeb8000~0xeb81ff|   294912 |   290816 |   286720 |   200704 |   204800 |   286720 |
| SRAM  0xed3800~0xed39ff|   430080 |   397312 |   405504 |   286720 |   290816 |   405504 |
|CGROM  0xf00000~0xf001ff|   430080 |   397312 |   405504 |   286720 |   290816 |   405504 |
|IPLROM 0xfe0000~0xfe01ff|   430080 |   397312 |   405504 |   286720 |   290816 |   405504 |
+------------------------+----------+----------+----------+----------+----------+----------+


testCase 3/39

CRTMOD(13) 512x512 65536color 1plane 15kHz
SP BG disp on (by $EB0808)
T-VRAM display
G-VRAM buffer
memcpyByU8 (ideal throughput is 454545 bytes/sec @10MHz)

throughput (bytes/sec)
+------------------------+----------+----------+----------+----------+----------+----------+
|                   dst  |   MAIN   |  G-VRAM  |  T-VRAM  |   SPR    |   PCG    |   SRAM   |
|                        | 0x1bc4dc | 0xc00200 | 0xe00200 | 0xeb0200 | 0xeb8200 | 0xed3a00 |
|  src                   |~0x1bc6db |~0xc003ff |~0xe003ff |~0xeb03ff |~0xeb83ff |~0xed3bff |
+------------------------+----------+----------+----------+----------+----------+----------+
| MAIN  0x1bc6dc~0x1bc8db|   438272 |   421888 |   413696 |   282624 |   290816 |   425984 |
|G-VRAM 0xc00000~0xc001ff|   421888 |   401408 |   397312 |   286720 |   286720 |   405504 |
|T-VRAM 0xe00000~0xe001ff|   413696 |   397312 |   397312 |   286720 |   290816 |   397312 |
| SPR   0xeb0000~0xeb01ff|   290816 |   282624 |   286720 |   212992 |   204800 |   282624 |
| PCG   0xeb8000~0xeb81ff|   294912 |   286720 |   290816 |   200704 |   204800 |   286720 |
| SRAM  0xed3800~0xed39ff|   430080 |   405504 |   397312 |   286720 |   290816 |   405504 |
|CGROM  0xf00000~0xf001ff|   430080 |   405504 |   397312 |   286720 |   290816 |   405504 |
|IPLROM 0xfe0000~0xfe01ff|   430080 |   405504 |   397312 |   286720 |   290816 |   405504 |
+------------------------+----------+----------+----------+----------+----------+----------+


testCase 4/39

CRTMOD(13) 512x512 65536color 1plane 15kHz
SP BG disp on (by $EB0808)
T-VRAM display
G-VRAM display
memcpyByMovem (ideal throughput is 2081301 bytes/sec @10MHz)

throughput (bytes/sec)
+------------------------+----------+----------+----------+----------+----------+----------+
|                   dst  |   MAIN   |  G-VRAM  |  T-VRAM  |   SPR    |   PCG    |   SRAM   |
|                        | 0x1bc4dc | 0xc00200 | 0xe00200 | 0xeb0200 | 0xeb8200 | 0xed3a00 |
|  src                   |~0x1bc6db |~0xc003ff |~0xe003ff |~0xeb03ff |~0xeb83ff |~0xed3bff |
+------------------------+----------+----------+----------+----------+----------+----------+
| MAIN  0x1bc6dc~0x1bc8db|  1982464 |  1789952 |  1794048 |   897024 |   888832 |  1818624 |
|G-VRAM 0xc00000~0xc001ff|  1785856 |  1626112 |  1626112 |   847872 |   847872 |  1654784 |
|T-VRAM 0xe00000~0xe001ff|  1785856 |  1626112 |  1626112 |   847872 |   847872 |  1654784 |
| SPR   0xeb0000~0xeb01ff|   864256 |   827392 |   827392 |   565248 |   569344 |   831488 |
| PCG   0xeb8000~0xeb81ff|   856064 |   827392 |   823296 |   565248 |   552960 |   831488 |
| SRAM  0xed3800~0xed39ff|  1818624 |  1654784 |  1654784 |   856064 |   851968 |  1687552 |
|CGROM  0xf00000~0xf001ff|  1818624 |  1654784 |  1654784 |   856064 |   851968 |  1691648 |
|IPLROM 0xfe0000~0xfe01ff|  1818624 |  1654784 |  1654784 |   856064 |   851968 |  1691648 |
+------------------------+----------+----------+----------+----------+----------+----------+


testCase 5/39

CRTMOD(13) 512x512 65536color 1plane 15kHz
SP BG disp off (by $EB0808)
T-VRAM display
G-VRAM display
memcpyByMovem (ideal throughput is 2081301 bytes/sec @10MHz)

throughput (bytes/sec)
+------------------------+----------+----------+----------+----------+----------+----------+
|                   dst  |   MAIN   |  G-VRAM  |  T-VRAM  |   SPR    |   PCG    |   SRAM   |
|                        | 0x1bc4dc | 0xc00200 | 0xe00200 | 0xeb0200 | 0xeb8200 | 0xed3a00 |
|  src                   |~0x1bc6db |~0xc003ff |~0xe003ff |~0xeb03ff |~0xeb83ff |~0xed3bff |
+------------------------+----------+----------+----------+----------+----------+----------+
| MAIN  0x1bc6dc~0x1bc8db|  1982464 |  1789952 |  1794048 |  1089536 |  1097728 |  1826816 |
|G-VRAM 0xc00000~0xc001ff|  1785856 |  1626112 |  1626112 |  1024000 |  1019904 |  1654784 |
|T-VRAM 0xe00000~0xe001ff|  1785856 |  1626112 |  1626112 |  1024000 |  1019904 |  1654784 |
| SPR   0xeb0000~0xeb01ff|  1060864 |  1015808 |  1011712 |   741376 |   737280 |  1015808 |
| PCG   0xeb8000~0xeb81ff|  1069056 |  1019904 |  1015808 |   741376 |   741376 |  1015808 |
| SRAM  0xed3800~0xed39ff|  1818624 |  1654784 |  1654784 |  1036288 |  1040384 |  1691648 |
|CGROM  0xf00000~0xf001ff|  1818624 |  1654784 |  1654784 |  1036288 |  1040384 |  1691648 |
|IPLROM 0xfe0000~0xfe01ff|  1818624 |  1654784 |  1654784 |  1036288 |  1040384 |  1691648 |
+------------------------+----------+----------+----------+----------+----------+----------+


testCase 6/39

CRTMOD(13) 512x512 65536color 1plane 15kHz
SP BG disp on (by $EB0808)
T-VRAM buffer
G-VRAM display
memcpyByMovem (ideal throughput is 2081301 bytes/sec @10MHz)

throughput (bytes/sec)
+------------------------+----------+----------+----------+----------+----------+----------+
|                   dst  |   MAIN   |  G-VRAM  |  T-VRAM  |   SPR    |   PCG    |   SRAM   |
|                        | 0x1bc4dc | 0xc00200 | 0xe00200 | 0xeb0200 | 0xeb8200 | 0xed3a00 |
|  src                   |~0x1bc6db |~0xc003ff |~0xe003ff |~0xeb03ff |~0xeb83ff |~0xed3bff |
+------------------------+----------+----------+----------+----------+----------+----------+
| MAIN  0x1bc6dc~0x1bc8db|  1982464 |  1789952 |  1802240 |   897024 |   884736 |  1826816 |
|G-VRAM 0xc00000~0xc001ff|  1785856 |  1626112 |  1630208 |   847872 |   847872 |  1650688 |
|T-VRAM 0xe00000~0xe001ff|  1794048 |  1626112 |  1642496 |   856064 |   839680 |  1662976 |
| SPR   0xeb0000~0xeb01ff|   864256 |   827392 |   827392 |   569344 |   565248 |   831488 |
| PCG   0xeb8000~0xeb81ff|   856064 |   827392 |   831488 |   565248 |   552960 |   827392 |
| SRAM  0xed3800~0xed39ff|  1818624 |  1654784 |  1667072 |   856064 |   851968 |  1691648 |
|CGROM  0xf00000~0xf001ff|  1818624 |  1654784 |  1667072 |   856064 |   851968 |  1691648 |
|IPLROM 0xfe0000~0xfe01ff|  1818624 |  1654784 |  1667072 |   856064 |   851968 |  1691648 |
+------------------------+----------+----------+----------+----------+----------+----------+


testCase 7/39

CRTMOD(13) 512x512 65536color 1plane 15kHz
SP BG disp on (by $EB0808)
T-VRAM display
G-VRAM buffer
memcpyByMovem (ideal throughput is 2081301 bytes/sec @10MHz)

throughput (bytes/sec)
+------------------------+----------+----------+----------+----------+----------+----------+
|                   dst  |   MAIN   |  G-VRAM  |  T-VRAM  |   SPR    |   PCG    |   SRAM   |
|                        | 0x1bc4dc | 0xc00200 | 0xe00200 | 0xeb0200 | 0xeb8200 | 0xed3a00 |
|  src                   |~0x1bc6db |~0xc003ff |~0xe003ff |~0xeb03ff |~0xeb83ff |~0xed3bff |
+------------------------+----------+----------+----------+----------+----------+----------+
| MAIN  0x1bc6dc~0x1bc8db|  1982464 |  1798144 |  1794048 |   897024 |   888832 |  1818624 |
|G-VRAM 0xc00000~0xc001ff|  1794048 |  1642496 |  1626112 |   856064 |   839680 |  1662976 |
|T-VRAM 0xe00000~0xe001ff|  1785856 |  1630208 |  1626112 |   847872 |   847872 |  1650688 |
| SPR   0xeb0000~0xeb01ff|   864256 |   831488 |   823296 |   569344 |   565248 |   831488 |
| PCG   0xeb8000~0xeb81ff|   856064 |   831488 |   827392 |   565248 |   552960 |   827392 |
| SRAM  0xed3800~0xed39ff|  1818624 |  1667072 |  1654784 |   856064 |   851968 |  1687552 |
|CGROM  0xf00000~0xf001ff|  1818624 |  1667072 |  1654784 |   856064 |   851968 |  1687552 |
|IPLROM 0xfe0000~0xfe01ff|  1818624 |  1667072 |  1654784 |   856064 |   851968 |  1687552 |
+------------------------+----------+----------+----------+----------+----------+----------+


testCase 8/39

CRTMOD(13) 512x512 65536color 1plane 15kHz
SP BG disp on (by $EB0808)
T-VRAM display
G-VRAM display
memcpyByDma Maximum-rate

throughput (bytes/sec)
+------------------------+----------+----------+----------+----------+----------+----------+
|                   dst  |   MAIN   |  G-VRAM  |  T-VRAM  |   SPR    |   PCG    |   SRAM   |
|                        | 0x1bc4dc | 0xc00200 | 0xe00200 | 0xeb0200 | 0xeb8200 | 0xed3a00 |
|  src                   |~0x1bc6db |~0xc003ff |~0xe003ff |~0xeb03ff |~0xeb83ff |~0xed3bff |
+------------------------+----------+----------+----------+----------+----------+----------+
| MAIN  0x1bc6dc~0x1bc8db|  1576960 |  1572864 |  1572864 |   741376 |   966656 |  1478656 |
|G-VRAM 0xc00000~0xc001ff|  1576960 |  1568768 |  1576960 |   733184 |   970752 |  1458176 |
|T-VRAM 0xe00000~0xe001ff|  1576960 |  1572864 |  1572864 |   733184 |   970752 |  1454080 |
| SPR   0xeb0000~0xeb01ff|   917504 |   905216 |   901120 |   569344 |   565248 |   737280 |
| PCG   0xeb8000~0xeb81ff|  1036288 |  1036288 |  1036288 |   565248 |   569344 |   724992 |
| SRAM  0xed3800~0xed39ff|  1482752 |  1458176 |  1458176 |   741376 |   565248 |  1392640 |
|CGROM  0xf00000~0xf001ff|  1482752 |  1458176 |  1458176 |   741376 |   565248 |  1392640 |
|IPLROM 0xfe0000~0xfe01ff|  1482752 |  1458176 |  1458176 |   741376 |   565248 |  1392640 |
+------------------------+----------+----------+----------+----------+----------+----------+


testCase 9/39

CRTMOD(13) 512x512 65536color 1plane 15kHz
SP BG disp off (by $EB0808)
T-VRAM display
G-VRAM display
memcpyByDma Maximum-rate

throughput (bytes/sec)
+------------------------+----------+----------+----------+----------+----------+----------+
|                   dst  |   MAIN   |  G-VRAM  |  T-VRAM  |   SPR    |   PCG    |   SRAM   |
|                        | 0x1bc4dc | 0xc00200 | 0xe00200 | 0xeb0200 | 0xeb8200 | 0xed3a00 |
|  src                   |~0x1bc6db |~0xc003ff |~0xe003ff |~0xeb03ff |~0xeb83ff |~0xed3bff |
+------------------------+----------+----------+----------+----------+----------+----------+
| MAIN  0x1bc6dc~0x1bc8db|  1576960 |  1572864 |  1572864 |   872448 |  1003520 |  1474560 |
|G-VRAM 0xc00000~0xc001ff|  1576960 |  1568768 |  1576960 |   860160 |   987136 |  1458176 |
|T-VRAM 0xe00000~0xe001ff|  1576960 |  1572864 |  1572864 |   860160 |   987136 |  1458176 |
| SPR   0xeb0000~0xeb01ff|  1003520 |   974848 |   974848 |   720896 |   684032 |   872448 |
| PCG   0xeb8000~0xeb81ff|  1060864 |  1040384 |  1036288 |   643072 |   741376 |   999424 |
| SRAM  0xed3800~0xed39ff|  1482752 |  1458176 |  1458176 |   872448 |   872448 |  1392640 |
|CGROM  0xf00000~0xf001ff|  1482752 |  1458176 |  1458176 |   872448 |   872448 |  1392640 |
|IPLROM 0xfe0000~0xfe01ff|  1482752 |  1458176 |  1458176 |   872448 |   872448 |  1392640 |
+------------------------+----------+----------+----------+----------+----------+----------+


testCase 10/39

CRTMOD(13) 512x512 65536color 1plane 15kHz
SP BG disp on (by $EB0808)
T-VRAM buffer
G-VRAM display
memcpyByDma Maximum-rate

throughput (bytes/sec)
+------------------------+----------+----------+----------+----------+----------+----------+
|                   dst  |   MAIN   |  G-VRAM  |  T-VRAM  |   SPR    |   PCG    |   SRAM   |
|                        | 0x1bc4dc | 0xc00200 | 0xe00200 | 0xeb0200 | 0xeb8200 | 0xed3a00 |
|  src                   |~0x1bc6db |~0xc003ff |~0xe003ff |~0xeb03ff |~0xeb83ff |~0xed3bff |
+------------------------+----------+----------+----------+----------+----------+----------+
| MAIN  0x1bc6dc~0x1bc8db|  1576960 |  1572864 |  1581056 |   741376 |   966656 |  1478656 |
|G-VRAM 0xc00000~0xc001ff|  1576960 |  1568768 |  1576960 |   733184 |   970752 |  1458176 |
|T-VRAM 0xe00000~0xe001ff|  1585152 |  1572864 |  1581056 |   741376 |   970752 |  1495040 |
| SPR   0xeb0000~0xeb01ff|   921600 |   901120 |   917504 |   569344 |   565248 |   737280 |
| PCG   0xeb8000~0xeb81ff|  1036288 |  1036288 |  1036288 |   569344 |   565248 |   724992 |
| SRAM  0xed3800~0xed39ff|  1482752 |  1458176 |  1490944 |   741376 |   565248 |  1396736 |
|CGROM  0xf00000~0xf001ff|  1482752 |  1458176 |  1490944 |   741376 |   565248 |  1396736 |
|IPLROM 0xfe0000~0xfe01ff|  1482752 |  1458176 |  1490944 |   741376 |   565248 |  1396736 |
+------------------------+----------+----------+----------+----------+----------+----------+


testCase 11/39

CRTMOD(13) 512x512 65536color 1plane 15kHz
SP BG disp on (by $EB0808)
T-VRAM display
G-VRAM buffer
memcpyByDma Maximum-rate

throughput (bytes/sec)
+------------------------+----------+----------+----------+----------+----------+----------+
|                   dst  |   MAIN   |  G-VRAM  |  T-VRAM  |   SPR    |   PCG    |   SRAM   |
|                        | 0x1bc4dc | 0xc00200 | 0xe00200 | 0xeb0200 | 0xeb8200 | 0xed3a00 |
|  src                   |~0x1bc6db |~0xc003ff |~0xe003ff |~0xeb03ff |~0xeb83ff |~0xed3bff |
+------------------------+----------+----------+----------+----------+----------+----------+
| MAIN  0x1bc6dc~0x1bc8db|  1576960 |  1581056 |  1572864 |   741376 |   966656 |  1478656 |
|G-VRAM 0xc00000~0xc001ff|  1585152 |  1576960 |  1576960 |   741376 |   970752 |  1495040 |
|T-VRAM 0xe00000~0xe001ff|  1576960 |  1572864 |  1572864 |   733184 |   970752 |  1454080 |
| SPR   0xeb0000~0xeb01ff|   917504 |   921600 |   901120 |   565248 |   569344 |   737280 |
| PCG   0xeb8000~0xeb81ff|  1036288 |  1036288 |  1036288 |   569344 |   565248 |   724992 |
| SRAM  0xed3800~0xed39ff|  1482752 |  1490944 |  1458176 |   741376 |   565248 |  1396736 |
|CGROM  0xf00000~0xf001ff|  1482752 |  1490944 |  1458176 |   741376 |   565248 |  1396736 |
|IPLROM 0xfe0000~0xfe01ff|  1482752 |  1490944 |  1458176 |   741376 |   565248 |  1396736 |
+------------------------+----------+----------+----------+----------+----------+----------+


testCase 12/39

CRTMOD(13) 512x512 65536color 1plane 15kHz
SP BG disp on (by $EB0808)
T-VRAM display
G-VRAM display
memcpyByDma Limited-rate LiteCsrPolling

throughput (bytes/sec)
+------------------------+----------+----------+----------+----------+----------+----------+
|                   dst  |   MAIN   |  G-VRAM  |  T-VRAM  |   SPR    |   PCG    |   SRAM   |
|                        | 0x1bc4dc | 0xc00200 | 0xe00200 | 0xeb0200 | 0xeb8200 | 0xed3a00 |
|  src                   |~0x1bc6db |~0xc003ff |~0xe003ff |~0xeb03ff |~0xeb83ff |~0xed3bff |
+------------------------+----------+----------+----------+----------+----------+----------+
| MAIN  0x1bc6dc~0x1bc8db|   540672 |   540672 |   540672 |   385024 |   438272 |   528384 |
|G-VRAM 0xc00000~0xc001ff|   540672 |   536576 |   536576 |   385024 |   442368 |   524288 |
|T-VRAM 0xe00000~0xe001ff|   540672 |   536576 |   536576 |   385024 |   438272 |   528384 |
| SPR   0xeb0000~0xeb01ff|   458752 |   454656 |   450560 |   372736 |   344064 |   385024 |
| PCG   0xeb8000~0xeb81ff|   454656 |   454656 |   454656 |   360448 |   356352 |   413696 |
| SRAM  0xed3800~0xed39ff|   532480 |   524288 |   528384 |   385024 |   364544 |   512000 |
|CGROM  0xf00000~0xf001ff|   532480 |   524288 |   528384 |   385024 |   364544 |   512000 |
|IPLROM 0xfe0000~0xfe01ff|   532480 |   524288 |   528384 |   385024 |   364544 |   512000 |
+------------------------+----------+----------+----------+----------+----------+----------+


testCase 13/39

CRTMOD(13) 512x512 65536color 1plane 15kHz
SP BG disp off (by $EB0808)
T-VRAM display
G-VRAM display
memcpyByDma Limited-rate LiteCsrPolling

throughput (bytes/sec)
+------------------------+----------+----------+----------+----------+----------+----------+
|                   dst  |   MAIN   |  G-VRAM  |  T-VRAM  |   SPR    |   PCG    |   SRAM   |
|                        | 0x1bc4dc | 0xc00200 | 0xe00200 | 0xeb0200 | 0xeb8200 | 0xed3a00 |
|  src                   |~0x1bc6db |~0xc003ff |~0xe003ff |~0xeb03ff |~0xeb83ff |~0xed3bff |
+------------------------+----------+----------+----------+----------+----------+----------+
| MAIN  0x1bc6dc~0x1bc8db|   540672 |   540672 |   536576 |   450560 |   540672 |   528384 |
|G-VRAM 0xc00000~0xc001ff|   540672 |   536576 |   536576 |   450560 |   528384 |   528384 |
|T-VRAM 0xe00000~0xe001ff|   540672 |   536576 |   536576 |   450560 |   532480 |   524288 |
| SPR   0xeb0000~0xeb01ff|   524288 |   520192 |   516096 |   376832 |   368640 |   446464 |
| PCG   0xeb8000~0xeb81ff|   552960 |   532480 |   532480 |   360448 |   380928 |   528384 |
| SRAM  0xed3800~0xed39ff|   532480 |   524288 |   528384 |   417792 |   450560 |   512000 |
|CGROM  0xf00000~0xf001ff|   532480 |   524288 |   528384 |   417792 |   450560 |   512000 |
|IPLROM 0xfe0000~0xfe01ff|   532480 |   524288 |   528384 |   417792 |   450560 |   512000 |
+------------------------+----------+----------+----------+----------+----------+----------+


testCase 14/39

CRTMOD(13) 512x512 65536color 1plane 15kHz
SP BG disp on (by $EB0808)
T-VRAM buffer
G-VRAM display
memcpyByDma Limited-rate LiteCsrPolling

throughput (bytes/sec)
+------------------------+----------+----------+----------+----------+----------+----------+
|                   dst  |   MAIN   |  G-VRAM  |  T-VRAM  |   SPR    |   PCG    |   SRAM   |
|                        | 0x1bc4dc | 0xc00200 | 0xe00200 | 0xeb0200 | 0xeb8200 | 0xed3a00 |
|  src                   |~0x1bc6db |~0xc003ff |~0xe003ff |~0xeb03ff |~0xeb83ff |~0xed3bff |
+------------------------+----------+----------+----------+----------+----------+----------+
| MAIN  0x1bc6dc~0x1bc8db|   540672 |   540672 |   540672 |   385024 |   442368 |   524288 |
|G-VRAM 0xc00000~0xc001ff|   540672 |   536576 |   536576 |   385024 |   442368 |   524288 |
|T-VRAM 0xe00000~0xe001ff|   540672 |   540672 |   540672 |   385024 |   442368 |   528384 |
| SPR   0xeb0000~0xeb01ff|   458752 |   454656 |   454656 |   372736 |   344064 |   385024 |
| PCG   0xeb8000~0xeb81ff|   454656 |   454656 |   458752 |   360448 |   352256 |   417792 |
| SRAM  0xed3800~0xed39ff|   532480 |   524288 |   532480 |   385024 |   364544 |   507904 |
|CGROM  0xf00000~0xf001ff|   532480 |   524288 |   532480 |   385024 |   364544 |   507904 |
|IPLROM 0xfe0000~0xfe01ff|   532480 |   524288 |   532480 |   385024 |   364544 |   507904 |
+------------------------+----------+----------+----------+----------+----------+----------+


testCase 15/39

CRTMOD(13) 512x512 65536color 1plane 15kHz
SP BG disp on (by $EB0808)
T-VRAM display
G-VRAM buffer
memcpyByDma Limited-rate LiteCsrPolling

throughput (bytes/sec)
+------------------------+----------+----------+----------+----------+----------+----------+
|                   dst  |   MAIN   |  G-VRAM  |  T-VRAM  |   SPR    |   PCG    |   SRAM   |
|                        | 0x1bc4dc | 0xc00200 | 0xe00200 | 0xeb0200 | 0xeb8200 | 0xed3a00 |
|  src                   |~0x1bc6db |~0xc003ff |~0xe003ff |~0xeb03ff |~0xeb83ff |~0xed3bff |
+------------------------+----------+----------+----------+----------+----------+----------+
| MAIN  0x1bc6dc~0x1bc8db|   540672 |   544768 |   536576 |   385024 |   442368 |   524288 |
|G-VRAM 0xc00000~0xc001ff|   540672 |   540672 |   540672 |   385024 |   442368 |   528384 |
|T-VRAM 0xe00000~0xe001ff|   540672 |   536576 |   540672 |   380928 |   442368 |   524288 |
| SPR   0xeb0000~0xeb01ff|   458752 |   454656 |   454656 |   372736 |   344064 |   385024 |
| PCG   0xeb8000~0xeb81ff|   454656 |   458752 |   454656 |   360448 |   352256 |   417792 |
| SRAM  0xed3800~0xed39ff|   532480 |   528384 |   528384 |   385024 |   364544 |   507904 |
|CGROM  0xf00000~0xf001ff|   532480 |   528384 |   528384 |   385024 |   364544 |   507904 |
|IPLROM 0xfe0000~0xfe01ff|   532480 |   528384 |   528384 |   385024 |   364544 |   507904 |
+------------------------+----------+----------+----------+----------+----------+----------+


testCase 16/39

CRTMOD(13) 512x512 65536color 1plane 15kHz
SP BG disp on (by $EB0808)
T-VRAM display
G-VRAM display
memcpyByDma Limited-rate FullCsrPolling

throughput (bytes/sec)
+------------------------+----------+----------+----------+----------+----------+----------+
|                   dst  |   MAIN   |  G-VRAM  |  T-VRAM  |   SPR    |   PCG    |   SRAM   |
|                        | 0x1bc4dc | 0xc00200 | 0xe00200 | 0xeb0200 | 0xeb8200 | 0xed3a00 |
|  src                   |~0x1bc6db |~0xc003ff |~0xe003ff |~0xeb03ff |~0xeb83ff |~0xed3bff |
+------------------------+----------+----------+----------+----------+----------+----------+
| MAIN  0x1bc6dc~0x1bc8db|   446464 |   454656 |   454656 |   360448 |   401408 |   450560 |
|G-VRAM 0xc00000~0xc001ff|   450560 |   454656 |   458752 |   360448 |   401408 |   454656 |
|T-VRAM 0xe00000~0xe001ff|   450560 |   454656 |   458752 |   360448 |   397312 |   458752 |
| SPR   0xeb0000~0xeb01ff|   409600 |   405504 |   405504 |   360448 |   323584 |   360448 |
| PCG   0xeb8000~0xeb81ff|   409600 |   409600 |   409600 |   335872 |   335872 |   385024 |
| SRAM  0xed3800~0xed39ff|   446464 |   454656 |   454656 |   364544 |   356352 |   462848 |
|CGROM  0xf00000~0xf001ff|   446464 |   454656 |   454656 |   364544 |   356352 |   462848 |
|IPLROM 0xfe0000~0xfe01ff|   446464 |   454656 |   454656 |   364544 |   352256 |   466944 |
+------------------------+----------+----------+----------+----------+----------+----------+


testCase 17/39

CRTMOD(13) 512x512 65536color 1plane 15kHz
SP BG disp off (by $EB0808)
T-VRAM display
G-VRAM display
memcpyByDma Limited-rate FullCsrPolling

throughput (bytes/sec)
+------------------------+----------+----------+----------+----------+----------+----------+
|                   dst  |   MAIN   |  G-VRAM  |  T-VRAM  |   SPR    |   PCG    |   SRAM   |
|                        | 0x1bc4dc | 0xc00200 | 0xe00200 | 0xeb0200 | 0xeb8200 | 0xed3a00 |
|  src                   |~0x1bc6db |~0xc003ff |~0xe003ff |~0xeb03ff |~0xeb83ff |~0xed3bff |
+------------------------+----------+----------+----------+----------+----------+----------+
| MAIN  0x1bc6dc~0x1bc8db|   446464 |   454656 |   454656 |   372736 |   483328 |   450560 |
|G-VRAM 0xc00000~0xc001ff|   450560 |   454656 |   458752 |   372736 |   479232 |   454656 |
|T-VRAM 0xe00000~0xe001ff|   450560 |   454656 |   458752 |   372736 |   479232 |   454656 |
| SPR   0xeb0000~0xeb01ff|   458752 |   454656 |   454656 |   348160 |   352256 |   368640 |
| PCG   0xeb8000~0xeb81ff|   495616 |   483328 |   487424 |   319488 |   364544 |   458752 |
| SRAM  0xed3800~0xed39ff|   446464 |   454656 |   454656 |   364544 |   376832 |   462848 |
|CGROM  0xf00000~0xf001ff|   446464 |   454656 |   454656 |   364544 |   376832 |   462848 |
|IPLROM 0xfe0000~0xfe01ff|   446464 |   454656 |   454656 |   364544 |   376832 |   462848 |
+------------------------+----------+----------+----------+----------+----------+----------+


testCase 18/39

CRTMOD(13) 512x512 65536color 1plane 15kHz
SP BG disp on (by $EB0808)
T-VRAM buffer
G-VRAM display
memcpyByDma Limited-rate FullCsrPolling

throughput (bytes/sec)
+------------------------+----------+----------+----------+----------+----------+----------+
|                   dst  |   MAIN   |  G-VRAM  |  T-VRAM  |   SPR    |   PCG    |   SRAM   |
|                        | 0x1bc4dc | 0xc00200 | 0xe00200 | 0xeb0200 | 0xeb8200 | 0xed3a00 |
|  src                   |~0x1bc6db |~0xc003ff |~0xe003ff |~0xeb03ff |~0xeb83ff |~0xed3bff |
+------------------------+----------+----------+----------+----------+----------+----------+
| MAIN  0x1bc6dc~0x1bc8db|   446464 |   454656 |   413696 |   360448 |   401408 |   450560 |
|G-VRAM 0xc00000~0xc001ff|   450560 |   454656 |   450560 |   356352 |   401408 |   458752 |
|T-VRAM 0xe00000~0xe001ff|   446464 |   454656 |   442368 |   356352 |   405504 |   471040 |
| SPR   0xeb0000~0xeb01ff|   409600 |   405504 |   405504 |   360448 |   323584 |   360448 |
| PCG   0xeb8000~0xeb81ff|   409600 |   409600 |   405504 |   339968 |   331776 |   385024 |
| SRAM  0xed3800~0xed39ff|   446464 |   454656 |   450560 |   364544 |   356352 |   462848 |
|CGROM  0xf00000~0xf001ff|   446464 |   454656 |   450560 |   364544 |   356352 |   462848 |
|IPLROM 0xfe0000~0xfe01ff|   446464 |   454656 |   454656 |   364544 |   352256 |   462848 |
+------------------------+----------+----------+----------+----------+----------+----------+


testCase 19/39

CRTMOD(13) 512x512 65536color 1plane 15kHz
SP BG disp on (by $EB0808)
T-VRAM display
G-VRAM buffer
memcpyByDma Limited-rate FullCsrPolling

throughput (bytes/sec)
+------------------------+----------+----------+----------+----------+----------+----------+
|                   dst  |   MAIN   |  G-VRAM  |  T-VRAM  |   SPR    |   PCG    |   SRAM   |
|                        | 0x1bc4dc | 0xc00200 | 0xe00200 | 0xeb0200 | 0xeb8200 | 0xed3a00 |
|  src                   |~0x1bc6db |~0xc003ff |~0xe003ff |~0xeb03ff |~0xeb83ff |~0xed3bff |
+------------------------+----------+----------+----------+----------+----------+----------+
| MAIN  0x1bc6dc~0x1bc8db|   446464 |   413696 |   454656 |   360448 |   401408 |   450560 |
|G-VRAM 0xc00000~0xc001ff|   446464 |   442368 |   454656 |   360448 |   401408 |   471040 |
|T-VRAM 0xe00000~0xe001ff|   450560 |   446464 |   454656 |   360448 |   401408 |   458752 |
| SPR   0xeb0000~0xeb01ff|   409600 |   405504 |   405504 |   360448 |   323584 |   360448 |
| PCG   0xeb8000~0xeb81ff|   409600 |   405504 |   409600 |   339968 |   331776 |   385024 |
| SRAM  0xed3800~0xed39ff|   446464 |   450560 |   458752 |   364544 |   352256 |   462848 |
|CGROM  0xf00000~0xf001ff|   446464 |   450560 |   454656 |   364544 |   356352 |   462848 |
|IPLROM 0xfe0000~0xfe01ff|   446464 |   450560 |   454656 |   364544 |   356352 |   462848 |
+------------------------+----------+----------+----------+----------+----------+----------+


testCase 20/39

CRTMOD(12) 512x512 65536color 1plane 31kHz
SP BG disp on (by $EB0808)
T-VRAM display
G-VRAM display
memcpyByU8 (ideal throughput is 454545 bytes/sec @10MHz)

throughput (bytes/sec)
+------------------------+----------+----------+----------+----------+----------+----------+
|                   dst  |   MAIN   |  G-VRAM  |  T-VRAM  |   SPR    |   PCG    |   SRAM   |
|                        | 0x1bc4dc | 0xc00200 | 0xe00200 | 0xeb0200 | 0xeb8200 | 0xed3a00 |
|  src                   |~0x1bc6db |~0xc003ff |~0xe003ff |~0xeb03ff |~0xeb83ff |~0xed3bff |
+------------------------+----------+----------+----------+----------+----------+----------+
| MAIN  0x1bc6dc~0x1bc8db|   438272 |   413696 |   409600 |   356352 |   352256 |   425984 |
|G-VRAM 0xc00000~0xc001ff|   413696 |   397312 |   401408 |   348160 |   344064 |   409600 |
|T-VRAM 0xe00000~0xe001ff|   413696 |   401408 |   397312 |   348160 |   344064 |   405504 |
| SPR   0xeb0000~0xeb01ff|   356352 |   348160 |   344064 |   282624 |   290816 |   352256 |
| PCG   0xeb8000~0xeb81ff|   356352 |   348160 |   344064 |   286720 |   278528 |   356352 |
| SRAM  0xed3800~0xed39ff|   430080 |   405504 |   405504 |   356352 |   356352 |   405504 |
|CGROM  0xf00000~0xf001ff|   430080 |   405504 |   405504 |   356352 |   356352 |   405504 |
|IPLROM 0xfe0000~0xfe01ff|   430080 |   405504 |   405504 |   356352 |   356352 |   405504 |
+------------------------+----------+----------+----------+----------+----------+----------+


testCase 21/39

CRTMOD(12) 512x512 65536color 1plane 31kHz
SP BG disp off (by $EB0808)
T-VRAM display
G-VRAM display
memcpyByU8 (ideal throughput is 454545 bytes/sec @10MHz)

throughput (bytes/sec)
+------------------------+----------+----------+----------+----------+----------+----------+
|                   dst  |   MAIN   |  G-VRAM  |  T-VRAM  |   SPR    |   PCG    |   SRAM   |
|                        | 0x1bc4dc | 0xc00200 | 0xe00200 | 0xeb0200 | 0xeb8200 | 0xed3a00 |
|  src                   |~0x1bc6db |~0xc003ff |~0xe003ff |~0xeb03ff |~0xeb83ff |~0xed3bff |
+------------------------+----------+----------+----------+----------+----------+----------+
| MAIN  0x1bc6dc~0x1bc8db|   438272 |   413696 |   409600 |   372736 |   376832 |   425984 |
|G-VRAM 0xc00000~0xc001ff|   413696 |   397312 |   401408 |   348160 |   356352 |   405504 |
|T-VRAM 0xe00000~0xe001ff|   413696 |   401408 |   397312 |   348160 |   356352 |   405504 |
| SPR   0xeb0000~0xeb01ff|   376832 |   348160 |   344064 |   315392 |   331776 |   352256 |
| PCG   0xeb8000~0xeb81ff|   376832 |   360448 |   356352 |   331776 |   319488 |   364544 |
| SRAM  0xed3800~0xed39ff|   430080 |   405504 |   405504 |   356352 |   364544 |   409600 |
|CGROM  0xf00000~0xf001ff|   430080 |   405504 |   405504 |   356352 |   364544 |   409600 |
|IPLROM 0xfe0000~0xfe01ff|   430080 |   405504 |   405504 |   356352 |   364544 |   409600 |
+------------------------+----------+----------+----------+----------+----------+----------+


testCase 22/39

CRTMOD(12) 512x512 65536color 1plane 31kHz
SP BG disp on (by $EB0808)
T-VRAM buffer
G-VRAM display
memcpyByU8 (ideal throughput is 454545 bytes/sec @10MHz)

throughput (bytes/sec)
+------------------------+----------+----------+----------+----------+----------+----------+
|                   dst  |   MAIN   |  G-VRAM  |  T-VRAM  |   SPR    |   PCG    |   SRAM   |
|                        | 0x1bc4dc | 0xc00200 | 0xe00200 | 0xeb0200 | 0xeb8200 | 0xed3a00 |
|  src                   |~0x1bc6db |~0xc003ff |~0xe003ff |~0xeb03ff |~0xeb83ff |~0xed3bff |
+------------------------+----------+----------+----------+----------+----------+----------+
| MAIN  0x1bc6dc~0x1bc8db|   438272 |   413696 |   417792 |   356352 |   356352 |   421888 |
|G-VRAM 0xc00000~0xc001ff|   413696 |   397312 |   401408 |   348160 |   344064 |   405504 |
|T-VRAM 0xe00000~0xe001ff|   421888 |   405504 |   405504 |   352256 |   356352 |   409600 |
| SPR   0xeb0000~0xeb01ff|   356352 |   348160 |   352256 |   286720 |   286720 |   352256 |
| PCG   0xeb8000~0xeb81ff|   356352 |   348160 |   352256 |   286720 |   278528 |   356352 |
| SRAM  0xed3800~0xed39ff|   430080 |   405504 |   405504 |   356352 |   352256 |   409600 |
|CGROM  0xf00000~0xf001ff|   430080 |   405504 |   405504 |   356352 |   352256 |   409600 |
|IPLROM 0xfe0000~0xfe01ff|   430080 |   405504 |   405504 |   356352 |   352256 |   409600 |
+------------------------+----------+----------+----------+----------+----------+----------+


testCase 23/39

CRTMOD(12) 512x512 65536color 1plane 31kHz
SP BG disp on (by $EB0808)
T-VRAM display
G-VRAM buffer
memcpyByU8 (ideal throughput is 454545 bytes/sec @10MHz)

throughput (bytes/sec)
+------------------------+----------+----------+----------+----------+----------+----------+
|                   dst  |   MAIN   |  G-VRAM  |  T-VRAM  |   SPR    |   PCG    |   SRAM   |
|                        | 0x1bc4dc | 0xc00200 | 0xe00200 | 0xeb0200 | 0xeb8200 | 0xed3a00 |
|  src                   |~0x1bc6db |~0xc003ff |~0xe003ff |~0xeb03ff |~0xeb83ff |~0xed3bff |
+------------------------+----------+----------+----------+----------+----------+----------+
| MAIN  0x1bc6dc~0x1bc8db|   438272 |   421888 |   409600 |   356352 |   356352 |   421888 |
|G-VRAM 0xc00000~0xc001ff|   421888 |   401408 |   409600 |   352256 |   356352 |   409600 |
|T-VRAM 0xe00000~0xe001ff|   413696 |   401408 |   397312 |   348160 |   344064 |   405504 |
| SPR   0xeb0000~0xeb01ff|   356352 |   356352 |   344064 |   286720 |   286720 |   352256 |
| PCG   0xeb8000~0xeb81ff|   356352 |   356352 |   344064 |   286720 |   278528 |   356352 |
| SRAM  0xed3800~0xed39ff|   430080 |   405504 |   405504 |   356352 |   352256 |   409600 |
|CGROM  0xf00000~0xf001ff|   430080 |   405504 |   405504 |   356352 |   352256 |   409600 |
|IPLROM 0xfe0000~0xfe01ff|   430080 |   405504 |   405504 |   356352 |   352256 |   409600 |
+------------------------+----------+----------+----------+----------+----------+----------+


testCase 24/39

CRTMOD(12) 512x512 65536color 1plane 31kHz
SP BG disp on (by $EB0808)
T-VRAM display
G-VRAM display
memcpyByMovem (ideal throughput is 2081301 bytes/sec @10MHz)

throughput (bytes/sec)
+------------------------+----------+----------+----------+----------+----------+----------+
|                   dst  |   MAIN   |  G-VRAM  |  T-VRAM  |   SPR    |   PCG    |   SRAM   |
|                        | 0x1bc4dc | 0xc00200 | 0xe00200 | 0xeb0200 | 0xeb8200 | 0xed3a00 |
|  src                   |~0x1bc6db |~0xc003ff |~0xe003ff |~0xeb03ff |~0xeb83ff |~0xed3bff |
+------------------------+----------+----------+----------+----------+----------+----------+
| MAIN  0x1bc6dc~0x1bc8db|  1982464 |  1785856 |  1785856 |  1228800 |  1179648 |  1826816 |
|G-VRAM 0xc00000~0xc001ff|  1781760 |  1605632 |  1609728 |  1142784 |  1101824 |  1650688 |
|T-VRAM 0xe00000~0xe001ff|  1781760 |  1605632 |  1609728 |  1142784 |  1101824 |  1650688 |
| SPR   0xeb0000~0xeb01ff|  1236992 |  1150976 |  1150976 |   897024 |   872448 |  1171456 |
| PCG   0xeb8000~0xeb81ff|  1241088 |  1146880 |  1142784 |   901120 |   864256 |  1163264 |
| SRAM  0xed3800~0xed39ff|  1818624 |  1654784 |  1650688 |  1167360 |  1118208 |  1691648 |
|CGROM  0xf00000~0xf001ff|  1818624 |  1654784 |  1650688 |  1167360 |  1118208 |  1691648 |
|IPLROM 0xfe0000~0xfe01ff|  1818624 |  1654784 |  1650688 |  1167360 |  1118208 |  1691648 |
+------------------------+----------+----------+----------+----------+----------+----------+


testCase 25/39

CRTMOD(12) 512x512 65536color 1plane 31kHz
SP BG disp off (by $EB0808)
T-VRAM display
G-VRAM display
memcpyByMovem (ideal throughput is 2081301 bytes/sec @10MHz)

throughput (bytes/sec)
+------------------------+----------+----------+----------+----------+----------+----------+
|                   dst  |   MAIN   |  G-VRAM  |  T-VRAM  |   SPR    |   PCG    |   SRAM   |
|                        | 0x1bc4dc | 0xc00200 | 0xe00200 | 0xeb0200 | 0xeb8200 | 0xed3a00 |
|  src                   |~0x1bc6db |~0xc003ff |~0xe003ff |~0xeb03ff |~0xeb83ff |~0xed3bff |
+------------------------+----------+----------+----------+----------+----------+----------+
| MAIN  0x1bc6dc~0x1bc8db|  1982464 |  1785856 |  1785856 |  1372160 |  1470464 |  1822720 |
|G-VRAM 0xc00000~0xc001ff|  1781760 |  1605632 |  1609728 |  1265664 |  1343488 |  1650688 |
|T-VRAM 0xe00000~0xe001ff|  1781760 |  1605632 |  1609728 |  1265664 |  1343488 |  1650688 |
| SPR   0xeb0000~0xeb01ff|  1363968 |  1253376 |  1257472 |  1044480 |  1097728 |  1282048 |
| PCG   0xeb8000~0xeb81ff|  1454080 |  1335296 |  1339392 |  1093632 |  1138688 |  1363968 |
| SRAM  0xed3800~0xed39ff|  1818624 |  1654784 |  1650688 |  1290240 |  1380352 |  1691648 |
|CGROM  0xf00000~0xf001ff|  1818624 |  1654784 |  1650688 |  1290240 |  1380352 |  1691648 |
|IPLROM 0xfe0000~0xfe01ff|  1818624 |  1654784 |  1650688 |  1290240 |  1380352 |  1691648 |
+------------------------+----------+----------+----------+----------+----------+----------+


testCase 26/39

CRTMOD(12) 512x512 65536color 1plane 31kHz
SP BG disp on (by $EB0808)
T-VRAM buffer
G-VRAM display
memcpyByMovem (ideal throughput is 2081301 bytes/sec @10MHz)

throughput (bytes/sec)
+------------------------+----------+----------+----------+----------+----------+----------+
|                   dst  |   MAIN   |  G-VRAM  |  T-VRAM  |   SPR    |   PCG    |   SRAM   |
|                        | 0x1bc4dc | 0xc00200 | 0xe00200 | 0xeb0200 | 0xeb8200 | 0xed3a00 |
|  src                   |~0x1bc6db |~0xc003ff |~0xe003ff |~0xeb03ff |~0xeb83ff |~0xed3bff |
+------------------------+----------+----------+----------+----------+----------+----------+
| MAIN  0x1bc6dc~0x1bc8db|  1982464 |  1785856 |  1798144 |  1228800 |  1183744 |  1822720 |
|G-VRAM 0xc00000~0xc001ff|  1781760 |  1605632 |  1634304 |  1142784 |  1105920 |  1646592 |
|T-VRAM 0xe00000~0xe001ff|  1794048 |  1630208 |  1642496 |  1159168 |  1118208 |  1662976 |
| SPR   0xeb0000~0xeb01ff|  1236992 |  1150976 |  1159168 |   892928 |   872448 |  1171456 |
| PCG   0xeb8000~0xeb81ff|  1241088 |  1146880 |  1134592 |   901120 |   864256 |  1163264 |
| SRAM  0xed3800~0xed39ff|  1818624 |  1654784 |  1662976 |  1167360 |  1122304 |  1687552 |
|CGROM  0xf00000~0xf001ff|  1818624 |  1654784 |  1662976 |  1167360 |  1118208 |  1691648 |
|IPLROM 0xfe0000~0xfe01ff|  1818624 |  1654784 |  1662976 |  1167360 |  1118208 |  1691648 |
+------------------------+----------+----------+----------+----------+----------+----------+


testCase 27/39

CRTMOD(12) 512x512 65536color 1plane 31kHz
SP BG disp on (by $EB0808)
T-VRAM display
G-VRAM buffer
memcpyByMovem (ideal throughput is 2081301 bytes/sec @10MHz)

throughput (bytes/sec)
+------------------------+----------+----------+----------+----------+----------+----------+
|                   dst  |   MAIN   |  G-VRAM  |  T-VRAM  |   SPR    |   PCG    |   SRAM   |
|                        | 0x1bc4dc | 0xc00200 | 0xe00200 | 0xeb0200 | 0xeb8200 | 0xed3a00 |
|  src                   |~0x1bc6db |~0xc003ff |~0xe003ff |~0xeb03ff |~0xeb83ff |~0xed3bff |
+------------------------+----------+----------+----------+----------+----------+----------+
| MAIN  0x1bc6dc~0x1bc8db|  1982464 |  1798144 |  1785856 |  1228800 |  1183744 |  1822720 |
|G-VRAM 0xc00000~0xc001ff|  1794048 |  1642496 |  1630208 |  1159168 |  1118208 |  1662976 |
|T-VRAM 0xe00000~0xe001ff|  1781760 |  1634304 |  1605632 |  1142784 |  1101824 |  1650688 |
| SPR   0xeb0000~0xeb01ff|  1236992 |  1159168 |  1150976 |   892928 |   872448 |  1171456 |
| PCG   0xeb8000~0xeb81ff|  1241088 |  1138688 |  1142784 |   901120 |   864256 |  1163264 |
| SRAM  0xed3800~0xed39ff|  1818624 |  1667072 |  1650688 |  1167360 |  1118208 |  1691648 |
|CGROM  0xf00000~0xf001ff|  1818624 |  1667072 |  1650688 |  1167360 |  1122304 |  1687552 |
|IPLROM 0xfe0000~0xfe01ff|  1818624 |  1667072 |  1650688 |  1167360 |  1122304 |  1687552 |
+------------------------+----------+----------+----------+----------+----------+----------+


testCase 28/39

CRTMOD(12) 512x512 65536color 1plane 31kHz
SP BG disp on (by $EB0808)
T-VRAM display
G-VRAM display
memcpyByDma Maximum-rate

throughput (bytes/sec)
+------------------------+----------+----------+----------+----------+----------+----------+
|                   dst  |   MAIN   |  G-VRAM  |  T-VRAM  |   SPR    |   PCG    |   SRAM   |
|                        | 0x1bc4dc | 0xc00200 | 0xe00200 | 0xeb0200 | 0xeb8200 | 0xed3a00 |
|  src                   |~0x1bc6db |~0xc003ff |~0xe003ff |~0xeb03ff |~0xeb83ff |~0xed3bff |
+------------------------+----------+----------+----------+----------+----------+----------+
| MAIN  0x1bc6dc~0x1bc8db|  1576960 |  1556480 |  1560576 |  1187840 |  1224704 |  1478656 |
|G-VRAM 0xc00000~0xc001ff|  1560576 |  1556480 |  1560576 |  1159168 |  1191936 |  1458176 |
|T-VRAM 0xe00000~0xe001ff|  1560576 |  1560576 |  1556480 |  1159168 |  1191936 |  1458176 |
| SPR   0xeb0000~0xeb01ff|  1228800 |  1191936 |  1196032 |   868352 |   868352 |  1130496 |
| PCG   0xeb8000~0xeb81ff|  1228800 |  1191936 |  1196032 |   868352 |   675840 |  1224704 |
| SRAM  0xed3800~0xed39ff|  1482752 |  1454080 |  1454080 |  1024000 |   942080 |  1392640 |
|CGROM  0xf00000~0xf001ff|  1482752 |  1454080 |  1454080 |  1024000 |   942080 |  1392640 |
|IPLROM 0xfe0000~0xfe01ff|  1482752 |  1454080 |  1454080 |  1024000 |   942080 |  1392640 |
+------------------------+----------+----------+----------+----------+----------+----------+


testCase 29/39

CRTMOD(12) 512x512 65536color 1plane 31kHz
SP BG disp off (by $EB0808)
T-VRAM display
G-VRAM display
memcpyByDma Maximum-rate

throughput (bytes/sec)
+------------------------+----------+----------+----------+----------+----------+----------+
|                   dst  |   MAIN   |  G-VRAM  |  T-VRAM  |   SPR    |   PCG    |   SRAM   |
|                        | 0x1bc4dc | 0xc00200 | 0xe00200 | 0xeb0200 | 0xeb8200 | 0xed3a00 |
|  src                   |~0x1bc6db |~0xc003ff |~0xe003ff |~0xeb03ff |~0xeb83ff |~0xed3bff |
+------------------------+----------+----------+----------+----------+----------+----------+
| MAIN  0x1bc6dc~0x1bc8db|  1576960 |  1560576 |  1556480 |  1220608 |  1224704 |  1478656 |
|G-VRAM 0xc00000~0xc001ff|  1560576 |  1556480 |  1560576 |  1187840 |  1191936 |  1458176 |
|T-VRAM 0xe00000~0xe001ff|  1560576 |  1560576 |  1556480 |  1187840 |  1191936 |  1458176 |
| SPR   0xeb0000~0xeb01ff|  1228800 |  1191936 |  1196032 |   946176 |  1007616 |  1200128 |
| PCG   0xeb8000~0xeb81ff|  1331200 |  1286144 |  1286144 |   942080 |  1024000 |  1232896 |
| SRAM  0xed3800~0xed39ff|  1482752 |  1454080 |  1454080 |  1122304 |  1130496 |  1396736 |
|CGROM  0xf00000~0xf001ff|  1482752 |  1454080 |  1454080 |  1122304 |  1130496 |  1396736 |
|IPLROM 0xfe0000~0xfe01ff|  1482752 |  1454080 |  1454080 |  1122304 |  1130496 |  1396736 |
+------------------------+----------+----------+----------+----------+----------+----------+


testCase 30/39

CRTMOD(12) 512x512 65536color 1plane 31kHz
SP BG disp on (by $EB0808)
T-VRAM buffer
G-VRAM display
memcpyByDma Maximum-rate

throughput (bytes/sec)
+------------------------+----------+----------+----------+----------+----------+----------+
|                   dst  |   MAIN   |  G-VRAM  |  T-VRAM  |   SPR    |   PCG    |   SRAM   |
|                        | 0x1bc4dc | 0xc00200 | 0xe00200 | 0xeb0200 | 0xeb8200 | 0xed3a00 |
|  src                   |~0x1bc6db |~0xc003ff |~0xe003ff |~0xeb03ff |~0xeb83ff |~0xed3bff |
+------------------------+----------+----------+----------+----------+----------+----------+
| MAIN  0x1bc6dc~0x1bc8db|  1576960 |  1560576 |  1576960 |  1187840 |  1224704 |  1478656 |
|G-VRAM 0xc00000~0xc001ff|  1560576 |  1556480 |  1560576 |  1159168 |  1191936 |  1458176 |
|T-VRAM 0xe00000~0xe001ff|  1585152 |  1556480 |  1581056 |  1191936 |  1220608 |  1495040 |
| SPR   0xeb0000~0xeb01ff|  1228800 |  1191936 |  1224704 |   868352 |   868352 |  1130496 |
| PCG   0xeb8000~0xeb81ff|  1228800 |  1191936 |  1224704 |   868352 |   675840 |  1224704 |
| SRAM  0xed3800~0xed39ff|  1482752 |  1454080 |  1490944 |  1024000 |   942080 |  1392640 |
|CGROM  0xf00000~0xf001ff|  1482752 |  1454080 |  1490944 |  1024000 |   942080 |  1392640 |
|IPLROM 0xfe0000~0xfe01ff|  1482752 |  1454080 |  1490944 |  1024000 |   942080 |  1392640 |
+------------------------+----------+----------+----------+----------+----------+----------+


testCase 31/39

CRTMOD(12) 512x512 65536color 1plane 31kHz
SP BG disp on (by $EB0808)
T-VRAM display
G-VRAM buffer
memcpyByDma Maximum-rate

throughput (bytes/sec)
+------------------------+----------+----------+----------+----------+----------+----------+
|                   dst  |   MAIN   |  G-VRAM  |  T-VRAM  |   SPR    |   PCG    |   SRAM   |
|                        | 0x1bc4dc | 0xc00200 | 0xe00200 | 0xeb0200 | 0xeb8200 | 0xed3a00 |
|  src                   |~0x1bc6db |~0xc003ff |~0xe003ff |~0xeb03ff |~0xeb83ff |~0xed3bff |
+------------------------+----------+----------+----------+----------+----------+----------+
| MAIN  0x1bc6dc~0x1bc8db|  1576960 |  1581056 |  1556480 |  1187840 |  1224704 |  1478656 |
|G-VRAM 0xc00000~0xc001ff|  1585152 |  1576960 |  1560576 |  1191936 |  1220608 |  1495040 |
|T-VRAM 0xe00000~0xe001ff|  1560576 |  1560576 |  1556480 |  1159168 |  1191936 |  1458176 |
| SPR   0xeb0000~0xeb01ff|  1228800 |  1224704 |  1191936 |   868352 |   868352 |  1130496 |
| PCG   0xeb8000~0xeb81ff|  1228800 |  1224704 |  1191936 |   868352 |   675840 |  1224704 |
| SRAM  0xed3800~0xed39ff|  1482752 |  1490944 |  1454080 |  1024000 |   942080 |  1392640 |
|CGROM  0xf00000~0xf001ff|  1482752 |  1490944 |  1454080 |  1024000 |   942080 |  1392640 |
|IPLROM 0xfe0000~0xfe01ff|  1482752 |  1490944 |  1454080 |  1024000 |   942080 |  1392640 |
+------------------------+----------+----------+----------+----------+----------+----------+


testCase 32/39

CRTMOD(12) 512x512 65536color 1plane 31kHz
SP BG disp on (by $EB0808)
T-VRAM display
G-VRAM display
memcpyByDma Limited-rate LiteCsrPolling

throughput (bytes/sec)
+------------------------+----------+----------+----------+----------+----------+----------+
|                   dst  |   MAIN   |  G-VRAM  |  T-VRAM  |   SPR    |   PCG    |   SRAM   |
|                        | 0x1bc4dc | 0xc00200 | 0xe00200 | 0xeb0200 | 0xeb8200 | 0xed3a00 |
|  src                   |~0x1bc6db |~0xc003ff |~0xe003ff |~0xeb03ff |~0xeb83ff |~0xed3bff |
+------------------------+----------+----------+----------+----------+----------+----------+
| MAIN  0x1bc6dc~0x1bc8db|   540672 |   540672 |   540672 |   516096 |   520192 |   528384 |
|G-VRAM 0xc00000~0xc001ff|   540672 |   544768 |   540672 |   507904 |   512000 |   528384 |
|T-VRAM 0xe00000~0xe001ff|   540672 |   544768 |   540672 |   507904 |   512000 |   532480 |
| SPR   0xeb0000~0xeb01ff|   516096 |   507904 |   503808 |   409600 |   397312 |   516096 |
| PCG   0xeb8000~0xeb81ff|   520192 |   512000 |   512000 |   417792 |   376832 |   516096 |
| SRAM  0xed3800~0xed39ff|   532480 |   528384 |   528384 |   548864 |   483328 |   512000 |
|CGROM  0xf00000~0xf001ff|   532480 |   528384 |   528384 |   548864 |   487424 |   507904 |
|IPLROM 0xfe0000~0xfe01ff|   532480 |   528384 |   528384 |   548864 |   487424 |   507904 |
+------------------------+----------+----------+----------+----------+----------+----------+


testCase 33/39

CRTMOD(12) 512x512 65536color 1plane 31kHz
SP BG disp off (by $EB0808)
T-VRAM display
G-VRAM display
memcpyByDma Limited-rate LiteCsrPolling

throughput (bytes/sec)
+------------------------+----------+----------+----------+----------+----------+----------+
|                   dst  |   MAIN   |  G-VRAM  |  T-VRAM  |   SPR    |   PCG    |   SRAM   |
|                        | 0x1bc4dc | 0xc00200 | 0xe00200 | 0xeb0200 | 0xeb8200 | 0xed3a00 |
|  src                   |~0x1bc6db |~0xc003ff |~0xe003ff |~0xeb03ff |~0xeb83ff |~0xed3bff |
+------------------------+----------+----------+----------+----------+----------+----------+
| MAIN  0x1bc6dc~0x1bc8db|   540672 |   540672 |   540672 |   512000 |   507904 |   528384 |
|G-VRAM 0xc00000~0xc001ff|   540672 |   544768 |   540672 |   507904 |   507904 |   528384 |
|T-VRAM 0xe00000~0xe001ff|   540672 |   544768 |   540672 |   507904 |   507904 |   528384 |
| SPR   0xeb0000~0xeb01ff|   512000 |   507904 |   507904 |   548864 |   561152 |   512000 |
| PCG   0xeb8000~0xeb81ff|   512000 |   507904 |   507904 |   548864 |   552960 |   507904 |
| SRAM  0xed3800~0xed39ff|   532480 |   528384 |   528384 |   520192 |   516096 |   512000 |
|CGROM  0xf00000~0xf001ff|   532480 |   528384 |   532480 |   516096 |   516096 |   512000 |
|IPLROM 0xfe0000~0xfe01ff|   532480 |   528384 |   528384 |   520192 |   516096 |   512000 |
+------------------------+----------+----------+----------+----------+----------+----------+


testCase 34/39

CRTMOD(12) 512x512 65536color 1plane 31kHz
SP BG disp on (by $EB0808)
T-VRAM buffer
G-VRAM display
memcpyByDma Limited-rate LiteCsrPolling

throughput (bytes/sec)
+------------------------+----------+----------+----------+----------+----------+----------+
|                   dst  |   MAIN   |  G-VRAM  |  T-VRAM  |   SPR    |   PCG    |   SRAM   |
|                        | 0x1bc4dc | 0xc00200 | 0xe00200 | 0xeb0200 | 0xeb8200 | 0xed3a00 |
|  src                   |~0x1bc6db |~0xc003ff |~0xe003ff |~0xeb03ff |~0xeb83ff |~0xed3bff |
+------------------------+----------+----------+----------+----------+----------+----------+
| MAIN  0x1bc6dc~0x1bc8db|   540672 |   540672 |   544768 |   516096 |   520192 |   528384 |
|G-VRAM 0xc00000~0xc001ff|   540672 |   544768 |   540672 |   507904 |   507904 |   532480 |
|T-VRAM 0xe00000~0xe001ff|   540672 |   540672 |   540672 |   516096 |   520192 |   528384 |
| SPR   0xeb0000~0xeb01ff|   516096 |   507904 |   512000 |   405504 |   397312 |   520192 |
| PCG   0xeb8000~0xeb81ff|   520192 |   512000 |   516096 |   417792 |   376832 |   516096 |
| SRAM  0xed3800~0xed39ff|   532480 |   528384 |   528384 |   548864 |   483328 |   512000 |
|CGROM  0xf00000~0xf001ff|   532480 |   528384 |   528384 |   548864 |   483328 |   512000 |
|IPLROM 0xfe0000~0xfe01ff|   532480 |   528384 |   528384 |   548864 |   483328 |   512000 |
+------------------------+----------+----------+----------+----------+----------+----------+


testCase 35/39

CRTMOD(12) 512x512 65536color 1plane 31kHz
SP BG disp on (by $EB0808)
T-VRAM display
G-VRAM buffer
memcpyByDma Limited-rate LiteCsrPolling

throughput (bytes/sec)
+------------------------+----------+----------+----------+----------+----------+----------+
|                   dst  |   MAIN   |  G-VRAM  |  T-VRAM  |   SPR    |   PCG    |   SRAM   |
|                        | 0x1bc4dc | 0xc00200 | 0xe00200 | 0xeb0200 | 0xeb8200 | 0xed3a00 |
|  src                   |~0x1bc6db |~0xc003ff |~0xe003ff |~0xeb03ff |~0xeb83ff |~0xed3bff |
+------------------------+----------+----------+----------+----------+----------+----------+
| MAIN  0x1bc6dc~0x1bc8db|   540672 |   544768 |   540672 |   516096 |   520192 |   528384 |
|G-VRAM 0xc00000~0xc001ff|   540672 |   540672 |   540672 |   520192 |   516096 |   528384 |
|T-VRAM 0xe00000~0xe001ff|   540672 |   540672 |   544768 |   507904 |   507904 |   532480 |
| SPR   0xeb0000~0xeb01ff|   516096 |   512000 |   503808 |   409600 |   397312 |   516096 |
| PCG   0xeb8000~0xeb81ff|   520192 |   516096 |   512000 |   417792 |   376832 |   516096 |
| SRAM  0xed3800~0xed39ff|   532480 |   528384 |   528384 |   548864 |   483328 |   512000 |
|CGROM  0xf00000~0xf001ff|   532480 |   528384 |   528384 |   548864 |   483328 |   512000 |
|IPLROM 0xfe0000~0xfe01ff|   532480 |   528384 |   528384 |   548864 |   483328 |   512000 |
+------------------------+----------+----------+----------+----------+----------+----------+


testCase 36/39

CRTMOD(12) 512x512 65536color 1plane 31kHz
SP BG disp on (by $EB0808)
T-VRAM display
G-VRAM display
memcpyByDma Limited-rate FullCsrPolling

throughput (bytes/sec)
+------------------------+----------+----------+----------+----------+----------+----------+
|                   dst  |   MAIN   |  G-VRAM  |  T-VRAM  |   SPR    |   PCG    |   SRAM   |
|                        | 0x1bc4dc | 0xc00200 | 0xe00200 | 0xeb0200 | 0xeb8200 | 0xed3a00 |
|  src                   |~0x1bc6db |~0xc003ff |~0xe003ff |~0xeb03ff |~0xeb83ff |~0xed3bff |
+------------------------+----------+----------+----------+----------+----------+----------+
| MAIN  0x1bc6dc~0x1bc8db|   446464 |   462848 |   466944 |   536576 |   524288 |   450560 |
|G-VRAM 0xc00000~0xc001ff|   466944 |   462848 |   466944 |   520192 |   512000 |   466944 |
|T-VRAM 0xe00000~0xe001ff|   466944 |   462848 |   466944 |   520192 |   512000 |   466944 |
| SPR   0xeb0000~0xeb01ff|   552960 |   528384 |   532480 |   356352 |   348160 |   536576 |
| PCG   0xeb8000~0xeb81ff|   532480 |   516096 |   516096 |   360448 |   348160 |   528384 |
| SRAM  0xed3800~0xed39ff|   446464 |   462848 |   462848 |   507904 |   454656 |   462848 |
|CGROM  0xf00000~0xf001ff|   446464 |   462848 |   462848 |   507904 |   454656 |   462848 |
|IPLROM 0xfe0000~0xfe01ff|   446464 |   462848 |   466944 |   503808 |   454656 |   462848 |
+------------------------+----------+----------+----------+----------+----------+----------+


testCase 37/39

CRTMOD(12) 512x512 65536color 1plane 31kHz
SP BG disp off (by $EB0808)
T-VRAM display
G-VRAM display
memcpyByDma Limited-rate FullCsrPolling

throughput (bytes/sec)
+------------------------+----------+----------+----------+----------+----------+----------+
|                   dst  |   MAIN   |  G-VRAM  |  T-VRAM  |   SPR    |   PCG    |   SRAM   |
|                        | 0x1bc4dc | 0xc00200 | 0xe00200 | 0xeb0200 | 0xeb8200 | 0xed3a00 |
|  src                   |~0x1bc6db |~0xc003ff |~0xe003ff |~0xeb03ff |~0xeb83ff |~0xed3bff |
+------------------------+----------+----------+----------+----------+----------+----------+
| MAIN  0x1bc6dc~0x1bc8db|   446464 |   462848 |   466944 |   544768 |   548864 |   450560 |
|G-VRAM 0xc00000~0xc001ff|   466944 |   462848 |   466944 |   528384 |   532480 |   462848 |
|T-VRAM 0xe00000~0xe001ff|   466944 |   462848 |   466944 |   528384 |   532480 |   466944 |
| SPR   0xeb0000~0xeb01ff|   552960 |   532480 |   532480 |   450560 |   491520 |   544768 |
| PCG   0xeb8000~0xeb81ff|   536576 |   528384 |   528384 |   450560 |   499712 |   548864 |
| SRAM  0xed3800~0xed39ff|   446464 |   462848 |   462848 |   536576 |   540672 |   462848 |
|CGROM  0xf00000~0xf001ff|   446464 |   462848 |   462848 |   536576 |   540672 |   462848 |
|IPLROM 0xfe0000~0xfe01ff|   446464 |   462848 |   462848 |   536576 |   540672 |   462848 |
+------------------------+----------+----------+----------+----------+----------+----------+


testCase 38/39

CRTMOD(12) 512x512 65536color 1plane 31kHz
SP BG disp on (by $EB0808)
T-VRAM buffer
G-VRAM display
memcpyByDma Limited-rate FullCsrPolling

throughput (bytes/sec)
+------------------------+----------+----------+----------+----------+----------+----------+
|                   dst  |   MAIN   |  G-VRAM  |  T-VRAM  |   SPR    |   PCG    |   SRAM   |
|                        | 0x1bc4dc | 0xc00200 | 0xe00200 | 0xeb0200 | 0xeb8200 | 0xed3a00 |
|  src                   |~0x1bc6db |~0xc003ff |~0xe003ff |~0xeb03ff |~0xeb83ff |~0xed3bff |
+------------------------+----------+----------+----------+----------+----------+----------+
| MAIN  0x1bc6dc~0x1bc8db|   446464 |   462848 |   417792 |   536576 |   524288 |   450560 |
|G-VRAM 0xc00000~0xc001ff|   466944 |   462848 |   462848 |   520192 |   512000 |   466944 |
|T-VRAM 0xe00000~0xe001ff|   446464 |   462848 |   446464 |   536576 |   524288 |   475136 |
| SPR   0xeb0000~0xeb01ff|   552960 |   532480 |   548864 |   356352 |   348160 |   532480 |
| PCG   0xeb8000~0xeb81ff|   532480 |   516096 |   528384 |   360448 |   348160 |   528384 |
| SRAM  0xed3800~0xed39ff|   446464 |   462848 |   454656 |   503808 |   454656 |   466944 |
|CGROM  0xf00000~0xf001ff|   446464 |   462848 |   454656 |   503808 |   454656 |   462848 |
|IPLROM 0xfe0000~0xfe01ff|   446464 |   462848 |   454656 |   507904 |   454656 |   462848 |
+------------------------+----------+----------+----------+----------+----------+----------+


testCase 39/39

CRTMOD(12) 512x512 65536color 1plane 31kHz
SP BG disp on (by $EB0808)
T-VRAM display
G-VRAM buffer
memcpyByDma Limited-rate FullCsrPolling

throughput (bytes/sec)
+------------------------+----------+----------+----------+----------+----------+----------+
|                   dst  |   MAIN   |  G-VRAM  |  T-VRAM  |   SPR    |   PCG    |   SRAM   |
|                        | 0x1bc4dc | 0xc00200 | 0xe00200 | 0xeb0200 | 0xeb8200 | 0xed3a00 |
|  src                   |~0x1bc6db |~0xc003ff |~0xe003ff |~0xeb03ff |~0xeb83ff |~0xed3bff |
+------------------------+----------+----------+----------+----------+----------+----------+
| MAIN  0x1bc6dc~0x1bc8db|   446464 |   413696 |   466944 |   536576 |   524288 |   450560 |
|G-VRAM 0xc00000~0xc001ff|   446464 |   442368 |   466944 |   536576 |   524288 |   475136 |
|T-VRAM 0xe00000~0xe001ff|   466944 |   462848 |   462848 |   520192 |   516096 |   462848 |
| SPR   0xeb0000~0xeb01ff|   552960 |   548864 |   532480 |   356352 |   348160 |   532480 |
| PCG   0xeb8000~0xeb81ff|   528384 |   532480 |   516096 |   360448 |   348160 |   524288 |
| SRAM  0xed3800~0xed39ff|   446464 |   450560 |   466944 |   503808 |   454656 |   466944 |
|CGROM  0xf00000~0xf001ff|   446464 |   450560 |   466944 |   503808 |   454656 |   466944 |
|IPLROM 0xfe0000~0xfe01ff|   446464 |   450560 |   466944 |   503808 |   454656 |   466944 |
+------------------------+----------+----------+----------+----------+----------+----------+


