build settings
	ENABLE_SRAM_WRITE 0
	BUILD Feb 15 2023, CRC32 243A6D96
	ARG
		-mode 1
		-case (not specified)
		-br 0 (Limited-rate DMA band-width ratio 50%)
		-bt 0 (Limited-rate DMA burst time 16 cycles)


testCase 0/39

CRTMOD(13) 512x512 65536color 1plane 15kHz
SP BG disp on (by $EB0808)
T-VRAM display
G-VRAM display
memcpyByU8 (ideal throughput is 454545 bytes/sec @10MHz)

throughput (bytes/sec)
+------------------------+----------+----------+----------+----------+----------+----------+
|                   dst  |   MAIN   |  G-VRAM  |  T-VRAM  |   SPR    |   PCG    |   SRAM   |
|                        | 0x1ffd88 | 0xc00200 | 0xe00200 | 0xeb0200 | 0xeb8200 | 0xed3a00 |
|  src                   |~0x1fff87 |~0xc003ff |~0xe003ff |~0xeb03ff |~0xeb83ff |~0xed3bff |
+------------------------+----------+----------+----------+----------+----------+----------+
| MAIN  0x1fff88~0x200187|   442368 |   413696 |   413696 |   290816 |   294912 |   425984 |
|G-VRAM 0xc00000~0xc001ff|   413696 |   397312 |   397312 |   286720 |   290816 |   397312 |
|T-VRAM 0xe00000~0xe001ff|   413696 |   397312 |   397312 |   286720 |   290816 |   397312 |
| SPR   0xeb0000~0xeb01ff|   290816 |   286720 |   286720 |   212992 |   200704 |   290816 |
| PCG   0xeb8000~0xeb81ff|   294912 |   290816 |   290816 |   200704 |   204800 |   286720 |
| SRAM  0xed3800~0xed39ff|   430080 |   397312 |   397312 |   286720 |   290816 |   405504 |
|CGROM  0xf00000~0xf001ff|   430080 |   397312 |   397312 |   286720 |   290816 |   405504 |
|IPLROM 0xfe0000~0xfe01ff|   430080 |   397312 |   397312 |   286720 |   290816 |   405504 |
+------------------------+----------+----------+----------+----------+----------+----------+


testCase 1/39

CRTMOD(13) 512x512 65536color 1plane 15kHz
SP BG disp off (by $EB0808)
T-VRAM display
G-VRAM display
memcpyByU8 (ideal throughput is 454545 bytes/sec @10MHz)

throughput (bytes/sec)
+------------------------+----------+----------+----------+----------+----------+----------+
|                   dst  |   MAIN   |  G-VRAM  |  T-VRAM  |   SPR    |   PCG    |   SRAM   |
|                        | 0x1ffd88 | 0xc00200 | 0xe00200 | 0xeb0200 | 0xeb8200 | 0xed3a00 |
|  src                   |~0x1fff87 |~0xc003ff |~0xe003ff |~0xeb03ff |~0xeb83ff |~0xed3bff |
+------------------------+----------+----------+----------+----------+----------+----------+
| MAIN  0x1fff88~0x200187|   442368 |   413696 |   413696 |   307200 |   339968 |   425984 |
|G-VRAM 0xc00000~0xc001ff|   413696 |   397312 |   397312 |   294912 |   299008 |   397312 |
|T-VRAM 0xe00000~0xe001ff|   413696 |   397312 |   397312 |   294912 |   299008 |   397312 |
| SPR   0xeb0000~0xeb01ff|   311296 |   294912 |   294912 |   253952 |   241664 |   299008 |
| PCG   0xeb8000~0xeb81ff|   339968 |   303104 |   303104 |   262144 |   266240 |   311296 |
| SRAM  0xed3800~0xed39ff|   430080 |   397312 |   397312 |   299008 |   307200 |   405504 |
|CGROM  0xf00000~0xf001ff|   430080 |   397312 |   397312 |   299008 |   307200 |   405504 |
|IPLROM 0xfe0000~0xfe01ff|   430080 |   397312 |   397312 |   299008 |   307200 |   405504 |
+------------------------+----------+----------+----------+----------+----------+----------+


testCase 2/39

CRTMOD(13) 512x512 65536color 1plane 15kHz
SP BG disp on (by $EB0808)
T-VRAM buffer
G-VRAM display
memcpyByU8 (ideal throughput is 454545 bytes/sec @10MHz)

throughput (bytes/sec)
+------------------------+----------+----------+----------+----------+----------+----------+
|                   dst  |   MAIN   |  G-VRAM  |  T-VRAM  |   SPR    |   PCG    |   SRAM   |
|                        | 0x1ffd88 | 0xc00200 | 0xe00200 | 0xeb0200 | 0xeb8200 | 0xed3a00 |
|  src                   |~0x1fff87 |~0xc003ff |~0xe003ff |~0xeb03ff |~0xeb83ff |~0xed3bff |
+------------------------+----------+----------+----------+----------+----------+----------+
| MAIN  0x1fff88~0x200187|   442368 |   413696 |   425984 |   286720 |   294912 |   425984 |
|G-VRAM 0xc00000~0xc001ff|   413696 |   397312 |   397312 |   286720 |   290816 |   397312 |
|T-VRAM 0xe00000~0xe001ff|   421888 |   397312 |   401408 |   286720 |   286720 |   405504 |
| SPR   0xeb0000~0xeb01ff|   290816 |   286720 |   282624 |   212992 |   204800 |   286720 |
| PCG   0xeb8000~0xeb81ff|   294912 |   290816 |   286720 |   204800 |   200704 |   286720 |
| SRAM  0xed3800~0xed39ff|   430080 |   397312 |   405504 |   286720 |   290816 |   405504 |
|CGROM  0xf00000~0xf001ff|   430080 |   397312 |   405504 |   286720 |   290816 |   405504 |
|IPLROM 0xfe0000~0xfe01ff|   430080 |   397312 |   405504 |   286720 |   290816 |   405504 |
+------------------------+----------+----------+----------+----------+----------+----------+


testCase 3/39

CRTMOD(13) 512x512 65536color 1plane 15kHz
SP BG disp on (by $EB0808)
T-VRAM display
G-VRAM buffer
memcpyByU8 (ideal throughput is 454545 bytes/sec @10MHz)

throughput (bytes/sec)
+------------------------+----------+----------+----------+----------+----------+----------+
|                   dst  |   MAIN   |  G-VRAM  |  T-VRAM  |   SPR    |   PCG    |   SRAM   |
|                        | 0x1ffd88 | 0xc00200 | 0xe00200 | 0xeb0200 | 0xeb8200 | 0xed3a00 |
|  src                   |~0x1fff87 |~0xc003ff |~0xe003ff |~0xeb03ff |~0xeb83ff |~0xed3bff |
+------------------------+----------+----------+----------+----------+----------+----------+
| MAIN  0x1fff88~0x200187|   442368 |   421888 |   417792 |   286720 |   294912 |   425984 |
|G-VRAM 0xc00000~0xc001ff|   421888 |   401408 |   397312 |   286720 |   286720 |   405504 |
|T-VRAM 0xe00000~0xe001ff|   413696 |   397312 |   397312 |   286720 |   290816 |   397312 |
| SPR   0xeb0000~0xeb01ff|   290816 |   282624 |   286720 |   212992 |   204800 |   286720 |
| PCG   0xeb8000~0xeb81ff|   294912 |   286720 |   290816 |   204800 |   200704 |   286720 |
| SRAM  0xed3800~0xed39ff|   430080 |   405504 |   397312 |   286720 |   290816 |   405504 |
|CGROM  0xf00000~0xf001ff|   430080 |   405504 |   397312 |   286720 |   290816 |   405504 |
|IPLROM 0xfe0000~0xfe01ff|   430080 |   405504 |   397312 |   286720 |   290816 |   405504 |
+------------------------+----------+----------+----------+----------+----------+----------+


testCase 4/39

CRTMOD(13) 512x512 65536color 1plane 15kHz
SP BG disp on (by $EB0808)
T-VRAM display
G-VRAM display
memcpyByMovem (ideal throughput is 2081301 bytes/sec @10MHz)

throughput (bytes/sec)
+------------------------+----------+----------+----------+----------+----------+----------+
|                   dst  |   MAIN   |  G-VRAM  |  T-VRAM  |   SPR    |   PCG    |   SRAM   |
|                        | 0x1ffd88 | 0xc00200 | 0xe00200 | 0xeb0200 | 0xeb8200 | 0xed3a00 |
|  src                   |~0x1fff87 |~0xc003ff |~0xe003ff |~0xeb03ff |~0xeb83ff |~0xed3bff |
+------------------------+----------+----------+----------+----------+----------+----------+
| MAIN  0x1fff88~0x200187|  1986560 |  1798144 |  1802240 |   892928 |   888832 |  1826816 |
|G-VRAM 0xc00000~0xc001ff|  1785856 |  1626112 |  1626112 |   847872 |   851968 |  1646592 |
|T-VRAM 0xe00000~0xe001ff|  1785856 |  1626112 |  1626112 |   847872 |   851968 |  1646592 |
| SPR   0xeb0000~0xeb01ff|   864256 |   827392 |   827392 |   565248 |   569344 |   831488 |
| PCG   0xeb8000~0xeb81ff|   856064 |   827392 |   823296 |   569344 |   548864 |   831488 |
| SRAM  0xed3800~0xed39ff|  1818624 |  1654784 |  1654784 |   856064 |   851968 |  1691648 |
|CGROM  0xf00000~0xf001ff|  1818624 |  1654784 |  1654784 |   856064 |   851968 |  1691648 |
|IPLROM 0xfe0000~0xfe01ff|  1818624 |  1654784 |  1654784 |   856064 |   851968 |  1691648 |
+------------------------+----------+----------+----------+----------+----------+----------+


testCase 5/39

CRTMOD(13) 512x512 65536color 1plane 15kHz
SP BG disp off (by $EB0808)
T-VRAM display
G-VRAM display
memcpyByMovem (ideal throughput is 2081301 bytes/sec @10MHz)

throughput (bytes/sec)
+------------------------+----------+----------+----------+----------+----------+----------+
|                   dst  |   MAIN   |  G-VRAM  |  T-VRAM  |   SPR    |   PCG    |   SRAM   |
|                        | 0x1ffd88 | 0xc00200 | 0xe00200 | 0xeb0200 | 0xeb8200 | 0xed3a00 |
|  src                   |~0x1fff87 |~0xc003ff |~0xe003ff |~0xeb03ff |~0xeb83ff |~0xed3bff |
+------------------------+----------+----------+----------+----------+----------+----------+
| MAIN  0x1fff88~0x200187|  1986560 |  1798144 |  1798144 |  1093632 |  1097728 |  1826816 |
|G-VRAM 0xc00000~0xc001ff|  1785856 |  1626112 |  1626112 |  1024000 |  1019904 |  1654784 |
|T-VRAM 0xe00000~0xe001ff|  1785856 |  1626112 |  1626112 |  1024000 |  1019904 |  1654784 |
| SPR   0xeb0000~0xeb01ff|  1060864 |  1015808 |  1011712 |   741376 |   737280 |  1015808 |
| PCG   0xeb8000~0xeb81ff|  1069056 |  1019904 |  1015808 |   741376 |   741376 |  1015808 |
| SRAM  0xed3800~0xed39ff|  1818624 |  1654784 |  1654784 |  1036288 |  1040384 |  1691648 |
|CGROM  0xf00000~0xf001ff|  1818624 |  1654784 |  1654784 |  1036288 |  1040384 |  1691648 |
|IPLROM 0xfe0000~0xfe01ff|  1818624 |  1654784 |  1654784 |  1036288 |  1040384 |  1691648 |
+------------------------+----------+----------+----------+----------+----------+----------+


testCase 6/39

CRTMOD(13) 512x512 65536color 1plane 15kHz
SP BG disp on (by $EB0808)
T-VRAM buffer
G-VRAM display
memcpyByMovem (ideal throughput is 2081301 bytes/sec @10MHz)

throughput (bytes/sec)
+------------------------+----------+----------+----------+----------+----------+----------+
|                   dst  |   MAIN   |  G-VRAM  |  T-VRAM  |   SPR    |   PCG    |   SRAM   |
|                        | 0x1ffd88 | 0xc00200 | 0xe00200 | 0xeb0200 | 0xeb8200 | 0xed3a00 |
|  src                   |~0x1fff87 |~0xc003ff |~0xe003ff |~0xeb03ff |~0xeb83ff |~0xed3bff |
+------------------------+----------+----------+----------+----------+----------+----------+
| MAIN  0x1fff88~0x200187|  1986560 |  1798144 |  1806336 |   897024 |   888832 |  1822720 |
|G-VRAM 0xc00000~0xc001ff|  1785856 |  1626112 |  1630208 |   847872 |   847872 |  1654784 |
|T-VRAM 0xe00000~0xe001ff|  1794048 |  1626112 |  1642496 |   856064 |   839680 |  1662976 |
| SPR   0xeb0000~0xeb01ff|   864256 |   827392 |   827392 |   569344 |   565248 |   831488 |
| PCG   0xeb8000~0xeb81ff|   856064 |   827392 |   831488 |   565248 |   552960 |   831488 |
| SRAM  0xed3800~0xed39ff|  1818624 |  1654784 |  1667072 |   856064 |   851968 |  1691648 |
|CGROM  0xf00000~0xf001ff|  1818624 |  1654784 |  1667072 |   856064 |   851968 |  1691648 |
|IPLROM 0xfe0000~0xfe01ff|  1818624 |  1654784 |  1667072 |   856064 |   851968 |  1691648 |
+------------------------+----------+----------+----------+----------+----------+----------+


testCase 7/39

CRTMOD(13) 512x512 65536color 1plane 15kHz
SP BG disp on (by $EB0808)
T-VRAM display
G-VRAM buffer
memcpyByMovem (ideal throughput is 2081301 bytes/sec @10MHz)

throughput (bytes/sec)
+------------------------+----------+----------+----------+----------+----------+----------+
|                   dst  |   MAIN   |  G-VRAM  |  T-VRAM  |   SPR    |   PCG    |   SRAM   |
|                        | 0x1ffd88 | 0xc00200 | 0xe00200 | 0xeb0200 | 0xeb8200 | 0xed3a00 |
|  src                   |~0x1fff87 |~0xc003ff |~0xe003ff |~0xeb03ff |~0xeb83ff |~0xed3bff |
+------------------------+----------+----------+----------+----------+----------+----------+
| MAIN  0x1fff88~0x200187|  1986560 |  1806336 |  1798144 |   897024 |   888832 |  1822720 |
|G-VRAM 0xc00000~0xc001ff|  1794048 |  1642496 |  1626112 |   856064 |   839680 |  1662976 |
|T-VRAM 0xe00000~0xe001ff|  1785856 |  1630208 |  1626112 |   847872 |   851968 |  1646592 |
| SPR   0xeb0000~0xeb01ff|   864256 |   831488 |   823296 |   569344 |   565248 |   831488 |
| PCG   0xeb8000~0xeb81ff|   856064 |   831488 |   827392 |   565248 |   552960 |   831488 |
| SRAM  0xed3800~0xed39ff|  1818624 |  1667072 |  1654784 |   856064 |   851968 |  1691648 |
|CGROM  0xf00000~0xf001ff|  1818624 |  1667072 |  1654784 |   856064 |   851968 |  1691648 |
|IPLROM 0xfe0000~0xfe01ff|  1818624 |  1667072 |  1654784 |   856064 |   851968 |  1691648 |
+------------------------+----------+----------+----------+----------+----------+----------+


testCase 8/39

CRTMOD(13) 512x512 65536color 1plane 15kHz
SP BG disp on (by $EB0808)
T-VRAM display
G-VRAM display
memcpyByDma Maximum-rate

throughput (bytes/sec)
+------------------------+----------+----------+----------+----------+----------+----------+
|                   dst  |   MAIN   |  G-VRAM  |  T-VRAM  |   SPR    |   PCG    |   SRAM   |
|                        | 0x1ffd88 | 0xc00200 | 0xe00200 | 0xeb0200 | 0xeb8200 | 0xed3a00 |
|  src                   |~0x1fff87 |~0xc003ff |~0xe003ff |~0xeb03ff |~0xeb83ff |~0xed3bff |
+------------------------+----------+----------+----------+----------+----------+----------+
| MAIN  0x1fff88~0x200187|  1622016 |  1581056 |  1585152 |   741376 |  1007616 |  1499136 |
|G-VRAM 0xc00000~0xc001ff|  1585152 |  1581056 |  1581056 |   733184 |  1011712 |  1462272 |
|T-VRAM 0xe00000~0xe001ff|  1585152 |  1585152 |  1576960 |   733184 |  1011712 |  1462272 |
| SPR   0xeb0000~0xeb01ff|   970752 |   958464 |   962560 |   569344 |   565248 |   741376 |
| PCG   0xeb8000~0xeb81ff|  1040384 |  1040384 |  1044480 |   569344 |   565248 |   761856 |
| SRAM  0xed3800~0xed39ff|  1486848 |  1466368 |  1466368 |   741376 |   569344 |  1400832 |
|CGROM  0xf00000~0xf001ff|  1486848 |  1466368 |  1466368 |   741376 |   569344 |  1400832 |
|IPLROM 0xfe0000~0xfe01ff|  1486848 |  1466368 |  1466368 |   741376 |   569344 |  1400832 |
+------------------------+----------+----------+----------+----------+----------+----------+


testCase 9/39

CRTMOD(13) 512x512 65536color 1plane 15kHz
SP BG disp off (by $EB0808)
T-VRAM display
G-VRAM display
memcpyByDma Maximum-rate

throughput (bytes/sec)
+------------------------+----------+----------+----------+----------+----------+----------+
|                   dst  |   MAIN   |  G-VRAM  |  T-VRAM  |   SPR    |   PCG    |   SRAM   |
|                        | 0x1ffd88 | 0xc00200 | 0xe00200 | 0xeb0200 | 0xeb8200 | 0xed3a00 |
|  src                   |~0x1fff87 |~0xc003ff |~0xe003ff |~0xeb03ff |~0xeb83ff |~0xed3bff |
+------------------------+----------+----------+----------+----------+----------+----------+
| MAIN  0x1fff88~0x200187|  1622016 |  1581056 |  1585152 |   872448 |  1048576 |  1499136 |
|G-VRAM 0xc00000~0xc001ff|  1585152 |  1581056 |  1581056 |   864256 |  1028096 |  1462272 |
|T-VRAM 0xe00000~0xe001ff|  1585152 |  1585152 |  1576960 |   864256 |  1028096 |  1462272 |
| SPR   0xeb0000~0xeb01ff|  1007616 |   978944 |   978944 |   724992 |   684032 |   876544 |
| PCG   0xeb8000~0xeb81ff|  1069056 |  1040384 |  1044480 |   643072 |   741376 |  1003520 |
| SRAM  0xed3800~0xed39ff|  1486848 |  1466368 |  1466368 |   876544 |   872448 |  1404928 |
|CGROM  0xf00000~0xf001ff|  1486848 |  1466368 |  1466368 |   876544 |   872448 |  1404928 |
|IPLROM 0xfe0000~0xfe01ff|  1486848 |  1466368 |  1466368 |   876544 |   872448 |  1404928 |
+------------------------+----------+----------+----------+----------+----------+----------+


testCase 10/39

CRTMOD(13) 512x512 65536color 1plane 15kHz
SP BG disp on (by $EB0808)
T-VRAM buffer
G-VRAM display
memcpyByDma Maximum-rate

throughput (bytes/sec)
+------------------------+----------+----------+----------+----------+----------+----------+
|                   dst  |   MAIN   |  G-VRAM  |  T-VRAM  |   SPR    |   PCG    |   SRAM   |
|                        | 0x1ffd88 | 0xc00200 | 0xe00200 | 0xeb0200 | 0xeb8200 | 0xed3a00 |
|  src                   |~0x1fff87 |~0xc003ff |~0xe003ff |~0xeb03ff |~0xeb83ff |~0xed3bff |
+------------------------+----------+----------+----------+----------+----------+----------+
| MAIN  0x1fff88~0x200187|  1622016 |  1581056 |  1617920 |   745472 |  1003520 |  1499136 |
|G-VRAM 0xc00000~0xc001ff|  1585152 |  1581056 |  1581056 |   733184 |  1011712 |  1462272 |
|T-VRAM 0xe00000~0xe001ff|  1589248 |  1585152 |  1593344 |   741376 |  1007616 |  1503232 |
| SPR   0xeb0000~0xeb01ff|   970752 |   958464 |   970752 |   569344 |   565248 |   741376 |
| PCG   0xeb8000~0xeb81ff|  1040384 |  1040384 |  1044480 |   569344 |   569344 |   757760 |
| SRAM  0xed3800~0xed39ff|  1486848 |  1466368 |  1499136 |   741376 |   569344 |  1400832 |
|CGROM  0xf00000~0xf001ff|  1486848 |  1466368 |  1499136 |   741376 |   569344 |  1400832 |
|IPLROM 0xfe0000~0xfe01ff|  1486848 |  1466368 |  1499136 |   741376 |   569344 |  1400832 |
+------------------------+----------+----------+----------+----------+----------+----------+


testCase 11/39

CRTMOD(13) 512x512 65536color 1plane 15kHz
SP BG disp on (by $EB0808)
T-VRAM display
G-VRAM buffer
memcpyByDma Maximum-rate

throughput (bytes/sec)
+------------------------+----------+----------+----------+----------+----------+----------+
|                   dst  |   MAIN   |  G-VRAM  |  T-VRAM  |   SPR    |   PCG    |   SRAM   |
|                        | 0x1ffd88 | 0xc00200 | 0xe00200 | 0xeb0200 | 0xeb8200 | 0xed3a00 |
|  src                   |~0x1fff87 |~0xc003ff |~0xe003ff |~0xeb03ff |~0xeb83ff |~0xed3bff |
+------------------------+----------+----------+----------+----------+----------+----------+
| MAIN  0x1fff88~0x200187|  1622016 |  1617920 |  1581056 |   745472 |  1003520 |  1499136 |
|G-VRAM 0xc00000~0xc001ff|  1589248 |  1593344 |  1585152 |   741376 |  1007616 |  1503232 |
|T-VRAM 0xe00000~0xe001ff|  1585152 |  1585152 |  1576960 |   733184 |  1007616 |  1466368 |
| SPR   0xeb0000~0xeb01ff|   970752 |   970752 |   954368 |   569344 |   565248 |   745472 |
| PCG   0xeb8000~0xeb81ff|  1040384 |  1044480 |  1040384 |   569344 |   569344 |   753664 |
| SRAM  0xed3800~0xed39ff|  1486848 |  1499136 |  1466368 |   741376 |   569344 |  1400832 |
|CGROM  0xf00000~0xf001ff|  1486848 |  1499136 |  1466368 |   741376 |   569344 |  1400832 |
|IPLROM 0xfe0000~0xfe01ff|  1486848 |  1499136 |  1466368 |   741376 |   569344 |  1400832 |
+------------------------+----------+----------+----------+----------+----------+----------+


testCase 12/39

CRTMOD(13) 512x512 65536color 1plane 15kHz
SP BG disp on (by $EB0808)
T-VRAM display
G-VRAM display
memcpyByDma Limited-rate LiteCsrPolling

throughput (bytes/sec)
+------------------------+----------+----------+----------+----------+----------+----------+
|                   dst  |   MAIN   |  G-VRAM  |  T-VRAM  |   SPR    |   PCG    |   SRAM   |
|                        | 0x1ffd88 | 0xc00200 | 0xe00200 | 0xeb0200 | 0xeb8200 | 0xed3a00 |
|  src                   |~0x1fff87 |~0xc003ff |~0xe003ff |~0xeb03ff |~0xeb83ff |~0xed3bff |
+------------------------+----------+----------+----------+----------+----------+----------+
| MAIN  0x1fff88~0x200187|   544768 |   540672 |   536576 |   389120 |   442368 |   528384 |
|G-VRAM 0xc00000~0xc001ff|   540672 |   540672 |   536576 |   385024 |   442368 |   528384 |
|T-VRAM 0xe00000~0xe001ff|   540672 |   540672 |   536576 |   385024 |   442368 |   532480 |
| SPR   0xeb0000~0xeb01ff|   462848 |   458752 |   458752 |   372736 |   344064 |   385024 |
| PCG   0xeb8000~0xeb81ff|   458752 |   454656 |   450560 |   364544 |   352256 |   417792 |
| SRAM  0xed3800~0xed39ff|   532480 |   528384 |   528384 |   385024 |   364544 |   512000 |
|CGROM  0xf00000~0xf001ff|   532480 |   528384 |   528384 |   385024 |   364544 |   512000 |
|IPLROM 0xfe0000~0xfe01ff|   532480 |   528384 |   528384 |   385024 |   364544 |   512000 |
+------------------------+----------+----------+----------+----------+----------+----------+


testCase 13/39

CRTMOD(13) 512x512 65536color 1plane 15kHz
SP BG disp off (by $EB0808)
T-VRAM display
G-VRAM display
memcpyByDma Limited-rate LiteCsrPolling

throughput (bytes/sec)
+------------------------+----------+----------+----------+----------+----------+----------+
|                   dst  |   MAIN   |  G-VRAM  |  T-VRAM  |   SPR    |   PCG    |   SRAM   |
|                        | 0x1ffd88 | 0xc00200 | 0xe00200 | 0xeb0200 | 0xeb8200 | 0xed3a00 |
|  src                   |~0x1fff87 |~0xc003ff |~0xe003ff |~0xeb03ff |~0xeb83ff |~0xed3bff |
+------------------------+----------+----------+----------+----------+----------+----------+
| MAIN  0x1fff88~0x200187|   544768 |   540672 |   540672 |   450560 |   548864 |   524288 |
|G-VRAM 0xc00000~0xc001ff|   540672 |   540672 |   536576 |   450560 |   532480 |   528384 |
|T-VRAM 0xe00000~0xe001ff|   540672 |   540672 |   536576 |   450560 |   532480 |   528384 |
| SPR   0xeb0000~0xeb01ff|   528384 |   520192 |   520192 |   380928 |   368640 |   446464 |
| PCG   0xeb8000~0xeb81ff|   552960 |   532480 |   532480 |   360448 |   385024 |   528384 |
| SRAM  0xed3800~0xed39ff|   532480 |   528384 |   528384 |   417792 |   450560 |   512000 |
|CGROM  0xf00000~0xf001ff|   532480 |   528384 |   528384 |   417792 |   454656 |   507904 |
|IPLROM 0xfe0000~0xfe01ff|   532480 |   528384 |   528384 |   417792 |   454656 |   507904 |
+------------------------+----------+----------+----------+----------+----------+----------+


testCase 14/39

CRTMOD(13) 512x512 65536color 1plane 15kHz
SP BG disp on (by $EB0808)
T-VRAM buffer
G-VRAM display
memcpyByDma Limited-rate LiteCsrPolling

throughput (bytes/sec)
+------------------------+----------+----------+----------+----------+----------+----------+
|                   dst  |   MAIN   |  G-VRAM  |  T-VRAM  |   SPR    |   PCG    |   SRAM   |
|                        | 0x1ffd88 | 0xc00200 | 0xe00200 | 0xeb0200 | 0xeb8200 | 0xed3a00 |
|  src                   |~0x1fff87 |~0xc003ff |~0xe003ff |~0xeb03ff |~0xeb83ff |~0xed3bff |
+------------------------+----------+----------+----------+----------+----------+----------+
| MAIN  0x1fff88~0x200187|   544768 |   540672 |   540672 |   385024 |   446464 |   528384 |
|G-VRAM 0xc00000~0xc001ff|   540672 |   540672 |   536576 |   385024 |   446464 |   528384 |
|T-VRAM 0xe00000~0xe001ff|   540672 |   540672 |   544768 |   385024 |   446464 |   532480 |
| SPR   0xeb0000~0xeb01ff|   462848 |   458752 |   458752 |   372736 |   344064 |   385024 |
| PCG   0xeb8000~0xeb81ff|   458752 |   454656 |   454656 |   360448 |   356352 |   417792 |
| SRAM  0xed3800~0xed39ff|   532480 |   528384 |   528384 |   389120 |   364544 |   512000 |
|CGROM  0xf00000~0xf001ff|   532480 |   528384 |   532480 |   385024 |   364544 |   512000 |
|IPLROM 0xfe0000~0xfe01ff|   532480 |   528384 |   528384 |   389120 |   364544 |   507904 |
+------------------------+----------+----------+----------+----------+----------+----------+


testCase 15/39

CRTMOD(13) 512x512 65536color 1plane 15kHz
SP BG disp on (by $EB0808)
T-VRAM display
G-VRAM buffer
memcpyByDma Limited-rate LiteCsrPolling

throughput (bytes/sec)
+------------------------+----------+----------+----------+----------+----------+----------+
|                   dst  |   MAIN   |  G-VRAM  |  T-VRAM  |   SPR    |   PCG    |   SRAM   |
|                        | 0x1ffd88 | 0xc00200 | 0xe00200 | 0xeb0200 | 0xeb8200 | 0xed3a00 |
|  src                   |~0x1fff87 |~0xc003ff |~0xe003ff |~0xeb03ff |~0xeb83ff |~0xed3bff |
+------------------------+----------+----------+----------+----------+----------+----------+
| MAIN  0x1fff88~0x200187|   544768 |   540672 |   540672 |   389120 |   442368 |   528384 |
|G-VRAM 0xc00000~0xc001ff|   540672 |   544768 |   540672 |   385024 |   446464 |   532480 |
|T-VRAM 0xe00000~0xe001ff|   540672 |   540672 |   536576 |   385024 |   446464 |   528384 |
| SPR   0xeb0000~0xeb01ff|   462848 |   458752 |   458752 |   372736 |   344064 |   385024 |
| PCG   0xeb8000~0xeb81ff|   458752 |   454656 |   454656 |   360448 |   356352 |   417792 |
| SRAM  0xed3800~0xed39ff|   532480 |   528384 |   528384 |   389120 |   364544 |   512000 |
|CGROM  0xf00000~0xf001ff|   532480 |   528384 |   532480 |   385024 |   364544 |   512000 |
|IPLROM 0xfe0000~0xfe01ff|   532480 |   528384 |   532480 |   385024 |   364544 |   512000 |
+------------------------+----------+----------+----------+----------+----------+----------+


testCase 16/39

CRTMOD(13) 512x512 65536color 1plane 15kHz
SP BG disp on (by $EB0808)
T-VRAM display
G-VRAM display
memcpyByDma Limited-rate FullCsrPolling

throughput (bytes/sec)
+------------------------+----------+----------+----------+----------+----------+----------+
|                   dst  |   MAIN   |  G-VRAM  |  T-VRAM  |   SPR    |   PCG    |   SRAM   |
|                        | 0x1ffd88 | 0xc00200 | 0xe00200 | 0xeb0200 | 0xeb8200 | 0xed3a00 |
|  src                   |~0x1fff87 |~0xc003ff |~0xe003ff |~0xeb03ff |~0xeb83ff |~0xed3bff |
+------------------------+----------+----------+----------+----------+----------+----------+
| MAIN  0x1fff88~0x200187|   430080 |   454656 |   454656 |   356352 |   405504 |   446464 |
|G-VRAM 0xc00000~0xc001ff|   450560 |   454656 |   458752 |   360448 |   401408 |   454656 |
|T-VRAM 0xe00000~0xe001ff|   450560 |   454656 |   458752 |   360448 |   401408 |   458752 |
| SPR   0xeb0000~0xeb01ff|   409600 |   409600 |   409600 |   364544 |   323584 |   360448 |
| PCG   0xeb8000~0xeb81ff|   409600 |   409600 |   413696 |   335872 |   335872 |   389120 |
| SRAM  0xed3800~0xed39ff|   450560 |   458752 |   454656 |   364544 |   356352 |   462848 |
|CGROM  0xf00000~0xf001ff|   450560 |   458752 |   454656 |   364544 |   356352 |   462848 |
|IPLROM 0xfe0000~0xfe01ff|   450560 |   458752 |   454656 |   364544 |   356352 |   462848 |
+------------------------+----------+----------+----------+----------+----------+----------+


testCase 17/39

CRTMOD(13) 512x512 65536color 1plane 15kHz
SP BG disp off (by $EB0808)
T-VRAM display
G-VRAM display
memcpyByDma Limited-rate FullCsrPolling

throughput (bytes/sec)
+------------------------+----------+----------+----------+----------+----------+----------+
|                   dst  |   MAIN   |  G-VRAM  |  T-VRAM  |   SPR    |   PCG    |   SRAM   |
|                        | 0x1ffd88 | 0xc00200 | 0xe00200 | 0xeb0200 | 0xeb8200 | 0xed3a00 |
|  src                   |~0x1fff87 |~0xc003ff |~0xe003ff |~0xeb03ff |~0xeb83ff |~0xed3bff |
+------------------------+----------+----------+----------+----------+----------+----------+
| MAIN  0x1fff88~0x200187|   430080 |   454656 |   454656 |   376832 |   487424 |   446464 |
|G-VRAM 0xc00000~0xc001ff|   450560 |   454656 |   454656 |   376832 |   483328 |   458752 |
|T-VRAM 0xe00000~0xe001ff|   450560 |   454656 |   454656 |   376832 |   483328 |   454656 |
| SPR   0xeb0000~0xeb01ff|   462848 |   454656 |   458752 |   352256 |   348160 |   372736 |
| PCG   0xeb8000~0xeb81ff|   495616 |   487424 |   487424 |   315392 |   368640 |   462848 |
| SRAM  0xed3800~0xed39ff|   450560 |   458752 |   454656 |   364544 |   376832 |   462848 |
|CGROM  0xf00000~0xf001ff|   450560 |   458752 |   454656 |   364544 |   376832 |   462848 |
|IPLROM 0xfe0000~0xfe01ff|   450560 |   458752 |   454656 |   364544 |   376832 |   462848 |
+------------------------+----------+----------+----------+----------+----------+----------+


testCase 18/39

CRTMOD(13) 512x512 65536color 1plane 15kHz
SP BG disp on (by $EB0808)
T-VRAM buffer
G-VRAM display
memcpyByDma Limited-rate FullCsrPolling

throughput (bytes/sec)
+------------------------+----------+----------+----------+----------+----------+----------+
|                   dst  |   MAIN   |  G-VRAM  |  T-VRAM  |   SPR    |   PCG    |   SRAM   |
|                        | 0x1ffd88 | 0xc00200 | 0xe00200 | 0xeb0200 | 0xeb8200 | 0xed3a00 |
|  src                   |~0x1fff87 |~0xc003ff |~0xe003ff |~0xeb03ff |~0xeb83ff |~0xed3bff |
+------------------------+----------+----------+----------+----------+----------+----------+
| MAIN  0x1fff88~0x200187|   430080 |   454656 |   413696 |   360448 |   405504 |   446464 |
|G-VRAM 0xc00000~0xc001ff|   450560 |   454656 |   446464 |   360448 |   405504 |   454656 |
|T-VRAM 0xe00000~0xe001ff|   446464 |   454656 |   442368 |   360448 |   401408 |   475136 |
| SPR   0xeb0000~0xeb01ff|   409600 |   409600 |   409600 |   360448 |   323584 |   364544 |
| PCG   0xeb8000~0xeb81ff|   409600 |   409600 |   409600 |   339968 |   331776 |   389120 |
| SRAM  0xed3800~0xed39ff|   450560 |   458752 |   454656 |   364544 |   352256 |   462848 |
|CGROM  0xf00000~0xf001ff|   450560 |   458752 |   454656 |   364544 |   352256 |   462848 |
|IPLROM 0xfe0000~0xfe01ff|   450560 |   458752 |   454656 |   364544 |   352256 |   462848 |
+------------------------+----------+----------+----------+----------+----------+----------+


testCase 19/39

CRTMOD(13) 512x512 65536color 1plane 15kHz
SP BG disp on (by $EB0808)
T-VRAM display
G-VRAM buffer
memcpyByDma Limited-rate FullCsrPolling

throughput (bytes/sec)
+------------------------+----------+----------+----------+----------+----------+----------+
|                   dst  |   MAIN   |  G-VRAM  |  T-VRAM  |   SPR    |   PCG    |   SRAM   |
|                        | 0x1ffd88 | 0xc00200 | 0xe00200 | 0xeb0200 | 0xeb8200 | 0xed3a00 |
|  src                   |~0x1fff87 |~0xc003ff |~0xe003ff |~0xeb03ff |~0xeb83ff |~0xed3bff |
+------------------------+----------+----------+----------+----------+----------+----------+
| MAIN  0x1fff88~0x200187|   430080 |   417792 |   450560 |   360448 |   405504 |   446464 |
|G-VRAM 0xc00000~0xc001ff|   446464 |   442368 |   454656 |   360448 |   401408 |   475136 |
|T-VRAM 0xe00000~0xe001ff|   450560 |   446464 |   454656 |   360448 |   405504 |   454656 |
| SPR   0xeb0000~0xeb01ff|   409600 |   413696 |   409600 |   360448 |   323584 |   360448 |
| PCG   0xeb8000~0xeb81ff|   409600 |   409600 |   409600 |   339968 |   331776 |   389120 |
| SRAM  0xed3800~0xed39ff|   450560 |   454656 |   458752 |   364544 |   352256 |   462848 |
|CGROM  0xf00000~0xf001ff|   450560 |   454656 |   458752 |   364544 |   352256 |   462848 |
|IPLROM 0xfe0000~0xfe01ff|   450560 |   454656 |   458752 |   364544 |   352256 |   462848 |
+------------------------+----------+----------+----------+----------+----------+----------+


testCase 20/39

CRTMOD(12) 512x512 65536color 1plane 31kHz
SP BG disp on (by $EB0808)
T-VRAM display
G-VRAM display
memcpyByU8 (ideal throughput is 454545 bytes/sec @10MHz)

throughput (bytes/sec)
+------------------------+----------+----------+----------+----------+----------+----------+
|                   dst  |   MAIN   |  G-VRAM  |  T-VRAM  |   SPR    |   PCG    |   SRAM   |
|                        | 0x1ffd88 | 0xc00200 | 0xe00200 | 0xeb0200 | 0xeb8200 | 0xed3a00 |
|  src                   |~0x1fff87 |~0xc003ff |~0xe003ff |~0xeb03ff |~0xeb83ff |~0xed3bff |
+------------------------+----------+----------+----------+----------+----------+----------+
| MAIN  0x1fff88~0x200187|   442368 |   413696 |   413696 |   356352 |   356352 |   425984 |
|G-VRAM 0xc00000~0xc001ff|   413696 |   397312 |   401408 |   348160 |   344064 |   405504 |
|T-VRAM 0xe00000~0xe001ff|   413696 |   401408 |   397312 |   348160 |   344064 |   405504 |
| SPR   0xeb0000~0xeb01ff|   356352 |   348160 |   344064 |   282624 |   286720 |   356352 |
| PCG   0xeb8000~0xeb81ff|   356352 |   348160 |   344064 |   286720 |   278528 |   356352 |
| SRAM  0xed3800~0xed39ff|   430080 |   405504 |   405504 |   356352 |   356352 |   405504 |
|CGROM  0xf00000~0xf001ff|   430080 |   405504 |   405504 |   356352 |   356352 |   405504 |
|IPLROM 0xfe0000~0xfe01ff|   430080 |   405504 |   405504 |   356352 |   356352 |   405504 |
+------------------------+----------+----------+----------+----------+----------+----------+


testCase 21/39

CRTMOD(12) 512x512 65536color 1plane 31kHz
SP BG disp off (by $EB0808)
T-VRAM display
G-VRAM display
memcpyByU8 (ideal throughput is 454545 bytes/sec @10MHz)

throughput (bytes/sec)
+------------------------+----------+----------+----------+----------+----------+----------+
|                   dst  |   MAIN   |  G-VRAM  |  T-VRAM  |   SPR    |   PCG    |   SRAM   |
|                        | 0x1ffd88 | 0xc00200 | 0xe00200 | 0xeb0200 | 0xeb8200 | 0xed3a00 |
|  src                   |~0x1fff87 |~0xc003ff |~0xe003ff |~0xeb03ff |~0xeb83ff |~0xed3bff |
+------------------------+----------+----------+----------+----------+----------+----------+
| MAIN  0x1fff88~0x200187|   442368 |   413696 |   413696 |   376832 |   376832 |   425984 |
|G-VRAM 0xc00000~0xc001ff|   413696 |   397312 |   401408 |   348160 |   356352 |   405504 |
|T-VRAM 0xe00000~0xe001ff|   413696 |   401408 |   397312 |   348160 |   356352 |   405504 |
| SPR   0xeb0000~0xeb01ff|   376832 |   348160 |   344064 |   315392 |   331776 |   356352 |
| PCG   0xeb8000~0xeb81ff|   376832 |   360448 |   356352 |   331776 |   323584 |   368640 |
| SRAM  0xed3800~0xed39ff|   430080 |   405504 |   405504 |   356352 |   364544 |   409600 |
|CGROM  0xf00000~0xf001ff|   430080 |   405504 |   405504 |   356352 |   364544 |   409600 |
|IPLROM 0xfe0000~0xfe01ff|   430080 |   405504 |   405504 |   356352 |   364544 |   409600 |
+------------------------+----------+----------+----------+----------+----------+----------+


testCase 22/39

CRTMOD(12) 512x512 65536color 1plane 31kHz
SP BG disp on (by $EB0808)
T-VRAM buffer
G-VRAM display
memcpyByU8 (ideal throughput is 454545 bytes/sec @10MHz)

throughput (bytes/sec)
+------------------------+----------+----------+----------+----------+----------+----------+
|                   dst  |   MAIN   |  G-VRAM  |  T-VRAM  |   SPR    |   PCG    |   SRAM   |
|                        | 0x1ffd88 | 0xc00200 | 0xe00200 | 0xeb0200 | 0xeb8200 | 0xed3a00 |
|  src                   |~0x1fff87 |~0xc003ff |~0xe003ff |~0xeb03ff |~0xeb83ff |~0xed3bff |
+------------------------+----------+----------+----------+----------+----------+----------+
| MAIN  0x1fff88~0x200187|   442368 |   413696 |   425984 |   352256 |   356352 |   425984 |
|G-VRAM 0xc00000~0xc001ff|   413696 |   397312 |   401408 |   348160 |   344064 |   405504 |
|T-VRAM 0xe00000~0xe001ff|   421888 |   405504 |   405504 |   352256 |   356352 |   409600 |
| SPR   0xeb0000~0xeb01ff|   356352 |   348160 |   352256 |   286720 |   286720 |   352256 |
| PCG   0xeb8000~0xeb81ff|   356352 |   348160 |   352256 |   286720 |   278528 |   356352 |
| SRAM  0xed3800~0xed39ff|   430080 |   405504 |   405504 |   356352 |   352256 |   409600 |
|CGROM  0xf00000~0xf001ff|   430080 |   405504 |   405504 |   356352 |   352256 |   409600 |
|IPLROM 0xfe0000~0xfe01ff|   430080 |   405504 |   405504 |   356352 |   352256 |   409600 |
+------------------------+----------+----------+----------+----------+----------+----------+


testCase 23/39

CRTMOD(12) 512x512 65536color 1plane 31kHz
SP BG disp on (by $EB0808)
T-VRAM display
G-VRAM buffer
memcpyByU8 (ideal throughput is 454545 bytes/sec @10MHz)

throughput (bytes/sec)
+------------------------+----------+----------+----------+----------+----------+----------+
|                   dst  |   MAIN   |  G-VRAM  |  T-VRAM  |   SPR    |   PCG    |   SRAM   |
|                        | 0x1ffd88 | 0xc00200 | 0xe00200 | 0xeb0200 | 0xeb8200 | 0xed3a00 |
|  src                   |~0x1fff87 |~0xc003ff |~0xe003ff |~0xeb03ff |~0xeb83ff |~0xed3bff |
+------------------------+----------+----------+----------+----------+----------+----------+
| MAIN  0x1fff88~0x200187|   442368 |   421888 |   417792 |   352256 |   356352 |   425984 |
|G-VRAM 0xc00000~0xc001ff|   421888 |   401408 |   409600 |   352256 |   356352 |   409600 |
|T-VRAM 0xe00000~0xe001ff|   413696 |   401408 |   397312 |   348160 |   344064 |   405504 |
| SPR   0xeb0000~0xeb01ff|   356352 |   356352 |   344064 |   286720 |   286720 |   352256 |
| PCG   0xeb8000~0xeb81ff|   356352 |   356352 |   344064 |   286720 |   278528 |   356352 |
| SRAM  0xed3800~0xed39ff|   430080 |   405504 |   405504 |   356352 |   352256 |   409600 |
|CGROM  0xf00000~0xf001ff|   430080 |   405504 |   405504 |   356352 |   352256 |   409600 |
|IPLROM 0xfe0000~0xfe01ff|   430080 |   405504 |   405504 |   356352 |   352256 |   409600 |
+------------------------+----------+----------+----------+----------+----------+----------+


testCase 24/39

CRTMOD(12) 512x512 65536color 1plane 31kHz
SP BG disp on (by $EB0808)
T-VRAM display
G-VRAM display
memcpyByMovem (ideal throughput is 2081301 bytes/sec @10MHz)

throughput (bytes/sec)
+------------------------+----------+----------+----------+----------+----------+----------+
|                   dst  |   MAIN   |  G-VRAM  |  T-VRAM  |   SPR    |   PCG    |   SRAM   |
|                        | 0x1ffd88 | 0xc00200 | 0xe00200 | 0xeb0200 | 0xeb8200 | 0xed3a00 |
|  src                   |~0x1fff87 |~0xc003ff |~0xe003ff |~0xeb03ff |~0xeb83ff |~0xed3bff |
+------------------------+----------+----------+----------+----------+----------+----------+
| MAIN  0x1fff88~0x200187|  1986560 |  1789952 |  1789952 |  1236992 |  1204224 |  1826816 |
|G-VRAM 0xc00000~0xc001ff|  1781760 |  1605632 |  1609728 |  1142784 |  1126400 |  1650688 |
|T-VRAM 0xe00000~0xe001ff|  1781760 |  1605632 |  1609728 |  1142784 |  1126400 |  1650688 |
| SPR   0xeb0000~0xeb01ff|  1241088 |  1155072 |  1155072 |   897024 |   888832 |  1175552 |
| PCG   0xeb8000~0xeb81ff|  1245184 |  1150976 |  1146880 |   901120 |   884736 |  1171456 |
| SRAM  0xed3800~0xed39ff|  1818624 |  1654784 |  1650688 |  1167360 |  1134592 |  1691648 |
|CGROM  0xf00000~0xf001ff|  1818624 |  1654784 |  1650688 |  1167360 |  1134592 |  1691648 |
|IPLROM 0xfe0000~0xfe01ff|  1818624 |  1654784 |  1650688 |  1167360 |  1134592 |  1691648 |
+------------------------+----------+----------+----------+----------+----------+----------+


testCase 25/39

CRTMOD(12) 512x512 65536color 1plane 31kHz
SP BG disp off (by $EB0808)
T-VRAM display
G-VRAM display
memcpyByMovem (ideal throughput is 2081301 bytes/sec @10MHz)

throughput (bytes/sec)
+------------------------+----------+----------+----------+----------+----------+----------+
|                   dst  |   MAIN   |  G-VRAM  |  T-VRAM  |   SPR    |   PCG    |   SRAM   |
|                        | 0x1ffd88 | 0xc00200 | 0xe00200 | 0xeb0200 | 0xeb8200 | 0xed3a00 |
|  src                   |~0x1fff87 |~0xc003ff |~0xe003ff |~0xeb03ff |~0xeb83ff |~0xed3bff |
+------------------------+----------+----------+----------+----------+----------+----------+
| MAIN  0x1fff88~0x200187|  1986560 |  1789952 |  1789952 |  1376256 |  1470464 |  1826816 |
|G-VRAM 0xc00000~0xc001ff|  1781760 |  1605632 |  1609728 |  1265664 |  1343488 |  1650688 |
|T-VRAM 0xe00000~0xe001ff|  1781760 |  1605632 |  1609728 |  1265664 |  1343488 |  1650688 |
| SPR   0xeb0000~0xeb01ff|  1376256 |  1269760 |  1265664 |  1052672 |  1105920 |  1294336 |
| PCG   0xeb8000~0xeb81ff|  1454080 |  1339392 |  1335296 |  1097728 |  1138688 |  1359872 |
| SRAM  0xed3800~0xed39ff|  1818624 |  1654784 |  1650688 |  1294336 |  1376256 |  1691648 |
|CGROM  0xf00000~0xf001ff|  1818624 |  1654784 |  1650688 |  1294336 |  1376256 |  1691648 |
|IPLROM 0xfe0000~0xfe01ff|  1818624 |  1654784 |  1650688 |  1294336 |  1376256 |  1691648 |
+------------------------+----------+----------+----------+----------+----------+----------+


testCase 26/39

CRTMOD(12) 512x512 65536color 1plane 31kHz
SP BG disp on (by $EB0808)
T-VRAM buffer
G-VRAM display
memcpyByMovem (ideal throughput is 2081301 bytes/sec @10MHz)

throughput (bytes/sec)
+------------------------+----------+----------+----------+----------+----------+----------+
|                   dst  |   MAIN   |  G-VRAM  |  T-VRAM  |   SPR    |   PCG    |   SRAM   |
|                        | 0x1ffd88 | 0xc00200 | 0xe00200 | 0xeb0200 | 0xeb8200 | 0xed3a00 |
|  src                   |~0x1fff87 |~0xc003ff |~0xe003ff |~0xeb03ff |~0xeb83ff |~0xed3bff |
+------------------------+----------+----------+----------+----------+----------+----------+
| MAIN  0x1fff88~0x200187|  1986560 |  1789952 |  1806336 |  1236992 |  1204224 |  1826816 |
|G-VRAM 0xc00000~0xc001ff|  1781760 |  1605632 |  1634304 |  1142784 |  1126400 |  1650688 |
|T-VRAM 0xe00000~0xe001ff|  1794048 |  1630208 |  1642496 |  1159168 |  1134592 |  1667072 |
| SPR   0xeb0000~0xeb01ff|  1241088 |  1155072 |  1159168 |   892928 |   888832 |  1179648 |
| PCG   0xeb8000~0xeb81ff|  1245184 |  1150976 |  1155072 |   901120 |   880640 |  1171456 |
| SRAM  0xed3800~0xed39ff|  1818624 |  1654784 |  1662976 |  1167360 |  1138688 |  1687552 |
|CGROM  0xf00000~0xf001ff|  1818624 |  1654784 |  1662976 |  1167360 |  1138688 |  1687552 |
|IPLROM 0xfe0000~0xfe01ff|  1818624 |  1654784 |  1662976 |  1167360 |  1138688 |  1687552 |
+------------------------+----------+----------+----------+----------+----------+----------+


testCase 27/39

CRTMOD(12) 512x512 65536color 1plane 31kHz
SP BG disp on (by $EB0808)
T-VRAM display
G-VRAM buffer
memcpyByMovem (ideal throughput is 2081301 bytes/sec @10MHz)

throughput (bytes/sec)
+------------------------+----------+----------+----------+----------+----------+----------+
|                   dst  |   MAIN   |  G-VRAM  |  T-VRAM  |   SPR    |   PCG    |   SRAM   |
|                        | 0x1ffd88 | 0xc00200 | 0xe00200 | 0xeb0200 | 0xeb8200 | 0xed3a00 |
|  src                   |~0x1fff87 |~0xc003ff |~0xe003ff |~0xeb03ff |~0xeb83ff |~0xed3bff |
+------------------------+----------+----------+----------+----------+----------+----------+
| MAIN  0x1fff88~0x200187|  1986560 |  1806336 |  1789952 |  1236992 |  1204224 |  1826816 |
|G-VRAM 0xc00000~0xc001ff|  1794048 |  1642496 |  1630208 |  1159168 |  1134592 |  1667072 |
|T-VRAM 0xe00000~0xe001ff|  1781760 |  1634304 |  1605632 |  1142784 |  1126400 |  1650688 |
| SPR   0xeb0000~0xeb01ff|  1241088 |  1159168 |  1155072 |   892928 |   888832 |  1179648 |
| PCG   0xeb8000~0xeb81ff|  1245184 |  1155072 |  1150976 |   897024 |   884736 |  1171456 |
| SRAM  0xed3800~0xed39ff|  1818624 |  1667072 |  1650688 |  1167360 |  1138688 |  1687552 |
|CGROM  0xf00000~0xf001ff|  1818624 |  1667072 |  1650688 |  1167360 |  1138688 |  1687552 |
|IPLROM 0xfe0000~0xfe01ff|  1818624 |  1667072 |  1650688 |  1167360 |  1138688 |  1687552 |
+------------------------+----------+----------+----------+----------+----------+----------+


testCase 28/39

CRTMOD(12) 512x512 65536color 1plane 31kHz
SP BG disp on (by $EB0808)
T-VRAM display
G-VRAM display
memcpyByDma Maximum-rate

throughput (bytes/sec)
+------------------------+----------+----------+----------+----------+----------+----------+
|                   dst  |   MAIN   |  G-VRAM  |  T-VRAM  |   SPR    |   PCG    |   SRAM   |
|                        | 0x1ffd88 | 0xc00200 | 0xe00200 | 0xeb0200 | 0xeb8200 | 0xed3a00 |
|  src                   |~0x1fff87 |~0xc003ff |~0xe003ff |~0xeb03ff |~0xeb83ff |~0xed3bff |
+------------------------+----------+----------+----------+----------+----------+----------+
| MAIN  0x1fff88~0x200187|  1622016 |  1568768 |  1568768 |  1216512 |  1224704 |  1503232 |
|G-VRAM 0xc00000~0xc001ff|  1572864 |  1560576 |  1568768 |  1187840 |  1200128 |  1466368 |
|T-VRAM 0xe00000~0xe001ff|  1572864 |  1564672 |  1564672 |  1187840 |  1200128 |  1466368 |
| SPR   0xeb0000~0xeb01ff|  1232896 |  1200128 |  1200128 |   872448 |   868352 |  1138688 |
| PCG   0xeb8000~0xeb81ff|  1232896 |  1200128 |  1200128 |   868352 |   679936 |  1241088 |
| SRAM  0xed3800~0xed39ff|  1486848 |  1466368 |  1462272 |  1024000 |   978944 |  1400832 |
|CGROM  0xf00000~0xf001ff|  1486848 |  1466368 |  1462272 |  1024000 |   978944 |  1400832 |
|IPLROM 0xfe0000~0xfe01ff|  1486848 |  1466368 |  1462272 |  1024000 |   978944 |  1400832 |
+------------------------+----------+----------+----------+----------+----------+----------+


testCase 29/39

CRTMOD(12) 512x512 65536color 1plane 31kHz
SP BG disp off (by $EB0808)
T-VRAM display
G-VRAM display
memcpyByDma Maximum-rate

throughput (bytes/sec)
+------------------------+----------+----------+----------+----------+----------+----------+
|                   dst  |   MAIN   |  G-VRAM  |  T-VRAM  |   SPR    |   PCG    |   SRAM   |
|                        | 0x1ffd88 | 0xc00200 | 0xe00200 | 0xeb0200 | 0xeb8200 | 0xed3a00 |
|  src                   |~0x1fff87 |~0xc003ff |~0xe003ff |~0xeb03ff |~0xeb83ff |~0xed3bff |
+------------------------+----------+----------+----------+----------+----------+----------+
| MAIN  0x1fff88~0x200187|  1622016 |  1568768 |  1568768 |  1228800 |  1228800 |  1499136 |
|G-VRAM 0xc00000~0xc001ff|  1572864 |  1560576 |  1568768 |  1200128 |  1200128 |  1462272 |
|T-VRAM 0xe00000~0xe001ff|  1572864 |  1564672 |  1564672 |  1200128 |  1200128 |  1462272 |
| SPR   0xeb0000~0xeb01ff|  1232896 |  1200128 |  1204224 |   946176 |  1011712 |  1208320 |
| PCG   0xeb8000~0xeb81ff|  1335296 |  1294336 |  1294336 |   946176 |  1028096 |  1245184 |
| SRAM  0xed3800~0xed39ff|  1486848 |  1466368 |  1462272 |  1126400 |  1134592 |  1400832 |
|CGROM  0xf00000~0xf001ff|  1486848 |  1466368 |  1462272 |  1126400 |  1134592 |  1400832 |
|IPLROM 0xfe0000~0xfe01ff|  1486848 |  1466368 |  1462272 |  1126400 |  1134592 |  1400832 |
+------------------------+----------+----------+----------+----------+----------+----------+


testCase 30/39

CRTMOD(12) 512x512 65536color 1plane 31kHz
SP BG disp on (by $EB0808)
T-VRAM buffer
G-VRAM display
memcpyByDma Maximum-rate

throughput (bytes/sec)
+------------------------+----------+----------+----------+----------+----------+----------+
|                   dst  |   MAIN   |  G-VRAM  |  T-VRAM  |   SPR    |   PCG    |   SRAM   |
|                        | 0x1ffd88 | 0xc00200 | 0xe00200 | 0xeb0200 | 0xeb8200 | 0xed3a00 |
|  src                   |~0x1fff87 |~0xc003ff |~0xe003ff |~0xeb03ff |~0xeb83ff |~0xed3bff |
+------------------------+----------+----------+----------+----------+----------+----------+
| MAIN  0x1fff88~0x200187|  1622016 |  1568768 |  1617920 |  1212416 |  1228800 |  1499136 |
|G-VRAM 0xc00000~0xc001ff|  1572864 |  1560576 |  1568768 |  1187840 |  1200128 |  1466368 |
|T-VRAM 0xe00000~0xe001ff|  1589248 |  1572864 |  1589248 |  1216512 |  1228800 |  1499136 |
| SPR   0xeb0000~0xeb01ff|  1232896 |  1200128 |  1228800 |   872448 |   868352 |  1138688 |
| PCG   0xeb8000~0xeb81ff|  1232896 |  1200128 |  1228800 |   872448 |   675840 |  1241088 |
| SRAM  0xed3800~0xed39ff|  1486848 |  1466368 |  1499136 |  1024000 |   978944 |  1400832 |
|CGROM  0xf00000~0xf001ff|  1486848 |  1466368 |  1499136 |  1024000 |   978944 |  1400832 |
|IPLROM 0xfe0000~0xfe01ff|  1486848 |  1466368 |  1499136 |  1024000 |   978944 |  1400832 |
+------------------------+----------+----------+----------+----------+----------+----------+


testCase 31/39

CRTMOD(12) 512x512 65536color 1plane 31kHz
SP BG disp on (by $EB0808)
T-VRAM display
G-VRAM buffer
memcpyByDma Maximum-rate

throughput (bytes/sec)
+------------------------+----------+----------+----------+----------+----------+----------+
|                   dst  |   MAIN   |  G-VRAM  |  T-VRAM  |   SPR    |   PCG    |   SRAM   |
|                        | 0x1ffd88 | 0xc00200 | 0xe00200 | 0xeb0200 | 0xeb8200 | 0xed3a00 |
|  src                   |~0x1fff87 |~0xc003ff |~0xe003ff |~0xeb03ff |~0xeb83ff |~0xed3bff |
+------------------------+----------+----------+----------+----------+----------+----------+
| MAIN  0x1fff88~0x200187|  1622016 |  1617920 |  1568768 |  1212416 |  1228800 |  1499136 |
|G-VRAM 0xc00000~0xc001ff|  1589248 |  1593344 |  1568768 |  1212416 |  1228800 |  1503232 |
|T-VRAM 0xe00000~0xe001ff|  1572864 |  1568768 |  1564672 |  1183744 |  1200128 |  1466368 |
| SPR   0xeb0000~0xeb01ff|  1232896 |  1228800 |  1200128 |   872448 |   868352 |  1138688 |
| PCG   0xeb8000~0xeb81ff|  1232896 |  1228800 |  1200128 |   872448 |   675840 |  1241088 |
| SRAM  0xed3800~0xed39ff|  1486848 |  1499136 |  1466368 |  1024000 |   978944 |  1400832 |
|CGROM  0xf00000~0xf001ff|  1486848 |  1499136 |  1466368 |  1024000 |   978944 |  1400832 |
|IPLROM 0xfe0000~0xfe01ff|  1486848 |  1499136 |  1466368 |  1024000 |   978944 |  1400832 |
+------------------------+----------+----------+----------+----------+----------+----------+


testCase 32/39

CRTMOD(12) 512x512 65536color 1plane 31kHz
SP BG disp on (by $EB0808)
T-VRAM display
G-VRAM display
memcpyByDma Limited-rate LiteCsrPolling

throughput (bytes/sec)
+------------------------+----------+----------+----------+----------+----------+----------+
|                   dst  |   MAIN   |  G-VRAM  |  T-VRAM  |   SPR    |   PCG    |   SRAM   |
|                        | 0x1ffd88 | 0xc00200 | 0xe00200 | 0xeb0200 | 0xeb8200 | 0xed3a00 |
|  src                   |~0x1fff87 |~0xc003ff |~0xe003ff |~0xeb03ff |~0xeb83ff |~0xed3bff |
+------------------------+----------+----------+----------+----------+----------+----------+
| MAIN  0x1fff88~0x200187|   544768 |   540672 |   544768 |   516096 |   520192 |   528384 |
|G-VRAM 0xc00000~0xc001ff|   544768 |   544768 |   540672 |   507904 |   512000 |   532480 |
|T-VRAM 0xe00000~0xe001ff|   544768 |   540672 |   544768 |   512000 |   507904 |   532480 |
| SPR   0xeb0000~0xeb01ff|   516096 |   507904 |   507904 |   409600 |   397312 |   520192 |
| PCG   0xeb8000~0xeb81ff|   520192 |   512000 |   516096 |   417792 |   376832 |   520192 |
| SRAM  0xed3800~0xed39ff|   532480 |   528384 |   532480 |   548864 |   487424 |   512000 |
|CGROM  0xf00000~0xf001ff|   532480 |   528384 |   532480 |   548864 |   487424 |   512000 |
|IPLROM 0xfe0000~0xfe01ff|   532480 |   528384 |   532480 |   548864 |   487424 |   512000 |
+------------------------+----------+----------+----------+----------+----------+----------+


testCase 33/39

CRTMOD(12) 512x512 65536color 1plane 31kHz
SP BG disp off (by $EB0808)
T-VRAM display
G-VRAM display
memcpyByDma Limited-rate LiteCsrPolling

throughput (bytes/sec)
+------------------------+----------+----------+----------+----------+----------+----------+
|                   dst  |   MAIN   |  G-VRAM  |  T-VRAM  |   SPR    |   PCG    |   SRAM   |
|                        | 0x1ffd88 | 0xc00200 | 0xe00200 | 0xeb0200 | 0xeb8200 | 0xed3a00 |
|  src                   |~0x1fff87 |~0xc003ff |~0xe003ff |~0xeb03ff |~0xeb83ff |~0xed3bff |
+------------------------+----------+----------+----------+----------+----------+----------+
| MAIN  0x1fff88~0x200187|   544768 |   540672 |   540672 |   512000 |   512000 |   528384 |
|G-VRAM 0xc00000~0xc001ff|   544768 |   540672 |   544768 |   507904 |   507904 |   532480 |
|T-VRAM 0xe00000~0xe001ff|   544768 |   540672 |   544768 |   507904 |   507904 |   532480 |
| SPR   0xeb0000~0xeb01ff|   512000 |   507904 |   507904 |   552960 |   561152 |   516096 |
| PCG   0xeb8000~0xeb81ff|   512000 |   512000 |   507904 |   548864 |   552960 |   512000 |
| SRAM  0xed3800~0xed39ff|   532480 |   528384 |   532480 |   520192 |   516096 |   512000 |
|CGROM  0xf00000~0xf001ff|   532480 |   528384 |   532480 |   520192 |   516096 |   512000 |
|IPLROM 0xfe0000~0xfe01ff|   532480 |   528384 |   532480 |   520192 |   516096 |   512000 |
+------------------------+----------+----------+----------+----------+----------+----------+


testCase 34/39

CRTMOD(12) 512x512 65536color 1plane 31kHz
SP BG disp on (by $EB0808)
T-VRAM buffer
G-VRAM display
memcpyByDma Limited-rate LiteCsrPolling

throughput (bytes/sec)
+------------------------+----------+----------+----------+----------+----------+----------+
|                   dst  |   MAIN   |  G-VRAM  |  T-VRAM  |   SPR    |   PCG    |   SRAM   |
|                        | 0x1ffd88 | 0xc00200 | 0xe00200 | 0xeb0200 | 0xeb8200 | 0xed3a00 |
|  src                   |~0x1fff87 |~0xc003ff |~0xe003ff |~0xeb03ff |~0xeb83ff |~0xed3bff |
+------------------------+----------+----------+----------+----------+----------+----------+
| MAIN  0x1fff88~0x200187|   544768 |   540672 |   540672 |   520192 |   520192 |   528384 |
|G-VRAM 0xc00000~0xc001ff|   544768 |   540672 |   544768 |   507904 |   512000 |   528384 |
|T-VRAM 0xe00000~0xe001ff|   540672 |   544768 |   540672 |   520192 |   520192 |   528384 |
| SPR   0xeb0000~0xeb01ff|   516096 |   507904 |   512000 |   409600 |   397312 |   520192 |
| PCG   0xeb8000~0xeb81ff|   520192 |   512000 |   520192 |   417792 |   380928 |   516096 |
| SRAM  0xed3800~0xed39ff|   532480 |   528384 |   532480 |   548864 |   491520 |   512000 |
|CGROM  0xf00000~0xf001ff|   532480 |   528384 |   532480 |   548864 |   491520 |   512000 |
|IPLROM 0xfe0000~0xfe01ff|   532480 |   528384 |   532480 |   548864 |   491520 |   512000 |
+------------------------+----------+----------+----------+----------+----------+----------+


testCase 35/39

CRTMOD(12) 512x512 65536color 1plane 31kHz
SP BG disp on (by $EB0808)
T-VRAM display
G-VRAM buffer
memcpyByDma Limited-rate LiteCsrPolling

throughput (bytes/sec)
+------------------------+----------+----------+----------+----------+----------+----------+
|                   dst  |   MAIN   |  G-VRAM  |  T-VRAM  |   SPR    |   PCG    |   SRAM   |
|                        | 0x1ffd88 | 0xc00200 | 0xe00200 | 0xeb0200 | 0xeb8200 | 0xed3a00 |
|  src                   |~0x1fff87 |~0xc003ff |~0xe003ff |~0xeb03ff |~0xeb83ff |~0xed3bff |
+------------------------+----------+----------+----------+----------+----------+----------+
| MAIN  0x1fff88~0x200187|   544768 |   540672 |   540672 |   520192 |   520192 |   528384 |
|G-VRAM 0xc00000~0xc001ff|   540672 |   544768 |   540672 |   520192 |   520192 |   528384 |
|T-VRAM 0xe00000~0xe001ff|   544768 |   540672 |   544768 |   507904 |   512000 |   528384 |
| SPR   0xeb0000~0xeb01ff|   516096 |   512000 |   507904 |   409600 |   397312 |   520192 |
| PCG   0xeb8000~0xeb81ff|   520192 |   520192 |   512000 |   417792 |   380928 |   516096 |
| SRAM  0xed3800~0xed39ff|   532480 |   528384 |   532480 |   548864 |   491520 |   507904 |
|CGROM  0xf00000~0xf001ff|   532480 |   532480 |   528384 |   548864 |   491520 |   507904 |
|IPLROM 0xfe0000~0xfe01ff|   532480 |   532480 |   528384 |   548864 |   491520 |   512000 |
+------------------------+----------+----------+----------+----------+----------+----------+


testCase 36/39

CRTMOD(12) 512x512 65536color 1plane 31kHz
SP BG disp on (by $EB0808)
T-VRAM display
G-VRAM display
memcpyByDma Limited-rate FullCsrPolling

throughput (bytes/sec)
+------------------------+----------+----------+----------+----------+----------+----------+
|                   dst  |   MAIN   |  G-VRAM  |  T-VRAM  |   SPR    |   PCG    |   SRAM   |
|                        | 0x1ffd88 | 0xc00200 | 0xe00200 | 0xeb0200 | 0xeb8200 | 0xed3a00 |
|  src                   |~0x1fff87 |~0xc003ff |~0xe003ff |~0xeb03ff |~0xeb83ff |~0xed3bff |
+------------------------+----------+----------+----------+----------+----------+----------+
| MAIN  0x1fff88~0x200187|   430080 |   462848 |   466944 |   540672 |   524288 |   450560 |
|G-VRAM 0xc00000~0xc001ff|   466944 |   462848 |   466944 |   524288 |   512000 |   466944 |
|T-VRAM 0xe00000~0xe001ff|   466944 |   462848 |   466944 |   520192 |   516096 |   462848 |
| SPR   0xeb0000~0xeb01ff|   552960 |   532480 |   532480 |   356352 |   352256 |   532480 |
| PCG   0xeb8000~0xeb81ff|   532480 |   516096 |   520192 |   360448 |   348160 |   532480 |
| SRAM  0xed3800~0xed39ff|   450560 |   466944 |   462848 |   507904 |   462848 |   462848 |
|CGROM  0xf00000~0xf001ff|   450560 |   466944 |   462848 |   507904 |   458752 |   466944 |
|IPLROM 0xfe0000~0xfe01ff|   450560 |   466944 |   462848 |   507904 |   458752 |   462848 |
+------------------------+----------+----------+----------+----------+----------+----------+


testCase 37/39

CRTMOD(12) 512x512 65536color 1plane 31kHz
SP BG disp off (by $EB0808)
T-VRAM display
G-VRAM display
memcpyByDma Limited-rate FullCsrPolling

throughput (bytes/sec)
+------------------------+----------+----------+----------+----------+----------+----------+
|                   dst  |   MAIN   |  G-VRAM  |  T-VRAM  |   SPR    |   PCG    |   SRAM   |
|                        | 0x1ffd88 | 0xc00200 | 0xe00200 | 0xeb0200 | 0xeb8200 | 0xed3a00 |
|  src                   |~0x1fff87 |~0xc003ff |~0xe003ff |~0xeb03ff |~0xeb83ff |~0xed3bff |
+------------------------+----------+----------+----------+----------+----------+----------+
| MAIN  0x1fff88~0x200187|   430080 |   462848 |   466944 |   544768 |   552960 |   450560 |
|G-VRAM 0xc00000~0xc001ff|   466944 |   462848 |   466944 |   532480 |   532480 |   466944 |
|T-VRAM 0xe00000~0xe001ff|   466944 |   466944 |   462848 |   528384 |   536576 |   462848 |
| SPR   0xeb0000~0xeb01ff|   552960 |   536576 |   532480 |   454656 |   495616 |   544768 |
| PCG   0xeb8000~0xeb81ff|   532480 |   528384 |   528384 |   450560 |   499712 |   552960 |
| SRAM  0xed3800~0xed39ff|   450560 |   466944 |   462848 |   536576 |   540672 |   462848 |
|CGROM  0xf00000~0xf001ff|   450560 |   466944 |   462848 |   536576 |   540672 |   462848 |
|IPLROM 0xfe0000~0xfe01ff|   450560 |   466944 |   462848 |   536576 |   540672 |   462848 |
+------------------------+----------+----------+----------+----------+----------+----------+


testCase 38/39

CRTMOD(12) 512x512 65536color 1plane 31kHz
SP BG disp on (by $EB0808)
T-VRAM buffer
G-VRAM display
memcpyByDma Limited-rate FullCsrPolling

throughput (bytes/sec)
+------------------------+----------+----------+----------+----------+----------+----------+
|                   dst  |   MAIN   |  G-VRAM  |  T-VRAM  |   SPR    |   PCG    |   SRAM   |
|                        | 0x1ffd88 | 0xc00200 | 0xe00200 | 0xeb0200 | 0xeb8200 | 0xed3a00 |
|  src                   |~0x1fff87 |~0xc003ff |~0xe003ff |~0xeb03ff |~0xeb83ff |~0xed3bff |
+------------------------+----------+----------+----------+----------+----------+----------+
| MAIN  0x1fff88~0x200187|   430080 |   462848 |   417792 |   540672 |   524288 |   450560 |
|G-VRAM 0xc00000~0xc001ff|   466944 |   462848 |   462848 |   520192 |   516096 |   462848 |
|T-VRAM 0xe00000~0xe001ff|   446464 |   462848 |   442368 |   544768 |   524288 |   475136 |
| SPR   0xeb0000~0xeb01ff|   552960 |   532480 |   552960 |   356352 |   348160 |   536576 |
| PCG   0xeb8000~0xeb81ff|   532480 |   516096 |   532480 |   360448 |   348160 |   532480 |
| SRAM  0xed3800~0xed39ff|   450560 |   466944 |   454656 |   507904 |   458752 |   462848 |
|CGROM  0xf00000~0xf001ff|   450560 |   466944 |   454656 |   507904 |   458752 |   462848 |
|IPLROM 0xfe0000~0xfe01ff|   450560 |   466944 |   454656 |   507904 |   458752 |   462848 |
+------------------------+----------+----------+----------+----------+----------+----------+


testCase 39/39

CRTMOD(12) 512x512 65536color 1plane 31kHz
SP BG disp on (by $EB0808)
T-VRAM display
G-VRAM buffer
memcpyByDma Limited-rate FullCsrPolling

throughput (bytes/sec)
+------------------------+----------+----------+----------+----------+----------+----------+
|                   dst  |   MAIN   |  G-VRAM  |  T-VRAM  |   SPR    |   PCG    |   SRAM   |
|                        | 0x1ffd88 | 0xc00200 | 0xe00200 | 0xeb0200 | 0xeb8200 | 0xed3a00 |
|  src                   |~0x1fff87 |~0xc003ff |~0xe003ff |~0xeb03ff |~0xeb83ff |~0xed3bff |
+------------------------+----------+----------+----------+----------+----------+----------+
| MAIN  0x1fff88~0x200187|   430080 |   417792 |   462848 |   540672 |   524288 |   450560 |
|G-VRAM 0xc00000~0xc001ff|   446464 |   442368 |   466944 |   540672 |   524288 |   475136 |
|T-VRAM 0xe00000~0xe001ff|   466944 |   462848 |   462848 |   524288 |   512000 |   466944 |
| SPR   0xeb0000~0xeb01ff|   552960 |   552960 |   532480 |   356352 |   348160 |   536576 |
| PCG   0xeb8000~0xeb81ff|   532480 |   528384 |   520192 |   360448 |   348160 |   532480 |
| SRAM  0xed3800~0xed39ff|   450560 |   454656 |   462848 |   512000 |   458752 |   462848 |
|CGROM  0xf00000~0xf001ff|   450560 |   454656 |   466944 |   507904 |   458752 |   462848 |
|IPLROM 0xfe0000~0xfe01ff|   450560 |   454656 |   466944 |   507904 |   458752 |   462848 |
+------------------------+----------+----------+----------+----------+----------+----------+

