build settings
	ENABLE_SRAM_WRITE 0
	BUILD Feb 15 2023, CRC32 243A6D96
	ARG
		-mode 1
		-case (not specified)
		-br 0 (Limited-rate DMA band-width ratio 50%)
		-bt 3 (Limited-rate DMA burst time 128 cycles)


testCase 0/39

CRTMOD(13) 512x512 65536color 1plane 15kHz
SP BG disp on (by $EB0808)
T-VRAM display
G-VRAM display
memcpyByU8 (ideal throughput is 454545 bytes/sec @10MHz)

throughput (bytes/sec)
+------------------------+----------+----------+----------+----------+----------+----------+
|                   dst  |   MAIN   |  G-VRAM  |  T-VRAM  |   SPR    |   PCG    |   SRAM   |
|                        | 0x1ffd88 | 0xc00200 | 0xe00200 | 0xeb0200 | 0xeb8200 | 0xed3a00 |
|  src                   |~0x1fff87 |~0xc003ff |~0xe003ff |~0xeb03ff |~0xeb83ff |~0xed3bff |
+------------------------+----------+----------+----------+----------+----------+----------+
| MAIN  0x1fff88~0x200187|   442368 |   413696 |   413696 |   290816 |   294912 |   421888 |
|G-VRAM 0xc00000~0xc001ff|   413696 |   397312 |   397312 |   286720 |   290816 |   397312 |
|T-VRAM 0xe00000~0xe001ff|   413696 |   397312 |   397312 |   286720 |   290816 |   397312 |
| SPR   0xeb0000~0xeb01ff|   290816 |   286720 |   286720 |   212992 |   200704 |   286720 |
| PCG   0xeb8000~0xeb81ff|   294912 |   290816 |   290816 |   200704 |   200704 |   290816 |
| SRAM  0xed3800~0xed39ff|   430080 |   397312 |   397312 |   286720 |   290816 |   405504 |
|CGROM  0xf00000~0xf001ff|   430080 |   397312 |   397312 |   286720 |   290816 |   405504 |
|IPLROM 0xfe0000~0xfe01ff|   430080 |   397312 |   397312 |   286720 |   290816 |   405504 |
+------------------------+----------+----------+----------+----------+----------+----------+


testCase 1/39

CRTMOD(13) 512x512 65536color 1plane 15kHz
SP BG disp off (by $EB0808)
T-VRAM display
G-VRAM display
memcpyByU8 (ideal throughput is 454545 bytes/sec @10MHz)

throughput (bytes/sec)
+------------------------+----------+----------+----------+----------+----------+----------+
|                   dst  |   MAIN   |  G-VRAM  |  T-VRAM  |   SPR    |   PCG    |   SRAM   |
|                        | 0x1ffd88 | 0xc00200 | 0xe00200 | 0xeb0200 | 0xeb8200 | 0xed3a00 |
|  src                   |~0x1fff87 |~0xc003ff |~0xe003ff |~0xeb03ff |~0xeb83ff |~0xed3bff |
+------------------------+----------+----------+----------+----------+----------+----------+
| MAIN  0x1fff88~0x200187|   442368 |   413696 |   413696 |   307200 |   339968 |   421888 |
|G-VRAM 0xc00000~0xc001ff|   413696 |   397312 |   397312 |   294912 |   299008 |   397312 |
|T-VRAM 0xe00000~0xe001ff|   413696 |   397312 |   397312 |   294912 |   299008 |   397312 |
| SPR   0xeb0000~0xeb01ff|   311296 |   294912 |   294912 |   253952 |   237568 |   299008 |
| PCG   0xeb8000~0xeb81ff|   339968 |   303104 |   303104 |   262144 |   266240 |   307200 |
| SRAM  0xed3800~0xed39ff|   430080 |   397312 |   397312 |   299008 |   303104 |   409600 |
|CGROM  0xf00000~0xf001ff|   430080 |   397312 |   397312 |   299008 |   303104 |   409600 |
|IPLROM 0xfe0000~0xfe01ff|   430080 |   397312 |   397312 |   299008 |   303104 |   409600 |
+------------------------+----------+----------+----------+----------+----------+----------+


testCase 2/39

CRTMOD(13) 512x512 65536color 1plane 15kHz
SP BG disp on (by $EB0808)
T-VRAM buffer
G-VRAM display
memcpyByU8 (ideal throughput is 454545 bytes/sec @10MHz)

throughput (bytes/sec)
+------------------------+----------+----------+----------+----------+----------+----------+
|                   dst  |   MAIN   |  G-VRAM  |  T-VRAM  |   SPR    |   PCG    |   SRAM   |
|                        | 0x1ffd88 | 0xc00200 | 0xe00200 | 0xeb0200 | 0xeb8200 | 0xed3a00 |
|  src                   |~0x1fff87 |~0xc003ff |~0xe003ff |~0xeb03ff |~0xeb83ff |~0xed3bff |
+------------------------+----------+----------+----------+----------+----------+----------+
| MAIN  0x1fff88~0x200187|   442368 |   413696 |   425984 |   286720 |   294912 |   425984 |
|G-VRAM 0xc00000~0xc001ff|   413696 |   397312 |   397312 |   286720 |   290816 |   397312 |
|T-VRAM 0xe00000~0xe001ff|   421888 |   397312 |   401408 |   286720 |   286720 |   405504 |
| SPR   0xeb0000~0xeb01ff|   290816 |   286720 |   282624 |   212992 |   204800 |   282624 |
| PCG   0xeb8000~0xeb81ff|   294912 |   290816 |   286720 |   200704 |   204800 |   286720 |
| SRAM  0xed3800~0xed39ff|   430080 |   397312 |   405504 |   286720 |   290816 |   405504 |
|CGROM  0xf00000~0xf001ff|   430080 |   397312 |   405504 |   286720 |   290816 |   405504 |
|IPLROM 0xfe0000~0xfe01ff|   430080 |   397312 |   405504 |   286720 |   290816 |   405504 |
+------------------------+----------+----------+----------+----------+----------+----------+


testCase 3/39

CRTMOD(13) 512x512 65536color 1plane 15kHz
SP BG disp on (by $EB0808)
T-VRAM display
G-VRAM buffer
memcpyByU8 (ideal throughput is 454545 bytes/sec @10MHz)

throughput (bytes/sec)
+------------------------+----------+----------+----------+----------+----------+----------+
|                   dst  |   MAIN   |  G-VRAM  |  T-VRAM  |   SPR    |   PCG    |   SRAM   |
|                        | 0x1ffd88 | 0xc00200 | 0xe00200 | 0xeb0200 | 0xeb8200 | 0xed3a00 |
|  src                   |~0x1fff87 |~0xc003ff |~0xe003ff |~0xeb03ff |~0xeb83ff |~0xed3bff |
+------------------------+----------+----------+----------+----------+----------+----------+
| MAIN  0x1fff88~0x200187|   442368 |   421888 |   417792 |   286720 |   294912 |   425984 |
|G-VRAM 0xc00000~0xc001ff|   421888 |   401408 |   397312 |   286720 |   286720 |   405504 |
|T-VRAM 0xe00000~0xe001ff|   413696 |   397312 |   397312 |   286720 |   290816 |   397312 |
| SPR   0xeb0000~0xeb01ff|   290816 |   282624 |   286720 |   212992 |   204800 |   282624 |
| PCG   0xeb8000~0xeb81ff|   294912 |   286720 |   290816 |   200704 |   204800 |   286720 |
| SRAM  0xed3800~0xed39ff|   430080 |   405504 |   397312 |   286720 |   290816 |   405504 |
|CGROM  0xf00000~0xf001ff|   430080 |   405504 |   397312 |   286720 |   290816 |   405504 |
|IPLROM 0xfe0000~0xfe01ff|   430080 |   405504 |   397312 |   286720 |   290816 |   405504 |
+------------------------+----------+----------+----------+----------+----------+----------+


testCase 4/39

CRTMOD(13) 512x512 65536color 1plane 15kHz
SP BG disp on (by $EB0808)
T-VRAM display
G-VRAM display
memcpyByMovem (ideal throughput is 2081301 bytes/sec @10MHz)

throughput (bytes/sec)
+------------------------+----------+----------+----------+----------+----------+----------+
|                   dst  |   MAIN   |  G-VRAM  |  T-VRAM  |   SPR    |   PCG    |   SRAM   |
|                        | 0x1ffd88 | 0xc00200 | 0xe00200 | 0xeb0200 | 0xeb8200 | 0xed3a00 |
|  src                   |~0x1fff87 |~0xc003ff |~0xe003ff |~0xeb03ff |~0xeb83ff |~0xed3bff |
+------------------------+----------+----------+----------+----------+----------+----------+
| MAIN  0x1fff88~0x200187|  1986560 |  1798144 |  1798144 |   897024 |   888832 |  1822720 |
|G-VRAM 0xc00000~0xc001ff|  1785856 |  1626112 |  1626112 |   847872 |   847872 |  1654784 |
|T-VRAM 0xe00000~0xe001ff|  1785856 |  1626112 |  1626112 |   847872 |   851968 |  1646592 |
| SPR   0xeb0000~0xeb01ff|   864256 |   827392 |   827392 |   565248 |   569344 |   831488 |
| PCG   0xeb8000~0xeb81ff|   856064 |   827392 |   823296 |   565248 |   552960 |   831488 |
| SRAM  0xed3800~0xed39ff|  1818624 |  1654784 |  1654784 |   856064 |   851968 |  1691648 |
|CGROM  0xf00000~0xf001ff|  1818624 |  1654784 |  1654784 |   856064 |   851968 |  1691648 |
|IPLROM 0xfe0000~0xfe01ff|  1818624 |  1654784 |  1654784 |   856064 |   851968 |  1691648 |
+------------------------+----------+----------+----------+----------+----------+----------+


testCase 5/39

CRTMOD(13) 512x512 65536color 1plane 15kHz
SP BG disp off (by $EB0808)
T-VRAM display
G-VRAM display
memcpyByMovem (ideal throughput is 2081301 bytes/sec @10MHz)

throughput (bytes/sec)
+------------------------+----------+----------+----------+----------+----------+----------+
|                   dst  |   MAIN   |  G-VRAM  |  T-VRAM  |   SPR    |   PCG    |   SRAM   |
|                        | 0x1ffd88 | 0xc00200 | 0xe00200 | 0xeb0200 | 0xeb8200 | 0xed3a00 |
|  src                   |~0x1fff87 |~0xc003ff |~0xe003ff |~0xeb03ff |~0xeb83ff |~0xed3bff |
+------------------------+----------+----------+----------+----------+----------+----------+
| MAIN  0x1fff88~0x200187|  1986560 |  1798144 |  1798144 |  1093632 |  1097728 |  1826816 |
|G-VRAM 0xc00000~0xc001ff|  1785856 |  1626112 |  1626112 |  1024000 |  1019904 |  1654784 |
|T-VRAM 0xe00000~0xe001ff|  1785856 |  1626112 |  1626112 |  1024000 |  1019904 |  1654784 |
| SPR   0xeb0000~0xeb01ff|  1060864 |  1015808 |  1011712 |   741376 |   737280 |  1015808 |
| PCG   0xeb8000~0xeb81ff|  1069056 |  1019904 |  1015808 |   741376 |   741376 |  1015808 |
| SRAM  0xed3800~0xed39ff|  1818624 |  1654784 |  1654784 |  1036288 |  1040384 |  1691648 |
|CGROM  0xf00000~0xf001ff|  1818624 |  1654784 |  1654784 |  1036288 |  1040384 |  1691648 |
|IPLROM 0xfe0000~0xfe01ff|  1818624 |  1654784 |  1654784 |  1036288 |  1040384 |  1691648 |
+------------------------+----------+----------+----------+----------+----------+----------+


testCase 6/39

CRTMOD(13) 512x512 65536color 1plane 15kHz
SP BG disp on (by $EB0808)
T-VRAM buffer
G-VRAM display
memcpyByMovem (ideal throughput is 2081301 bytes/sec @10MHz)

throughput (bytes/sec)
+------------------------+----------+----------+----------+----------+----------+----------+
|                   dst  |   MAIN   |  G-VRAM  |  T-VRAM  |   SPR    |   PCG    |   SRAM   |
|                        | 0x1ffd88 | 0xc00200 | 0xe00200 | 0xeb0200 | 0xeb8200 | 0xed3a00 |
|  src                   |~0x1fff87 |~0xc003ff |~0xe003ff |~0xeb03ff |~0xeb83ff |~0xed3bff |
+------------------------+----------+----------+----------+----------+----------+----------+
| MAIN  0x1fff88~0x200187|  1986560 |  1798144 |  1806336 |   897024 |   888832 |  1822720 |
|G-VRAM 0xc00000~0xc001ff|  1785856 |  1626112 |  1630208 |   847872 |   847872 |  1654784 |
|T-VRAM 0xe00000~0xe001ff|  1794048 |  1626112 |  1642496 |   856064 |   839680 |  1662976 |
| SPR   0xeb0000~0xeb01ff|   864256 |   827392 |   827392 |   569344 |   565248 |   831488 |
| PCG   0xeb8000~0xeb81ff|   856064 |   827392 |   831488 |   565248 |   552960 |   827392 |
| SRAM  0xed3800~0xed39ff|  1818624 |  1654784 |  1667072 |   856064 |   851968 |  1691648 |
|CGROM  0xf00000~0xf001ff|  1818624 |  1654784 |  1667072 |   856064 |   851968 |  1691648 |
|IPLROM 0xfe0000~0xfe01ff|  1818624 |  1654784 |  1667072 |   856064 |   851968 |  1691648 |
+------------------------+----------+----------+----------+----------+----------+----------+


testCase 7/39

CRTMOD(13) 512x512 65536color 1plane 15kHz
SP BG disp on (by $EB0808)
T-VRAM display
G-VRAM buffer
memcpyByMovem (ideal throughput is 2081301 bytes/sec @10MHz)

throughput (bytes/sec)
+------------------------+----------+----------+----------+----------+----------+----------+
|                   dst  |   MAIN   |  G-VRAM  |  T-VRAM  |   SPR    |   PCG    |   SRAM   |
|                        | 0x1ffd88 | 0xc00200 | 0xe00200 | 0xeb0200 | 0xeb8200 | 0xed3a00 |
|  src                   |~0x1fff87 |~0xc003ff |~0xe003ff |~0xeb03ff |~0xeb83ff |~0xed3bff |
+------------------------+----------+----------+----------+----------+----------+----------+
| MAIN  0x1fff88~0x200187|  1986560 |  1806336 |  1798144 |   897024 |   888832 |  1822720 |
|G-VRAM 0xc00000~0xc001ff|  1794048 |  1642496 |  1626112 |   856064 |   839680 |  1662976 |
|T-VRAM 0xe00000~0xe001ff|  1785856 |  1630208 |  1626112 |   847872 |   847872 |  1654784 |
| SPR   0xeb0000~0xeb01ff|   864256 |   831488 |   823296 |   569344 |   565248 |   831488 |
| PCG   0xeb8000~0xeb81ff|   856064 |   831488 |   827392 |   565248 |   552960 |   827392 |
| SRAM  0xed3800~0xed39ff|  1818624 |  1667072 |  1654784 |   856064 |   851968 |  1691648 |
|CGROM  0xf00000~0xf001ff|  1818624 |  1667072 |  1654784 |   856064 |   851968 |  1691648 |
|IPLROM 0xfe0000~0xfe01ff|  1818624 |  1667072 |  1654784 |   856064 |   851968 |  1691648 |
+------------------------+----------+----------+----------+----------+----------+----------+


testCase 8/39

CRTMOD(13) 512x512 65536color 1plane 15kHz
SP BG disp on (by $EB0808)
T-VRAM display
G-VRAM display
memcpyByDma Maximum-rate

throughput (bytes/sec)
+------------------------+----------+----------+----------+----------+----------+----------+
|                   dst  |   MAIN   |  G-VRAM  |  T-VRAM  |   SPR    |   PCG    |   SRAM   |
|                        | 0x1ffd88 | 0xc00200 | 0xe00200 | 0xeb0200 | 0xeb8200 | 0xed3a00 |
|  src                   |~0x1fff87 |~0xc003ff |~0xe003ff |~0xeb03ff |~0xeb83ff |~0xed3bff |
+------------------------+----------+----------+----------+----------+----------+----------+
| MAIN  0x1fff88~0x200187|  1622016 |  1581056 |  1585152 |   741376 |   983040 |  1499136 |
|G-VRAM 0xc00000~0xc001ff|  1585152 |  1581056 |  1581056 |   733184 |   987136 |  1462272 |
|T-VRAM 0xe00000~0xe001ff|  1585152 |  1585152 |  1576960 |   733184 |   983040 |  1466368 |
| SPR   0xeb0000~0xeb01ff|   933888 |   913408 |   917504 |   569344 |   569344 |   737280 |
| PCG   0xeb8000~0xeb81ff|  1040384 |  1040384 |  1040384 |   569344 |   569344 |   733184 |
| SRAM  0xed3800~0xed39ff|  1486848 |  1466368 |  1466368 |   741376 |   569344 |  1400832 |
|CGROM  0xf00000~0xf001ff|  1486848 |  1466368 |  1466368 |   741376 |   569344 |  1400832 |
|IPLROM 0xfe0000~0xfe01ff|  1486848 |  1466368 |  1466368 |   741376 |   569344 |  1400832 |
+------------------------+----------+----------+----------+----------+----------+----------+


testCase 9/39

CRTMOD(13) 512x512 65536color 1plane 15kHz
SP BG disp off (by $EB0808)
T-VRAM display
G-VRAM display
memcpyByDma Maximum-rate

throughput (bytes/sec)
+------------------------+----------+----------+----------+----------+----------+----------+
|                   dst  |   MAIN   |  G-VRAM  |  T-VRAM  |   SPR    |   PCG    |   SRAM   |
|                        | 0x1ffd88 | 0xc00200 | 0xe00200 | 0xeb0200 | 0xeb8200 | 0xed3a00 |
|  src                   |~0x1fff87 |~0xc003ff |~0xe003ff |~0xeb03ff |~0xeb83ff |~0xed3bff |
+------------------------+----------+----------+----------+----------+----------+----------+
| MAIN  0x1fff88~0x200187|  1622016 |  1581056 |  1585152 |   872448 |  1019904 |  1495040 |
|G-VRAM 0xc00000~0xc001ff|  1585152 |  1581056 |  1581056 |   864256 |   999424 |  1466368 |
|T-VRAM 0xe00000~0xe001ff|  1585152 |  1585152 |  1576960 |   864256 |   999424 |  1462272 |
| SPR   0xeb0000~0xeb01ff|  1007616 |   978944 |   974848 |   724992 |   688128 |   872448 |
| PCG   0xeb8000~0xeb81ff|  1064960 |  1044480 |  1040384 |   643072 |   741376 |  1007616 |
| SRAM  0xed3800~0xed39ff|  1486848 |  1466368 |  1466368 |   876544 |   872448 |  1404928 |
|CGROM  0xf00000~0xf001ff|  1486848 |  1466368 |  1466368 |   876544 |   872448 |  1404928 |
|IPLROM 0xfe0000~0xfe01ff|  1486848 |  1466368 |  1466368 |   876544 |   872448 |  1404928 |
+------------------------+----------+----------+----------+----------+----------+----------+


testCase 10/39

CRTMOD(13) 512x512 65536color 1plane 15kHz
SP BG disp on (by $EB0808)
T-VRAM buffer
G-VRAM display
memcpyByDma Maximum-rate

throughput (bytes/sec)
+------------------------+----------+----------+----------+----------+----------+----------+
|                   dst  |   MAIN   |  G-VRAM  |  T-VRAM  |   SPR    |   PCG    |   SRAM   |
|                        | 0x1ffd88 | 0xc00200 | 0xe00200 | 0xeb0200 | 0xeb8200 | 0xed3a00 |
|  src                   |~0x1fff87 |~0xc003ff |~0xe003ff |~0xeb03ff |~0xeb83ff |~0xed3bff |
+------------------------+----------+----------+----------+----------+----------+----------+
| MAIN  0x1fff88~0x200187|  1622016 |  1581056 |  1617920 |   741376 |   987136 |  1495040 |
|G-VRAM 0xc00000~0xc001ff|  1585152 |  1581056 |  1581056 |   733184 |   987136 |  1462272 |
|T-VRAM 0xe00000~0xe001ff|  1589248 |  1585152 |  1593344 |   741376 |   987136 |  1499136 |
| SPR   0xeb0000~0xeb01ff|   933888 |   917504 |   929792 |   569344 |   569344 |   737280 |
| PCG   0xeb8000~0xeb81ff|  1040384 |  1040384 |  1044480 |   569344 |   565248 |   737280 |
| SRAM  0xed3800~0xed39ff|  1486848 |  1466368 |  1499136 |   741376 |   569344 |  1400832 |
|CGROM  0xf00000~0xf001ff|  1486848 |  1466368 |  1499136 |   741376 |   569344 |  1400832 |
|IPLROM 0xfe0000~0xfe01ff|  1486848 |  1466368 |  1499136 |   741376 |   569344 |  1400832 |
+------------------------+----------+----------+----------+----------+----------+----------+


testCase 11/39

CRTMOD(13) 512x512 65536color 1plane 15kHz
SP BG disp on (by $EB0808)
T-VRAM display
G-VRAM buffer
memcpyByDma Maximum-rate

throughput (bytes/sec)
+------------------------+----------+----------+----------+----------+----------+----------+
|                   dst  |   MAIN   |  G-VRAM  |  T-VRAM  |   SPR    |   PCG    |   SRAM   |
|                        | 0x1ffd88 | 0xc00200 | 0xe00200 | 0xeb0200 | 0xeb8200 | 0xed3a00 |
|  src                   |~0x1fff87 |~0xc003ff |~0xe003ff |~0xeb03ff |~0xeb83ff |~0xed3bff |
+------------------------+----------+----------+----------+----------+----------+----------+
| MAIN  0x1fff88~0x200187|  1622016 |  1617920 |  1581056 |   745472 |   978944 |  1499136 |
|G-VRAM 0xc00000~0xc001ff|  1589248 |  1593344 |  1585152 |   741376 |   987136 |  1499136 |
|T-VRAM 0xe00000~0xe001ff|  1585152 |  1585152 |  1576960 |   733184 |   983040 |  1466368 |
| SPR   0xeb0000~0xeb01ff|   933888 |   929792 |   917504 |   569344 |   569344 |   737280 |
| PCG   0xeb8000~0xeb81ff|  1040384 |  1044480 |  1040384 |   569344 |   565248 |   737280 |
| SRAM  0xed3800~0xed39ff|  1486848 |  1499136 |  1466368 |   741376 |   569344 |  1400832 |
|CGROM  0xf00000~0xf001ff|  1486848 |  1499136 |  1466368 |   741376 |   569344 |  1400832 |
|IPLROM 0xfe0000~0xfe01ff|  1486848 |  1499136 |  1466368 |   741376 |   569344 |  1400832 |
+------------------------+----------+----------+----------+----------+----------+----------+


testCase 12/39

CRTMOD(13) 512x512 65536color 1plane 15kHz
SP BG disp on (by $EB0808)
T-VRAM display
G-VRAM display
memcpyByDma Limited-rate LiteCsrPolling

throughput (bytes/sec)
+------------------------+----------+----------+----------+----------+----------+----------+
|                   dst  |   MAIN   |  G-VRAM  |  T-VRAM  |   SPR    |   PCG    |   SRAM   |
|                        | 0x1ffd88 | 0xc00200 | 0xe00200 | 0xeb0200 | 0xeb8200 | 0xed3a00 |
|  src                   |~0x1fff87 |~0xc003ff |~0xe003ff |~0xeb03ff |~0xeb83ff |~0xed3bff |
+------------------------+----------+----------+----------+----------+----------+----------+
| MAIN  0x1fff88~0x200187|   700416 |   618496 |   618496 |   229376 |   303104 |   458752 |
|G-VRAM 0xc00000~0xc001ff|   634880 |   585728 |   581632 |   229376 |   307200 |   446464 |
|T-VRAM 0xe00000~0xe001ff|   630784 |   585728 |   585728 |   229376 |   303104 |   450560 |
| SPR   0xeb0000~0xeb01ff|   319488 |   303104 |   307200 |   163840 |   151552 |   229376 |
| PCG   0xeb8000~0xeb81ff|   307200 |   311296 |   307200 |   172032 |   163840 |   258048 |
| SRAM  0xed3800~0xed39ff|   462848 |   446464 |   450560 |   229376 |   200704 |   495616 |
|CGROM  0xf00000~0xf001ff|   462848 |   446464 |   450560 |   229376 |   200704 |   495616 |
|IPLROM 0xfe0000~0xfe01ff|   462848 |   450560 |   446464 |   229376 |   200704 |   495616 |
+------------------------+----------+----------+----------+----------+----------+----------+


testCase 13/39

CRTMOD(13) 512x512 65536color 1plane 15kHz
SP BG disp off (by $EB0808)
T-VRAM display
G-VRAM display
memcpyByDma Limited-rate LiteCsrPolling

throughput (bytes/sec)
+------------------------+----------+----------+----------+----------+----------+----------+
|                   dst  |   MAIN   |  G-VRAM  |  T-VRAM  |   SPR    |   PCG    |   SRAM   |
|                        | 0x1ffd88 | 0xc00200 | 0xe00200 | 0xeb0200 | 0xeb8200 | 0xed3a00 |
|  src                   |~0x1fff87 |~0xc003ff |~0xe003ff |~0xeb03ff |~0xeb83ff |~0xed3bff |
+------------------------+----------+----------+----------+----------+----------+----------+
| MAIN  0x1fff88~0x200187|   700416 |   618496 |   618496 |   397312 |   303104 |   458752 |
|G-VRAM 0xc00000~0xc001ff|   634880 |   585728 |   581632 |   344064 |   311296 |   446464 |
|T-VRAM 0xe00000~0xe001ff|   634880 |   585728 |   585728 |   344064 |   311296 |   446464 |
| SPR   0xeb0000~0xeb01ff|   307200 |   307200 |   307200 |   229376 |   229376 |   409600 |
| PCG   0xeb8000~0xeb81ff|   307200 |   311296 |   307200 |   233472 |   229376 |   303104 |
| SRAM  0xed3800~0xed39ff|   462848 |   450560 |   446464 |   430080 |   397312 |   499712 |
|CGROM  0xf00000~0xf001ff|   462848 |   450560 |   446464 |   434176 |   393216 |   499712 |
|IPLROM 0xfe0000~0xfe01ff|   462848 |   446464 |   450560 |   430080 |   397312 |   495616 |
+------------------------+----------+----------+----------+----------+----------+----------+


testCase 14/39

CRTMOD(13) 512x512 65536color 1plane 15kHz
SP BG disp on (by $EB0808)
T-VRAM buffer
G-VRAM display
memcpyByDma Limited-rate LiteCsrPolling

throughput (bytes/sec)
+------------------------+----------+----------+----------+----------+----------+----------+
|                   dst  |   MAIN   |  G-VRAM  |  T-VRAM  |   SPR    |   PCG    |   SRAM   |
|                        | 0x1ffd88 | 0xc00200 | 0xe00200 | 0xeb0200 | 0xeb8200 | 0xed3a00 |
|  src                   |~0x1fff87 |~0xc003ff |~0xe003ff |~0xeb03ff |~0xeb83ff |~0xed3bff |
+------------------------+----------+----------+----------+----------+----------+----------+
| MAIN  0x1fff88~0x200187|   700416 |   618496 |   692224 |   229376 |   303104 |   454656 |
|G-VRAM 0xc00000~0xc001ff|   634880 |   585728 |   614400 |   229376 |   307200 |   446464 |
|T-VRAM 0xe00000~0xe001ff|   782336 |   618496 |   778240 |   229376 |   303104 |   462848 |
| SPR   0xeb0000~0xeb01ff|   319488 |   303104 |   315392 |   163840 |   155648 |   225280 |
| PCG   0xeb8000~0xeb81ff|   307200 |   311296 |   303104 |   172032 |   163840 |   258048 |
| SRAM  0xed3800~0xed39ff|   462848 |   446464 |   462848 |   229376 |   200704 |   495616 |
|CGROM  0xf00000~0xf001ff|   462848 |   446464 |   458752 |   229376 |   200704 |   499712 |
|IPLROM 0xfe0000~0xfe01ff|   462848 |   446464 |   462848 |   229376 |   200704 |   495616 |
+------------------------+----------+----------+----------+----------+----------+----------+


testCase 15/39

CRTMOD(13) 512x512 65536color 1plane 15kHz
SP BG disp on (by $EB0808)
T-VRAM display
G-VRAM buffer
memcpyByDma Limited-rate LiteCsrPolling

throughput (bytes/sec)
+------------------------+----------+----------+----------+----------+----------+----------+
|                   dst  |   MAIN   |  G-VRAM  |  T-VRAM  |   SPR    |   PCG    |   SRAM   |
|                        | 0x1ffd88 | 0xc00200 | 0xe00200 | 0xeb0200 | 0xeb8200 | 0xed3a00 |
|  src                   |~0x1fff87 |~0xc003ff |~0xe003ff |~0xeb03ff |~0xeb83ff |~0xed3bff |
+------------------------+----------+----------+----------+----------+----------+----------+
| MAIN  0x1fff88~0x200187|   700416 |   692224 |   618496 |   229376 |   303104 |   458752 |
|G-VRAM 0xc00000~0xc001ff|   782336 |   782336 |   614400 |   229376 |   303104 |   458752 |
|T-VRAM 0xe00000~0xe001ff|   634880 |   614400 |   585728 |   229376 |   307200 |   446464 |
| SPR   0xeb0000~0xeb01ff|   319488 |   315392 |   307200 |   163840 |   151552 |   229376 |
| PCG   0xeb8000~0xeb81ff|   307200 |   307200 |   307200 |   172032 |   163840 |   258048 |
| SRAM  0xed3800~0xed39ff|   462848 |   458752 |   450560 |   229376 |   200704 |   495616 |
|CGROM  0xf00000~0xf001ff|   462848 |   458752 |   450560 |   229376 |   200704 |   495616 |
|IPLROM 0xfe0000~0xfe01ff|   462848 |   458752 |   450560 |   229376 |   200704 |   491520 |
+------------------------+----------+----------+----------+----------+----------+----------+


testCase 16/39

CRTMOD(13) 512x512 65536color 1plane 15kHz
SP BG disp on (by $EB0808)
T-VRAM display
G-VRAM display
memcpyByDma Limited-rate FullCsrPolling

throughput (bytes/sec)
+------------------------+----------+----------+----------+----------+----------+----------+
|                   dst  |   MAIN   |  G-VRAM  |  T-VRAM  |   SPR    |   PCG    |   SRAM   |
|                        | 0x1ffd88 | 0xc00200 | 0xe00200 | 0xeb0200 | 0xeb8200 | 0xed3a00 |
|  src                   |~0x1fff87 |~0xc003ff |~0xe003ff |~0xeb03ff |~0xeb83ff |~0xed3bff |
+------------------------+----------+----------+----------+----------+----------+----------+
| MAIN  0x1fff88~0x200187|   782336 |   733184 |   733184 |   229376 |   311296 |   503808 |
|G-VRAM 0xc00000~0xc001ff|   729088 |   724992 |   729088 |   233472 |   311296 |   471040 |
|T-VRAM 0xe00000~0xe001ff|   733184 |   724992 |   724992 |   233472 |   307200 |   475136 |
| SPR   0xeb0000~0xeb01ff|   327680 |   315392 |   315392 |   163840 |   155648 |   225280 |
| PCG   0xeb8000~0xeb81ff|   315392 |   315392 |   315392 |   172032 |   163840 |   253952 |
| SRAM  0xed3800~0xed39ff|   495616 |   471040 |   475136 |   229376 |   204800 |   671744 |
|CGROM  0xf00000~0xf001ff|   495616 |   475136 |   471040 |   229376 |   204800 |   675840 |
|IPLROM 0xfe0000~0xfe01ff|   495616 |   475136 |   471040 |   229376 |   204800 |   671744 |
+------------------------+----------+----------+----------+----------+----------+----------+


testCase 17/39

CRTMOD(13) 512x512 65536color 1plane 15kHz
SP BG disp off (by $EB0808)
T-VRAM display
G-VRAM display
memcpyByDma Limited-rate FullCsrPolling

throughput (bytes/sec)
+------------------------+----------+----------+----------+----------+----------+----------+
|                   dst  |   MAIN   |  G-VRAM  |  T-VRAM  |   SPR    |   PCG    |   SRAM   |
|                        | 0x1ffd88 | 0xc00200 | 0xe00200 | 0xeb0200 | 0xeb8200 | 0xed3a00 |
|  src                   |~0x1fff87 |~0xc003ff |~0xe003ff |~0xeb03ff |~0xeb83ff |~0xed3bff |
+------------------------+----------+----------+----------+----------+----------+----------+
| MAIN  0x1fff88~0x200187|   790528 |   733184 |   733184 |   430080 |   311296 |   499712 |
|G-VRAM 0xc00000~0xc001ff|   729088 |   724992 |   729088 |   360448 |   315392 |   471040 |
|T-VRAM 0xe00000~0xe001ff|   733184 |   724992 |   724992 |   360448 |   315392 |   471040 |
| SPR   0xeb0000~0xeb01ff|   319488 |   311296 |   315392 |   233472 |   233472 |   438272 |
| PCG   0xeb8000~0xeb81ff|   307200 |   315392 |   311296 |   241664 |   229376 |   315392 |
| SRAM  0xed3800~0xed39ff|   495616 |   475136 |   471040 |   442368 |   438272 |   679936 |
|CGROM  0xf00000~0xf001ff|   495616 |   471040 |   475136 |   442368 |   438272 |   675840 |
|IPLROM 0xfe0000~0xfe01ff|   495616 |   475136 |   471040 |   442368 |   438272 |   679936 |
+------------------------+----------+----------+----------+----------+----------+----------+


testCase 18/39

CRTMOD(13) 512x512 65536color 1plane 15kHz
SP BG disp on (by $EB0808)
T-VRAM buffer
G-VRAM display
memcpyByDma Limited-rate FullCsrPolling

throughput (bytes/sec)
+------------------------+----------+----------+----------+----------+----------+----------+
|                   dst  |   MAIN   |  G-VRAM  |  T-VRAM  |   SPR    |   PCG    |   SRAM   |
|                        | 0x1ffd88 | 0xc00200 | 0xe00200 | 0xeb0200 | 0xeb8200 | 0xed3a00 |
|  src                   |~0x1fff87 |~0xc003ff |~0xe003ff |~0xeb03ff |~0xeb83ff |~0xed3bff |
+------------------------+----------+----------+----------+----------+----------+----------+
| MAIN  0x1fff88~0x200187|   782336 |   733184 |   786432 |   229376 |   311296 |   503808 |
|G-VRAM 0xc00000~0xc001ff|   733184 |   724992 |   724992 |   233472 |   311296 |   471040 |
|T-VRAM 0xe00000~0xe001ff|   823296 |   733184 |   819200 |   229376 |   311296 |   495616 |
| SPR   0xeb0000~0xeb01ff|   327680 |   315392 |   327680 |   163840 |   155648 |   225280 |
| PCG   0xeb8000~0xeb81ff|   315392 |   315392 |   311296 |   172032 |   159744 |   258048 |
| SRAM  0xed3800~0xed39ff|   495616 |   471040 |   491520 |   229376 |   204800 |   667648 |
|CGROM  0xf00000~0xf001ff|   495616 |   471040 |   487424 |   229376 |   204800 |   675840 |
|IPLROM 0xfe0000~0xfe01ff|   495616 |   471040 |   491520 |   229376 |   204800 |   667648 |
+------------------------+----------+----------+----------+----------+----------+----------+


testCase 19/39

CRTMOD(13) 512x512 65536color 1plane 15kHz
SP BG disp on (by $EB0808)
T-VRAM display
G-VRAM buffer
memcpyByDma Limited-rate FullCsrPolling

throughput (bytes/sec)
+------------------------+----------+----------+----------+----------+----------+----------+
|                   dst  |   MAIN   |  G-VRAM  |  T-VRAM  |   SPR    |   PCG    |   SRAM   |
|                        | 0x1ffd88 | 0xc00200 | 0xe00200 | 0xeb0200 | 0xeb8200 | 0xed3a00 |
|  src                   |~0x1fff87 |~0xc003ff |~0xe003ff |~0xeb03ff |~0xeb83ff |~0xed3bff |
+------------------------+----------+----------+----------+----------+----------+----------+
| MAIN  0x1fff88~0x200187|   782336 |   786432 |   733184 |   229376 |   311296 |   503808 |
|G-VRAM 0xc00000~0xc001ff|   815104 |   819200 |   733184 |   233472 |   307200 |   495616 |
|T-VRAM 0xe00000~0xe001ff|   733184 |   724992 |   720896 |   233472 |   311296 |   471040 |
| SPR   0xeb0000~0xeb01ff|   327680 |   327680 |   311296 |   163840 |   155648 |   229376 |
| PCG   0xeb8000~0xeb81ff|   315392 |   311296 |   315392 |   172032 |   159744 |   258048 |
| SRAM  0xed3800~0xed39ff|   495616 |   487424 |   475136 |   229376 |   204800 |   671744 |
|CGROM  0xf00000~0xf001ff|   495616 |   487424 |   475136 |   229376 |   204800 |   671744 |
|IPLROM 0xfe0000~0xfe01ff|   495616 |   487424 |   475136 |   229376 |   204800 |   671744 |
+------------------------+----------+----------+----------+----------+----------+----------+


testCase 20/39

CRTMOD(12) 512x512 65536color 1plane 31kHz
SP BG disp on (by $EB0808)
T-VRAM display
G-VRAM display
memcpyByU8 (ideal throughput is 454545 bytes/sec @10MHz)

throughput (bytes/sec)
+------------------------+----------+----------+----------+----------+----------+----------+
|                   dst  |   MAIN   |  G-VRAM  |  T-VRAM  |   SPR    |   PCG    |   SRAM   |
|                        | 0x1ffd88 | 0xc00200 | 0xe00200 | 0xeb0200 | 0xeb8200 | 0xed3a00 |
|  src                   |~0x1fff87 |~0xc003ff |~0xe003ff |~0xeb03ff |~0xeb83ff |~0xed3bff |
+------------------------+----------+----------+----------+----------+----------+----------+
| MAIN  0x1fff88~0x200187|   442368 |   413696 |   413696 |   356352 |   356352 |   425984 |
|G-VRAM 0xc00000~0xc001ff|   413696 |   397312 |   401408 |   348160 |   344064 |   405504 |
|T-VRAM 0xe00000~0xe001ff|   413696 |   401408 |   397312 |   348160 |   344064 |   405504 |
| SPR   0xeb0000~0xeb01ff|   356352 |   348160 |   344064 |   282624 |   286720 |   356352 |
| PCG   0xeb8000~0xeb81ff|   356352 |   348160 |   344064 |   286720 |   278528 |   356352 |
| SRAM  0xed3800~0xed39ff|   430080 |   405504 |   405504 |   356352 |   356352 |   405504 |
|CGROM  0xf00000~0xf001ff|   430080 |   405504 |   405504 |   356352 |   356352 |   405504 |
|IPLROM 0xfe0000~0xfe01ff|   430080 |   405504 |   405504 |   356352 |   356352 |   405504 |
+------------------------+----------+----------+----------+----------+----------+----------+


testCase 21/39

CRTMOD(12) 512x512 65536color 1plane 31kHz
SP BG disp off (by $EB0808)
T-VRAM display
G-VRAM display
memcpyByU8 (ideal throughput is 454545 bytes/sec @10MHz)

throughput (bytes/sec)
+------------------------+----------+----------+----------+----------+----------+----------+
|                   dst  |   MAIN   |  G-VRAM  |  T-VRAM  |   SPR    |   PCG    |   SRAM   |
|                        | 0x1ffd88 | 0xc00200 | 0xe00200 | 0xeb0200 | 0xeb8200 | 0xed3a00 |
|  src                   |~0x1fff87 |~0xc003ff |~0xe003ff |~0xeb03ff |~0xeb83ff |~0xed3bff |
+------------------------+----------+----------+----------+----------+----------+----------+
| MAIN  0x1fff88~0x200187|   442368 |   413696 |   413696 |   376832 |   376832 |   425984 |
|G-VRAM 0xc00000~0xc001ff|   413696 |   397312 |   401408 |   348160 |   356352 |   405504 |
|T-VRAM 0xe00000~0xe001ff|   413696 |   401408 |   397312 |   348160 |   356352 |   405504 |
| SPR   0xeb0000~0xeb01ff|   376832 |   348160 |   344064 |   315392 |   331776 |   352256 |
| PCG   0xeb8000~0xeb81ff|   376832 |   360448 |   356352 |   331776 |   319488 |   364544 |
| SRAM  0xed3800~0xed39ff|   430080 |   405504 |   405504 |   356352 |   364544 |   405504 |
|CGROM  0xf00000~0xf001ff|   430080 |   405504 |   405504 |   356352 |   364544 |   405504 |
|IPLROM 0xfe0000~0xfe01ff|   430080 |   405504 |   405504 |   356352 |   364544 |   405504 |
+------------------------+----------+----------+----------+----------+----------+----------+


testCase 22/39

CRTMOD(12) 512x512 65536color 1plane 31kHz
SP BG disp on (by $EB0808)
T-VRAM buffer
G-VRAM display
memcpyByU8 (ideal throughput is 454545 bytes/sec @10MHz)

throughput (bytes/sec)
+------------------------+----------+----------+----------+----------+----------+----------+
|                   dst  |   MAIN   |  G-VRAM  |  T-VRAM  |   SPR    |   PCG    |   SRAM   |
|                        | 0x1ffd88 | 0xc00200 | 0xe00200 | 0xeb0200 | 0xeb8200 | 0xed3a00 |
|  src                   |~0x1fff87 |~0xc003ff |~0xe003ff |~0xeb03ff |~0xeb83ff |~0xed3bff |
+------------------------+----------+----------+----------+----------+----------+----------+
| MAIN  0x1fff88~0x200187|   442368 |   413696 |   425984 |   352256 |   356352 |   425984 |
|G-VRAM 0xc00000~0xc001ff|   413696 |   397312 |   401408 |   344064 |   348160 |   405504 |
|T-VRAM 0xe00000~0xe001ff|   421888 |   405504 |   405504 |   352256 |   356352 |   409600 |
| SPR   0xeb0000~0xeb01ff|   356352 |   348160 |   352256 |   286720 |   286720 |   352256 |
| PCG   0xeb8000~0xeb81ff|   356352 |   348160 |   352256 |   286720 |   278528 |   356352 |
| SRAM  0xed3800~0xed39ff|   430080 |   405504 |   405504 |   356352 |   352256 |   409600 |
|CGROM  0xf00000~0xf001ff|   430080 |   405504 |   405504 |   356352 |   352256 |   409600 |
|IPLROM 0xfe0000~0xfe01ff|   430080 |   405504 |   405504 |   356352 |   352256 |   409600 |
+------------------------+----------+----------+----------+----------+----------+----------+


testCase 23/39

CRTMOD(12) 512x512 65536color 1plane 31kHz
SP BG disp on (by $EB0808)
T-VRAM display
G-VRAM buffer
memcpyByU8 (ideal throughput is 454545 bytes/sec @10MHz)

throughput (bytes/sec)
+------------------------+----------+----------+----------+----------+----------+----------+
|                   dst  |   MAIN   |  G-VRAM  |  T-VRAM  |   SPR    |   PCG    |   SRAM   |
|                        | 0x1ffd88 | 0xc00200 | 0xe00200 | 0xeb0200 | 0xeb8200 | 0xed3a00 |
|  src                   |~0x1fff87 |~0xc003ff |~0xe003ff |~0xeb03ff |~0xeb83ff |~0xed3bff |
+------------------------+----------+----------+----------+----------+----------+----------+
| MAIN  0x1fff88~0x200187|   442368 |   421888 |   417792 |   352256 |   356352 |   425984 |
|G-VRAM 0xc00000~0xc001ff|   421888 |   401408 |   409600 |   352256 |   356352 |   409600 |
|T-VRAM 0xe00000~0xe001ff|   413696 |   401408 |   397312 |   344064 |   348160 |   405504 |
| SPR   0xeb0000~0xeb01ff|   356352 |   356352 |   344064 |   286720 |   286720 |   352256 |
| PCG   0xeb8000~0xeb81ff|   356352 |   356352 |   344064 |   286720 |   278528 |   356352 |
| SRAM  0xed3800~0xed39ff|   430080 |   405504 |   405504 |   356352 |   352256 |   409600 |
|CGROM  0xf00000~0xf001ff|   430080 |   405504 |   405504 |   356352 |   352256 |   409600 |
|IPLROM 0xfe0000~0xfe01ff|   430080 |   405504 |   405504 |   356352 |   352256 |   409600 |
+------------------------+----------+----------+----------+----------+----------+----------+


testCase 24/39

CRTMOD(12) 512x512 65536color 1plane 31kHz
SP BG disp on (by $EB0808)
T-VRAM display
G-VRAM display
memcpyByMovem (ideal throughput is 2081301 bytes/sec @10MHz)

throughput (bytes/sec)
+------------------------+----------+----------+----------+----------+----------+----------+
|                   dst  |   MAIN   |  G-VRAM  |  T-VRAM  |   SPR    |   PCG    |   SRAM   |
|                        | 0x1ffd88 | 0xc00200 | 0xe00200 | 0xeb0200 | 0xeb8200 | 0xed3a00 |
|  src                   |~0x1fff87 |~0xc003ff |~0xe003ff |~0xeb03ff |~0xeb83ff |~0xed3bff |
+------------------------+----------+----------+----------+----------+----------+----------+
| MAIN  0x1fff88~0x200187|  1986560 |  1789952 |  1789952 |  1236992 |  1183744 |  1826816 |
|G-VRAM 0xc00000~0xc001ff|  1781760 |  1605632 |  1609728 |  1142784 |  1110016 |  1650688 |
|T-VRAM 0xe00000~0xe001ff|  1781760 |  1605632 |  1609728 |  1142784 |  1110016 |  1650688 |
| SPR   0xeb0000~0xeb01ff|  1236992 |  1155072 |  1150976 |   892928 |   876544 |  1175552 |
| PCG   0xeb8000~0xeb81ff|  1245184 |  1142784 |  1146880 |   901120 |   868352 |  1167360 |
| SRAM  0xed3800~0xed39ff|  1818624 |  1654784 |  1650688 |  1167360 |  1122304 |  1687552 |
|CGROM  0xf00000~0xf001ff|  1818624 |  1654784 |  1650688 |  1167360 |  1122304 |  1687552 |
|IPLROM 0xfe0000~0xfe01ff|  1818624 |  1654784 |  1650688 |  1167360 |  1122304 |  1687552 |
+------------------------+----------+----------+----------+----------+----------+----------+


testCase 25/39

CRTMOD(12) 512x512 65536color 1plane 31kHz
SP BG disp off (by $EB0808)
T-VRAM display
G-VRAM display
memcpyByMovem (ideal throughput is 2081301 bytes/sec @10MHz)

throughput (bytes/sec)
+------------------------+----------+----------+----------+----------+----------+----------+
|                   dst  |   MAIN   |  G-VRAM  |  T-VRAM  |   SPR    |   PCG    |   SRAM   |
|                        | 0x1ffd88 | 0xc00200 | 0xe00200 | 0xeb0200 | 0xeb8200 | 0xed3a00 |
|  src                   |~0x1fff87 |~0xc003ff |~0xe003ff |~0xeb03ff |~0xeb83ff |~0xed3bff |
+------------------------+----------+----------+----------+----------+----------+----------+
| MAIN  0x1fff88~0x200187|  1986560 |  1789952 |  1789952 |  1376256 |  1470464 |  1826816 |
|G-VRAM 0xc00000~0xc001ff|  1781760 |  1605632 |  1609728 |  1265664 |  1343488 |  1650688 |
|T-VRAM 0xe00000~0xe001ff|  1781760 |  1605632 |  1609728 |  1265664 |  1343488 |  1650688 |
| SPR   0xeb0000~0xeb01ff|  1363968 |  1261568 |  1257472 |  1044480 |  1101824 |  1282048 |
| PCG   0xeb8000~0xeb81ff|  1454080 |  1335296 |  1339392 |  1097728 |  1134592 |  1363968 |
| SRAM  0xed3800~0xed39ff|  1818624 |  1654784 |  1650688 |  1294336 |  1376256 |  1691648 |
|CGROM  0xf00000~0xf001ff|  1818624 |  1654784 |  1650688 |  1294336 |  1376256 |  1691648 |
|IPLROM 0xfe0000~0xfe01ff|  1818624 |  1654784 |  1650688 |  1290240 |  1380352 |  1691648 |
+------------------------+----------+----------+----------+----------+----------+----------+


testCase 26/39

CRTMOD(12) 512x512 65536color 1plane 31kHz
SP BG disp on (by $EB0808)
T-VRAM buffer
G-VRAM display
memcpyByMovem (ideal throughput is 2081301 bytes/sec @10MHz)

throughput (bytes/sec)
+------------------------+----------+----------+----------+----------+----------+----------+
|                   dst  |   MAIN   |  G-VRAM  |  T-VRAM  |   SPR    |   PCG    |   SRAM   |
|                        | 0x1ffd88 | 0xc00200 | 0xe00200 | 0xeb0200 | 0xeb8200 | 0xed3a00 |
|  src                   |~0x1fff87 |~0xc003ff |~0xe003ff |~0xeb03ff |~0xeb83ff |~0xed3bff |
+------------------------+----------+----------+----------+----------+----------+----------+
| MAIN  0x1fff88~0x200187|  1986560 |  1789952 |  1806336 |  1236992 |  1183744 |  1826816 |
|G-VRAM 0xc00000~0xc001ff|  1781760 |  1605632 |  1634304 |  1142784 |  1110016 |  1650688 |
|T-VRAM 0xe00000~0xe001ff|  1794048 |  1630208 |  1642496 |  1159168 |  1118208 |  1662976 |
| SPR   0xeb0000~0xeb01ff|  1236992 |  1155072 |  1155072 |   897024 |   872448 |  1175552 |
| PCG   0xeb8000~0xeb81ff|  1245184 |  1142784 |  1138688 |   901120 |   868352 |  1167360 |
| SRAM  0xed3800~0xed39ff|  1818624 |  1654784 |  1662976 |  1167360 |  1122304 |  1687552 |
|CGROM  0xf00000~0xf001ff|  1818624 |  1654784 |  1662976 |  1167360 |  1122304 |  1687552 |
|IPLROM 0xfe0000~0xfe01ff|  1818624 |  1654784 |  1662976 |  1167360 |  1122304 |  1687552 |
+------------------------+----------+----------+----------+----------+----------+----------+


testCase 27/39

CRTMOD(12) 512x512 65536color 1plane 31kHz
SP BG disp on (by $EB0808)
T-VRAM display
G-VRAM buffer
memcpyByMovem (ideal throughput is 2081301 bytes/sec @10MHz)

throughput (bytes/sec)
+------------------------+----------+----------+----------+----------+----------+----------+
|                   dst  |   MAIN   |  G-VRAM  |  T-VRAM  |   SPR    |   PCG    |   SRAM   |
|                        | 0x1ffd88 | 0xc00200 | 0xe00200 | 0xeb0200 | 0xeb8200 | 0xed3a00 |
|  src                   |~0x1fff87 |~0xc003ff |~0xe003ff |~0xeb03ff |~0xeb83ff |~0xed3bff |
+------------------------+----------+----------+----------+----------+----------+----------+
| MAIN  0x1fff88~0x200187|  1986560 |  1806336 |  1789952 |  1236992 |  1183744 |  1826816 |
|G-VRAM 0xc00000~0xc001ff|  1794048 |  1642496 |  1630208 |  1159168 |  1118208 |  1662976 |
|T-VRAM 0xe00000~0xe001ff|  1781760 |  1634304 |  1605632 |  1142784 |  1110016 |  1650688 |
| SPR   0xeb0000~0xeb01ff|  1236992 |  1159168 |  1150976 |   897024 |   872448 |  1175552 |
| PCG   0xeb8000~0xeb81ff|  1241088 |  1142784 |  1142784 |   901120 |   868352 |  1167360 |
| SRAM  0xed3800~0xed39ff|  1818624 |  1667072 |  1650688 |  1167360 |  1122304 |  1687552 |
|CGROM  0xf00000~0xf001ff|  1818624 |  1667072 |  1650688 |  1167360 |  1122304 |  1687552 |
|IPLROM 0xfe0000~0xfe01ff|  1818624 |  1667072 |  1650688 |  1167360 |  1122304 |  1687552 |
+------------------------+----------+----------+----------+----------+----------+----------+


testCase 28/39

CRTMOD(12) 512x512 65536color 1plane 31kHz
SP BG disp on (by $EB0808)
T-VRAM display
G-VRAM display
memcpyByDma Maximum-rate

throughput (bytes/sec)
+------------------------+----------+----------+----------+----------+----------+----------+
|                   dst  |   MAIN   |  G-VRAM  |  T-VRAM  |   SPR    |   PCG    |   SRAM   |
|                        | 0x1ffd88 | 0xc00200 | 0xe00200 | 0xeb0200 | 0xeb8200 | 0xed3a00 |
|  src                   |~0x1fff87 |~0xc003ff |~0xe003ff |~0xeb03ff |~0xeb83ff |~0xed3bff |
+------------------------+----------+----------+----------+----------+----------+----------+
| MAIN  0x1fff88~0x200187|  1622016 |  1568768 |  1568768 |  1196032 |  1228800 |  1499136 |
|G-VRAM 0xc00000~0xc001ff|  1572864 |  1560576 |  1568768 |  1171456 |  1200128 |  1462272 |
|T-VRAM 0xe00000~0xe001ff|  1572864 |  1564672 |  1564672 |  1171456 |  1200128 |  1462272 |
| SPR   0xeb0000~0xeb01ff|  1232896 |  1200128 |  1200128 |   868352 |   872448 |  1138688 |
| PCG   0xeb8000~0xeb81ff|  1232896 |  1200128 |  1200128 |   868352 |   679936 |  1228800 |
| SRAM  0xed3800~0xed39ff|  1486848 |  1466368 |  1462272 |  1024000 |   962560 |  1400832 |
|CGROM  0xf00000~0xf001ff|  1486848 |  1466368 |  1462272 |  1024000 |   962560 |  1400832 |
|IPLROM 0xfe0000~0xfe01ff|  1486848 |  1466368 |  1462272 |  1024000 |   962560 |  1400832 |
+------------------------+----------+----------+----------+----------+----------+----------+


testCase 29/39

CRTMOD(12) 512x512 65536color 1plane 31kHz
SP BG disp off (by $EB0808)
T-VRAM display
G-VRAM display
memcpyByDma Maximum-rate

throughput (bytes/sec)
+------------------------+----------+----------+----------+----------+----------+----------+
|                   dst  |   MAIN   |  G-VRAM  |  T-VRAM  |   SPR    |   PCG    |   SRAM   |
|                        | 0x1ffd88 | 0xc00200 | 0xe00200 | 0xeb0200 | 0xeb8200 | 0xed3a00 |
|  src                   |~0x1fff87 |~0xc003ff |~0xe003ff |~0xeb03ff |~0xeb83ff |~0xed3bff |
+------------------------+----------+----------+----------+----------+----------+----------+
| MAIN  0x1fff88~0x200187|  1622016 |  1568768 |  1568768 |  1228800 |  1228800 |  1499136 |
|G-VRAM 0xc00000~0xc001ff|  1572864 |  1560576 |  1568768 |  1200128 |  1200128 |  1462272 |
|T-VRAM 0xe00000~0xe001ff|  1572864 |  1564672 |  1564672 |  1196032 |  1204224 |  1462272 |
| SPR   0xeb0000~0xeb01ff|  1232896 |  1200128 |  1204224 |   946176 |  1011712 |  1208320 |
| PCG   0xeb8000~0xeb81ff|  1335296 |  1294336 |  1290240 |   950272 |  1028096 |  1236992 |
| SRAM  0xed3800~0xed39ff|  1486848 |  1466368 |  1462272 |  1126400 |  1134592 |  1400832 |
|CGROM  0xf00000~0xf001ff|  1486848 |  1466368 |  1462272 |  1126400 |  1134592 |  1400832 |
|IPLROM 0xfe0000~0xfe01ff|  1486848 |  1466368 |  1462272 |  1126400 |  1134592 |  1400832 |
+------------------------+----------+----------+----------+----------+----------+----------+


testCase 30/39

CRTMOD(12) 512x512 65536color 1plane 31kHz
SP BG disp on (by $EB0808)
T-VRAM buffer
G-VRAM display
memcpyByDma Maximum-rate

throughput (bytes/sec)
+------------------------+----------+----------+----------+----------+----------+----------+
|                   dst  |   MAIN   |  G-VRAM  |  T-VRAM  |   SPR    |   PCG    |   SRAM   |
|                        | 0x1ffd88 | 0xc00200 | 0xe00200 | 0xeb0200 | 0xeb8200 | 0xed3a00 |
|  src                   |~0x1fff87 |~0xc003ff |~0xe003ff |~0xeb03ff |~0xeb83ff |~0xed3bff |
+------------------------+----------+----------+----------+----------+----------+----------+
| MAIN  0x1fff88~0x200187|  1622016 |  1568768 |  1617920 |  1196032 |  1228800 |  1499136 |
|G-VRAM 0xc00000~0xc001ff|  1572864 |  1560576 |  1572864 |  1167360 |  1200128 |  1466368 |
|T-VRAM 0xe00000~0xe001ff|  1589248 |  1572864 |  1589248 |  1196032 |  1228800 |  1503232 |
| SPR   0xeb0000~0xeb01ff|  1232896 |  1200128 |  1228800 |   872448 |   868352 |  1138688 |
| PCG   0xeb8000~0xeb81ff|  1232896 |  1200128 |  1228800 |   872448 |   675840 |  1228800 |
| SRAM  0xed3800~0xed39ff|  1486848 |  1466368 |  1499136 |  1024000 |   962560 |  1400832 |
|CGROM  0xf00000~0xf001ff|  1486848 |  1466368 |  1499136 |  1024000 |   962560 |  1396736 |
|IPLROM 0xfe0000~0xfe01ff|  1486848 |  1466368 |  1499136 |  1024000 |   962560 |  1396736 |
+------------------------+----------+----------+----------+----------+----------+----------+


testCase 31/39

CRTMOD(12) 512x512 65536color 1plane 31kHz
SP BG disp on (by $EB0808)
T-VRAM display
G-VRAM buffer
memcpyByDma Maximum-rate

throughput (bytes/sec)
+------------------------+----------+----------+----------+----------+----------+----------+
|                   dst  |   MAIN   |  G-VRAM  |  T-VRAM  |   SPR    |   PCG    |   SRAM   |
|                        | 0x1ffd88 | 0xc00200 | 0xe00200 | 0xeb0200 | 0xeb8200 | 0xed3a00 |
|  src                   |~0x1fff87 |~0xc003ff |~0xe003ff |~0xeb03ff |~0xeb83ff |~0xed3bff |
+------------------------+----------+----------+----------+----------+----------+----------+
| MAIN  0x1fff88~0x200187|  1622016 |  1617920 |  1568768 |  1196032 |  1228800 |  1499136 |
|G-VRAM 0xc00000~0xc001ff|  1589248 |  1593344 |  1568768 |  1196032 |  1228800 |  1503232 |
|T-VRAM 0xe00000~0xe001ff|  1572864 |  1568768 |  1564672 |  1167360 |  1200128 |  1466368 |
| SPR   0xeb0000~0xeb01ff|  1232896 |  1228800 |  1200128 |   872448 |   868352 |  1138688 |
| PCG   0xeb8000~0xeb81ff|  1232896 |  1228800 |  1200128 |   872448 |   675840 |  1228800 |
| SRAM  0xed3800~0xed39ff|  1486848 |  1499136 |  1466368 |  1024000 |   962560 |  1396736 |
|CGROM  0xf00000~0xf001ff|  1486848 |  1499136 |  1466368 |  1024000 |   958464 |  1400832 |
|IPLROM 0xfe0000~0xfe01ff|  1486848 |  1499136 |  1466368 |  1024000 |   958464 |  1400832 |
+------------------------+----------+----------+----------+----------+----------+----------+


testCase 32/39

CRTMOD(12) 512x512 65536color 1plane 31kHz
SP BG disp on (by $EB0808)
T-VRAM display
G-VRAM display
memcpyByDma Limited-rate LiteCsrPolling

throughput (bytes/sec)
+------------------------+----------+----------+----------+----------+----------+----------+
|                   dst  |   MAIN   |  G-VRAM  |  T-VRAM  |   SPR    |   PCG    |   SRAM   |
|                        | 0x1ffd88 | 0xc00200 | 0xe00200 | 0xeb0200 | 0xeb8200 | 0xed3a00 |
|  src                   |~0x1fff87 |~0xc003ff |~0xe003ff |~0xeb03ff |~0xeb83ff |~0xed3bff |
+------------------------+----------+----------+----------+----------+----------+----------+
| MAIN  0x1fff88~0x200187|   700416 |   569344 |   569344 |   405504 |   393216 |   454656 |
|G-VRAM 0xc00000~0xc001ff|   581632 |   532480 |   532480 |   393216 |   401408 |   487424 |
|T-VRAM 0xe00000~0xe001ff|   581632 |   532480 |   536576 |   393216 |   401408 |   487424 |
| SPR   0xeb0000~0xeb01ff|   385024 |   405504 |   401408 |   442368 |   372736 |   491520 |
| PCG   0xeb8000~0xeb81ff|   393216 |   401408 |   401408 |   421888 |   229376 |   389120 |
| SRAM  0xed3800~0xed39ff|   462848 |   487424 |   491520 |   303104 |   311296 |   495616 |
|CGROM  0xf00000~0xf001ff|   462848 |   491520 |   487424 |   307200 |   307200 |   495616 |
|IPLROM 0xfe0000~0xfe01ff|   462848 |   487424 |   487424 |   307200 |   307200 |   495616 |
+------------------------+----------+----------+----------+----------+----------+----------+


testCase 33/39

CRTMOD(12) 512x512 65536color 1plane 31kHz
SP BG disp off (by $EB0808)
T-VRAM display
G-VRAM display
memcpyByDma Limited-rate LiteCsrPolling

throughput (bytes/sec)
+------------------------+----------+----------+----------+----------+----------+----------+
|                   dst  |   MAIN   |  G-VRAM  |  T-VRAM  |   SPR    |   PCG    |   SRAM   |
|                        | 0x1ffd88 | 0xc00200 | 0xe00200 | 0xeb0200 | 0xeb8200 | 0xed3a00 |
|  src                   |~0x1fff87 |~0xc003ff |~0xe003ff |~0xeb03ff |~0xeb83ff |~0xed3bff |
+------------------------+----------+----------+----------+----------+----------+----------+
| MAIN  0x1fff88~0x200187|   700416 |   569344 |   573440 |   385024 |   380928 |   458752 |
|G-VRAM 0xc00000~0xc001ff|   581632 |   536576 |   532480 |   401408 |   405504 |   487424 |
|T-VRAM 0xe00000~0xe001ff|   585728 |   532480 |   532480 |   405504 |   401408 |   491520 |
| SPR   0xeb0000~0xeb01ff|   385024 |   405504 |   405504 |   307200 |   303104 |   385024 |
| PCG   0xeb8000~0xeb81ff|   446464 |   442368 |   442368 |   307200 |   303104 |   385024 |
| SRAM  0xed3800~0xed39ff|   462848 |   491520 |   487424 |   581632 |   516096 |   499712 |
|CGROM  0xf00000~0xf001ff|   462848 |   487424 |   487424 |   581632 |   520192 |   499712 |
|IPLROM 0xfe0000~0xfe01ff|   462848 |   487424 |   487424 |   585728 |   516096 |   499712 |
+------------------------+----------+----------+----------+----------+----------+----------+


testCase 34/39

CRTMOD(12) 512x512 65536color 1plane 31kHz
SP BG disp on (by $EB0808)
T-VRAM buffer
G-VRAM display
memcpyByDma Limited-rate LiteCsrPolling

throughput (bytes/sec)
+------------------------+----------+----------+----------+----------+----------+----------+
|                   dst  |   MAIN   |  G-VRAM  |  T-VRAM  |   SPR    |   PCG    |   SRAM   |
|                        | 0x1ffd88 | 0xc00200 | 0xe00200 | 0xeb0200 | 0xeb8200 | 0xed3a00 |
|  src                   |~0x1fff87 |~0xc003ff |~0xe003ff |~0xeb03ff |~0xeb83ff |~0xed3bff |
+------------------------+----------+----------+----------+----------+----------+----------+
| MAIN  0x1fff88~0x200187|   700416 |   569344 |   688128 |   405504 |   393216 |   454656 |
|G-VRAM 0xc00000~0xc001ff|   581632 |   532480 |   569344 |   393216 |   401408 |   487424 |
|T-VRAM 0xe00000~0xe001ff|   782336 |   569344 |   782336 |   401408 |   393216 |   462848 |
| SPR   0xeb0000~0xeb01ff|   385024 |   401408 |   385024 |   442368 |   376832 |   491520 |
| PCG   0xeb8000~0xeb81ff|   393216 |   401408 |   389120 |   421888 |   229376 |   389120 |
| SRAM  0xed3800~0xed39ff|   462848 |   487424 |   458752 |   307200 |   307200 |   495616 |
|CGROM  0xf00000~0xf001ff|   462848 |   487424 |   458752 |   307200 |   307200 |   495616 |
|IPLROM 0xfe0000~0xfe01ff|   462848 |   487424 |   462848 |   303104 |   311296 |   495616 |
+------------------------+----------+----------+----------+----------+----------+----------+


testCase 35/39

CRTMOD(12) 512x512 65536color 1plane 31kHz
SP BG disp on (by $EB0808)
T-VRAM display
G-VRAM buffer
memcpyByDma Limited-rate LiteCsrPolling

throughput (bytes/sec)
+------------------------+----------+----------+----------+----------+----------+----------+
|                   dst  |   MAIN   |  G-VRAM  |  T-VRAM  |   SPR    |   PCG    |   SRAM   |
|                        | 0x1ffd88 | 0xc00200 | 0xe00200 | 0xeb0200 | 0xeb8200 | 0xed3a00 |
|  src                   |~0x1fff87 |~0xc003ff |~0xe003ff |~0xeb03ff |~0xeb83ff |~0xed3bff |
+------------------------+----------+----------+----------+----------+----------+----------+
| MAIN  0x1fff88~0x200187|   700416 |   692224 |   569344 |   405504 |   393216 |   454656 |
|G-VRAM 0xc00000~0xc001ff|   782336 |   782336 |   565248 |   405504 |   389120 |   462848 |
|T-VRAM 0xe00000~0xe001ff|   581632 |   569344 |   532480 |   393216 |   401408 |   487424 |
| SPR   0xeb0000~0xeb01ff|   385024 |   385024 |   401408 |   442368 |   376832 |   491520 |
| PCG   0xeb8000~0xeb81ff|   393216 |   389120 |   401408 |   421888 |   229376 |   389120 |
| SRAM  0xed3800~0xed39ff|   462848 |   458752 |   487424 |   307200 |   307200 |   499712 |
|CGROM  0xf00000~0xf001ff|   462848 |   458752 |   487424 |   307200 |   307200 |   495616 |
|IPLROM 0xfe0000~0xfe01ff|   462848 |   458752 |   487424 |   307200 |   307200 |   495616 |
+------------------------+----------+----------+----------+----------+----------+----------+


testCase 36/39

CRTMOD(12) 512x512 65536color 1plane 31kHz
SP BG disp on (by $EB0808)
T-VRAM display
G-VRAM display
memcpyByDma Limited-rate FullCsrPolling

throughput (bytes/sec)
+------------------------+----------+----------+----------+----------+----------+----------+
|                   dst  |   MAIN   |  G-VRAM  |  T-VRAM  |   SPR    |   PCG    |   SRAM   |
|                        | 0x1ffd88 | 0xc00200 | 0xe00200 | 0xeb0200 | 0xeb8200 | 0xed3a00 |
|  src                   |~0x1fff87 |~0xc003ff |~0xe003ff |~0xeb03ff |~0xeb83ff |~0xed3bff |
+------------------------+----------+----------+----------+----------+----------+----------+
| MAIN  0x1fff88~0x200187|   782336 |   667648 |   667648 |   454656 |   430080 |   503808 |
|G-VRAM 0xc00000~0xc001ff|   671744 |   659456 |   651264 |   430080 |   425984 |   528384 |
|T-VRAM 0xe00000~0xe001ff|   671744 |   655360 |   659456 |   425984 |   425984 |   528384 |
| SPR   0xeb0000~0xeb01ff|   409600 |   421888 |   417792 |   446464 |   368640 |   532480 |
| PCG   0xeb8000~0xeb81ff|   425984 |   430080 |   425984 |   434176 |   233472 |   421888 |
| SRAM  0xed3800~0xed39ff|   495616 |   532480 |   532480 |   307200 |   323584 |   675840 |
|CGROM  0xf00000~0xf001ff|   495616 |   532480 |   532480 |   307200 |   323584 |   675840 |
|IPLROM 0xfe0000~0xfe01ff|   495616 |   532480 |   532480 |   307200 |   323584 |   671744 |
+------------------------+----------+----------+----------+----------+----------+----------+


testCase 37/39

CRTMOD(12) 512x512 65536color 1plane 31kHz
SP BG disp off (by $EB0808)
T-VRAM display
G-VRAM display
memcpyByDma Limited-rate FullCsrPolling

throughput (bytes/sec)
+------------------------+----------+----------+----------+----------+----------+----------+
|                   dst  |   MAIN   |  G-VRAM  |  T-VRAM  |   SPR    |   PCG    |   SRAM   |
|                        | 0x1ffd88 | 0xc00200 | 0xe00200 | 0xeb0200 | 0xeb8200 | 0xed3a00 |
|  src                   |~0x1fff87 |~0xc003ff |~0xe003ff |~0xeb03ff |~0xeb83ff |~0xed3bff |
+------------------------+----------+----------+----------+----------+----------+----------+
| MAIN  0x1fff88~0x200187|   782336 |   667648 |   663552 |   413696 |   401408 |   499712 |
|G-VRAM 0xc00000~0xc001ff|   671744 |   655360 |   659456 |   421888 |   421888 |   532480 |
|T-VRAM 0xe00000~0xe001ff|   671744 |   655360 |   655360 |   425984 |   421888 |   528384 |
| SPR   0xeb0000~0xeb01ff|   405504 |   421888 |   425984 |   319488 |   311296 |   409600 |
| PCG   0xeb8000~0xeb81ff|   446464 |   446464 |   446464 |   319488 |   307200 |   401408 |
| SRAM  0xed3800~0xed39ff|   495616 |   532480 |   532480 |   585728 |   552960 |   675840 |
|CGROM  0xf00000~0xf001ff|   495616 |   532480 |   532480 |   585728 |   552960 |   675840 |
|IPLROM 0xfe0000~0xfe01ff|   495616 |   532480 |   532480 |   585728 |   552960 |   675840 |
+------------------------+----------+----------+----------+----------+----------+----------+


testCase 38/39

CRTMOD(12) 512x512 65536color 1plane 31kHz
SP BG disp on (by $EB0808)
T-VRAM buffer
G-VRAM display
memcpyByDma Limited-rate FullCsrPolling

throughput (bytes/sec)
+------------------------+----------+----------+----------+----------+----------+----------+
|                   dst  |   MAIN   |  G-VRAM  |  T-VRAM  |   SPR    |   PCG    |   SRAM   |
|                        | 0x1ffd88 | 0xc00200 | 0xe00200 | 0xeb0200 | 0xeb8200 | 0xed3a00 |
|  src                   |~0x1fff87 |~0xc003ff |~0xe003ff |~0xeb03ff |~0xeb83ff |~0xed3bff |
+------------------------+----------+----------+----------+----------+----------+----------+
| MAIN  0x1fff88~0x200187|   761856 |   667648 |   786432 |   454656 |   430080 |   503808 |
|G-VRAM 0xc00000~0xc001ff|   671744 |   659456 |   667648 |   430080 |   425984 |   528384 |
|T-VRAM 0xe00000~0xe001ff|   823296 |   667648 |   819200 |   454656 |   430080 |   495616 |
| SPR   0xeb0000~0xeb01ff|   409600 |   421888 |   405504 |   446464 |   368640 |   528384 |
| PCG   0xeb8000~0xeb81ff|   425984 |   425984 |   421888 |   430080 |   233472 |   421888 |
| SRAM  0xed3800~0xed39ff|   495616 |   532480 |   487424 |   307200 |   323584 |   675840 |
|CGROM  0xf00000~0xf001ff|   495616 |   532480 |   487424 |   307200 |   323584 |   675840 |
|IPLROM 0xfe0000~0xfe01ff|   495616 |   532480 |   487424 |   307200 |   323584 |   675840 |
+------------------------+----------+----------+----------+----------+----------+----------+


testCase 39/39

CRTMOD(12) 512x512 65536color 1plane 31kHz
SP BG disp on (by $EB0808)
T-VRAM display
G-VRAM buffer
memcpyByDma Limited-rate FullCsrPolling

throughput (bytes/sec)
+------------------------+----------+----------+----------+----------+----------+----------+
|                   dst  |   MAIN   |  G-VRAM  |  T-VRAM  |   SPR    |   PCG    |   SRAM   |
|                        | 0x1ffd88 | 0xc00200 | 0xe00200 | 0xeb0200 | 0xeb8200 | 0xed3a00 |
|  src                   |~0x1fff87 |~0xc003ff |~0xe003ff |~0xeb03ff |~0xeb83ff |~0xed3bff |
+------------------------+----------+----------+----------+----------+----------+----------+
| MAIN  0x1fff88~0x200187|   782336 |   786432 |   667648 |   454656 |   425984 |   507904 |
|G-VRAM 0xc00000~0xc001ff|   823296 |   819200 |   667648 |   454656 |   430080 |   495616 |
|T-VRAM 0xe00000~0xe001ff|   671744 |   667648 |   659456 |   425984 |   425984 |   532480 |
| SPR   0xeb0000~0xeb01ff|   409600 |   405504 |   421888 |   442368 |   368640 |   532480 |
| PCG   0xeb8000~0xeb81ff|   425984 |   421888 |   425984 |   430080 |   233472 |   425984 |
| SRAM  0xed3800~0xed39ff|   495616 |   487424 |   532480 |   307200 |   323584 |   675840 |
|CGROM  0xf00000~0xf001ff|   495616 |   487424 |   532480 |   307200 |   323584 |   675840 |
|IPLROM 0xfe0000~0xfe01ff|   495616 |   487424 |   532480 |   307200 |   323584 |   675840 |
+------------------------+----------+----------+----------+----------+----------+----------+

