build settings
	ENABLE_SRAM_WRITE 0
	BUILD Feb 15 2023, CRC32 243A6D96
	ARG
		-mode 1
		-case (not specified)
		-br 0 (Limited-rate DMA band-width ratio 50%)
		-bt 1 (Limited-rate DMA burst time 32 cycles)


testCase 0/39

CRTMOD(13) 512x512 65536color 1plane 15kHz
SP BG disp on (by $EB0808)
T-VRAM display
G-VRAM display
memcpyByU8 (ideal throughput is 454545 bytes/sec @10MHz)

throughput (bytes/sec)
+------------------------+----------+----------+----------+----------+----------+----------+
|                   dst  |   MAIN   |  G-VRAM  |  T-VRAM  |   SPR    |   PCG    |   SRAM   |
|                        | 0x1ffd88 | 0xc00200 | 0xe00200 | 0xeb0200 | 0xeb8200 | 0xed3a00 |
|  src                   |~0x1fff87 |~0xc003ff |~0xe003ff |~0xeb03ff |~0xeb83ff |~0xed3bff |
+------------------------+----------+----------+----------+----------+----------+----------+
| MAIN  0x1fff88~0x200187|   442368 |   413696 |   413696 |   290816 |   294912 |   421888 |
|G-VRAM 0xc00000~0xc001ff|   413696 |   397312 |   397312 |   286720 |   290816 |   397312 |
|T-VRAM 0xe00000~0xe001ff|   413696 |   397312 |   397312 |   286720 |   290816 |   397312 |
| SPR   0xeb0000~0xeb01ff|   290816 |   286720 |   286720 |   212992 |   200704 |   286720 |
| PCG   0xeb8000~0xeb81ff|   294912 |   290816 |   290816 |   200704 |   200704 |   290816 |
| SRAM  0xed3800~0xed39ff|   430080 |   397312 |   397312 |   286720 |   290816 |   405504 |
|CGROM  0xf00000~0xf001ff|   430080 |   397312 |   397312 |   286720 |   290816 |   405504 |
|IPLROM 0xfe0000~0xfe01ff|   430080 |   397312 |   397312 |   286720 |   290816 |   405504 |
+------------------------+----------+----------+----------+----------+----------+----------+


testCase 1/39

CRTMOD(13) 512x512 65536color 1plane 15kHz
SP BG disp off (by $EB0808)
T-VRAM display
G-VRAM display
memcpyByU8 (ideal throughput is 454545 bytes/sec @10MHz)

throughput (bytes/sec)
+------------------------+----------+----------+----------+----------+----------+----------+
|                   dst  |   MAIN   |  G-VRAM  |  T-VRAM  |   SPR    |   PCG    |   SRAM   |
|                        | 0x1ffd88 | 0xc00200 | 0xe00200 | 0xeb0200 | 0xeb8200 | 0xed3a00 |
|  src                   |~0x1fff87 |~0xc003ff |~0xe003ff |~0xeb03ff |~0xeb83ff |~0xed3bff |
+------------------------+----------+----------+----------+----------+----------+----------+
| MAIN  0x1fff88~0x200187|   442368 |   413696 |   413696 |   307200 |   339968 |   425984 |
|G-VRAM 0xc00000~0xc001ff|   413696 |   397312 |   397312 |   294912 |   299008 |   397312 |
|T-VRAM 0xe00000~0xe001ff|   413696 |   397312 |   397312 |   294912 |   299008 |   397312 |
| SPR   0xeb0000~0xeb01ff|   311296 |   294912 |   294912 |   253952 |   237568 |   299008 |
| PCG   0xeb8000~0xeb81ff|   339968 |   303104 |   303104 |   262144 |   266240 |   307200 |
| SRAM  0xed3800~0xed39ff|   430080 |   397312 |   397312 |   299008 |   307200 |   405504 |
|CGROM  0xf00000~0xf001ff|   430080 |   397312 |   397312 |   299008 |   307200 |   405504 |
|IPLROM 0xfe0000~0xfe01ff|   430080 |   397312 |   397312 |   299008 |   307200 |   405504 |
+------------------------+----------+----------+----------+----------+----------+----------+


testCase 2/39

CRTMOD(13) 512x512 65536color 1plane 15kHz
SP BG disp on (by $EB0808)
T-VRAM buffer
G-VRAM display
memcpyByU8 (ideal throughput is 454545 bytes/sec @10MHz)

throughput (bytes/sec)
+------------------------+----------+----------+----------+----------+----------+----------+
|                   dst  |   MAIN   |  G-VRAM  |  T-VRAM  |   SPR    |   PCG    |   SRAM   |
|                        | 0x1ffd88 | 0xc00200 | 0xe00200 | 0xeb0200 | 0xeb8200 | 0xed3a00 |
|  src                   |~0x1fff87 |~0xc003ff |~0xe003ff |~0xeb03ff |~0xeb83ff |~0xed3bff |
+------------------------+----------+----------+----------+----------+----------+----------+
| MAIN  0x1fff88~0x200187|   442368 |   413696 |   425984 |   286720 |   294912 |   425984 |
|G-VRAM 0xc00000~0xc001ff|   413696 |   397312 |   397312 |   286720 |   290816 |   397312 |
|T-VRAM 0xe00000~0xe001ff|   421888 |   397312 |   401408 |   286720 |   286720 |   405504 |
| SPR   0xeb0000~0xeb01ff|   290816 |   286720 |   282624 |   212992 |   204800 |   282624 |
| PCG   0xeb8000~0xeb81ff|   294912 |   290816 |   286720 |   200704 |   204800 |   286720 |
| SRAM  0xed3800~0xed39ff|   430080 |   397312 |   405504 |   286720 |   290816 |   405504 |
|CGROM  0xf00000~0xf001ff|   430080 |   397312 |   405504 |   286720 |   290816 |   405504 |
|IPLROM 0xfe0000~0xfe01ff|   430080 |   397312 |   405504 |   286720 |   290816 |   405504 |
+------------------------+----------+----------+----------+----------+----------+----------+


testCase 3/39

CRTMOD(13) 512x512 65536color 1plane 15kHz
SP BG disp on (by $EB0808)
T-VRAM display
G-VRAM buffer
memcpyByU8 (ideal throughput is 454545 bytes/sec @10MHz)

throughput (bytes/sec)
+------------------------+----------+----------+----------+----------+----------+----------+
|                   dst  |   MAIN   |  G-VRAM  |  T-VRAM  |   SPR    |   PCG    |   SRAM   |
|                        | 0x1ffd88 | 0xc00200 | 0xe00200 | 0xeb0200 | 0xeb8200 | 0xed3a00 |
|  src                   |~0x1fff87 |~0xc003ff |~0xe003ff |~0xeb03ff |~0xeb83ff |~0xed3bff |
+------------------------+----------+----------+----------+----------+----------+----------+
| MAIN  0x1fff88~0x200187|   442368 |   421888 |   417792 |   286720 |   294912 |   425984 |
|G-VRAM 0xc00000~0xc001ff|   421888 |   401408 |   397312 |   286720 |   286720 |   405504 |
|T-VRAM 0xe00000~0xe001ff|   413696 |   397312 |   397312 |   286720 |   290816 |   397312 |
| SPR   0xeb0000~0xeb01ff|   290816 |   282624 |   286720 |   212992 |   204800 |   282624 |
| PCG   0xeb8000~0xeb81ff|   294912 |   286720 |   290816 |   200704 |   204800 |   286720 |
| SRAM  0xed3800~0xed39ff|   430080 |   405504 |   397312 |   286720 |   290816 |   405504 |
|CGROM  0xf00000~0xf001ff|   430080 |   405504 |   397312 |   286720 |   290816 |   405504 |
|IPLROM 0xfe0000~0xfe01ff|   430080 |   405504 |   397312 |   286720 |   290816 |   405504 |
+------------------------+----------+----------+----------+----------+----------+----------+


testCase 4/39

CRTMOD(13) 512x512 65536color 1plane 15kHz
SP BG disp on (by $EB0808)
T-VRAM display
G-VRAM display
memcpyByMovem (ideal throughput is 2081301 bytes/sec @10MHz)

throughput (bytes/sec)
+------------------------+----------+----------+----------+----------+----------+----------+
|                   dst  |   MAIN   |  G-VRAM  |  T-VRAM  |   SPR    |   PCG    |   SRAM   |
|                        | 0x1ffd88 | 0xc00200 | 0xe00200 | 0xeb0200 | 0xeb8200 | 0xed3a00 |
|  src                   |~0x1fff87 |~0xc003ff |~0xe003ff |~0xeb03ff |~0xeb83ff |~0xed3bff |
+------------------------+----------+----------+----------+----------+----------+----------+
| MAIN  0x1fff88~0x200187|  1986560 |  1798144 |  1798144 |   897024 |   888832 |  1822720 |
|G-VRAM 0xc00000~0xc001ff|  1785856 |  1626112 |  1626112 |   847872 |   851968 |  1646592 |
|T-VRAM 0xe00000~0xe001ff|  1785856 |  1626112 |  1626112 |   851968 |   847872 |  1646592 |
| SPR   0xeb0000~0xeb01ff|   864256 |   827392 |   827392 |   565248 |   569344 |   831488 |
| PCG   0xeb8000~0xeb81ff|   856064 |   827392 |   823296 |   565248 |   552960 |   831488 |
| SRAM  0xed3800~0xed39ff|  1818624 |  1654784 |  1650688 |   856064 |   856064 |  1687552 |
|CGROM  0xf00000~0xf001ff|  1818624 |  1654784 |  1654784 |   856064 |   851968 |  1691648 |
|IPLROM 0xfe0000~0xfe01ff|  1818624 |  1654784 |  1654784 |   856064 |   851968 |  1691648 |
+------------------------+----------+----------+----------+----------+----------+----------+


testCase 5/39

CRTMOD(13) 512x512 65536color 1plane 15kHz
SP BG disp off (by $EB0808)
T-VRAM display
G-VRAM display
memcpyByMovem (ideal throughput is 2081301 bytes/sec @10MHz)

throughput (bytes/sec)
+------------------------+----------+----------+----------+----------+----------+----------+
|                   dst  |   MAIN   |  G-VRAM  |  T-VRAM  |   SPR    |   PCG    |   SRAM   |
|                        | 0x1ffd88 | 0xc00200 | 0xe00200 | 0xeb0200 | 0xeb8200 | 0xed3a00 |
|  src                   |~0x1fff87 |~0xc003ff |~0xe003ff |~0xeb03ff |~0xeb83ff |~0xed3bff |
+------------------------+----------+----------+----------+----------+----------+----------+
| MAIN  0x1fff88~0x200187|  1986560 |  1798144 |  1802240 |  1089536 |  1101824 |  1822720 |
|G-VRAM 0xc00000~0xc001ff|  1785856 |  1626112 |  1626112 |  1024000 |  1019904 |  1654784 |
|T-VRAM 0xe00000~0xe001ff|  1785856 |  1626112 |  1626112 |  1024000 |  1019904 |  1654784 |
| SPR   0xeb0000~0xeb01ff|  1060864 |  1015808 |  1011712 |   741376 |   737280 |  1015808 |
| PCG   0xeb8000~0xeb81ff|  1069056 |  1019904 |  1015808 |   741376 |   741376 |  1015808 |
| SRAM  0xed3800~0xed39ff|  1818624 |  1654784 |  1654784 |  1036288 |  1040384 |  1691648 |
|CGROM  0xf00000~0xf001ff|  1818624 |  1654784 |  1654784 |  1036288 |  1040384 |  1691648 |
|IPLROM 0xfe0000~0xfe01ff|  1818624 |  1654784 |  1654784 |  1036288 |  1040384 |  1691648 |
+------------------------+----------+----------+----------+----------+----------+----------+


testCase 6/39

CRTMOD(13) 512x512 65536color 1plane 15kHz
SP BG disp on (by $EB0808)
T-VRAM buffer
G-VRAM display
memcpyByMovem (ideal throughput is 2081301 bytes/sec @10MHz)

throughput (bytes/sec)
+------------------------+----------+----------+----------+----------+----------+----------+
|                   dst  |   MAIN   |  G-VRAM  |  T-VRAM  |   SPR    |   PCG    |   SRAM   |
|                        | 0x1ffd88 | 0xc00200 | 0xe00200 | 0xeb0200 | 0xeb8200 | 0xed3a00 |
|  src                   |~0x1fff87 |~0xc003ff |~0xe003ff |~0xeb03ff |~0xeb83ff |~0xed3bff |
+------------------------+----------+----------+----------+----------+----------+----------+
| MAIN  0x1fff88~0x200187|  1986560 |  1798144 |  1806336 |   897024 |   888832 |  1822720 |
|G-VRAM 0xc00000~0xc001ff|  1785856 |  1626112 |  1630208 |   847872 |   847872 |  1654784 |
|T-VRAM 0xe00000~0xe001ff|  1794048 |  1626112 |  1642496 |   856064 |   839680 |  1662976 |
| SPR   0xeb0000~0xeb01ff|   864256 |   827392 |   827392 |   569344 |   565248 |   831488 |
| PCG   0xeb8000~0xeb81ff|   856064 |   827392 |   831488 |   565248 |   552960 |   831488 |
| SRAM  0xed3800~0xed39ff|  1818624 |  1654784 |  1667072 |   856064 |   851968 |  1691648 |
|CGROM  0xf00000~0xf001ff|  1818624 |  1654784 |  1667072 |   856064 |   851968 |  1691648 |
|IPLROM 0xfe0000~0xfe01ff|  1818624 |  1654784 |  1667072 |   856064 |   851968 |  1691648 |
+------------------------+----------+----------+----------+----------+----------+----------+


testCase 7/39

CRTMOD(13) 512x512 65536color 1plane 15kHz
SP BG disp on (by $EB0808)
T-VRAM display
G-VRAM buffer
memcpyByMovem (ideal throughput is 2081301 bytes/sec @10MHz)

throughput (bytes/sec)
+------------------------+----------+----------+----------+----------+----------+----------+
|                   dst  |   MAIN   |  G-VRAM  |  T-VRAM  |   SPR    |   PCG    |   SRAM   |
|                        | 0x1ffd88 | 0xc00200 | 0xe00200 | 0xeb0200 | 0xeb8200 | 0xed3a00 |
|  src                   |~0x1fff87 |~0xc003ff |~0xe003ff |~0xeb03ff |~0xeb83ff |~0xed3bff |
+------------------------+----------+----------+----------+----------+----------+----------+
| MAIN  0x1fff88~0x200187|  1986560 |  1806336 |  1798144 |   897024 |   888832 |  1822720 |
|G-VRAM 0xc00000~0xc001ff|  1794048 |  1642496 |  1626112 |   856064 |   839680 |  1662976 |
|T-VRAM 0xe00000~0xe001ff|  1785856 |  1630208 |  1626112 |   847872 |   847872 |  1654784 |
| SPR   0xeb0000~0xeb01ff|   864256 |   831488 |   823296 |   569344 |   565248 |   831488 |
| PCG   0xeb8000~0xeb81ff|   856064 |   831488 |   827392 |   565248 |   552960 |   831488 |
| SRAM  0xed3800~0xed39ff|  1818624 |  1667072 |  1654784 |   856064 |   851968 |  1691648 |
|CGROM  0xf00000~0xf001ff|  1818624 |  1667072 |  1654784 |   856064 |   851968 |  1691648 |
|IPLROM 0xfe0000~0xfe01ff|  1818624 |  1667072 |  1654784 |   856064 |   851968 |  1691648 |
+------------------------+----------+----------+----------+----------+----------+----------+


testCase 8/39

CRTMOD(13) 512x512 65536color 1plane 15kHz
SP BG disp on (by $EB0808)
T-VRAM display
G-VRAM display
memcpyByDma Maximum-rate

throughput (bytes/sec)
+------------------------+----------+----------+----------+----------+----------+----------+
|                   dst  |   MAIN   |  G-VRAM  |  T-VRAM  |   SPR    |   PCG    |   SRAM   |
|                        | 0x1ffd88 | 0xc00200 | 0xe00200 | 0xeb0200 | 0xeb8200 | 0xed3a00 |
|  src                   |~0x1fff87 |~0xc003ff |~0xe003ff |~0xeb03ff |~0xeb83ff |~0xed3bff |
+------------------------+----------+----------+----------+----------+----------+----------+
| MAIN  0x1fff88~0x200187|  1622016 |  1581056 |  1585152 |   741376 |   991232 |  1499136 |
|G-VRAM 0xc00000~0xc001ff|  1585152 |  1581056 |  1581056 |   733184 |   995328 |  1462272 |
|T-VRAM 0xe00000~0xe001ff|  1585152 |  1585152 |  1576960 |   733184 |   995328 |  1462272 |
| SPR   0xeb0000~0xeb01ff|   946176 |   933888 |   929792 |   569344 |   569344 |   737280 |
| PCG   0xeb8000~0xeb81ff|  1040384 |  1040384 |  1040384 |   569344 |   569344 |   741376 |
| SRAM  0xed3800~0xed39ff|  1486848 |  1466368 |  1466368 |   741376 |   569344 |  1400832 |
|CGROM  0xf00000~0xf001ff|  1486848 |  1466368 |  1466368 |   741376 |   569344 |  1400832 |
|IPLROM 0xfe0000~0xfe01ff|  1486848 |  1466368 |  1466368 |   741376 |   569344 |  1400832 |
+------------------------+----------+----------+----------+----------+----------+----------+


testCase 9/39

CRTMOD(13) 512x512 65536color 1plane 15kHz
SP BG disp off (by $EB0808)
T-VRAM display
G-VRAM display
memcpyByDma Maximum-rate

throughput (bytes/sec)
+------------------------+----------+----------+----------+----------+----------+----------+
|                   dst  |   MAIN   |  G-VRAM  |  T-VRAM  |   SPR    |   PCG    |   SRAM   |
|                        | 0x1ffd88 | 0xc00200 | 0xe00200 | 0xeb0200 | 0xeb8200 | 0xed3a00 |
|  src                   |~0x1fff87 |~0xc003ff |~0xe003ff |~0xeb03ff |~0xeb83ff |~0xed3bff |
+------------------------+----------+----------+----------+----------+----------+----------+
| MAIN  0x1fff88~0x200187|  1622016 |  1581056 |  1585152 |   872448 |  1044480 |  1499136 |
|G-VRAM 0xc00000~0xc001ff|  1585152 |  1581056 |  1581056 |   864256 |  1019904 |  1466368 |
|T-VRAM 0xe00000~0xe001ff|  1585152 |  1585152 |  1576960 |   864256 |  1019904 |  1466368 |
| SPR   0xeb0000~0xeb01ff|  1007616 |   978944 |   978944 |   720896 |   688128 |   872448 |
| PCG   0xeb8000~0xeb81ff|  1064960 |  1044480 |  1040384 |   643072 |   741376 |  1007616 |
| SRAM  0xed3800~0xed39ff|  1486848 |  1466368 |  1466368 |   876544 |   872448 |  1404928 |
|CGROM  0xf00000~0xf001ff|  1486848 |  1466368 |  1466368 |   876544 |   872448 |  1404928 |
|IPLROM 0xfe0000~0xfe01ff|  1486848 |  1466368 |  1466368 |   876544 |   872448 |  1404928 |
+------------------------+----------+----------+----------+----------+----------+----------+


testCase 10/39

CRTMOD(13) 512x512 65536color 1plane 15kHz
SP BG disp on (by $EB0808)
T-VRAM buffer
G-VRAM display
memcpyByDma Maximum-rate

throughput (bytes/sec)
+------------------------+----------+----------+----------+----------+----------+----------+
|                   dst  |   MAIN   |  G-VRAM  |  T-VRAM  |   SPR    |   PCG    |   SRAM   |
|                        | 0x1ffd88 | 0xc00200 | 0xe00200 | 0xeb0200 | 0xeb8200 | 0xed3a00 |
|  src                   |~0x1fff87 |~0xc003ff |~0xe003ff |~0xeb03ff |~0xeb83ff |~0xed3bff |
+------------------------+----------+----------+----------+----------+----------+----------+
| MAIN  0x1fff88~0x200187|  1622016 |  1581056 |  1617920 |   741376 |   995328 |  1495040 |
|G-VRAM 0xc00000~0xc001ff|  1585152 |  1581056 |  1581056 |   733184 |   995328 |  1462272 |
|T-VRAM 0xe00000~0xe001ff|  1589248 |  1585152 |  1593344 |   741376 |   995328 |  1499136 |
| SPR   0xeb0000~0xeb01ff|   946176 |   933888 |   946176 |   569344 |   565248 |   741376 |
| PCG   0xeb8000~0xeb81ff|  1040384 |  1040384 |  1044480 |   569344 |   565248 |   745472 |
| SRAM  0xed3800~0xed39ff|  1486848 |  1466368 |  1499136 |   741376 |   569344 |  1400832 |
|CGROM  0xf00000~0xf001ff|  1486848 |  1466368 |  1499136 |   741376 |   569344 |  1400832 |
|IPLROM 0xfe0000~0xfe01ff|  1486848 |  1466368 |  1499136 |   741376 |   569344 |  1400832 |
+------------------------+----------+----------+----------+----------+----------+----------+


testCase 11/39

CRTMOD(13) 512x512 65536color 1plane 15kHz
SP BG disp on (by $EB0808)
T-VRAM display
G-VRAM buffer
memcpyByDma Maximum-rate

throughput (bytes/sec)
+------------------------+----------+----------+----------+----------+----------+----------+
|                   dst  |   MAIN   |  G-VRAM  |  T-VRAM  |   SPR    |   PCG    |   SRAM   |
|                        | 0x1ffd88 | 0xc00200 | 0xe00200 | 0xeb0200 | 0xeb8200 | 0xed3a00 |
|  src                   |~0x1fff87 |~0xc003ff |~0xe003ff |~0xeb03ff |~0xeb83ff |~0xed3bff |
+------------------------+----------+----------+----------+----------+----------+----------+
| MAIN  0x1fff88~0x200187|  1622016 |  1617920 |  1581056 |   745472 |   987136 |  1499136 |
|G-VRAM 0xc00000~0xc001ff|  1589248 |  1593344 |  1585152 |   741376 |   995328 |  1499136 |
|T-VRAM 0xe00000~0xe001ff|  1585152 |  1585152 |  1576960 |   733184 |   991232 |  1466368 |
| SPR   0xeb0000~0xeb01ff|   946176 |   946176 |   929792 |   569344 |   569344 |   741376 |
| PCG   0xeb8000~0xeb81ff|  1040384 |  1044480 |  1040384 |   569344 |   565248 |   745472 |
| SRAM  0xed3800~0xed39ff|  1486848 |  1499136 |  1466368 |   741376 |   569344 |  1400832 |
|CGROM  0xf00000~0xf001ff|  1486848 |  1499136 |  1466368 |   741376 |   569344 |  1400832 |
|IPLROM 0xfe0000~0xfe01ff|  1486848 |  1499136 |  1466368 |   741376 |   569344 |  1400832 |
+------------------------+----------+----------+----------+----------+----------+----------+


testCase 12/39

CRTMOD(13) 512x512 65536color 1plane 15kHz
SP BG disp on (by $EB0808)
T-VRAM display
G-VRAM display
memcpyByDma Limited-rate LiteCsrPolling

throughput (bytes/sec)
+------------------------+----------+----------+----------+----------+----------+----------+
|                   dst  |   MAIN   |  G-VRAM  |  T-VRAM  |   SPR    |   PCG    |   SRAM   |
|                        | 0x1ffd88 | 0xc00200 | 0xe00200 | 0xeb0200 | 0xeb8200 | 0xed3a00 |
|  src                   |~0x1fff87 |~0xc003ff |~0xe003ff |~0xeb03ff |~0xeb83ff |~0xed3bff |
+------------------------+----------+----------+----------+----------+----------+----------+
| MAIN  0x1fff88~0x200187|   577536 |   569344 |   565248 |   299008 |   294912 |   573440 |
|G-VRAM 0xc00000~0xc001ff|   569344 |   561152 |   565248 |   299008 |   299008 |   561152 |
|T-VRAM 0xe00000~0xe001ff|   569344 |   561152 |   565248 |   299008 |   299008 |   557056 |
| SPR   0xeb0000~0xeb01ff|   299008 |   299008 |   299008 |   294912 |   299008 |   294912 |
| PCG   0xeb8000~0xeb81ff|   299008 |   299008 |   299008 |   294912 |   299008 |   294912 |
| SRAM  0xed3800~0xed39ff|   577536 |   561152 |   565248 |   299008 |   299008 |   569344 |
|CGROM  0xf00000~0xf001ff|   577536 |   561152 |   565248 |   299008 |   299008 |   569344 |
|IPLROM 0xfe0000~0xfe01ff|   577536 |   561152 |   565248 |   299008 |   299008 |   573440 |
+------------------------+----------+----------+----------+----------+----------+----------+


testCase 13/39

CRTMOD(13) 512x512 65536color 1plane 15kHz
SP BG disp off (by $EB0808)
T-VRAM display
G-VRAM display
memcpyByDma Limited-rate LiteCsrPolling

throughput (bytes/sec)
+------------------------+----------+----------+----------+----------+----------+----------+
|                   dst  |   MAIN   |  G-VRAM  |  T-VRAM  |   SPR    |   PCG    |   SRAM   |
|                        | 0x1ffd88 | 0xc00200 | 0xe00200 | 0xeb0200 | 0xeb8200 | 0xed3a00 |
|  src                   |~0x1fff87 |~0xc003ff |~0xe003ff |~0xeb03ff |~0xeb83ff |~0xed3bff |
+------------------------+----------+----------+----------+----------+----------+----------+
| MAIN  0x1fff88~0x200187|   577536 |   565248 |   569344 |   294912 |   299008 |   573440 |
|G-VRAM 0xc00000~0xc001ff|   569344 |   561152 |   565248 |   299008 |   299008 |   561152 |
|T-VRAM 0xe00000~0xe001ff|   569344 |   561152 |   565248 |   299008 |   299008 |   561152 |
| SPR   0xeb0000~0xeb01ff|   299008 |   299008 |   299008 |   294912 |   299008 |   294912 |
| PCG   0xeb8000~0xeb81ff|   299008 |   299008 |   299008 |   294912 |   299008 |   294912 |
| SRAM  0xed3800~0xed39ff|   577536 |   561152 |   565248 |   299008 |   294912 |   573440 |
|CGROM  0xf00000~0xf001ff|   577536 |   561152 |   565248 |   299008 |   294912 |   573440 |
|IPLROM 0xfe0000~0xfe01ff|   577536 |   561152 |   565248 |   299008 |   294912 |   573440 |
+------------------------+----------+----------+----------+----------+----------+----------+


testCase 14/39

CRTMOD(13) 512x512 65536color 1plane 15kHz
SP BG disp on (by $EB0808)
T-VRAM buffer
G-VRAM display
memcpyByDma Limited-rate LiteCsrPolling

throughput (bytes/sec)
+------------------------+----------+----------+----------+----------+----------+----------+
|                   dst  |   MAIN   |  G-VRAM  |  T-VRAM  |   SPR    |   PCG    |   SRAM   |
|                        | 0x1ffd88 | 0xc00200 | 0xe00200 | 0xeb0200 | 0xeb8200 | 0xed3a00 |
|  src                   |~0x1fff87 |~0xc003ff |~0xe003ff |~0xeb03ff |~0xeb83ff |~0xed3bff |
+------------------------+----------+----------+----------+----------+----------+----------+
| MAIN  0x1fff88~0x200187|   577536 |   565248 |   577536 |   299008 |   299008 |   569344 |
|G-VRAM 0xc00000~0xc001ff|   569344 |   561152 |   565248 |   299008 |   299008 |   561152 |
|T-VRAM 0xe00000~0xe001ff|   577536 |   565248 |   577536 |   299008 |   299008 |   569344 |
| SPR   0xeb0000~0xeb01ff|   299008 |   299008 |   299008 |   294912 |   299008 |   294912 |
| PCG   0xeb8000~0xeb81ff|   299008 |   299008 |   299008 |   294912 |   299008 |   294912 |
| SRAM  0xed3800~0xed39ff|   577536 |   561152 |   577536 |   299008 |   294912 |   573440 |
|CGROM  0xf00000~0xf001ff|   577536 |   561152 |   577536 |   299008 |   294912 |   577536 |
|IPLROM 0xfe0000~0xfe01ff|   577536 |   561152 |   577536 |   299008 |   294912 |   577536 |
+------------------------+----------+----------+----------+----------+----------+----------+


testCase 15/39

CRTMOD(13) 512x512 65536color 1plane 15kHz
SP BG disp on (by $EB0808)
T-VRAM display
G-VRAM buffer
memcpyByDma Limited-rate LiteCsrPolling

throughput (bytes/sec)
+------------------------+----------+----------+----------+----------+----------+----------+
|                   dst  |   MAIN   |  G-VRAM  |  T-VRAM  |   SPR    |   PCG    |   SRAM   |
|                        | 0x1ffd88 | 0xc00200 | 0xe00200 | 0xeb0200 | 0xeb8200 | 0xed3a00 |
|  src                   |~0x1fff87 |~0xc003ff |~0xe003ff |~0xeb03ff |~0xeb83ff |~0xed3bff |
+------------------------+----------+----------+----------+----------+----------+----------+
| MAIN  0x1fff88~0x200187|   577536 |   577536 |   565248 |   299008 |   299008 |   569344 |
|G-VRAM 0xc00000~0xc001ff|   577536 |   577536 |   565248 |   299008 |   299008 |   569344 |
|T-VRAM 0xe00000~0xe001ff|   569344 |   565248 |   561152 |   299008 |   299008 |   561152 |
| SPR   0xeb0000~0xeb01ff|   299008 |   299008 |   299008 |   294912 |   299008 |   294912 |
| PCG   0xeb8000~0xeb81ff|   299008 |   299008 |   299008 |   294912 |   299008 |   294912 |
| SRAM  0xed3800~0xed39ff|   577536 |   573440 |   565248 |   299008 |   294912 |   573440 |
|CGROM  0xf00000~0xf001ff|   577536 |   573440 |   565248 |   299008 |   294912 |   573440 |
|IPLROM 0xfe0000~0xfe01ff|   577536 |   573440 |   565248 |   299008 |   294912 |   573440 |
+------------------------+----------+----------+----------+----------+----------+----------+


testCase 16/39

CRTMOD(13) 512x512 65536color 1plane 15kHz
SP BG disp on (by $EB0808)
T-VRAM display
G-VRAM display
memcpyByDma Limited-rate FullCsrPolling

throughput (bytes/sec)
+------------------------+----------+----------+----------+----------+----------+----------+
|                   dst  |   MAIN   |  G-VRAM  |  T-VRAM  |   SPR    |   PCG    |   SRAM   |
|                        | 0x1ffd88 | 0xc00200 | 0xe00200 | 0xeb0200 | 0xeb8200 | 0xed3a00 |
|  src                   |~0x1fff87 |~0xc003ff |~0xe003ff |~0xeb03ff |~0xeb83ff |~0xed3bff |
+------------------------+----------+----------+----------+----------+----------+----------+
| MAIN  0x1fff88~0x200187|   581632 |   565248 |   569344 |   299008 |   299008 |   577536 |
|G-VRAM 0xc00000~0xc001ff|   569344 |   561152 |   565248 |   299008 |   299008 |   565248 |
|T-VRAM 0xe00000~0xe001ff|   569344 |   561152 |   565248 |   299008 |   299008 |   565248 |
| SPR   0xeb0000~0xeb01ff|   299008 |   299008 |   299008 |   299008 |   286720 |   299008 |
| PCG   0xeb8000~0xeb81ff|   303104 |   294912 |   299008 |   299008 |   290816 |   299008 |
| SRAM  0xed3800~0xed39ff|   581632 |   565248 |   565248 |   299008 |   299008 |   577536 |
|CGROM  0xf00000~0xf001ff|   581632 |   565248 |   569344 |   299008 |   299008 |   573440 |
|IPLROM 0xfe0000~0xfe01ff|   581632 |   565248 |   565248 |   299008 |   299008 |   577536 |
+------------------------+----------+----------+----------+----------+----------+----------+


testCase 17/39

CRTMOD(13) 512x512 65536color 1plane 15kHz
SP BG disp off (by $EB0808)
T-VRAM display
G-VRAM display
memcpyByDma Limited-rate FullCsrPolling

throughput (bytes/sec)
+------------------------+----------+----------+----------+----------+----------+----------+
|                   dst  |   MAIN   |  G-VRAM  |  T-VRAM  |   SPR    |   PCG    |   SRAM   |
|                        | 0x1ffd88 | 0xc00200 | 0xe00200 | 0xeb0200 | 0xeb8200 | 0xed3a00 |
|  src                   |~0x1fff87 |~0xc003ff |~0xe003ff |~0xeb03ff |~0xeb83ff |~0xed3bff |
+------------------------+----------+----------+----------+----------+----------+----------+
| MAIN  0x1fff88~0x200187|   581632 |   565248 |   565248 |   299008 |   299008 |   581632 |
|G-VRAM 0xc00000~0xc001ff|   569344 |   561152 |   565248 |   299008 |   299008 |   565248 |
|T-VRAM 0xe00000~0xe001ff|   569344 |   561152 |   565248 |   299008 |   299008 |   565248 |
| SPR   0xeb0000~0xeb01ff|   303104 |   294912 |   299008 |   299008 |   299008 |   299008 |
| PCG   0xeb8000~0xeb81ff|   303104 |   294912 |   299008 |   299008 |   299008 |   299008 |
| SRAM  0xed3800~0xed39ff|   581632 |   565248 |   565248 |   299008 |   299008 |   581632 |
|CGROM  0xf00000~0xf001ff|   581632 |   565248 |   565248 |   299008 |   299008 |   577536 |
|IPLROM 0xfe0000~0xfe01ff|   581632 |   565248 |   565248 |   299008 |   299008 |   577536 |
+------------------------+----------+----------+----------+----------+----------+----------+


testCase 18/39

CRTMOD(13) 512x512 65536color 1plane 15kHz
SP BG disp on (by $EB0808)
T-VRAM buffer
G-VRAM display
memcpyByDma Limited-rate FullCsrPolling

throughput (bytes/sec)
+------------------------+----------+----------+----------+----------+----------+----------+
|                   dst  |   MAIN   |  G-VRAM  |  T-VRAM  |   SPR    |   PCG    |   SRAM   |
|                        | 0x1ffd88 | 0xc00200 | 0xe00200 | 0xeb0200 | 0xeb8200 | 0xed3a00 |
|  src                   |~0x1fff87 |~0xc003ff |~0xe003ff |~0xeb03ff |~0xeb83ff |~0xed3bff |
+------------------------+----------+----------+----------+----------+----------+----------+
| MAIN  0x1fff88~0x200187|   581632 |   565248 |   581632 |   299008 |   299008 |   577536 |
|G-VRAM 0xc00000~0xc001ff|   569344 |   561152 |   565248 |   299008 |   299008 |   565248 |
|T-VRAM 0xe00000~0xe001ff|   581632 |   565248 |   581632 |   299008 |   299008 |   577536 |
| SPR   0xeb0000~0xeb01ff|   299008 |   299008 |   299008 |   299008 |   286720 |   299008 |
| PCG   0xeb8000~0xeb81ff|   299008 |   299008 |   299008 |   299008 |   290816 |   299008 |
| SRAM  0xed3800~0xed39ff|   581632 |   565248 |   581632 |   299008 |   299008 |   577536 |
|CGROM  0xf00000~0xf001ff|   581632 |   565248 |   581632 |   299008 |   299008 |   577536 |
|IPLROM 0xfe0000~0xfe01ff|   581632 |   565248 |   581632 |   299008 |   299008 |   577536 |
+------------------------+----------+----------+----------+----------+----------+----------+


testCase 19/39

CRTMOD(13) 512x512 65536color 1plane 15kHz
SP BG disp on (by $EB0808)
T-VRAM display
G-VRAM buffer
memcpyByDma Limited-rate FullCsrPolling

throughput (bytes/sec)
+------------------------+----------+----------+----------+----------+----------+----------+
|                   dst  |   MAIN   |  G-VRAM  |  T-VRAM  |   SPR    |   PCG    |   SRAM   |
|                        | 0x1ffd88 | 0xc00200 | 0xe00200 | 0xeb0200 | 0xeb8200 | 0xed3a00 |
|  src                   |~0x1fff87 |~0xc003ff |~0xe003ff |~0xeb03ff |~0xeb83ff |~0xed3bff |
+------------------------+----------+----------+----------+----------+----------+----------+
| MAIN  0x1fff88~0x200187|   581632 |   577536 |   569344 |   299008 |   299008 |   577536 |
|G-VRAM 0xc00000~0xc001ff|   581632 |   581632 |   565248 |   299008 |   299008 |   577536 |
|T-VRAM 0xe00000~0xe001ff|   569344 |   565248 |   561152 |   299008 |   299008 |   565248 |
| SPR   0xeb0000~0xeb01ff|   303104 |   294912 |   299008 |   299008 |   286720 |   299008 |
| PCG   0xeb8000~0xeb81ff|   299008 |   299008 |   299008 |   299008 |   290816 |   299008 |
| SRAM  0xed3800~0xed39ff|   581632 |   581632 |   565248 |   299008 |   299008 |   577536 |
|CGROM  0xf00000~0xf001ff|   581632 |   581632 |   565248 |   299008 |   299008 |   577536 |
|IPLROM 0xfe0000~0xfe01ff|   581632 |   581632 |   565248 |   299008 |   299008 |   577536 |
+------------------------+----------+----------+----------+----------+----------+----------+


testCase 20/39

CRTMOD(12) 512x512 65536color 1plane 31kHz
SP BG disp on (by $EB0808)
T-VRAM display
G-VRAM display
memcpyByU8 (ideal throughput is 454545 bytes/sec @10MHz)

throughput (bytes/sec)
+------------------------+----------+----------+----------+----------+----------+----------+
|                   dst  |   MAIN   |  G-VRAM  |  T-VRAM  |   SPR    |   PCG    |   SRAM   |
|                        | 0x1ffd88 | 0xc00200 | 0xe00200 | 0xeb0200 | 0xeb8200 | 0xed3a00 |
|  src                   |~0x1fff87 |~0xc003ff |~0xe003ff |~0xeb03ff |~0xeb83ff |~0xed3bff |
+------------------------+----------+----------+----------+----------+----------+----------+
| MAIN  0x1fff88~0x200187|   442368 |   413696 |   413696 |   356352 |   356352 |   425984 |
|G-VRAM 0xc00000~0xc001ff|   413696 |   397312 |   401408 |   348160 |   344064 |   405504 |
|T-VRAM 0xe00000~0xe001ff|   413696 |   401408 |   397312 |   348160 |   344064 |   405504 |
| SPR   0xeb0000~0xeb01ff|   356352 |   348160 |   344064 |   282624 |   286720 |   356352 |
| PCG   0xeb8000~0xeb81ff|   356352 |   348160 |   344064 |   286720 |   278528 |   356352 |
| SRAM  0xed3800~0xed39ff|   430080 |   405504 |   405504 |   356352 |   356352 |   405504 |
|CGROM  0xf00000~0xf001ff|   430080 |   405504 |   405504 |   356352 |   356352 |   405504 |
|IPLROM 0xfe0000~0xfe01ff|   430080 |   405504 |   405504 |   356352 |   356352 |   405504 |
+------------------------+----------+----------+----------+----------+----------+----------+


testCase 21/39

CRTMOD(12) 512x512 65536color 1plane 31kHz
SP BG disp off (by $EB0808)
T-VRAM display
G-VRAM display
memcpyByU8 (ideal throughput is 454545 bytes/sec @10MHz)

throughput (bytes/sec)
+------------------------+----------+----------+----------+----------+----------+----------+
|                   dst  |   MAIN   |  G-VRAM  |  T-VRAM  |   SPR    |   PCG    |   SRAM   |
|                        | 0x1ffd88 | 0xc00200 | 0xe00200 | 0xeb0200 | 0xeb8200 | 0xed3a00 |
|  src                   |~0x1fff87 |~0xc003ff |~0xe003ff |~0xeb03ff |~0xeb83ff |~0xed3bff |
+------------------------+----------+----------+----------+----------+----------+----------+
| MAIN  0x1fff88~0x200187|   442368 |   413696 |   413696 |   376832 |   376832 |   425984 |
|G-VRAM 0xc00000~0xc001ff|   413696 |   397312 |   401408 |   348160 |   356352 |   405504 |
|T-VRAM 0xe00000~0xe001ff|   413696 |   401408 |   397312 |   348160 |   356352 |   405504 |
| SPR   0xeb0000~0xeb01ff|   376832 |   348160 |   344064 |   315392 |   331776 |   352256 |
| PCG   0xeb8000~0xeb81ff|   376832 |   360448 |   356352 |   331776 |   323584 |   364544 |
| SRAM  0xed3800~0xed39ff|   430080 |   405504 |   405504 |   356352 |   364544 |   409600 |
|CGROM  0xf00000~0xf001ff|   430080 |   405504 |   405504 |   356352 |   364544 |   409600 |
|IPLROM 0xfe0000~0xfe01ff|   430080 |   405504 |   405504 |   356352 |   364544 |   409600 |
+------------------------+----------+----------+----------+----------+----------+----------+


testCase 22/39

CRTMOD(12) 512x512 65536color 1plane 31kHz
SP BG disp on (by $EB0808)
T-VRAM buffer
G-VRAM display
memcpyByU8 (ideal throughput is 454545 bytes/sec @10MHz)

throughput (bytes/sec)
+------------------------+----------+----------+----------+----------+----------+----------+
|                   dst  |   MAIN   |  G-VRAM  |  T-VRAM  |   SPR    |   PCG    |   SRAM   |
|                        | 0x1ffd88 | 0xc00200 | 0xe00200 | 0xeb0200 | 0xeb8200 | 0xed3a00 |
|  src                   |~0x1fff87 |~0xc003ff |~0xe003ff |~0xeb03ff |~0xeb83ff |~0xed3bff |
+------------------------+----------+----------+----------+----------+----------+----------+
| MAIN  0x1fff88~0x200187|   442368 |   413696 |   425984 |   352256 |   356352 |   425984 |
|G-VRAM 0xc00000~0xc001ff|   413696 |   397312 |   401408 |   344064 |   348160 |   405504 |
|T-VRAM 0xe00000~0xe001ff|   421888 |   405504 |   405504 |   352256 |   356352 |   409600 |
| SPR   0xeb0000~0xeb01ff|   356352 |   348160 |   352256 |   286720 |   286720 |   352256 |
| PCG   0xeb8000~0xeb81ff|   356352 |   348160 |   352256 |   286720 |   278528 |   356352 |
| SRAM  0xed3800~0xed39ff|   430080 |   405504 |   405504 |   356352 |   352256 |   409600 |
|CGROM  0xf00000~0xf001ff|   430080 |   405504 |   405504 |   356352 |   352256 |   409600 |
|IPLROM 0xfe0000~0xfe01ff|   430080 |   405504 |   405504 |   356352 |   352256 |   409600 |
+------------------------+----------+----------+----------+----------+----------+----------+


testCase 23/39

CRTMOD(12) 512x512 65536color 1plane 31kHz
SP BG disp on (by $EB0808)
T-VRAM display
G-VRAM buffer
memcpyByU8 (ideal throughput is 454545 bytes/sec @10MHz)

throughput (bytes/sec)
+------------------------+----------+----------+----------+----------+----------+----------+
|                   dst  |   MAIN   |  G-VRAM  |  T-VRAM  |   SPR    |   PCG    |   SRAM   |
|                        | 0x1ffd88 | 0xc00200 | 0xe00200 | 0xeb0200 | 0xeb8200 | 0xed3a00 |
|  src                   |~0x1fff87 |~0xc003ff |~0xe003ff |~0xeb03ff |~0xeb83ff |~0xed3bff |
+------------------------+----------+----------+----------+----------+----------+----------+
| MAIN  0x1fff88~0x200187|   442368 |   421888 |   417792 |   352256 |   356352 |   425984 |
|G-VRAM 0xc00000~0xc001ff|   421888 |   401408 |   409600 |   352256 |   356352 |   409600 |
|T-VRAM 0xe00000~0xe001ff|   413696 |   401408 |   397312 |   344064 |   348160 |   405504 |
| SPR   0xeb0000~0xeb01ff|   356352 |   356352 |   344064 |   286720 |   286720 |   352256 |
| PCG   0xeb8000~0xeb81ff|   356352 |   356352 |   344064 |   286720 |   278528 |   356352 |
| SRAM  0xed3800~0xed39ff|   430080 |   405504 |   405504 |   356352 |   352256 |   409600 |
|CGROM  0xf00000~0xf001ff|   430080 |   405504 |   405504 |   356352 |   352256 |   409600 |
|IPLROM 0xfe0000~0xfe01ff|   430080 |   405504 |   405504 |   356352 |   352256 |   409600 |
+------------------------+----------+----------+----------+----------+----------+----------+


testCase 24/39

CRTMOD(12) 512x512 65536color 1plane 31kHz
SP BG disp on (by $EB0808)
T-VRAM display
G-VRAM display
memcpyByMovem (ideal throughput is 2081301 bytes/sec @10MHz)

throughput (bytes/sec)
+------------------------+----------+----------+----------+----------+----------+----------+
|                   dst  |   MAIN   |  G-VRAM  |  T-VRAM  |   SPR    |   PCG    |   SRAM   |
|                        | 0x1ffd88 | 0xc00200 | 0xe00200 | 0xeb0200 | 0xeb8200 | 0xed3a00 |
|  src                   |~0x1fff87 |~0xc003ff |~0xe003ff |~0xeb03ff |~0xeb83ff |~0xed3bff |
+------------------------+----------+----------+----------+----------+----------+----------+
| MAIN  0x1fff88~0x200187|  1986560 |  1789952 |  1789952 |  1236992 |  1196032 |  1822720 |
|G-VRAM 0xc00000~0xc001ff|  1781760 |  1605632 |  1609728 |  1142784 |  1114112 |  1650688 |
|T-VRAM 0xe00000~0xe001ff|  1781760 |  1605632 |  1609728 |  1142784 |  1114112 |  1650688 |
| SPR   0xeb0000~0xeb01ff|  1241088 |  1150976 |  1155072 |   892928 |   880640 |  1179648 |
| PCG   0xeb8000~0xeb81ff|  1245184 |  1146880 |  1146880 |   901120 |   872448 |  1167360 |
| SRAM  0xed3800~0xed39ff|  1818624 |  1654784 |  1650688 |  1167360 |  1130496 |  1687552 |
|CGROM  0xf00000~0xf001ff|  1818624 |  1654784 |  1650688 |  1167360 |  1130496 |  1687552 |
|IPLROM 0xfe0000~0xfe01ff|  1818624 |  1654784 |  1650688 |  1167360 |  1130496 |  1687552 |
+------------------------+----------+----------+----------+----------+----------+----------+


testCase 25/39

CRTMOD(12) 512x512 65536color 1plane 31kHz
SP BG disp off (by $EB0808)
T-VRAM display
G-VRAM display
memcpyByMovem (ideal throughput is 2081301 bytes/sec @10MHz)

throughput (bytes/sec)
+------------------------+----------+----------+----------+----------+----------+----------+
|                   dst  |   MAIN   |  G-VRAM  |  T-VRAM  |   SPR    |   PCG    |   SRAM   |
|                        | 0x1ffd88 | 0xc00200 | 0xe00200 | 0xeb0200 | 0xeb8200 | 0xed3a00 |
|  src                   |~0x1fff87 |~0xc003ff |~0xe003ff |~0xeb03ff |~0xeb83ff |~0xed3bff |
+------------------------+----------+----------+----------+----------+----------+----------+
| MAIN  0x1fff88~0x200187|  1986560 |  1789952 |  1789952 |  1376256 |  1470464 |  1826816 |
|G-VRAM 0xc00000~0xc001ff|  1781760 |  1605632 |  1609728 |  1265664 |  1343488 |  1650688 |
|T-VRAM 0xe00000~0xe001ff|  1781760 |  1605632 |  1609728 |  1265664 |  1343488 |  1650688 |
| SPR   0xeb0000~0xeb01ff|  1368064 |  1261568 |  1261568 |  1048576 |  1101824 |  1286144 |
| PCG   0xeb8000~0xeb81ff|  1454080 |  1339392 |  1335296 |  1097728 |  1134592 |  1363968 |
| SRAM  0xed3800~0xed39ff|  1818624 |  1654784 |  1650688 |  1294336 |  1376256 |  1691648 |
|CGROM  0xf00000~0xf001ff|  1818624 |  1654784 |  1650688 |  1294336 |  1376256 |  1691648 |
|IPLROM 0xfe0000~0xfe01ff|  1818624 |  1654784 |  1650688 |  1294336 |  1376256 |  1691648 |
+------------------------+----------+----------+----------+----------+----------+----------+


testCase 26/39

CRTMOD(12) 512x512 65536color 1plane 31kHz
SP BG disp on (by $EB0808)
T-VRAM buffer
G-VRAM display
memcpyByMovem (ideal throughput is 2081301 bytes/sec @10MHz)

throughput (bytes/sec)
+------------------------+----------+----------+----------+----------+----------+----------+
|                   dst  |   MAIN   |  G-VRAM  |  T-VRAM  |   SPR    |   PCG    |   SRAM   |
|                        | 0x1ffd88 | 0xc00200 | 0xe00200 | 0xeb0200 | 0xeb8200 | 0xed3a00 |
|  src                   |~0x1fff87 |~0xc003ff |~0xe003ff |~0xeb03ff |~0xeb83ff |~0xed3bff |
+------------------------+----------+----------+----------+----------+----------+----------+
| MAIN  0x1fff88~0x200187|  1986560 |  1789952 |  1806336 |  1236992 |  1191936 |  1826816 |
|G-VRAM 0xc00000~0xc001ff|  1781760 |  1605632 |  1634304 |  1142784 |  1118208 |  1646592 |
|T-VRAM 0xe00000~0xe001ff|  1794048 |  1630208 |  1642496 |  1159168 |  1122304 |  1667072 |
| SPR   0xeb0000~0xeb01ff|  1241088 |  1150976 |  1159168 |   892928 |   880640 |  1175552 |
| PCG   0xeb8000~0xeb81ff|  1245184 |  1146880 |  1146880 |   901120 |   872448 |  1167360 |
| SRAM  0xed3800~0xed39ff|  1818624 |  1654784 |  1662976 |  1167360 |  1130496 |  1691648 |
|CGROM  0xf00000~0xf001ff|  1818624 |  1654784 |  1662976 |  1167360 |  1130496 |  1687552 |
|IPLROM 0xfe0000~0xfe01ff|  1818624 |  1654784 |  1662976 |  1167360 |  1130496 |  1691648 |
+------------------------+----------+----------+----------+----------+----------+----------+


testCase 27/39

CRTMOD(12) 512x512 65536color 1plane 31kHz
SP BG disp on (by $EB0808)
T-VRAM display
G-VRAM buffer
memcpyByMovem (ideal throughput is 2081301 bytes/sec @10MHz)

throughput (bytes/sec)
+------------------------+----------+----------+----------+----------+----------+----------+
|                   dst  |   MAIN   |  G-VRAM  |  T-VRAM  |   SPR    |   PCG    |   SRAM   |
|                        | 0x1ffd88 | 0xc00200 | 0xe00200 | 0xeb0200 | 0xeb8200 | 0xed3a00 |
|  src                   |~0x1fff87 |~0xc003ff |~0xe003ff |~0xeb03ff |~0xeb83ff |~0xed3bff |
+------------------------+----------+----------+----------+----------+----------+----------+
| MAIN  0x1fff88~0x200187|  1986560 |  1806336 |  1789952 |  1236992 |  1191936 |  1826816 |
|G-VRAM 0xc00000~0xc001ff|  1794048 |  1642496 |  1630208 |  1159168 |  1122304 |  1667072 |
|T-VRAM 0xe00000~0xe001ff|  1781760 |  1634304 |  1605632 |  1142784 |  1114112 |  1650688 |
| SPR   0xeb0000~0xeb01ff|  1241088 |  1155072 |  1155072 |   892928 |   880640 |  1175552 |
| PCG   0xeb8000~0xeb81ff|  1245184 |  1146880 |  1146880 |   897024 |   872448 |  1171456 |
| SRAM  0xed3800~0xed39ff|  1818624 |  1667072 |  1650688 |  1167360 |  1130496 |  1687552 |
|CGROM  0xf00000~0xf001ff|  1818624 |  1667072 |  1650688 |  1167360 |  1130496 |  1687552 |
|IPLROM 0xfe0000~0xfe01ff|  1818624 |  1667072 |  1650688 |  1167360 |  1130496 |  1687552 |
+------------------------+----------+----------+----------+----------+----------+----------+


testCase 28/39

CRTMOD(12) 512x512 65536color 1plane 31kHz
SP BG disp on (by $EB0808)
T-VRAM display
G-VRAM display
memcpyByDma Maximum-rate

throughput (bytes/sec)
+------------------------+----------+----------+----------+----------+----------+----------+
|                   dst  |   MAIN   |  G-VRAM  |  T-VRAM  |   SPR    |   PCG    |   SRAM   |
|                        | 0x1ffd88 | 0xc00200 | 0xe00200 | 0xeb0200 | 0xeb8200 | 0xed3a00 |
|  src                   |~0x1fff87 |~0xc003ff |~0xe003ff |~0xeb03ff |~0xeb83ff |~0xed3bff |
+------------------------+----------+----------+----------+----------+----------+----------+
| MAIN  0x1fff88~0x200187|  1622016 |  1568768 |  1568768 |  1196032 |  1228800 |  1499136 |
|G-VRAM 0xc00000~0xc001ff|  1572864 |  1560576 |  1568768 |  1179648 |  1200128 |  1462272 |
|T-VRAM 0xe00000~0xe001ff|  1572864 |  1564672 |  1564672 |  1179648 |  1200128 |  1462272 |
| SPR   0xeb0000~0xeb01ff|  1232896 |  1200128 |  1200128 |   868352 |   872448 |  1138688 |
| PCG   0xeb8000~0xeb81ff|  1232896 |  1200128 |  1200128 |   868352 |   679936 |  1228800 |
| SRAM  0xed3800~0xed39ff|  1486848 |  1466368 |  1462272 |  1024000 |   978944 |  1396736 |
|CGROM  0xf00000~0xf001ff|  1486848 |  1466368 |  1462272 |  1024000 |   978944 |  1396736 |
|IPLROM 0xfe0000~0xfe01ff|  1486848 |  1466368 |  1462272 |  1024000 |   978944 |  1396736 |
+------------------------+----------+----------+----------+----------+----------+----------+


testCase 29/39

CRTMOD(12) 512x512 65536color 1plane 31kHz
SP BG disp off (by $EB0808)
T-VRAM display
G-VRAM display
memcpyByDma Maximum-rate

throughput (bytes/sec)
+------------------------+----------+----------+----------+----------+----------+----------+
|                   dst  |   MAIN   |  G-VRAM  |  T-VRAM  |   SPR    |   PCG    |   SRAM   |
|                        | 0x1ffd88 | 0xc00200 | 0xe00200 | 0xeb0200 | 0xeb8200 | 0xed3a00 |
|  src                   |~0x1fff87 |~0xc003ff |~0xe003ff |~0xeb03ff |~0xeb83ff |~0xed3bff |
+------------------------+----------+----------+----------+----------+----------+----------+
| MAIN  0x1fff88~0x200187|  1622016 |  1568768 |  1568768 |  1228800 |  1228800 |  1499136 |
|G-VRAM 0xc00000~0xc001ff|  1572864 |  1560576 |  1568768 |  1200128 |  1200128 |  1462272 |
|T-VRAM 0xe00000~0xe001ff|  1572864 |  1564672 |  1564672 |  1200128 |  1200128 |  1462272 |
| SPR   0xeb0000~0xeb01ff|  1232896 |  1200128 |  1204224 |   946176 |  1011712 |  1208320 |
| PCG   0xeb8000~0xeb81ff|  1335296 |  1294336 |  1290240 |   950272 |  1028096 |  1241088 |
| SRAM  0xed3800~0xed39ff|  1486848 |  1466368 |  1462272 |  1126400 |  1134592 |  1400832 |
|CGROM  0xf00000~0xf001ff|  1486848 |  1466368 |  1462272 |  1126400 |  1134592 |  1400832 |
|IPLROM 0xfe0000~0xfe01ff|  1486848 |  1466368 |  1462272 |  1126400 |  1134592 |  1400832 |
+------------------------+----------+----------+----------+----------+----------+----------+


testCase 30/39

CRTMOD(12) 512x512 65536color 1plane 31kHz
SP BG disp on (by $EB0808)
T-VRAM buffer
G-VRAM display
memcpyByDma Maximum-rate

throughput (bytes/sec)
+------------------------+----------+----------+----------+----------+----------+----------+
|                   dst  |   MAIN   |  G-VRAM  |  T-VRAM  |   SPR    |   PCG    |   SRAM   |
|                        | 0x1ffd88 | 0xc00200 | 0xe00200 | 0xeb0200 | 0xeb8200 | 0xed3a00 |
|  src                   |~0x1fff87 |~0xc003ff |~0xe003ff |~0xeb03ff |~0xeb83ff |~0xed3bff |
+------------------------+----------+----------+----------+----------+----------+----------+
| MAIN  0x1fff88~0x200187|  1622016 |  1568768 |  1617920 |  1196032 |  1228800 |  1499136 |
|G-VRAM 0xc00000~0xc001ff|  1572864 |  1560576 |  1572864 |  1175552 |  1200128 |  1462272 |
|T-VRAM 0xe00000~0xe001ff|  1589248 |  1572864 |  1589248 |  1200128 |  1228800 |  1499136 |
| SPR   0xeb0000~0xeb01ff|  1232896 |  1200128 |  1228800 |   872448 |   868352 |  1138688 |
| PCG   0xeb8000~0xeb81ff|  1232896 |  1200128 |  1228800 |   872448 |   675840 |  1232896 |
| SRAM  0xed3800~0xed39ff|  1486848 |  1466368 |  1499136 |  1024000 |   974848 |  1404928 |
|CGROM  0xf00000~0xf001ff|  1486848 |  1466368 |  1499136 |  1024000 |   974848 |  1404928 |
|IPLROM 0xfe0000~0xfe01ff|  1486848 |  1466368 |  1499136 |  1024000 |   974848 |  1404928 |
+------------------------+----------+----------+----------+----------+----------+----------+


testCase 31/39

CRTMOD(12) 512x512 65536color 1plane 31kHz
SP BG disp on (by $EB0808)
T-VRAM display
G-VRAM buffer
memcpyByDma Maximum-rate

throughput (bytes/sec)
+------------------------+----------+----------+----------+----------+----------+----------+
|                   dst  |   MAIN   |  G-VRAM  |  T-VRAM  |   SPR    |   PCG    |   SRAM   |
|                        | 0x1ffd88 | 0xc00200 | 0xe00200 | 0xeb0200 | 0xeb8200 | 0xed3a00 |
|  src                   |~0x1fff87 |~0xc003ff |~0xe003ff |~0xeb03ff |~0xeb83ff |~0xed3bff |
+------------------------+----------+----------+----------+----------+----------+----------+
| MAIN  0x1fff88~0x200187|  1622016 |  1617920 |  1568768 |  1196032 |  1228800 |  1499136 |
|G-VRAM 0xc00000~0xc001ff|  1589248 |  1593344 |  1568768 |  1200128 |  1228800 |  1499136 |
|T-VRAM 0xe00000~0xe001ff|  1572864 |  1568768 |  1560576 |  1179648 |  1200128 |  1462272 |
| SPR   0xeb0000~0xeb01ff|  1232896 |  1228800 |  1200128 |   872448 |   868352 |  1138688 |
| PCG   0xeb8000~0xeb81ff|  1232896 |  1228800 |  1200128 |   872448 |   675840 |  1232896 |
| SRAM  0xed3800~0xed39ff|  1486848 |  1499136 |  1466368 |  1024000 |   974848 |  1404928 |
|CGROM  0xf00000~0xf001ff|  1486848 |  1499136 |  1466368 |  1024000 |   974848 |  1400832 |
|IPLROM 0xfe0000~0xfe01ff|  1486848 |  1499136 |  1466368 |  1024000 |   974848 |  1400832 |
+------------------------+----------+----------+----------+----------+----------+----------+


testCase 32/39

CRTMOD(12) 512x512 65536color 1plane 31kHz
SP BG disp on (by $EB0808)
T-VRAM display
G-VRAM display
memcpyByDma Limited-rate LiteCsrPolling

throughput (bytes/sec)
+------------------------+----------+----------+----------+----------+----------+----------+
|                   dst  |   MAIN   |  G-VRAM  |  T-VRAM  |   SPR    |   PCG    |   SRAM   |
|                        | 0x1ffd88 | 0xc00200 | 0xe00200 | 0xeb0200 | 0xeb8200 | 0xed3a00 |
|  src                   |~0x1fff87 |~0xc003ff |~0xe003ff |~0xeb03ff |~0xeb83ff |~0xed3bff |
+------------------------+----------+----------+----------+----------+----------+----------+
| MAIN  0x1fff88~0x200187|   577536 |   565248 |   565248 |   466944 |   405504 |   569344 |
|G-VRAM 0xc00000~0xc001ff|   565248 |   561152 |   561152 |   450560 |   397312 |   561152 |
|T-VRAM 0xe00000~0xe001ff|   569344 |   557056 |   561152 |   450560 |   397312 |   561152 |
| SPR   0xeb0000~0xeb01ff|   528384 |   495616 |   499712 |   299008 |   294912 |   393216 |
| PCG   0xeb8000~0xeb81ff|   442368 |   438272 |   434176 |   299008 |   294912 |   401408 |
| SRAM  0xed3800~0xed39ff|   577536 |   557056 |   561152 |   299008 |   315392 |   573440 |
|CGROM  0xf00000~0xf001ff|   577536 |   557056 |   561152 |   299008 |   315392 |   573440 |
|IPLROM 0xfe0000~0xfe01ff|   577536 |   557056 |   561152 |   299008 |   315392 |   573440 |
+------------------------+----------+----------+----------+----------+----------+----------+


testCase 33/39

CRTMOD(12) 512x512 65536color 1plane 31kHz
SP BG disp off (by $EB0808)
T-VRAM display
G-VRAM display
memcpyByDma Limited-rate LiteCsrPolling

throughput (bytes/sec)
+------------------------+----------+----------+----------+----------+----------+----------+
|                   dst  |   MAIN   |  G-VRAM  |  T-VRAM  |   SPR    |   PCG    |   SRAM   |
|                        | 0x1ffd88 | 0xc00200 | 0xe00200 | 0xeb0200 | 0xeb8200 | 0xed3a00 |
|  src                   |~0x1fff87 |~0xc003ff |~0xe003ff |~0xeb03ff |~0xeb83ff |~0xed3bff |
+------------------------+----------+----------+----------+----------+----------+----------+
| MAIN  0x1fff88~0x200187|   577536 |   565248 |   565248 |   561152 |   565248 |   573440 |
|G-VRAM 0xc00000~0xc001ff|   565248 |   561152 |   561152 |   524288 |   524288 |   561152 |
|T-VRAM 0xe00000~0xe001ff|   565248 |   561152 |   561152 |   520192 |   528384 |   561152 |
| SPR   0xeb0000~0xeb01ff|   569344 |   524288 |   528384 |   299008 |   294912 |   544768 |
| PCG   0xeb8000~0xeb81ff|   569344 |   540672 |   536576 |   299008 |   294912 |   569344 |
| SRAM  0xed3800~0xed39ff|   577536 |   557056 |   561152 |   434176 |   528384 |   573440 |
|CGROM  0xf00000~0xf001ff|   577536 |   557056 |   561152 |   434176 |   528384 |   573440 |
|IPLROM 0xfe0000~0xfe01ff|   577536 |   557056 |   561152 |   430080 |   532480 |   573440 |
+------------------------+----------+----------+----------+----------+----------+----------+


testCase 34/39

CRTMOD(12) 512x512 65536color 1plane 31kHz
SP BG disp on (by $EB0808)
T-VRAM buffer
G-VRAM display
memcpyByDma Limited-rate LiteCsrPolling

throughput (bytes/sec)
+------------------------+----------+----------+----------+----------+----------+----------+
|                   dst  |   MAIN   |  G-VRAM  |  T-VRAM  |   SPR    |   PCG    |   SRAM   |
|                        | 0x1ffd88 | 0xc00200 | 0xe00200 | 0xeb0200 | 0xeb8200 | 0xed3a00 |
|  src                   |~0x1fff87 |~0xc003ff |~0xe003ff |~0xeb03ff |~0xeb83ff |~0xed3bff |
+------------------------+----------+----------+----------+----------+----------+----------+
| MAIN  0x1fff88~0x200187|   577536 |   565248 |   577536 |   462848 |   409600 |   569344 |
|G-VRAM 0xc00000~0xc001ff|   565248 |   561152 |   565248 |   450560 |   401408 |   557056 |
|T-VRAM 0xe00000~0xe001ff|   577536 |   565248 |   577536 |   458752 |   409600 |   569344 |
| SPR   0xeb0000~0xeb01ff|   528384 |   495616 |   528384 |   299008 |   294912 |   389120 |
| PCG   0xeb8000~0xeb81ff|   442368 |   434176 |   446464 |   299008 |   299008 |   397312 |
| SRAM  0xed3800~0xed39ff|   577536 |   557056 |   573440 |   299008 |   315392 |   577536 |
|CGROM  0xf00000~0xf001ff|   577536 |   557056 |   577536 |   299008 |   315392 |   573440 |
|IPLROM 0xfe0000~0xfe01ff|   577536 |   557056 |   573440 |   299008 |   315392 |   577536 |
+------------------------+----------+----------+----------+----------+----------+----------+


testCase 35/39

CRTMOD(12) 512x512 65536color 1plane 31kHz
SP BG disp on (by $EB0808)
T-VRAM display
G-VRAM buffer
memcpyByDma Limited-rate LiteCsrPolling

throughput (bytes/sec)
+------------------------+----------+----------+----------+----------+----------+----------+
|                   dst  |   MAIN   |  G-VRAM  |  T-VRAM  |   SPR    |   PCG    |   SRAM   |
|                        | 0x1ffd88 | 0xc00200 | 0xe00200 | 0xeb0200 | 0xeb8200 | 0xed3a00 |
|  src                   |~0x1fff87 |~0xc003ff |~0xe003ff |~0xeb03ff |~0xeb83ff |~0xed3bff |
+------------------------+----------+----------+----------+----------+----------+----------+
| MAIN  0x1fff88~0x200187|   577536 |   577536 |   565248 |   466944 |   405504 |   569344 |
|G-VRAM 0xc00000~0xc001ff|   577536 |   577536 |   565248 |   462848 |   405504 |   573440 |
|T-VRAM 0xe00000~0xe001ff|   565248 |   565248 |   561152 |   450560 |   397312 |   561152 |
| SPR   0xeb0000~0xeb01ff|   528384 |   524288 |   499712 |   299008 |   294912 |   389120 |
| PCG   0xeb8000~0xeb81ff|   442368 |   446464 |   438272 |   294912 |   299008 |   401408 |
| SRAM  0xed3800~0xed39ff|   577536 |   573440 |   561152 |   299008 |   315392 |   573440 |
|CGROM  0xf00000~0xf001ff|   577536 |   573440 |   557056 |   299008 |   315392 |   573440 |
|IPLROM 0xfe0000~0xfe01ff|   577536 |   573440 |   557056 |   299008 |   315392 |   577536 |
+------------------------+----------+----------+----------+----------+----------+----------+


testCase 36/39

CRTMOD(12) 512x512 65536color 1plane 31kHz
SP BG disp on (by $EB0808)
T-VRAM display
G-VRAM display
memcpyByDma Limited-rate FullCsrPolling

throughput (bytes/sec)
+------------------------+----------+----------+----------+----------+----------+----------+
|                   dst  |   MAIN   |  G-VRAM  |  T-VRAM  |   SPR    |   PCG    |   SRAM   |
|                        | 0x1ffd88 | 0xc00200 | 0xe00200 | 0xeb0200 | 0xeb8200 | 0xed3a00 |
|  src                   |~0x1fff87 |~0xc003ff |~0xe003ff |~0xeb03ff |~0xeb83ff |~0xed3bff |
+------------------------+----------+----------+----------+----------+----------+----------+
| MAIN  0x1fff88~0x200187|   581632 |   565248 |   569344 |   450560 |   409600 |   577536 |
|G-VRAM 0xc00000~0xc001ff|   569344 |   561152 |   561152 |   438272 |   405504 |   565248 |
|T-VRAM 0xe00000~0xe001ff|   569344 |   561152 |   561152 |   438272 |   405504 |   565248 |
| SPR   0xeb0000~0xeb01ff|   532480 |   499712 |   503808 |   299008 |   299008 |   397312 |
| PCG   0xeb8000~0xeb81ff|   442368 |   434176 |   434176 |   299008 |   299008 |   405504 |
| SRAM  0xed3800~0xed39ff|   581632 |   565248 |   565248 |   299008 |   319488 |   573440 |
|CGROM  0xf00000~0xf001ff|   581632 |   565248 |   561152 |   299008 |   319488 |   577536 |
|IPLROM 0xfe0000~0xfe01ff|   581632 |   565248 |   561152 |   299008 |   319488 |   577536 |
+------------------------+----------+----------+----------+----------+----------+----------+


testCase 37/39

CRTMOD(12) 512x512 65536color 1plane 31kHz
SP BG disp off (by $EB0808)
T-VRAM display
G-VRAM display
memcpyByDma Limited-rate FullCsrPolling

throughput (bytes/sec)
+------------------------+----------+----------+----------+----------+----------+----------+
|                   dst  |   MAIN   |  G-VRAM  |  T-VRAM  |   SPR    |   PCG    |   SRAM   |
|                        | 0x1ffd88 | 0xc00200 | 0xe00200 | 0xeb0200 | 0xeb8200 | 0xed3a00 |
|  src                   |~0x1fff87 |~0xc003ff |~0xe003ff |~0xeb03ff |~0xeb83ff |~0xed3bff |
+------------------------+----------+----------+----------+----------+----------+----------+
| MAIN  0x1fff88~0x200187|   581632 |   569344 |   565248 |   548864 |   565248 |   581632 |
|G-VRAM 0xc00000~0xc001ff|   569344 |   561152 |   561152 |   520192 |   532480 |   565248 |
|T-VRAM 0xe00000~0xe001ff|   569344 |   561152 |   561152 |   520192 |   532480 |   561152 |
| SPR   0xeb0000~0xeb01ff|   569344 |   532480 |   528384 |   299008 |   299008 |   540672 |
| PCG   0xeb8000~0xeb81ff|   569344 |   536576 |   532480 |   299008 |   299008 |   573440 |
| SRAM  0xed3800~0xed39ff|   581632 |   565248 |   565248 |   438272 |   491520 |   577536 |
|CGROM  0xf00000~0xf001ff|   581632 |   565248 |   561152 |   438272 |   495616 |   577536 |
|IPLROM 0xfe0000~0xfe01ff|   581632 |   565248 |   561152 |   438272 |   491520 |   581632 |
+------------------------+----------+----------+----------+----------+----------+----------+


testCase 38/39

CRTMOD(12) 512x512 65536color 1plane 31kHz
SP BG disp on (by $EB0808)
T-VRAM buffer
G-VRAM display
memcpyByDma Limited-rate FullCsrPolling

throughput (bytes/sec)
+------------------------+----------+----------+----------+----------+----------+----------+
|                   dst  |   MAIN   |  G-VRAM  |  T-VRAM  |   SPR    |   PCG    |   SRAM   |
|                        | 0x1ffd88 | 0xc00200 | 0xe00200 | 0xeb0200 | 0xeb8200 | 0xed3a00 |
|  src                   |~0x1fff87 |~0xc003ff |~0xe003ff |~0xeb03ff |~0xeb83ff |~0xed3bff |
+------------------------+----------+----------+----------+----------+----------+----------+
| MAIN  0x1fff88~0x200187|   581632 |   565248 |   581632 |   450560 |   409600 |   577536 |
|G-VRAM 0xc00000~0xc001ff|   569344 |   561152 |   569344 |   438272 |   405504 |   561152 |
|T-VRAM 0xe00000~0xe001ff|   581632 |   569344 |   577536 |   454656 |   409600 |   577536 |
| SPR   0xeb0000~0xeb01ff|   528384 |   503808 |   532480 |   299008 |   299008 |   397312 |
| PCG   0xeb8000~0xeb81ff|   442368 |   434176 |   450560 |   299008 |   299008 |   405504 |
| SRAM  0xed3800~0xed39ff|   581632 |   565248 |   577536 |   299008 |   319488 |   577536 |
|CGROM  0xf00000~0xf001ff|   581632 |   565248 |   581632 |   299008 |   319488 |   577536 |
|IPLROM 0xfe0000~0xfe01ff|   581632 |   565248 |   581632 |   299008 |   319488 |   573440 |
+------------------------+----------+----------+----------+----------+----------+----------+


testCase 39/39

CRTMOD(12) 512x512 65536color 1plane 31kHz
SP BG disp on (by $EB0808)
T-VRAM display
G-VRAM buffer
memcpyByDma Limited-rate FullCsrPolling

throughput (bytes/sec)
+------------------------+----------+----------+----------+----------+----------+----------+
|                   dst  |   MAIN   |  G-VRAM  |  T-VRAM  |   SPR    |   PCG    |   SRAM   |
|                        | 0x1ffd88 | 0xc00200 | 0xe00200 | 0xeb0200 | 0xeb8200 | 0xed3a00 |
|  src                   |~0x1fff87 |~0xc003ff |~0xe003ff |~0xeb03ff |~0xeb83ff |~0xed3bff |
+------------------------+----------+----------+----------+----------+----------+----------+
| MAIN  0x1fff88~0x200187|   581632 |   577536 |   569344 |   450560 |   409600 |   577536 |
|G-VRAM 0xc00000~0xc001ff|   581632 |   581632 |   565248 |   454656 |   409600 |   577536 |
|T-VRAM 0xe00000~0xe001ff|   569344 |   569344 |   561152 |   438272 |   405504 |   561152 |
| SPR   0xeb0000~0xeb01ff|   528384 |   532480 |   499712 |   299008 |   299008 |   397312 |
| PCG   0xeb8000~0xeb81ff|   442368 |   450560 |   434176 |   299008 |   299008 |   405504 |
| SRAM  0xed3800~0xed39ff|   581632 |   581632 |   561152 |   299008 |   319488 |   577536 |
|CGROM  0xf00000~0xf001ff|   581632 |   581632 |   565248 |   299008 |   319488 |   573440 |
|IPLROM 0xfe0000~0xfe01ff|   581632 |   581632 |   565248 |   299008 |   319488 |   573440 |
+------------------------+----------+----------+----------+----------+----------+----------+

