build settings
	ENABLE_SRAM_WRITE 0
	BUILD Feb 15 2023, CRC32 243A6D96
	ARG
		-mode 1
		-case (not specified)
		-br 0 (Limited-rate DMA band-width ratio 50%)
		-bt 2 (Limited-rate DMA burst time 64 cycles)


testCase 0/39

CRTMOD(13) 512x512 65536color 1plane 15kHz
SP BG disp on (by $EB0808)
T-VRAM display
G-VRAM display
memcpyByU8 (ideal throughput is 454545 bytes/sec @10MHz)

throughput (bytes/sec)
+------------------------+----------+----------+----------+----------+----------+----------+
|                   dst  |   MAIN   |  G-VRAM  |  T-VRAM  |   SPR    |   PCG    |   SRAM   |
|                        | 0x1ffd88 | 0xc00200 | 0xe00200 | 0xeb0200 | 0xeb8200 | 0xed3a00 |
|  src                   |~0x1fff87 |~0xc003ff |~0xe003ff |~0xeb03ff |~0xeb83ff |~0xed3bff |
+------------------------+----------+----------+----------+----------+----------+----------+
| MAIN  0x1fff88~0x200187|   442368 |   413696 |   413696 |   290816 |   294912 |   421888 |
|G-VRAM 0xc00000~0xc001ff|   413696 |   397312 |   397312 |   286720 |   290816 |   397312 |
|T-VRAM 0xe00000~0xe001ff|   413696 |   397312 |   397312 |   286720 |   290816 |   397312 |
| SPR   0xeb0000~0xeb01ff|   290816 |   286720 |   286720 |   212992 |   200704 |   286720 |
| PCG   0xeb8000~0xeb81ff|   294912 |   290816 |   290816 |   200704 |   200704 |   290816 |
| SRAM  0xed3800~0xed39ff|   430080 |   397312 |   397312 |   286720 |   290816 |   405504 |
|CGROM  0xf00000~0xf001ff|   430080 |   397312 |   397312 |   286720 |   290816 |   405504 |
|IPLROM 0xfe0000~0xfe01ff|   430080 |   397312 |   397312 |   286720 |   290816 |   405504 |
+------------------------+----------+----------+----------+----------+----------+----------+


testCase 1/39

CRTMOD(13) 512x512 65536color 1plane 15kHz
SP BG disp off (by $EB0808)
T-VRAM display
G-VRAM display
memcpyByU8 (ideal throughput is 454545 bytes/sec @10MHz)

throughput (bytes/sec)
+------------------------+----------+----------+----------+----------+----------+----------+
|                   dst  |   MAIN   |  G-VRAM  |  T-VRAM  |   SPR    |   PCG    |   SRAM   |
|                        | 0x1ffd88 | 0xc00200 | 0xe00200 | 0xeb0200 | 0xeb8200 | 0xed3a00 |
|  src                   |~0x1fff87 |~0xc003ff |~0xe003ff |~0xeb03ff |~0xeb83ff |~0xed3bff |
+------------------------+----------+----------+----------+----------+----------+----------+
| MAIN  0x1fff88~0x200187|   442368 |   413696 |   413696 |   307200 |   339968 |   425984 |
|G-VRAM 0xc00000~0xc001ff|   413696 |   397312 |   397312 |   294912 |   299008 |   397312 |
|T-VRAM 0xe00000~0xe001ff|   413696 |   397312 |   397312 |   294912 |   299008 |   397312 |
| SPR   0xeb0000~0xeb01ff|   311296 |   294912 |   294912 |   253952 |   237568 |   299008 |
| PCG   0xeb8000~0xeb81ff|   339968 |   303104 |   303104 |   262144 |   266240 |   307200 |
| SRAM  0xed3800~0xed39ff|   430080 |   397312 |   397312 |   299008 |   307200 |   405504 |
|CGROM  0xf00000~0xf001ff|   430080 |   397312 |   397312 |   299008 |   307200 |   405504 |
|IPLROM 0xfe0000~0xfe01ff|   430080 |   397312 |   397312 |   299008 |   307200 |   405504 |
+------------------------+----------+----------+----------+----------+----------+----------+


testCase 2/39

CRTMOD(13) 512x512 65536color 1plane 15kHz
SP BG disp on (by $EB0808)
T-VRAM buffer
G-VRAM display
memcpyByU8 (ideal throughput is 454545 bytes/sec @10MHz)

throughput (bytes/sec)
+------------------------+----------+----------+----------+----------+----------+----------+
|                   dst  |   MAIN   |  G-VRAM  |  T-VRAM  |   SPR    |   PCG    |   SRAM   |
|                        | 0x1ffd88 | 0xc00200 | 0xe00200 | 0xeb0200 | 0xeb8200 | 0xed3a00 |
|  src                   |~0x1fff87 |~0xc003ff |~0xe003ff |~0xeb03ff |~0xeb83ff |~0xed3bff |
+------------------------+----------+----------+----------+----------+----------+----------+
| MAIN  0x1fff88~0x200187|   442368 |   413696 |   425984 |   286720 |   294912 |   425984 |
|G-VRAM 0xc00000~0xc001ff|   413696 |   397312 |   397312 |   286720 |   290816 |   397312 |
|T-VRAM 0xe00000~0xe001ff|   421888 |   397312 |   401408 |   286720 |   286720 |   405504 |
| SPR   0xeb0000~0xeb01ff|   290816 |   286720 |   282624 |   212992 |   204800 |   282624 |
| PCG   0xeb8000~0xeb81ff|   294912 |   290816 |   286720 |   200704 |   204800 |   286720 |
| SRAM  0xed3800~0xed39ff|   430080 |   397312 |   405504 |   286720 |   290816 |   405504 |
|CGROM  0xf00000~0xf001ff|   430080 |   397312 |   405504 |   286720 |   290816 |   405504 |
|IPLROM 0xfe0000~0xfe01ff|   430080 |   397312 |   405504 |   286720 |   290816 |   405504 |
+------------------------+----------+----------+----------+----------+----------+----------+


testCase 3/39

CRTMOD(13) 512x512 65536color 1plane 15kHz
SP BG disp on (by $EB0808)
T-VRAM display
G-VRAM buffer
memcpyByU8 (ideal throughput is 454545 bytes/sec @10MHz)

throughput (bytes/sec)
+------------------------+----------+----------+----------+----------+----------+----------+
|                   dst  |   MAIN   |  G-VRAM  |  T-VRAM  |   SPR    |   PCG    |   SRAM   |
|                        | 0x1ffd88 | 0xc00200 | 0xe00200 | 0xeb0200 | 0xeb8200 | 0xed3a00 |
|  src                   |~0x1fff87 |~0xc003ff |~0xe003ff |~0xeb03ff |~0xeb83ff |~0xed3bff |
+------------------------+----------+----------+----------+----------+----------+----------+
| MAIN  0x1fff88~0x200187|   442368 |   421888 |   417792 |   286720 |   294912 |   425984 |
|G-VRAM 0xc00000~0xc001ff|   421888 |   401408 |   397312 |   286720 |   286720 |   405504 |
|T-VRAM 0xe00000~0xe001ff|   413696 |   397312 |   397312 |   286720 |   290816 |   397312 |
| SPR   0xeb0000~0xeb01ff|   290816 |   282624 |   286720 |   212992 |   204800 |   282624 |
| PCG   0xeb8000~0xeb81ff|   294912 |   286720 |   290816 |   200704 |   204800 |   286720 |
| SRAM  0xed3800~0xed39ff|   430080 |   405504 |   397312 |   286720 |   290816 |   405504 |
|CGROM  0xf00000~0xf001ff|   430080 |   405504 |   397312 |   286720 |   290816 |   405504 |
|IPLROM 0xfe0000~0xfe01ff|   430080 |   405504 |   397312 |   286720 |   290816 |   405504 |
+------------------------+----------+----------+----------+----------+----------+----------+


testCase 4/39

CRTMOD(13) 512x512 65536color 1plane 15kHz
SP BG disp on (by $EB0808)
T-VRAM display
G-VRAM display
memcpyByMovem (ideal throughput is 2081301 bytes/sec @10MHz)

throughput (bytes/sec)
+------------------------+----------+----------+----------+----------+----------+----------+
|                   dst  |   MAIN   |  G-VRAM  |  T-VRAM  |   SPR    |   PCG    |   SRAM   |
|                        | 0x1ffd88 | 0xc00200 | 0xe00200 | 0xeb0200 | 0xeb8200 | 0xed3a00 |
|  src                   |~0x1fff87 |~0xc003ff |~0xe003ff |~0xeb03ff |~0xeb83ff |~0xed3bff |
+------------------------+----------+----------+----------+----------+----------+----------+
| MAIN  0x1fff88~0x200187|  1986560 |  1798144 |  1798144 |   897024 |   888832 |  1822720 |
|G-VRAM 0xc00000~0xc001ff|  1785856 |  1626112 |  1626112 |   847872 |   851968 |  1646592 |
|T-VRAM 0xe00000~0xe001ff|  1785856 |  1626112 |  1626112 |   851968 |   847872 |  1646592 |
| SPR   0xeb0000~0xeb01ff|   864256 |   827392 |   827392 |   565248 |   569344 |   831488 |
| PCG   0xeb8000~0xeb81ff|   856064 |   827392 |   823296 |   565248 |   552960 |   831488 |
| SRAM  0xed3800~0xed39ff|  1818624 |  1654784 |  1654784 |   856064 |   851968 |  1691648 |
|CGROM  0xf00000~0xf001ff|  1818624 |  1654784 |  1654784 |   856064 |   851968 |  1691648 |
|IPLROM 0xfe0000~0xfe01ff|  1818624 |  1654784 |  1654784 |   856064 |   851968 |  1691648 |
+------------------------+----------+----------+----------+----------+----------+----------+


testCase 5/39

CRTMOD(13) 512x512 65536color 1plane 15kHz
SP BG disp off (by $EB0808)
T-VRAM display
G-VRAM display
memcpyByMovem (ideal throughput is 2081301 bytes/sec @10MHz)

throughput (bytes/sec)
+------------------------+----------+----------+----------+----------+----------+----------+
|                   dst  |   MAIN   |  G-VRAM  |  T-VRAM  |   SPR    |   PCG    |   SRAM   |
|                        | 0x1ffd88 | 0xc00200 | 0xe00200 | 0xeb0200 | 0xeb8200 | 0xed3a00 |
|  src                   |~0x1fff87 |~0xc003ff |~0xe003ff |~0xeb03ff |~0xeb83ff |~0xed3bff |
+------------------------+----------+----------+----------+----------+----------+----------+
| MAIN  0x1fff88~0x200187|  1986560 |  1798144 |  1798144 |  1093632 |  1097728 |  1826816 |
|G-VRAM 0xc00000~0xc001ff|  1785856 |  1626112 |  1626112 |  1024000 |  1019904 |  1654784 |
|T-VRAM 0xe00000~0xe001ff|  1785856 |  1626112 |  1626112 |  1024000 |  1019904 |  1654784 |
| SPR   0xeb0000~0xeb01ff|  1060864 |  1015808 |  1011712 |   741376 |   737280 |  1015808 |
| PCG   0xeb8000~0xeb81ff|  1069056 |  1019904 |  1015808 |   741376 |   741376 |  1015808 |
| SRAM  0xed3800~0xed39ff|  1818624 |  1654784 |  1654784 |  1036288 |  1040384 |  1691648 |
|CGROM  0xf00000~0xf001ff|  1818624 |  1654784 |  1654784 |  1036288 |  1040384 |  1691648 |
|IPLROM 0xfe0000~0xfe01ff|  1818624 |  1654784 |  1654784 |  1036288 |  1040384 |  1691648 |
+------------------------+----------+----------+----------+----------+----------+----------+


testCase 6/39

CRTMOD(13) 512x512 65536color 1plane 15kHz
SP BG disp on (by $EB0808)
T-VRAM buffer
G-VRAM display
memcpyByMovem (ideal throughput is 2081301 bytes/sec @10MHz)

throughput (bytes/sec)
+------------------------+----------+----------+----------+----------+----------+----------+
|                   dst  |   MAIN   |  G-VRAM  |  T-VRAM  |   SPR    |   PCG    |   SRAM   |
|                        | 0x1ffd88 | 0xc00200 | 0xe00200 | 0xeb0200 | 0xeb8200 | 0xed3a00 |
|  src                   |~0x1fff87 |~0xc003ff |~0xe003ff |~0xeb03ff |~0xeb83ff |~0xed3bff |
+------------------------+----------+----------+----------+----------+----------+----------+
| MAIN  0x1fff88~0x200187|  1986560 |  1798144 |  1806336 |   897024 |   888832 |  1822720 |
|G-VRAM 0xc00000~0xc001ff|  1785856 |  1626112 |  1630208 |   847872 |   847872 |  1650688 |
|T-VRAM 0xe00000~0xe001ff|  1794048 |  1626112 |  1642496 |   856064 |   839680 |  1662976 |
| SPR   0xeb0000~0xeb01ff|   864256 |   827392 |   827392 |   569344 |   565248 |   831488 |
| PCG   0xeb8000~0xeb81ff|   856064 |   827392 |   831488 |   565248 |   552960 |   831488 |
| SRAM  0xed3800~0xed39ff|  1818624 |  1654784 |  1667072 |   856064 |   851968 |  1691648 |
|CGROM  0xf00000~0xf001ff|  1818624 |  1654784 |  1667072 |   856064 |   851968 |  1691648 |
|IPLROM 0xfe0000~0xfe01ff|  1818624 |  1654784 |  1667072 |   856064 |   851968 |  1691648 |
+------------------------+----------+----------+----------+----------+----------+----------+


testCase 7/39

CRTMOD(13) 512x512 65536color 1plane 15kHz
SP BG disp on (by $EB0808)
T-VRAM display
G-VRAM buffer
memcpyByMovem (ideal throughput is 2081301 bytes/sec @10MHz)

throughput (bytes/sec)
+------------------------+----------+----------+----------+----------+----------+----------+
|                   dst  |   MAIN   |  G-VRAM  |  T-VRAM  |   SPR    |   PCG    |   SRAM   |
|                        | 0x1ffd88 | 0xc00200 | 0xe00200 | 0xeb0200 | 0xeb8200 | 0xed3a00 |
|  src                   |~0x1fff87 |~0xc003ff |~0xe003ff |~0xeb03ff |~0xeb83ff |~0xed3bff |
+------------------------+----------+----------+----------+----------+----------+----------+
| MAIN  0x1fff88~0x200187|  1986560 |  1806336 |  1798144 |   897024 |   888832 |  1822720 |
|G-VRAM 0xc00000~0xc001ff|  1794048 |  1642496 |  1626112 |   856064 |   839680 |  1662976 |
|T-VRAM 0xe00000~0xe001ff|  1785856 |  1630208 |  1626112 |   847872 |   847872 |  1654784 |
| SPR   0xeb0000~0xeb01ff|   864256 |   831488 |   823296 |   569344 |   565248 |   831488 |
| PCG   0xeb8000~0xeb81ff|   856064 |   831488 |   827392 |   565248 |   552960 |   827392 |
| SRAM  0xed3800~0xed39ff|  1818624 |  1667072 |  1654784 |   856064 |   851968 |  1691648 |
|CGROM  0xf00000~0xf001ff|  1818624 |  1667072 |  1654784 |   856064 |   851968 |  1691648 |
|IPLROM 0xfe0000~0xfe01ff|  1818624 |  1667072 |  1654784 |   856064 |   851968 |  1691648 |
+------------------------+----------+----------+----------+----------+----------+----------+


testCase 8/39

CRTMOD(13) 512x512 65536color 1plane 15kHz
SP BG disp on (by $EB0808)
T-VRAM display
G-VRAM display
memcpyByDma Maximum-rate

throughput (bytes/sec)
+------------------------+----------+----------+----------+----------+----------+----------+
|                   dst  |   MAIN   |  G-VRAM  |  T-VRAM  |   SPR    |   PCG    |   SRAM   |
|                        | 0x1ffd88 | 0xc00200 | 0xe00200 | 0xeb0200 | 0xeb8200 | 0xed3a00 |
|  src                   |~0x1fff87 |~0xc003ff |~0xe003ff |~0xeb03ff |~0xeb83ff |~0xed3bff |
+------------------------+----------+----------+----------+----------+----------+----------+
| MAIN  0x1fff88~0x200187|  1622016 |  1581056 |  1585152 |   741376 |   987136 |  1499136 |
|G-VRAM 0xc00000~0xc001ff|  1585152 |  1581056 |  1581056 |   733184 |   987136 |  1466368 |
|T-VRAM 0xe00000~0xe001ff|  1585152 |  1585152 |  1576960 |   733184 |   987136 |  1466368 |
| SPR   0xeb0000~0xeb01ff|   937984 |   921600 |   921600 |   569344 |   565248 |   741376 |
| PCG   0xeb8000~0xeb81ff|  1040384 |  1040384 |  1040384 |   569344 |   569344 |   737280 |
| SRAM  0xed3800~0xed39ff|  1486848 |  1466368 |  1466368 |   741376 |   569344 |  1400832 |
|CGROM  0xf00000~0xf001ff|  1486848 |  1466368 |  1466368 |   741376 |   569344 |  1400832 |
|IPLROM 0xfe0000~0xfe01ff|  1486848 |  1466368 |  1466368 |   741376 |   569344 |  1400832 |
+------------------------+----------+----------+----------+----------+----------+----------+


testCase 9/39

CRTMOD(13) 512x512 65536color 1plane 15kHz
SP BG disp off (by $EB0808)
T-VRAM display
G-VRAM display
memcpyByDma Maximum-rate

throughput (bytes/sec)
+------------------------+----------+----------+----------+----------+----------+----------+
|                   dst  |   MAIN   |  G-VRAM  |  T-VRAM  |   SPR    |   PCG    |   SRAM   |
|                        | 0x1ffd88 | 0xc00200 | 0xe00200 | 0xeb0200 | 0xeb8200 | 0xed3a00 |
|  src                   |~0x1fff87 |~0xc003ff |~0xe003ff |~0xeb03ff |~0xeb83ff |~0xed3bff |
+------------------------+----------+----------+----------+----------+----------+----------+
| MAIN  0x1fff88~0x200187|  1622016 |  1581056 |  1585152 |   872448 |  1028096 |  1495040 |
|G-VRAM 0xc00000~0xc001ff|  1585152 |  1581056 |  1581056 |   864256 |  1007616 |  1462272 |
|T-VRAM 0xe00000~0xe001ff|  1585152 |  1585152 |  1576960 |   864256 |  1007616 |  1462272 |
| SPR   0xeb0000~0xeb01ff|  1007616 |   978944 |   974848 |   724992 |   688128 |   872448 |
| PCG   0xeb8000~0xeb81ff|  1064960 |  1044480 |  1040384 |   643072 |   745472 |  1003520 |
| SRAM  0xed3800~0xed39ff|  1486848 |  1466368 |  1466368 |   876544 |   872448 |  1404928 |
|CGROM  0xf00000~0xf001ff|  1486848 |  1466368 |  1466368 |   876544 |   872448 |  1404928 |
|IPLROM 0xfe0000~0xfe01ff|  1486848 |  1466368 |  1466368 |   876544 |   872448 |  1404928 |
+------------------------+----------+----------+----------+----------+----------+----------+


testCase 10/39

CRTMOD(13) 512x512 65536color 1plane 15kHz
SP BG disp on (by $EB0808)
T-VRAM buffer
G-VRAM display
memcpyByDma Maximum-rate

throughput (bytes/sec)
+------------------------+----------+----------+----------+----------+----------+----------+
|                   dst  |   MAIN   |  G-VRAM  |  T-VRAM  |   SPR    |   PCG    |   SRAM   |
|                        | 0x1ffd88 | 0xc00200 | 0xe00200 | 0xeb0200 | 0xeb8200 | 0xed3a00 |
|  src                   |~0x1fff87 |~0xc003ff |~0xe003ff |~0xeb03ff |~0xeb83ff |~0xed3bff |
+------------------------+----------+----------+----------+----------+----------+----------+
| MAIN  0x1fff88~0x200187|  1622016 |  1581056 |  1617920 |   745472 |   983040 |  1499136 |
|G-VRAM 0xc00000~0xc001ff|  1585152 |  1581056 |  1581056 |   733184 |   987136 |  1466368 |
|T-VRAM 0xe00000~0xe001ff|  1589248 |  1585152 |  1593344 |   741376 |   987136 |  1503232 |
| SPR   0xeb0000~0xeb01ff|   937984 |   921600 |   933888 |   569344 |   569344 |   737280 |
| PCG   0xeb8000~0xeb81ff|  1040384 |  1040384 |  1044480 |   569344 |   565248 |   741376 |
| SRAM  0xed3800~0xed39ff|  1486848 |  1466368 |  1499136 |   741376 |   569344 |  1400832 |
|CGROM  0xf00000~0xf001ff|  1486848 |  1466368 |  1499136 |   741376 |   569344 |  1400832 |
|IPLROM 0xfe0000~0xfe01ff|  1486848 |  1466368 |  1499136 |   741376 |   569344 |  1400832 |
+------------------------+----------+----------+----------+----------+----------+----------+


testCase 11/39

CRTMOD(13) 512x512 65536color 1plane 15kHz
SP BG disp on (by $EB0808)
T-VRAM display
G-VRAM buffer
memcpyByDma Maximum-rate

throughput (bytes/sec)
+------------------------+----------+----------+----------+----------+----------+----------+
|                   dst  |   MAIN   |  G-VRAM  |  T-VRAM  |   SPR    |   PCG    |   SRAM   |
|                        | 0x1ffd88 | 0xc00200 | 0xe00200 | 0xeb0200 | 0xeb8200 | 0xed3a00 |
|  src                   |~0x1fff87 |~0xc003ff |~0xe003ff |~0xeb03ff |~0xeb83ff |~0xed3bff |
+------------------------+----------+----------+----------+----------+----------+----------+
| MAIN  0x1fff88~0x200187|  1622016 |  1617920 |  1581056 |   741376 |   987136 |  1499136 |
|G-VRAM 0xc00000~0xc001ff|  1589248 |  1593344 |  1585152 |   741376 |   987136 |  1503232 |
|T-VRAM 0xe00000~0xe001ff|  1585152 |  1585152 |  1576960 |   733184 |   987136 |  1466368 |
| SPR   0xeb0000~0xeb01ff|   937984 |   937984 |   917504 |   569344 |   569344 |   741376 |
| PCG   0xeb8000~0xeb81ff|  1040384 |  1044480 |  1040384 |   569344 |   565248 |   741376 |
| SRAM  0xed3800~0xed39ff|  1486848 |  1499136 |  1466368 |   741376 |   569344 |  1400832 |
|CGROM  0xf00000~0xf001ff|  1486848 |  1499136 |  1466368 |   741376 |   569344 |  1400832 |
|IPLROM 0xfe0000~0xfe01ff|  1486848 |  1499136 |  1466368 |   741376 |   569344 |  1400832 |
+------------------------+----------+----------+----------+----------+----------+----------+


testCase 12/39

CRTMOD(13) 512x512 65536color 1plane 15kHz
SP BG disp on (by $EB0808)
T-VRAM display
G-VRAM display
memcpyByDma Limited-rate LiteCsrPolling

throughput (bytes/sec)
+------------------------+----------+----------+----------+----------+----------+----------+
|                   dst  |   MAIN   |  G-VRAM  |  T-VRAM  |   SPR    |   PCG    |   SRAM   |
|                        | 0x1ffd88 | 0xc00200 | 0xe00200 | 0xeb0200 | 0xeb8200 | 0xed3a00 |
|  src                   |~0x1fff87 |~0xc003ff |~0xe003ff |~0xeb03ff |~0xeb83ff |~0xed3bff |
+------------------------+----------+----------+----------+----------+----------+----------+
| MAIN  0x1fff88~0x200187|   712704 |   741376 |   741376 |   303104 |   299008 |   442368 |
|G-VRAM 0xc00000~0xc001ff|   733184 |   737280 |   761856 |   294912 |   299008 |   442368 |
|T-VRAM 0xe00000~0xe001ff|   733184 |   761856 |   737280 |   294912 |   299008 |   442368 |
| SPR   0xeb0000~0xeb01ff|   303104 |   299008 |   299008 |   188416 |   155648 |   303104 |
| PCG   0xeb8000~0xeb81ff|   303104 |   299008 |   299008 |   184320 |   176128 |   290816 |
| SRAM  0xed3800~0xed39ff|   446464 |   442368 |   442368 |   299008 |   266240 |   442368 |
|CGROM  0xf00000~0xf001ff|   446464 |   442368 |   442368 |   299008 |   266240 |   442368 |
|IPLROM 0xfe0000~0xfe01ff|   446464 |   442368 |   442368 |   299008 |   266240 |   442368 |
+------------------------+----------+----------+----------+----------+----------+----------+


testCase 13/39

CRTMOD(13) 512x512 65536color 1plane 15kHz
SP BG disp off (by $EB0808)
T-VRAM display
G-VRAM display
memcpyByDma Limited-rate LiteCsrPolling

throughput (bytes/sec)
+------------------------+----------+----------+----------+----------+----------+----------+
|                   dst  |   MAIN   |  G-VRAM  |  T-VRAM  |   SPR    |   PCG    |   SRAM   |
|                        | 0x1ffd88 | 0xc00200 | 0xe00200 | 0xeb0200 | 0xeb8200 | 0xed3a00 |
|  src                   |~0x1fff87 |~0xc003ff |~0xe003ff |~0xeb03ff |~0xeb83ff |~0xed3bff |
+------------------------+----------+----------+----------+----------+----------+----------+
| MAIN  0x1fff88~0x200187|   712704 |   741376 |   741376 |   303104 |   299008 |   446464 |
|G-VRAM 0xc00000~0xc001ff|   733184 |   737280 |   757760 |   303104 |   299008 |   442368 |
|T-VRAM 0xe00000~0xe001ff|   733184 |   761856 |   733184 |   303104 |   299008 |   442368 |
| SPR   0xeb0000~0xeb01ff|   303104 |   299008 |   303104 |   299008 |   299008 |   299008 |
| PCG   0xeb8000~0xeb81ff|   303104 |   299008 |   303104 |   299008 |   299008 |   303104 |
| SRAM  0xed3800~0xed39ff|   446464 |   442368 |   442368 |   299008 |   303104 |   442368 |
|CGROM  0xf00000~0xf001ff|   446464 |   442368 |   442368 |   299008 |   303104 |   442368 |
|IPLROM 0xfe0000~0xfe01ff|   446464 |   442368 |   442368 |   299008 |   303104 |   442368 |
+------------------------+----------+----------+----------+----------+----------+----------+


testCase 14/39

CRTMOD(13) 512x512 65536color 1plane 15kHz
SP BG disp on (by $EB0808)
T-VRAM buffer
G-VRAM display
memcpyByDma Limited-rate LiteCsrPolling

throughput (bytes/sec)
+------------------------+----------+----------+----------+----------+----------+----------+
|                   dst  |   MAIN   |  G-VRAM  |  T-VRAM  |   SPR    |   PCG    |   SRAM   |
|                        | 0x1ffd88 | 0xc00200 | 0xe00200 | 0xeb0200 | 0xeb8200 | 0xed3a00 |
|  src                   |~0x1fff87 |~0xc003ff |~0xe003ff |~0xeb03ff |~0xeb83ff |~0xed3bff |
+------------------------+----------+----------+----------+----------+----------+----------+
| MAIN  0x1fff88~0x200187|   712704 |   741376 |   716800 |   299008 |   303104 |   442368 |
|G-VRAM 0xc00000~0xc001ff|   733184 |   737280 |   741376 |   299008 |   299008 |   438272 |
|T-VRAM 0xe00000~0xe001ff|   659456 |   745472 |   659456 |   299008 |   299008 |   446464 |
| SPR   0xeb0000~0xeb01ff|   303104 |   299008 |   299008 |   188416 |   159744 |   294912 |
| PCG   0xeb8000~0xeb81ff|   303104 |   299008 |   299008 |   184320 |   172032 |   294912 |
| SRAM  0xed3800~0xed39ff|   446464 |   442368 |   446464 |   299008 |   266240 |   438272 |
|CGROM  0xf00000~0xf001ff|   446464 |   442368 |   446464 |   299008 |   266240 |   442368 |
|IPLROM 0xfe0000~0xfe01ff|   446464 |   442368 |   446464 |   299008 |   266240 |   442368 |
+------------------------+----------+----------+----------+----------+----------+----------+


testCase 15/39

CRTMOD(13) 512x512 65536color 1plane 15kHz
SP BG disp on (by $EB0808)
T-VRAM display
G-VRAM buffer
memcpyByDma Limited-rate LiteCsrPolling

throughput (bytes/sec)
+------------------------+----------+----------+----------+----------+----------+----------+
|                   dst  |   MAIN   |  G-VRAM  |  T-VRAM  |   SPR    |   PCG    |   SRAM   |
|                        | 0x1ffd88 | 0xc00200 | 0xe00200 | 0xeb0200 | 0xeb8200 | 0xed3a00 |
|  src                   |~0x1fff87 |~0xc003ff |~0xe003ff |~0xeb03ff |~0xeb83ff |~0xed3bff |
+------------------------+----------+----------+----------+----------+----------+----------+
| MAIN  0x1fff88~0x200187|   712704 |   712704 |   741376 |   303104 |   299008 |   442368 |
|G-VRAM 0xc00000~0xc001ff|   659456 |   655360 |   745472 |   303104 |   299008 |   442368 |
|T-VRAM 0xe00000~0xe001ff|   733184 |   745472 |   737280 |   294912 |   303104 |   438272 |
| SPR   0xeb0000~0xeb01ff|   303104 |   299008 |   299008 |   188416 |   159744 |   294912 |
| PCG   0xeb8000~0xeb81ff|   303104 |   299008 |   299008 |   184320 |   172032 |   299008 |
| SRAM  0xed3800~0xed39ff|   446464 |   446464 |   442368 |   299008 |   266240 |   442368 |
|CGROM  0xf00000~0xf001ff|   446464 |   446464 |   442368 |   299008 |   266240 |   442368 |
|IPLROM 0xfe0000~0xfe01ff|   446464 |   446464 |   442368 |   299008 |   266240 |   442368 |
+------------------------+----------+----------+----------+----------+----------+----------+


testCase 16/39

CRTMOD(13) 512x512 65536color 1plane 15kHz
SP BG disp on (by $EB0808)
T-VRAM display
G-VRAM display
memcpyByDma Limited-rate FullCsrPolling

throughput (bytes/sec)
+------------------------+----------+----------+----------+----------+----------+----------+
|                   dst  |   MAIN   |  G-VRAM  |  T-VRAM  |   SPR    |   PCG    |   SRAM   |
|                        | 0x1ffd88 | 0xc00200 | 0xe00200 | 0xeb0200 | 0xeb8200 | 0xed3a00 |
|  src                   |~0x1fff87 |~0xc003ff |~0xe003ff |~0xeb03ff |~0xeb83ff |~0xed3bff |
+------------------------+----------+----------+----------+----------+----------+----------+
| MAIN  0x1fff88~0x200187|   724992 |   741376 |   745472 |   303104 |   299008 |   458752 |
|G-VRAM 0xc00000~0xc001ff|   729088 |   741376 |   753664 |   299008 |   299008 |   450560 |
|T-VRAM 0xe00000~0xe001ff|   733184 |   753664 |   737280 |   299008 |   299008 |   450560 |
| SPR   0xeb0000~0xeb01ff|   303104 |   299008 |   303104 |   176128 |   159744 |   299008 |
| PCG   0xeb8000~0xeb81ff|   303104 |   299008 |   303104 |   176128 |   172032 |   290816 |
| SRAM  0xed3800~0xed39ff|   462848 |   450560 |   450560 |   303104 |   270336 |   471040 |
|CGROM  0xf00000~0xf001ff|   462848 |   450560 |   450560 |   303104 |   270336 |   471040 |
|IPLROM 0xfe0000~0xfe01ff|   462848 |   450560 |   450560 |   303104 |   270336 |   471040 |
+------------------------+----------+----------+----------+----------+----------+----------+


testCase 17/39

CRTMOD(13) 512x512 65536color 1plane 15kHz
SP BG disp off (by $EB0808)
T-VRAM display
G-VRAM display
memcpyByDma Limited-rate FullCsrPolling

throughput (bytes/sec)
+------------------------+----------+----------+----------+----------+----------+----------+
|                   dst  |   MAIN   |  G-VRAM  |  T-VRAM  |   SPR    |   PCG    |   SRAM   |
|                        | 0x1ffd88 | 0xc00200 | 0xe00200 | 0xeb0200 | 0xeb8200 | 0xed3a00 |
|  src                   |~0x1fff87 |~0xc003ff |~0xe003ff |~0xeb03ff |~0xeb83ff |~0xed3bff |
+------------------------+----------+----------+----------+----------+----------+----------+
| MAIN  0x1fff88~0x200187|   724992 |   741376 |   741376 |   303104 |   303104 |   458752 |
|G-VRAM 0xc00000~0xc001ff|   733184 |   737280 |   757760 |   299008 |   303104 |   450560 |
|T-VRAM 0xe00000~0xe001ff|   729088 |   757760 |   741376 |   303104 |   299008 |   450560 |
| SPR   0xeb0000~0xeb01ff|   303104 |   303104 |   303104 |   299008 |   299008 |   303104 |
| PCG   0xeb8000~0xeb81ff|   303104 |   303104 |   303104 |   299008 |   303104 |   299008 |
| SRAM  0xed3800~0xed39ff|   462848 |   450560 |   450560 |   303104 |   303104 |   466944 |
|CGROM  0xf00000~0xf001ff|   462848 |   450560 |   450560 |   303104 |   303104 |   466944 |
|IPLROM 0xfe0000~0xfe01ff|   462848 |   450560 |   450560 |   303104 |   303104 |   466944 |
+------------------------+----------+----------+----------+----------+----------+----------+


testCase 18/39

CRTMOD(13) 512x512 65536color 1plane 15kHz
SP BG disp on (by $EB0808)
T-VRAM buffer
G-VRAM display
memcpyByDma Limited-rate FullCsrPolling

throughput (bytes/sec)
+------------------------+----------+----------+----------+----------+----------+----------+
|                   dst  |   MAIN   |  G-VRAM  |  T-VRAM  |   SPR    |   PCG    |   SRAM   |
|                        | 0x1ffd88 | 0xc00200 | 0xe00200 | 0xeb0200 | 0xeb8200 | 0xed3a00 |
|  src                   |~0x1fff87 |~0xc003ff |~0xe003ff |~0xeb03ff |~0xeb83ff |~0xed3bff |
+------------------------+----------+----------+----------+----------+----------+----------+
| MAIN  0x1fff88~0x200187|   724992 |   741376 |   716800 |   303104 |   299008 |   458752 |
|G-VRAM 0xc00000~0xc001ff|   733184 |   737280 |   749568 |   299008 |   299008 |   450560 |
|T-VRAM 0xe00000~0xe001ff|   659456 |   749568 |   647168 |   303104 |   299008 |   458752 |
| SPR   0xeb0000~0xeb01ff|   303104 |   299008 |   303104 |   176128 |   159744 |   299008 |
| PCG   0xeb8000~0xeb81ff|   303104 |   299008 |   303104 |   176128 |   172032 |   294912 |
| SRAM  0xed3800~0xed39ff|   462848 |   450560 |   458752 |   303104 |   270336 |   475136 |
|CGROM  0xf00000~0xf001ff|   462848 |   450560 |   458752 |   303104 |   270336 |   471040 |
|IPLROM 0xfe0000~0xfe01ff|   462848 |   450560 |   458752 |   303104 |   270336 |   475136 |
+------------------------+----------+----------+----------+----------+----------+----------+


testCase 19/39

CRTMOD(13) 512x512 65536color 1plane 15kHz
SP BG disp on (by $EB0808)
T-VRAM display
G-VRAM buffer
memcpyByDma Limited-rate FullCsrPolling

throughput (bytes/sec)
+------------------------+----------+----------+----------+----------+----------+----------+
|                   dst  |   MAIN   |  G-VRAM  |  T-VRAM  |   SPR    |   PCG    |   SRAM   |
|                        | 0x1ffd88 | 0xc00200 | 0xe00200 | 0xeb0200 | 0xeb8200 | 0xed3a00 |
|  src                   |~0x1fff87 |~0xc003ff |~0xe003ff |~0xeb03ff |~0xeb83ff |~0xed3bff |
+------------------------+----------+----------+----------+----------+----------+----------+
| MAIN  0x1fff88~0x200187|   724992 |   712704 |   745472 |   303104 |   299008 |   458752 |
|G-VRAM 0xc00000~0xc001ff|   659456 |   647168 |   749568 |   303104 |   299008 |   458752 |
|T-VRAM 0xe00000~0xe001ff|   733184 |   749568 |   737280 |   299008 |   299008 |   450560 |
| SPR   0xeb0000~0xeb01ff|   303104 |   303104 |   299008 |   176128 |   159744 |   299008 |
| PCG   0xeb8000~0xeb81ff|   303104 |   299008 |   303104 |   176128 |   172032 |   294912 |
| SRAM  0xed3800~0xed39ff|   462848 |   458752 |   450560 |   303104 |   270336 |   475136 |
|CGROM  0xf00000~0xf001ff|   462848 |   458752 |   454656 |   299008 |   274432 |   471040 |
|IPLROM 0xfe0000~0xfe01ff|   462848 |   458752 |   450560 |   303104 |   270336 |   475136 |
+------------------------+----------+----------+----------+----------+----------+----------+


testCase 20/39

CRTMOD(12) 512x512 65536color 1plane 31kHz
SP BG disp on (by $EB0808)
T-VRAM display
G-VRAM display
memcpyByU8 (ideal throughput is 454545 bytes/sec @10MHz)

throughput (bytes/sec)
+------------------------+----------+----------+----------+----------+----------+----------+
|                   dst  |   MAIN   |  G-VRAM  |  T-VRAM  |   SPR    |   PCG    |   SRAM   |
|                        | 0x1ffd88 | 0xc00200 | 0xe00200 | 0xeb0200 | 0xeb8200 | 0xed3a00 |
|  src                   |~0x1fff87 |~0xc003ff |~0xe003ff |~0xeb03ff |~0xeb83ff |~0xed3bff |
+------------------------+----------+----------+----------+----------+----------+----------+
| MAIN  0x1fff88~0x200187|   442368 |   413696 |   413696 |   356352 |   356352 |   425984 |
|G-VRAM 0xc00000~0xc001ff|   413696 |   397312 |   401408 |   348160 |   344064 |   405504 |
|T-VRAM 0xe00000~0xe001ff|   413696 |   401408 |   397312 |   348160 |   344064 |   405504 |
| SPR   0xeb0000~0xeb01ff|   356352 |   348160 |   344064 |   282624 |   286720 |   356352 |
| PCG   0xeb8000~0xeb81ff|   356352 |   348160 |   344064 |   286720 |   278528 |   356352 |
| SRAM  0xed3800~0xed39ff|   430080 |   405504 |   405504 |   356352 |   356352 |   405504 |
|CGROM  0xf00000~0xf001ff|   430080 |   405504 |   405504 |   356352 |   356352 |   405504 |
|IPLROM 0xfe0000~0xfe01ff|   430080 |   405504 |   405504 |   356352 |   356352 |   405504 |
+------------------------+----------+----------+----------+----------+----------+----------+


testCase 21/39

CRTMOD(12) 512x512 65536color 1plane 31kHz
SP BG disp off (by $EB0808)
T-VRAM display
G-VRAM display
memcpyByU8 (ideal throughput is 454545 bytes/sec @10MHz)

throughput (bytes/sec)
+------------------------+----------+----------+----------+----------+----------+----------+
|                   dst  |   MAIN   |  G-VRAM  |  T-VRAM  |   SPR    |   PCG    |   SRAM   |
|                        | 0x1ffd88 | 0xc00200 | 0xe00200 | 0xeb0200 | 0xeb8200 | 0xed3a00 |
|  src                   |~0x1fff87 |~0xc003ff |~0xe003ff |~0xeb03ff |~0xeb83ff |~0xed3bff |
+------------------------+----------+----------+----------+----------+----------+----------+
| MAIN  0x1fff88~0x200187|   442368 |   413696 |   413696 |   376832 |   376832 |   425984 |
|G-VRAM 0xc00000~0xc001ff|   413696 |   397312 |   401408 |   348160 |   356352 |   405504 |
|T-VRAM 0xe00000~0xe001ff|   413696 |   401408 |   397312 |   348160 |   356352 |   405504 |
| SPR   0xeb0000~0xeb01ff|   376832 |   348160 |   344064 |   315392 |   331776 |   352256 |
| PCG   0xeb8000~0xeb81ff|   376832 |   360448 |   356352 |   331776 |   319488 |   368640 |
| SRAM  0xed3800~0xed39ff|   430080 |   405504 |   405504 |   356352 |   364544 |   405504 |
|CGROM  0xf00000~0xf001ff|   430080 |   405504 |   405504 |   356352 |   364544 |   405504 |
|IPLROM 0xfe0000~0xfe01ff|   430080 |   405504 |   405504 |   356352 |   364544 |   405504 |
+------------------------+----------+----------+----------+----------+----------+----------+


testCase 22/39

CRTMOD(12) 512x512 65536color 1plane 31kHz
SP BG disp on (by $EB0808)
T-VRAM buffer
G-VRAM display
memcpyByU8 (ideal throughput is 454545 bytes/sec @10MHz)

throughput (bytes/sec)
+------------------------+----------+----------+----------+----------+----------+----------+
|                   dst  |   MAIN   |  G-VRAM  |  T-VRAM  |   SPR    |   PCG    |   SRAM   |
|                        | 0x1ffd88 | 0xc00200 | 0xe00200 | 0xeb0200 | 0xeb8200 | 0xed3a00 |
|  src                   |~0x1fff87 |~0xc003ff |~0xe003ff |~0xeb03ff |~0xeb83ff |~0xed3bff |
+------------------------+----------+----------+----------+----------+----------+----------+
| MAIN  0x1fff88~0x200187|   442368 |   413696 |   425984 |   352256 |   356352 |   425984 |
|G-VRAM 0xc00000~0xc001ff|   413696 |   397312 |   401408 |   348160 |   344064 |   405504 |
|T-VRAM 0xe00000~0xe001ff|   421888 |   405504 |   405504 |   352256 |   356352 |   409600 |
| SPR   0xeb0000~0xeb01ff|   356352 |   348160 |   352256 |   286720 |   286720 |   352256 |
| PCG   0xeb8000~0xeb81ff|   356352 |   348160 |   352256 |   286720 |   278528 |   356352 |
| SRAM  0xed3800~0xed39ff|   430080 |   405504 |   405504 |   356352 |   352256 |   409600 |
|CGROM  0xf00000~0xf001ff|   430080 |   405504 |   405504 |   356352 |   352256 |   409600 |
|IPLROM 0xfe0000~0xfe01ff|   430080 |   405504 |   405504 |   356352 |   352256 |   409600 |
+------------------------+----------+----------+----------+----------+----------+----------+


testCase 23/39

CRTMOD(12) 512x512 65536color 1plane 31kHz
SP BG disp on (by $EB0808)
T-VRAM display
G-VRAM buffer
memcpyByU8 (ideal throughput is 454545 bytes/sec @10MHz)

throughput (bytes/sec)
+------------------------+----------+----------+----------+----------+----------+----------+
|                   dst  |   MAIN   |  G-VRAM  |  T-VRAM  |   SPR    |   PCG    |   SRAM   |
|                        | 0x1ffd88 | 0xc00200 | 0xe00200 | 0xeb0200 | 0xeb8200 | 0xed3a00 |
|  src                   |~0x1fff87 |~0xc003ff |~0xe003ff |~0xeb03ff |~0xeb83ff |~0xed3bff |
+------------------------+----------+----------+----------+----------+----------+----------+
| MAIN  0x1fff88~0x200187|   442368 |   421888 |   417792 |   352256 |   356352 |   425984 |
|G-VRAM 0xc00000~0xc001ff|   421888 |   401408 |   409600 |   352256 |   356352 |   409600 |
|T-VRAM 0xe00000~0xe001ff|   413696 |   401408 |   397312 |   344064 |   348160 |   405504 |
| SPR   0xeb0000~0xeb01ff|   356352 |   356352 |   344064 |   286720 |   286720 |   352256 |
| PCG   0xeb8000~0xeb81ff|   356352 |   356352 |   344064 |   286720 |   278528 |   356352 |
| SRAM  0xed3800~0xed39ff|   430080 |   405504 |   405504 |   356352 |   352256 |   409600 |
|CGROM  0xf00000~0xf001ff|   430080 |   405504 |   405504 |   356352 |   352256 |   409600 |
|IPLROM 0xfe0000~0xfe01ff|   430080 |   405504 |   405504 |   356352 |   352256 |   409600 |
+------------------------+----------+----------+----------+----------+----------+----------+


testCase 24/39

CRTMOD(12) 512x512 65536color 1plane 31kHz
SP BG disp on (by $EB0808)
T-VRAM display
G-VRAM display
memcpyByMovem (ideal throughput is 2081301 bytes/sec @10MHz)

throughput (bytes/sec)
+------------------------+----------+----------+----------+----------+----------+----------+
|                   dst  |   MAIN   |  G-VRAM  |  T-VRAM  |   SPR    |   PCG    |   SRAM   |
|                        | 0x1ffd88 | 0xc00200 | 0xe00200 | 0xeb0200 | 0xeb8200 | 0xed3a00 |
|  src                   |~0x1fff87 |~0xc003ff |~0xe003ff |~0xeb03ff |~0xeb83ff |~0xed3bff |
+------------------------+----------+----------+----------+----------+----------+----------+
| MAIN  0x1fff88~0x200187|  1986560 |  1789952 |  1789952 |  1236992 |  1187840 |  1826816 |
|G-VRAM 0xc00000~0xc001ff|  1781760 |  1605632 |  1609728 |  1142784 |  1110016 |  1650688 |
|T-VRAM 0xe00000~0xe001ff|  1781760 |  1605632 |  1609728 |  1142784 |  1110016 |  1650688 |
| SPR   0xeb0000~0xeb01ff|  1241088 |  1150976 |  1150976 |   897024 |   876544 |  1171456 |
| PCG   0xeb8000~0xeb81ff|  1245184 |  1142784 |  1146880 |   901120 |   868352 |  1171456 |
| SRAM  0xed3800~0xed39ff|  1818624 |  1654784 |  1650688 |  1167360 |  1122304 |  1691648 |
|CGROM  0xf00000~0xf001ff|  1818624 |  1654784 |  1650688 |  1167360 |  1122304 |  1691648 |
|IPLROM 0xfe0000~0xfe01ff|  1818624 |  1654784 |  1650688 |  1167360 |  1122304 |  1691648 |
+------------------------+----------+----------+----------+----------+----------+----------+


testCase 25/39

CRTMOD(12) 512x512 65536color 1plane 31kHz
SP BG disp off (by $EB0808)
T-VRAM display
G-VRAM display
memcpyByMovem (ideal throughput is 2081301 bytes/sec @10MHz)

throughput (bytes/sec)
+------------------------+----------+----------+----------+----------+----------+----------+
|                   dst  |   MAIN   |  G-VRAM  |  T-VRAM  |   SPR    |   PCG    |   SRAM   |
|                        | 0x1ffd88 | 0xc00200 | 0xe00200 | 0xeb0200 | 0xeb8200 | 0xed3a00 |
|  src                   |~0x1fff87 |~0xc003ff |~0xe003ff |~0xeb03ff |~0xeb83ff |~0xed3bff |
+------------------------+----------+----------+----------+----------+----------+----------+
| MAIN  0x1fff88~0x200187|  1986560 |  1789952 |  1789952 |  1376256 |  1470464 |  1826816 |
|G-VRAM 0xc00000~0xc001ff|  1781760 |  1605632 |  1609728 |  1265664 |  1343488 |  1650688 |
|T-VRAM 0xe00000~0xe001ff|  1781760 |  1605632 |  1609728 |  1265664 |  1343488 |  1650688 |
| SPR   0xeb0000~0xeb01ff|  1368064 |  1257472 |  1261568 |  1044480 |  1101824 |  1286144 |
| PCG   0xeb8000~0xeb81ff|  1454080 |  1335296 |  1339392 |  1097728 |  1134592 |  1363968 |
| SRAM  0xed3800~0xed39ff|  1818624 |  1654784 |  1650688 |  1294336 |  1376256 |  1691648 |
|CGROM  0xf00000~0xf001ff|  1818624 |  1654784 |  1650688 |  1294336 |  1376256 |  1691648 |
|IPLROM 0xfe0000~0xfe01ff|  1818624 |  1654784 |  1650688 |  1290240 |  1380352 |  1691648 |
+------------------------+----------+----------+----------+----------+----------+----------+


testCase 26/39

CRTMOD(12) 512x512 65536color 1plane 31kHz
SP BG disp on (by $EB0808)
T-VRAM buffer
G-VRAM display
memcpyByMovem (ideal throughput is 2081301 bytes/sec @10MHz)

throughput (bytes/sec)
+------------------------+----------+----------+----------+----------+----------+----------+
|                   dst  |   MAIN   |  G-VRAM  |  T-VRAM  |   SPR    |   PCG    |   SRAM   |
|                        | 0x1ffd88 | 0xc00200 | 0xe00200 | 0xeb0200 | 0xeb8200 | 0xed3a00 |
|  src                   |~0x1fff87 |~0xc003ff |~0xe003ff |~0xeb03ff |~0xeb83ff |~0xed3bff |
+------------------------+----------+----------+----------+----------+----------+----------+
| MAIN  0x1fff88~0x200187|  1986560 |  1789952 |  1806336 |  1236992 |  1187840 |  1826816 |
|G-VRAM 0xc00000~0xc001ff|  1781760 |  1605632 |  1634304 |  1142784 |  1110016 |  1650688 |
|T-VRAM 0xe00000~0xe001ff|  1794048 |  1630208 |  1642496 |  1159168 |  1118208 |  1662976 |
| SPR   0xeb0000~0xeb01ff|  1241088 |  1150976 |  1155072 |   897024 |   876544 |  1175552 |
| PCG   0xeb8000~0xeb81ff|  1245184 |  1142784 |  1142784 |   901120 |   868352 |  1167360 |
| SRAM  0xed3800~0xed39ff|  1818624 |  1654784 |  1662976 |  1167360 |  1122304 |  1691648 |
|CGROM  0xf00000~0xf001ff|  1818624 |  1654784 |  1662976 |  1167360 |  1122304 |  1691648 |
|IPLROM 0xfe0000~0xfe01ff|  1818624 |  1654784 |  1662976 |  1167360 |  1122304 |  1691648 |
+------------------------+----------+----------+----------+----------+----------+----------+


testCase 27/39

CRTMOD(12) 512x512 65536color 1plane 31kHz
SP BG disp on (by $EB0808)
T-VRAM display
G-VRAM buffer
memcpyByMovem (ideal throughput is 2081301 bytes/sec @10MHz)

throughput (bytes/sec)
+------------------------+----------+----------+----------+----------+----------+----------+
|                   dst  |   MAIN   |  G-VRAM  |  T-VRAM  |   SPR    |   PCG    |   SRAM   |
|                        | 0x1ffd88 | 0xc00200 | 0xe00200 | 0xeb0200 | 0xeb8200 | 0xed3a00 |
|  src                   |~0x1fff87 |~0xc003ff |~0xe003ff |~0xeb03ff |~0xeb83ff |~0xed3bff |
+------------------------+----------+----------+----------+----------+----------+----------+
| MAIN  0x1fff88~0x200187|  1986560 |  1806336 |  1789952 |  1236992 |  1187840 |  1826816 |
|G-VRAM 0xc00000~0xc001ff|  1794048 |  1642496 |  1630208 |  1159168 |  1118208 |  1662976 |
|T-VRAM 0xe00000~0xe001ff|  1781760 |  1634304 |  1605632 |  1142784 |  1110016 |  1650688 |
| SPR   0xeb0000~0xeb01ff|  1236992 |  1159168 |  1150976 |   897024 |   876544 |  1171456 |
| PCG   0xeb8000~0xeb81ff|  1245184 |  1138688 |  1146880 |   901120 |   868352 |  1167360 |
| SRAM  0xed3800~0xed39ff|  1818624 |  1667072 |  1650688 |  1167360 |  1122304 |  1691648 |
|CGROM  0xf00000~0xf001ff|  1818624 |  1667072 |  1650688 |  1167360 |  1122304 |  1691648 |
|IPLROM 0xfe0000~0xfe01ff|  1818624 |  1667072 |  1650688 |  1167360 |  1122304 |  1691648 |
+------------------------+----------+----------+----------+----------+----------+----------+


testCase 28/39

CRTMOD(12) 512x512 65536color 1plane 31kHz
SP BG disp on (by $EB0808)
T-VRAM display
G-VRAM display
memcpyByDma Maximum-rate

throughput (bytes/sec)
+------------------------+----------+----------+----------+----------+----------+----------+
|                   dst  |   MAIN   |  G-VRAM  |  T-VRAM  |   SPR    |   PCG    |   SRAM   |
|                        | 0x1ffd88 | 0xc00200 | 0xe00200 | 0xeb0200 | 0xeb8200 | 0xed3a00 |
|  src                   |~0x1fff87 |~0xc003ff |~0xe003ff |~0xeb03ff |~0xeb83ff |~0xed3bff |
+------------------------+----------+----------+----------+----------+----------+----------+
| MAIN  0x1fff88~0x200187|  1622016 |  1568768 |  1568768 |  1196032 |  1228800 |  1499136 |
|G-VRAM 0xc00000~0xc001ff|  1572864 |  1560576 |  1568768 |  1175552 |  1200128 |  1462272 |
|T-VRAM 0xe00000~0xe001ff|  1572864 |  1564672 |  1564672 |  1171456 |  1200128 |  1466368 |
| SPR   0xeb0000~0xeb01ff|  1232896 |  1200128 |  1200128 |   872448 |   868352 |  1138688 |
| PCG   0xeb8000~0xeb81ff|  1232896 |  1200128 |  1200128 |   868352 |   679936 |  1228800 |
| SRAM  0xed3800~0xed39ff|  1486848 |  1466368 |  1462272 |  1024000 |   966656 |  1400832 |
|CGROM  0xf00000~0xf001ff|  1486848 |  1466368 |  1462272 |  1024000 |   966656 |  1400832 |
|IPLROM 0xfe0000~0xfe01ff|  1486848 |  1466368 |  1462272 |  1024000 |   966656 |  1400832 |
+------------------------+----------+----------+----------+----------+----------+----------+


testCase 29/39

CRTMOD(12) 512x512 65536color 1plane 31kHz
SP BG disp off (by $EB0808)
T-VRAM display
G-VRAM display
memcpyByDma Maximum-rate

throughput (bytes/sec)
+------------------------+----------+----------+----------+----------+----------+----------+
|                   dst  |   MAIN   |  G-VRAM  |  T-VRAM  |   SPR    |   PCG    |   SRAM   |
|                        | 0x1ffd88 | 0xc00200 | 0xe00200 | 0xeb0200 | 0xeb8200 | 0xed3a00 |
|  src                   |~0x1fff87 |~0xc003ff |~0xe003ff |~0xeb03ff |~0xeb83ff |~0xed3bff |
+------------------------+----------+----------+----------+----------+----------+----------+
| MAIN  0x1fff88~0x200187|  1622016 |  1568768 |  1568768 |  1228800 |  1228800 |  1499136 |
|G-VRAM 0xc00000~0xc001ff|  1572864 |  1560576 |  1568768 |  1200128 |  1200128 |  1462272 |
|T-VRAM 0xe00000~0xe001ff|  1572864 |  1564672 |  1564672 |  1200128 |  1200128 |  1462272 |
| SPR   0xeb0000~0xeb01ff|  1232896 |  1200128 |  1204224 |   946176 |  1011712 |  1208320 |
| PCG   0xeb8000~0xeb81ff|  1335296 |  1294336 |  1290240 |   950272 |  1028096 |  1241088 |
| SRAM  0xed3800~0xed39ff|  1486848 |  1466368 |  1462272 |  1126400 |  1134592 |  1400832 |
|CGROM  0xf00000~0xf001ff|  1486848 |  1466368 |  1462272 |  1126400 |  1134592 |  1400832 |
|IPLROM 0xfe0000~0xfe01ff|  1486848 |  1466368 |  1462272 |  1126400 |  1134592 |  1400832 |
+------------------------+----------+----------+----------+----------+----------+----------+


testCase 30/39

CRTMOD(12) 512x512 65536color 1plane 31kHz
SP BG disp on (by $EB0808)
T-VRAM buffer
G-VRAM display
memcpyByDma Maximum-rate

throughput (bytes/sec)
+------------------------+----------+----------+----------+----------+----------+----------+
|                   dst  |   MAIN   |  G-VRAM  |  T-VRAM  |   SPR    |   PCG    |   SRAM   |
|                        | 0x1ffd88 | 0xc00200 | 0xe00200 | 0xeb0200 | 0xeb8200 | 0xed3a00 |
|  src                   |~0x1fff87 |~0xc003ff |~0xe003ff |~0xeb03ff |~0xeb83ff |~0xed3bff |
+------------------------+----------+----------+----------+----------+----------+----------+
| MAIN  0x1fff88~0x200187|  1622016 |  1568768 |  1617920 |  1196032 |  1228800 |  1499136 |
|G-VRAM 0xc00000~0xc001ff|  1572864 |  1560576 |  1568768 |  1175552 |  1196032 |  1466368 |
|T-VRAM 0xe00000~0xe001ff|  1589248 |  1572864 |  1589248 |  1200128 |  1228800 |  1499136 |
| SPR   0xeb0000~0xeb01ff|  1232896 |  1200128 |  1228800 |   872448 |   868352 |  1138688 |
| PCG   0xeb8000~0xeb81ff|  1232896 |  1200128 |  1228800 |   872448 |   675840 |  1228800 |
| SRAM  0xed3800~0xed39ff|  1486848 |  1466368 |  1499136 |  1024000 |   966656 |  1400832 |
|CGROM  0xf00000~0xf001ff|  1486848 |  1466368 |  1499136 |  1024000 |   966656 |  1400832 |
|IPLROM 0xfe0000~0xfe01ff|  1486848 |  1466368 |  1499136 |  1024000 |   966656 |  1400832 |
+------------------------+----------+----------+----------+----------+----------+----------+


testCase 31/39

CRTMOD(12) 512x512 65536color 1plane 31kHz
SP BG disp on (by $EB0808)
T-VRAM display
G-VRAM buffer
memcpyByDma Maximum-rate

throughput (bytes/sec)
+------------------------+----------+----------+----------+----------+----------+----------+
|                   dst  |   MAIN   |  G-VRAM  |  T-VRAM  |   SPR    |   PCG    |   SRAM   |
|                        | 0x1ffd88 | 0xc00200 | 0xe00200 | 0xeb0200 | 0xeb8200 | 0xed3a00 |
|  src                   |~0x1fff87 |~0xc003ff |~0xe003ff |~0xeb03ff |~0xeb83ff |~0xed3bff |
+------------------------+----------+----------+----------+----------+----------+----------+
| MAIN  0x1fff88~0x200187|  1622016 |  1617920 |  1568768 |  1196032 |  1228800 |  1499136 |
|G-VRAM 0xc00000~0xc001ff|  1589248 |  1593344 |  1568768 |  1196032 |  1232896 |  1499136 |
|T-VRAM 0xe00000~0xe001ff|  1572864 |  1568768 |  1564672 |  1171456 |  1200128 |  1462272 |
| SPR   0xeb0000~0xeb01ff|  1232896 |  1228800 |  1200128 |   872448 |   868352 |  1138688 |
| PCG   0xeb8000~0xeb81ff|  1232896 |  1228800 |  1200128 |   872448 |   675840 |  1228800 |
| SRAM  0xed3800~0xed39ff|  1486848 |  1499136 |  1466368 |  1024000 |   966656 |  1400832 |
|CGROM  0xf00000~0xf001ff|  1486848 |  1499136 |  1466368 |  1024000 |   966656 |  1396736 |
|IPLROM 0xfe0000~0xfe01ff|  1486848 |  1499136 |  1466368 |  1024000 |   966656 |  1396736 |
+------------------------+----------+----------+----------+----------+----------+----------+


testCase 32/39

CRTMOD(12) 512x512 65536color 1plane 31kHz
SP BG disp on (by $EB0808)
T-VRAM display
G-VRAM display
memcpyByDma Limited-rate LiteCsrPolling

throughput (bytes/sec)
+------------------------+----------+----------+----------+----------+----------+----------+
|                   dst  |   MAIN   |  G-VRAM  |  T-VRAM  |   SPR    |   PCG    |   SRAM   |
|                        | 0x1ffd88 | 0xc00200 | 0xe00200 | 0xeb0200 | 0xeb8200 | 0xed3a00 |
|  src                   |~0x1fff87 |~0xc003ff |~0xe003ff |~0xeb03ff |~0xeb83ff |~0xed3bff |
+------------------------+----------+----------+----------+----------+----------+----------+
| MAIN  0x1fff88~0x200187|   712704 |   675840 |   675840 |   503808 |   499712 |   446464 |
|G-VRAM 0xc00000~0xc001ff|   671744 |   696320 |   688128 |   458752 |   475136 |   450560 |
|T-VRAM 0xe00000~0xe001ff|   671744 |   688128 |   696320 |   458752 |   475136 |   450560 |
| SPR   0xeb0000~0xeb01ff|   479232 |   446464 |   450560 |   299008 |   303104 |   479232 |
| PCG   0xeb8000~0xeb81ff|   495616 |   471040 |   471040 |   299008 |   299008 |   516096 |
| SRAM  0xed3800~0xed39ff|   446464 |   450560 |   450560 |   303104 |   303104 |   446464 |
|CGROM  0xf00000~0xf001ff|   446464 |   450560 |   450560 |   303104 |   303104 |   446464 |
|IPLROM 0xfe0000~0xfe01ff|   446464 |   450560 |   450560 |   303104 |   307200 |   442368 |
+------------------------+----------+----------+----------+----------+----------+----------+


testCase 33/39

CRTMOD(12) 512x512 65536color 1plane 31kHz
SP BG disp off (by $EB0808)
T-VRAM display
G-VRAM display
memcpyByDma Limited-rate LiteCsrPolling

throughput (bytes/sec)
+------------------------+----------+----------+----------+----------+----------+----------+
|                   dst  |   MAIN   |  G-VRAM  |  T-VRAM  |   SPR    |   PCG    |   SRAM   |
|                        | 0x1ffd88 | 0xc00200 | 0xe00200 | 0xeb0200 | 0xeb8200 | 0xed3a00 |
|  src                   |~0x1fff87 |~0xc003ff |~0xe003ff |~0xeb03ff |~0xeb83ff |~0xed3bff |
+------------------------+----------+----------+----------+----------+----------+----------+
| MAIN  0x1fff88~0x200187|   712704 |   675840 |   671744 |   512000 |   462848 |   446464 |
|G-VRAM 0xc00000~0xc001ff|   671744 |   696320 |   688128 |   462848 |   446464 |   450560 |
|T-VRAM 0xe00000~0xe001ff|   671744 |   688128 |   696320 |   462848 |   442368 |   450560 |
| SPR   0xeb0000~0xeb01ff|   462848 |   442368 |   442368 |   299008 |   303104 |   540672 |
| PCG   0xeb8000~0xeb81ff|   454656 |   438272 |   438272 |   303104 |   299008 |   466944 |
| SRAM  0xed3800~0xed39ff|   446464 |   450560 |   450560 |   577536 |   577536 |   446464 |
|CGROM  0xf00000~0xf001ff|   446464 |   450560 |   450560 |   577536 |   577536 |   446464 |
|IPLROM 0xfe0000~0xfe01ff|   446464 |   450560 |   450560 |   577536 |   577536 |   446464 |
+------------------------+----------+----------+----------+----------+----------+----------+


testCase 34/39

CRTMOD(12) 512x512 65536color 1plane 31kHz
SP BG disp on (by $EB0808)
T-VRAM buffer
G-VRAM display
memcpyByDma Limited-rate LiteCsrPolling

throughput (bytes/sec)
+------------------------+----------+----------+----------+----------+----------+----------+
|                   dst  |   MAIN   |  G-VRAM  |  T-VRAM  |   SPR    |   PCG    |   SRAM   |
|                        | 0x1ffd88 | 0xc00200 | 0xe00200 | 0xeb0200 | 0xeb8200 | 0xed3a00 |
|  src                   |~0x1fff87 |~0xc003ff |~0xe003ff |~0xeb03ff |~0xeb83ff |~0xed3bff |
+------------------------+----------+----------+----------+----------+----------+----------+
| MAIN  0x1fff88~0x200187|   712704 |   675840 |   712704 |   507904 |   499712 |   446464 |
|G-VRAM 0xc00000~0xc001ff|   671744 |   696320 |   675840 |   458752 |   475136 |   450560 |
|T-VRAM 0xe00000~0xe001ff|   659456 |   679936 |   655360 |   507904 |   499712 |   446464 |
| SPR   0xeb0000~0xeb01ff|   479232 |   450560 |   475136 |   299008 |   303104 |   475136 |
| PCG   0xeb8000~0xeb81ff|   495616 |   471040 |   495616 |   303104 |   299008 |   507904 |
| SRAM  0xed3800~0xed39ff|   446464 |   450560 |   446464 |   303104 |   303104 |   446464 |
|CGROM  0xf00000~0xf001ff|   446464 |   450560 |   446464 |   303104 |   303104 |   446464 |
|IPLROM 0xfe0000~0xfe01ff|   446464 |   450560 |   446464 |   303104 |   303104 |   446464 |
+------------------------+----------+----------+----------+----------+----------+----------+


testCase 35/39

CRTMOD(12) 512x512 65536color 1plane 31kHz
SP BG disp on (by $EB0808)
T-VRAM display
G-VRAM buffer
memcpyByDma Limited-rate LiteCsrPolling

throughput (bytes/sec)
+------------------------+----------+----------+----------+----------+----------+----------+
|                   dst  |   MAIN   |  G-VRAM  |  T-VRAM  |   SPR    |   PCG    |   SRAM   |
|                        | 0x1ffd88 | 0xc00200 | 0xe00200 | 0xeb0200 | 0xeb8200 | 0xed3a00 |
|  src                   |~0x1fff87 |~0xc003ff |~0xe003ff |~0xeb03ff |~0xeb83ff |~0xed3bff |
+------------------------+----------+----------+----------+----------+----------+----------+
| MAIN  0x1fff88~0x200187|   712704 |   712704 |   675840 |   503808 |   503808 |   442368 |
|G-VRAM 0xc00000~0xc001ff|   659456 |   659456 |   675840 |   507904 |   499712 |   446464 |
|T-VRAM 0xe00000~0xe001ff|   671744 |   675840 |   700416 |   458752 |   475136 |   450560 |
| SPR   0xeb0000~0xeb01ff|   479232 |   475136 |   450560 |   299008 |   303104 |   479232 |
| PCG   0xeb8000~0xeb81ff|   495616 |   495616 |   471040 |   299008 |   303104 |   507904 |
| SRAM  0xed3800~0xed39ff|   446464 |   446464 |   450560 |   303104 |   303104 |   446464 |
|CGROM  0xf00000~0xf001ff|   446464 |   446464 |   450560 |   303104 |   303104 |   446464 |
|IPLROM 0xfe0000~0xfe01ff|   446464 |   446464 |   450560 |   303104 |   303104 |   446464 |
+------------------------+----------+----------+----------+----------+----------+----------+


testCase 36/39

CRTMOD(12) 512x512 65536color 1plane 31kHz
SP BG disp on (by $EB0808)
T-VRAM display
G-VRAM display
memcpyByDma Limited-rate FullCsrPolling

throughput (bytes/sec)
+------------------------+----------+----------+----------+----------+----------+----------+
|                   dst  |   MAIN   |  G-VRAM  |  T-VRAM  |   SPR    |   PCG    |   SRAM   |
|                        | 0x1ffd88 | 0xc00200 | 0xe00200 | 0xeb0200 | 0xeb8200 | 0xed3a00 |
|  src                   |~0x1fff87 |~0xc003ff |~0xe003ff |~0xeb03ff |~0xeb83ff |~0xed3bff |
+------------------------+----------+----------+----------+----------+----------+----------+
| MAIN  0x1fff88~0x200187|   720896 |   688128 |   688128 |   507904 |   512000 |   458752 |
|G-VRAM 0xc00000~0xc001ff|   679936 |   720896 |   704512 |   462848 |   487424 |   462848 |
|T-VRAM 0xe00000~0xe001ff|   679936 |   704512 |   720896 |   462848 |   483328 |   466944 |
| SPR   0xeb0000~0xeb01ff|   532480 |   479232 |   475136 |   303104 |   303104 |   471040 |
| PCG   0xeb8000~0xeb81ff|   507904 |   487424 |   487424 |   303104 |   299008 |   524288 |
| SRAM  0xed3800~0xed39ff|   462848 |   462848 |   466944 |   303104 |   303104 |   471040 |
|CGROM  0xf00000~0xf001ff|   462848 |   462848 |   466944 |   303104 |   303104 |   471040 |
|IPLROM 0xfe0000~0xfe01ff|   462848 |   462848 |   466944 |   303104 |   303104 |   471040 |
+------------------------+----------+----------+----------+----------+----------+----------+


testCase 37/39

CRTMOD(12) 512x512 65536color 1plane 31kHz
SP BG disp off (by $EB0808)
T-VRAM display
G-VRAM display
memcpyByDma Limited-rate FullCsrPolling

throughput (bytes/sec)
+------------------------+----------+----------+----------+----------+----------+----------+
|                   dst  |   MAIN   |  G-VRAM  |  T-VRAM  |   SPR    |   PCG    |   SRAM   |
|                        | 0x1ffd88 | 0xc00200 | 0xe00200 | 0xeb0200 | 0xeb8200 | 0xed3a00 |
|  src                   |~0x1fff87 |~0xc003ff |~0xe003ff |~0xeb03ff |~0xeb83ff |~0xed3bff |
+------------------------+----------+----------+----------+----------+----------+----------+
| MAIN  0x1fff88~0x200187|   724992 |   684032 |   688128 |   552960 |   536576 |   458752 |
|G-VRAM 0xc00000~0xc001ff|   679936 |   720896 |   704512 |   487424 |   487424 |   462848 |
|T-VRAM 0xe00000~0xe001ff|   679936 |   704512 |   720896 |   487424 |   483328 |   466944 |
| SPR   0xeb0000~0xeb01ff|   532480 |   483328 |   479232 |   303104 |   303104 |   565248 |
| PCG   0xeb8000~0xeb81ff|   516096 |   479232 |   479232 |   303104 |   303104 |   548864 |
| SRAM  0xed3800~0xed39ff|   462848 |   462848 |   466944 |   516096 |   565248 |   475136 |
|CGROM  0xf00000~0xf001ff|   462848 |   462848 |   466944 |   512000 |   569344 |   475136 |
|IPLROM 0xfe0000~0xfe01ff|   462848 |   462848 |   466944 |   512000 |   569344 |   471040 |
+------------------------+----------+----------+----------+----------+----------+----------+


testCase 38/39

CRTMOD(12) 512x512 65536color 1plane 31kHz
SP BG disp on (by $EB0808)
T-VRAM buffer
G-VRAM display
memcpyByDma Limited-rate FullCsrPolling

throughput (bytes/sec)
+------------------------+----------+----------+----------+----------+----------+----------+
|                   dst  |   MAIN   |  G-VRAM  |  T-VRAM  |   SPR    |   PCG    |   SRAM   |
|                        | 0x1ffd88 | 0xc00200 | 0xe00200 | 0xeb0200 | 0xeb8200 | 0xed3a00 |
|  src                   |~0x1fff87 |~0xc003ff |~0xe003ff |~0xeb03ff |~0xeb83ff |~0xed3bff |
+------------------------+----------+----------+----------+----------+----------+----------+
| MAIN  0x1fff88~0x200187|   724992 |   684032 |   716800 |   512000 |   507904 |   458752 |
|G-VRAM 0xc00000~0xc001ff|   679936 |   720896 |   692224 |   458752 |   487424 |   462848 |
|T-VRAM 0xe00000~0xe001ff|   659456 |   692224 |   647168 |   507904 |   516096 |   454656 |
| SPR   0xeb0000~0xeb01ff|   532480 |   479232 |   536576 |   303104 |   299008 |   475136 |
| PCG   0xeb8000~0xeb81ff|   507904 |   487424 |   516096 |   303104 |   299008 |   524288 |
| SRAM  0xed3800~0xed39ff|   462848 |   462848 |   462848 |   303104 |   303104 |   471040 |
|CGROM  0xf00000~0xf001ff|   462848 |   462848 |   462848 |   303104 |   303104 |   471040 |
|IPLROM 0xfe0000~0xfe01ff|   462848 |   462848 |   462848 |   303104 |   303104 |   471040 |
+------------------------+----------+----------+----------+----------+----------+----------+


testCase 39/39

CRTMOD(12) 512x512 65536color 1plane 31kHz
SP BG disp on (by $EB0808)
T-VRAM display
G-VRAM buffer
memcpyByDma Limited-rate FullCsrPolling

throughput (bytes/sec)
+------------------------+----------+----------+----------+----------+----------+----------+
|                   dst  |   MAIN   |  G-VRAM  |  T-VRAM  |   SPR    |   PCG    |   SRAM   |
|                        | 0x1ffd88 | 0xc00200 | 0xe00200 | 0xeb0200 | 0xeb8200 | 0xed3a00 |
|  src                   |~0x1fff87 |~0xc003ff |~0xe003ff |~0xeb03ff |~0xeb83ff |~0xed3bff |
+------------------------+----------+----------+----------+----------+----------+----------+
| MAIN  0x1fff88~0x200187|   724992 |   712704 |   688128 |   507904 |   512000 |   458752 |
|G-VRAM 0xc00000~0xc001ff|   651264 |   647168 |   688128 |   512000 |   512000 |   458752 |
|T-VRAM 0xe00000~0xe001ff|   679936 |   692224 |   720896 |   462848 |   483328 |   462848 |
| SPR   0xeb0000~0xeb01ff|   532480 |   536576 |   479232 |   303104 |   299008 |   475136 |
| PCG   0xeb8000~0xeb81ff|   507904 |   516096 |   487424 |   303104 |   303104 |   516096 |
| SRAM  0xed3800~0xed39ff|   462848 |   458752 |   466944 |   303104 |   303104 |   471040 |
|CGROM  0xf00000~0xf001ff|   462848 |   458752 |   466944 |   303104 |   303104 |   471040 |
|IPLROM 0xfe0000~0xfe01ff|   462848 |   458752 |   466944 |   303104 |   303104 |   471040 |
+------------------------+----------+----------+----------+----------+----------+----------+

