build settings
	ENABLE_SRAM_WRITE 0
	BUILD Feb 15 2023, CRC32 243A6D96
	ARG
		-mode 1
		-case (not specified)
		-br 1 (Limited-rate DMA band-width ratio 25%)
		-bt 3 (Limited-rate DMA burst time 128 cycles)


testCase 0/39

CRTMOD(13) 512x512 65536color 1plane 15kHz
SP BG disp on (by $EB0808)
T-VRAM display
G-VRAM display
memcpyByU8 (ideal throughput is 454545 bytes/sec @10MHz)

throughput (bytes/sec)
+------------------------+----------+----------+----------+----------+----------+----------+
|                   dst  |   MAIN   |  G-VRAM  |  T-VRAM  |   SPR    |   PCG    |   SRAM   |
|                        | 0x1ffd88 | 0xc00200 | 0xe00200 | 0xeb0200 | 0xeb8200 | 0xed3a00 |
|  src                   |~0x1fff87 |~0xc003ff |~0xe003ff |~0xeb03ff |~0xeb83ff |~0xed3bff |
+------------------------+----------+----------+----------+----------+----------+----------+
| MAIN  0x1fff88~0x200187|   442368 |   413696 |   413696 |   290816 |   294912 |   421888 |
|G-VRAM 0xc00000~0xc001ff|   413696 |   397312 |   397312 |   286720 |   290816 |   397312 |
|T-VRAM 0xe00000~0xe001ff|   413696 |   397312 |   397312 |   286720 |   290816 |   397312 |
| SPR   0xeb0000~0xeb01ff|   290816 |   286720 |   286720 |   212992 |   200704 |   286720 |
| PCG   0xeb8000~0xeb81ff|   294912 |   290816 |   290816 |   200704 |   200704 |   290816 |
| SRAM  0xed3800~0xed39ff|   430080 |   397312 |   397312 |   286720 |   290816 |   405504 |
|CGROM  0xf00000~0xf001ff|   430080 |   397312 |   397312 |   286720 |   290816 |   405504 |
|IPLROM 0xfe0000~0xfe01ff|   430080 |   397312 |   397312 |   286720 |   290816 |   405504 |
+------------------------+----------+----------+----------+----------+----------+----------+


testCase 1/39

CRTMOD(13) 512x512 65536color 1plane 15kHz
SP BG disp off (by $EB0808)
T-VRAM display
G-VRAM display
memcpyByU8 (ideal throughput is 454545 bytes/sec @10MHz)

throughput (bytes/sec)
+------------------------+----------+----------+----------+----------+----------+----------+
|                   dst  |   MAIN   |  G-VRAM  |  T-VRAM  |   SPR    |   PCG    |   SRAM   |
|                        | 0x1ffd88 | 0xc00200 | 0xe00200 | 0xeb0200 | 0xeb8200 | 0xed3a00 |
|  src                   |~0x1fff87 |~0xc003ff |~0xe003ff |~0xeb03ff |~0xeb83ff |~0xed3bff |
+------------------------+----------+----------+----------+----------+----------+----------+
| MAIN  0x1fff88~0x200187|   442368 |   413696 |   413696 |   307200 |   339968 |   421888 |
|G-VRAM 0xc00000~0xc001ff|   413696 |   397312 |   397312 |   294912 |   299008 |   397312 |
|T-VRAM 0xe00000~0xe001ff|   413696 |   397312 |   397312 |   294912 |   299008 |   397312 |
| SPR   0xeb0000~0xeb01ff|   311296 |   294912 |   294912 |   249856 |   241664 |   299008 |
| PCG   0xeb8000~0xeb81ff|   339968 |   303104 |   303104 |   262144 |   266240 |   307200 |
| SRAM  0xed3800~0xed39ff|   430080 |   397312 |   397312 |   299008 |   303104 |   409600 |
|CGROM  0xf00000~0xf001ff|   430080 |   397312 |   397312 |   299008 |   303104 |   409600 |
|IPLROM 0xfe0000~0xfe01ff|   430080 |   397312 |   397312 |   299008 |   303104 |   409600 |
+------------------------+----------+----------+----------+----------+----------+----------+


testCase 2/39

CRTMOD(13) 512x512 65536color 1plane 15kHz
SP BG disp on (by $EB0808)
T-VRAM buffer
G-VRAM display
memcpyByU8 (ideal throughput is 454545 bytes/sec @10MHz)

throughput (bytes/sec)
+------------------------+----------+----------+----------+----------+----------+----------+
|                   dst  |   MAIN   |  G-VRAM  |  T-VRAM  |   SPR    |   PCG    |   SRAM   |
|                        | 0x1ffd88 | 0xc00200 | 0xe00200 | 0xeb0200 | 0xeb8200 | 0xed3a00 |
|  src                   |~0x1fff87 |~0xc003ff |~0xe003ff |~0xeb03ff |~0xeb83ff |~0xed3bff |
+------------------------+----------+----------+----------+----------+----------+----------+
| MAIN  0x1fff88~0x200187|   442368 |   413696 |   425984 |   286720 |   294912 |   425984 |
|G-VRAM 0xc00000~0xc001ff|   413696 |   397312 |   397312 |   286720 |   290816 |   397312 |
|T-VRAM 0xe00000~0xe001ff|   421888 |   397312 |   401408 |   286720 |   286720 |   405504 |
| SPR   0xeb0000~0xeb01ff|   290816 |   286720 |   282624 |   212992 |   204800 |   282624 |
| PCG   0xeb8000~0xeb81ff|   294912 |   290816 |   286720 |   200704 |   204800 |   286720 |
| SRAM  0xed3800~0xed39ff|   430080 |   397312 |   405504 |   286720 |   290816 |   405504 |
|CGROM  0xf00000~0xf001ff|   430080 |   397312 |   405504 |   286720 |   290816 |   405504 |
|IPLROM 0xfe0000~0xfe01ff|   430080 |   397312 |   405504 |   286720 |   290816 |   405504 |
+------------------------+----------+----------+----------+----------+----------+----------+


testCase 3/39

CRTMOD(13) 512x512 65536color 1plane 15kHz
SP BG disp on (by $EB0808)
T-VRAM display
G-VRAM buffer
memcpyByU8 (ideal throughput is 454545 bytes/sec @10MHz)

throughput (bytes/sec)
+------------------------+----------+----------+----------+----------+----------+----------+
|                   dst  |   MAIN   |  G-VRAM  |  T-VRAM  |   SPR    |   PCG    |   SRAM   |
|                        | 0x1ffd88 | 0xc00200 | 0xe00200 | 0xeb0200 | 0xeb8200 | 0xed3a00 |
|  src                   |~0x1fff87 |~0xc003ff |~0xe003ff |~0xeb03ff |~0xeb83ff |~0xed3bff |
+------------------------+----------+----------+----------+----------+----------+----------+
| MAIN  0x1fff88~0x200187|   442368 |   421888 |   417792 |   286720 |   294912 |   425984 |
|G-VRAM 0xc00000~0xc001ff|   421888 |   401408 |   397312 |   286720 |   286720 |   405504 |
|T-VRAM 0xe00000~0xe001ff|   413696 |   397312 |   397312 |   286720 |   290816 |   397312 |
| SPR   0xeb0000~0xeb01ff|   290816 |   282624 |   286720 |   212992 |   204800 |   282624 |
| PCG   0xeb8000~0xeb81ff|   294912 |   286720 |   290816 |   200704 |   204800 |   286720 |
| SRAM  0xed3800~0xed39ff|   430080 |   405504 |   397312 |   286720 |   290816 |   405504 |
|CGROM  0xf00000~0xf001ff|   430080 |   405504 |   397312 |   286720 |   290816 |   405504 |
|IPLROM 0xfe0000~0xfe01ff|   430080 |   405504 |   397312 |   286720 |   290816 |   405504 |
+------------------------+----------+----------+----------+----------+----------+----------+


testCase 4/39

CRTMOD(13) 512x512 65536color 1plane 15kHz
SP BG disp on (by $EB0808)
T-VRAM display
G-VRAM display
memcpyByMovem (ideal throughput is 2081301 bytes/sec @10MHz)

throughput (bytes/sec)
+------------------------+----------+----------+----------+----------+----------+----------+
|                   dst  |   MAIN   |  G-VRAM  |  T-VRAM  |   SPR    |   PCG    |   SRAM   |
|                        | 0x1ffd88 | 0xc00200 | 0xe00200 | 0xeb0200 | 0xeb8200 | 0xed3a00 |
|  src                   |~0x1fff87 |~0xc003ff |~0xe003ff |~0xeb03ff |~0xeb83ff |~0xed3bff |
+------------------------+----------+----------+----------+----------+----------+----------+
| MAIN  0x1fff88~0x200187|  1986560 |  1798144 |  1798144 |   897024 |   888832 |  1822720 |
|G-VRAM 0xc00000~0xc001ff|  1785856 |  1626112 |  1626112 |   847872 |   847872 |  1654784 |
|T-VRAM 0xe00000~0xe001ff|  1785856 |  1626112 |  1626112 |   847872 |   847872 |  1654784 |
| SPR   0xeb0000~0xeb01ff|   864256 |   827392 |   827392 |   565248 |   569344 |   831488 |
| PCG   0xeb8000~0xeb81ff|   856064 |   827392 |   823296 |   565248 |   552960 |   831488 |
| SRAM  0xed3800~0xed39ff|  1818624 |  1654784 |  1654784 |   856064 |   851968 |  1691648 |
|CGROM  0xf00000~0xf001ff|  1818624 |  1654784 |  1654784 |   856064 |   851968 |  1691648 |
|IPLROM 0xfe0000~0xfe01ff|  1818624 |  1654784 |  1650688 |   856064 |   856064 |  1683456 |
+------------------------+----------+----------+----------+----------+----------+----------+


testCase 5/39

CRTMOD(13) 512x512 65536color 1plane 15kHz
SP BG disp off (by $EB0808)
T-VRAM display
G-VRAM display
memcpyByMovem (ideal throughput is 2081301 bytes/sec @10MHz)

throughput (bytes/sec)
+------------------------+----------+----------+----------+----------+----------+----------+
|                   dst  |   MAIN   |  G-VRAM  |  T-VRAM  |   SPR    |   PCG    |   SRAM   |
|                        | 0x1ffd88 | 0xc00200 | 0xe00200 | 0xeb0200 | 0xeb8200 | 0xed3a00 |
|  src                   |~0x1fff87 |~0xc003ff |~0xe003ff |~0xeb03ff |~0xeb83ff |~0xed3bff |
+------------------------+----------+----------+----------+----------+----------+----------+
| MAIN  0x1fff88~0x200187|  1986560 |  1798144 |  1802240 |  1089536 |  1101824 |  1822720 |
|G-VRAM 0xc00000~0xc001ff|  1785856 |  1626112 |  1626112 |  1024000 |  1019904 |  1654784 |
|T-VRAM 0xe00000~0xe001ff|  1785856 |  1626112 |  1626112 |  1024000 |  1019904 |  1654784 |
| SPR   0xeb0000~0xeb01ff|  1060864 |  1015808 |  1011712 |   741376 |   737280 |  1015808 |
| PCG   0xeb8000~0xeb81ff|  1069056 |  1019904 |  1015808 |   741376 |   741376 |  1015808 |
| SRAM  0xed3800~0xed39ff|  1818624 |  1654784 |  1654784 |  1036288 |  1040384 |  1691648 |
|CGROM  0xf00000~0xf001ff|  1818624 |  1654784 |  1654784 |  1036288 |  1040384 |  1691648 |
|IPLROM 0xfe0000~0xfe01ff|  1818624 |  1654784 |  1654784 |  1036288 |  1040384 |  1691648 |
+------------------------+----------+----------+----------+----------+----------+----------+


testCase 6/39

CRTMOD(13) 512x512 65536color 1plane 15kHz
SP BG disp on (by $EB0808)
T-VRAM buffer
G-VRAM display
memcpyByMovem (ideal throughput is 2081301 bytes/sec @10MHz)

throughput (bytes/sec)
+------------------------+----------+----------+----------+----------+----------+----------+
|                   dst  |   MAIN   |  G-VRAM  |  T-VRAM  |   SPR    |   PCG    |   SRAM   |
|                        | 0x1ffd88 | 0xc00200 | 0xe00200 | 0xeb0200 | 0xeb8200 | 0xed3a00 |
|  src                   |~0x1fff87 |~0xc003ff |~0xe003ff |~0xeb03ff |~0xeb83ff |~0xed3bff |
+------------------------+----------+----------+----------+----------+----------+----------+
| MAIN  0x1fff88~0x200187|  1986560 |  1798144 |  1806336 |   897024 |   888832 |  1822720 |
|G-VRAM 0xc00000~0xc001ff|  1785856 |  1626112 |  1630208 |   847872 |   847872 |  1650688 |
|T-VRAM 0xe00000~0xe001ff|  1794048 |  1626112 |  1642496 |   856064 |   839680 |  1662976 |
| SPR   0xeb0000~0xeb01ff|   864256 |   827392 |   827392 |   569344 |   565248 |   831488 |
| PCG   0xeb8000~0xeb81ff|   856064 |   827392 |   831488 |   565248 |   552960 |   827392 |
| SRAM  0xed3800~0xed39ff|  1818624 |  1654784 |  1667072 |   856064 |   851968 |  1691648 |
|CGROM  0xf00000~0xf001ff|  1818624 |  1654784 |  1667072 |   856064 |   851968 |  1691648 |
|IPLROM 0xfe0000~0xfe01ff|  1818624 |  1654784 |  1667072 |   856064 |   851968 |  1691648 |
+------------------------+----------+----------+----------+----------+----------+----------+


testCase 7/39

CRTMOD(13) 512x512 65536color 1plane 15kHz
SP BG disp on (by $EB0808)
T-VRAM display
G-VRAM buffer
memcpyByMovem (ideal throughput is 2081301 bytes/sec @10MHz)

throughput (bytes/sec)
+------------------------+----------+----------+----------+----------+----------+----------+
|                   dst  |   MAIN   |  G-VRAM  |  T-VRAM  |   SPR    |   PCG    |   SRAM   |
|                        | 0x1ffd88 | 0xc00200 | 0xe00200 | 0xeb0200 | 0xeb8200 | 0xed3a00 |
|  src                   |~0x1fff87 |~0xc003ff |~0xe003ff |~0xeb03ff |~0xeb83ff |~0xed3bff |
+------------------------+----------+----------+----------+----------+----------+----------+
| MAIN  0x1fff88~0x200187|  1986560 |  1806336 |  1798144 |   897024 |   888832 |  1822720 |
|G-VRAM 0xc00000~0xc001ff|  1794048 |  1642496 |  1626112 |   856064 |   839680 |  1662976 |
|T-VRAM 0xe00000~0xe001ff|  1785856 |  1630208 |  1626112 |   847872 |   847872 |  1650688 |
| SPR   0xeb0000~0xeb01ff|   864256 |   831488 |   823296 |   569344 |   565248 |   831488 |
| PCG   0xeb8000~0xeb81ff|   856064 |   831488 |   823296 |   569344 |   548864 |   831488 |
| SRAM  0xed3800~0xed39ff|  1818624 |  1667072 |  1654784 |   856064 |   851968 |  1691648 |
|CGROM  0xf00000~0xf001ff|  1818624 |  1667072 |  1654784 |   856064 |   851968 |  1691648 |
|IPLROM 0xfe0000~0xfe01ff|  1818624 |  1667072 |  1654784 |   856064 |   851968 |  1691648 |
+------------------------+----------+----------+----------+----------+----------+----------+


testCase 8/39

CRTMOD(13) 512x512 65536color 1plane 15kHz
SP BG disp on (by $EB0808)
T-VRAM display
G-VRAM display
memcpyByDma Maximum-rate

throughput (bytes/sec)
+------------------------+----------+----------+----------+----------+----------+----------+
|                   dst  |   MAIN   |  G-VRAM  |  T-VRAM  |   SPR    |   PCG    |   SRAM   |
|                        | 0x1ffd88 | 0xc00200 | 0xe00200 | 0xeb0200 | 0xeb8200 | 0xed3a00 |
|  src                   |~0x1fff87 |~0xc003ff |~0xe003ff |~0xeb03ff |~0xeb83ff |~0xed3bff |
+------------------------+----------+----------+----------+----------+----------+----------+
| MAIN  0x1fff88~0x200187|  1622016 |  1581056 |  1585152 |   741376 |   978944 |  1499136 |
|G-VRAM 0xc00000~0xc001ff|  1585152 |  1581056 |  1581056 |   733184 |   978944 |  1466368 |
|T-VRAM 0xe00000~0xe001ff|  1585152 |  1585152 |  1576960 |   733184 |   978944 |  1466368 |
| SPR   0xeb0000~0xeb01ff|   925696 |   905216 |   909312 |   569344 |   565248 |   741376 |
| PCG   0xeb8000~0xeb81ff|  1040384 |  1040384 |  1040384 |   569344 |   569344 |   729088 |
| SRAM  0xed3800~0xed39ff|  1486848 |  1466368 |  1466368 |   741376 |   569344 |  1400832 |
|CGROM  0xf00000~0xf001ff|  1486848 |  1466368 |  1466368 |   741376 |   569344 |  1400832 |
|IPLROM 0xfe0000~0xfe01ff|  1486848 |  1466368 |  1466368 |   741376 |   569344 |  1400832 |
+------------------------+----------+----------+----------+----------+----------+----------+


testCase 9/39

CRTMOD(13) 512x512 65536color 1plane 15kHz
SP BG disp off (by $EB0808)
T-VRAM display
G-VRAM display
memcpyByDma Maximum-rate

throughput (bytes/sec)
+------------------------+----------+----------+----------+----------+----------+----------+
|                   dst  |   MAIN   |  G-VRAM  |  T-VRAM  |   SPR    |   PCG    |   SRAM   |
|                        | 0x1ffd88 | 0xc00200 | 0xe00200 | 0xeb0200 | 0xeb8200 | 0xed3a00 |
|  src                   |~0x1fff87 |~0xc003ff |~0xe003ff |~0xeb03ff |~0xeb83ff |~0xed3bff |
+------------------------+----------+----------+----------+----------+----------+----------+
| MAIN  0x1fff88~0x200187|  1622016 |  1581056 |  1585152 |   872448 |  1007616 |  1499136 |
|G-VRAM 0xc00000~0xc001ff|  1585152 |  1581056 |  1581056 |   864256 |   991232 |  1466368 |
|T-VRAM 0xe00000~0xe001ff|  1585152 |  1585152 |  1576960 |   864256 |   991232 |  1466368 |
| SPR   0xeb0000~0xeb01ff|  1007616 |   974848 |   978944 |   724992 |   684032 |   876544 |
| PCG   0xeb8000~0xeb81ff|  1064960 |  1044480 |  1040384 |   643072 |   741376 |  1007616 |
| SRAM  0xed3800~0xed39ff|  1486848 |  1466368 |  1466368 |   876544 |   872448 |  1404928 |
|CGROM  0xf00000~0xf001ff|  1486848 |  1466368 |  1466368 |   876544 |   872448 |  1404928 |
|IPLROM 0xfe0000~0xfe01ff|  1486848 |  1466368 |  1466368 |   876544 |   872448 |  1404928 |
+------------------------+----------+----------+----------+----------+----------+----------+


testCase 10/39

CRTMOD(13) 512x512 65536color 1plane 15kHz
SP BG disp on (by $EB0808)
T-VRAM buffer
G-VRAM display
memcpyByDma Maximum-rate

throughput (bytes/sec)
+------------------------+----------+----------+----------+----------+----------+----------+
|                   dst  |   MAIN   |  G-VRAM  |  T-VRAM  |   SPR    |   PCG    |   SRAM   |
|                        | 0x1ffd88 | 0xc00200 | 0xe00200 | 0xeb0200 | 0xeb8200 | 0xed3a00 |
|  src                   |~0x1fff87 |~0xc003ff |~0xe003ff |~0xeb03ff |~0xeb83ff |~0xed3bff |
+------------------------+----------+----------+----------+----------+----------+----------+
| MAIN  0x1fff88~0x200187|  1622016 |  1581056 |  1617920 |   741376 |   978944 |  1499136 |
|G-VRAM 0xc00000~0xc001ff|  1585152 |  1581056 |  1581056 |   733184 |   978944 |  1466368 |
|T-VRAM 0xe00000~0xe001ff|  1589248 |  1585152 |  1593344 |   741376 |   978944 |  1503232 |
| SPR   0xeb0000~0xeb01ff|   925696 |   905216 |   925696 |   569344 |   565248 |   745472 |
| PCG   0xeb8000~0xeb81ff|  1040384 |  1040384 |  1044480 |   569344 |   565248 |   733184 |
| SRAM  0xed3800~0xed39ff|  1486848 |  1466368 |  1499136 |   741376 |   569344 |  1400832 |
|CGROM  0xf00000~0xf001ff|  1486848 |  1466368 |  1499136 |   741376 |   569344 |  1400832 |
|IPLROM 0xfe0000~0xfe01ff|  1486848 |  1466368 |  1499136 |   741376 |   569344 |  1400832 |
+------------------------+----------+----------+----------+----------+----------+----------+


testCase 11/39

CRTMOD(13) 512x512 65536color 1plane 15kHz
SP BG disp on (by $EB0808)
T-VRAM display
G-VRAM buffer
memcpyByDma Maximum-rate

throughput (bytes/sec)
+------------------------+----------+----------+----------+----------+----------+----------+
|                   dst  |   MAIN   |  G-VRAM  |  T-VRAM  |   SPR    |   PCG    |   SRAM   |
|                        | 0x1ffd88 | 0xc00200 | 0xe00200 | 0xeb0200 | 0xeb8200 | 0xed3a00 |
|  src                   |~0x1fff87 |~0xc003ff |~0xe003ff |~0xeb03ff |~0xeb83ff |~0xed3bff |
+------------------------+----------+----------+----------+----------+----------+----------+
| MAIN  0x1fff88~0x200187|  1622016 |  1617920 |  1581056 |   745472 |   974848 |  1499136 |
|G-VRAM 0xc00000~0xc001ff|  1589248 |  1593344 |  1585152 |   741376 |   978944 |  1503232 |
|T-VRAM 0xe00000~0xe001ff|  1585152 |  1585152 |  1576960 |   733184 |   978944 |  1466368 |
| SPR   0xeb0000~0xeb01ff|   925696 |   925696 |   905216 |   569344 |   569344 |   737280 |
| PCG   0xeb8000~0xeb81ff|  1040384 |  1044480 |  1040384 |   569344 |   565248 |   733184 |
| SRAM  0xed3800~0xed39ff|  1486848 |  1499136 |  1466368 |   741376 |   569344 |  1400832 |
|CGROM  0xf00000~0xf001ff|  1486848 |  1499136 |  1466368 |   741376 |   569344 |  1400832 |
|IPLROM 0xfe0000~0xfe01ff|  1486848 |  1499136 |  1466368 |   741376 |   569344 |  1400832 |
+------------------------+----------+----------+----------+----------+----------+----------+


testCase 12/39

CRTMOD(13) 512x512 65536color 1plane 15kHz
SP BG disp on (by $EB0808)
T-VRAM display
G-VRAM display
memcpyByDma Limited-rate LiteCsrPolling

throughput (bytes/sec)
+------------------------+----------+----------+----------+----------+----------+----------+
|                   dst  |   MAIN   |  G-VRAM  |  T-VRAM  |   SPR    |   PCG    |   SRAM   |
|                        | 0x1ffd88 | 0xc00200 | 0xe00200 | 0xeb0200 | 0xeb8200 | 0xed3a00 |
|  src                   |~0x1fff87 |~0xc003ff |~0xe003ff |~0xeb03ff |~0xeb83ff |~0xed3bff |
+------------------------+----------+----------+----------+----------+----------+----------+
| MAIN  0x1fff88~0x200187|   360448 |   323584 |   319488 |   118784 |   155648 |   229376 |
|G-VRAM 0xc00000~0xc001ff|   327680 |   294912 |   294912 |   118784 |   155648 |   225280 |
|T-VRAM 0xe00000~0xe001ff|   327680 |   294912 |   294912 |   118784 |   155648 |   225280 |
| SPR   0xeb0000~0xeb01ff|   163840 |   155648 |   155648 |    86016 |    77824 |   118784 |
| PCG   0xeb8000~0xeb81ff|   159744 |   155648 |   155648 |    90112 |    81920 |   126976 |
| SRAM  0xed3800~0xed39ff|   233472 |   229376 |   225280 |   118784 |   114688 |   249856 |
|CGROM  0xf00000~0xf001ff|   233472 |   229376 |   225280 |   118784 |   114688 |   249856 |
|IPLROM 0xfe0000~0xfe01ff|   233472 |   229376 |   225280 |   118784 |   114688 |   249856 |
+------------------------+----------+----------+----------+----------+----------+----------+


testCase 13/39

CRTMOD(13) 512x512 65536color 1plane 15kHz
SP BG disp off (by $EB0808)
T-VRAM display
G-VRAM display
memcpyByDma Limited-rate LiteCsrPolling

throughput (bytes/sec)
+------------------------+----------+----------+----------+----------+----------+----------+
|                   dst  |   MAIN   |  G-VRAM  |  T-VRAM  |   SPR    |   PCG    |   SRAM   |
|                        | 0x1ffd88 | 0xc00200 | 0xe00200 | 0xeb0200 | 0xeb8200 | 0xed3a00 |
|  src                   |~0x1fff87 |~0xc003ff |~0xe003ff |~0xeb03ff |~0xeb83ff |~0xed3bff |
+------------------------+----------+----------+----------+----------+----------+----------+
| MAIN  0x1fff88~0x200187|   360448 |   323584 |   315392 |   200704 |   155648 |   229376 |
|G-VRAM 0xc00000~0xc001ff|   327680 |   294912 |   294912 |   180224 |   155648 |   225280 |
|T-VRAM 0xe00000~0xe001ff|   327680 |   294912 |   294912 |   176128 |   159744 |   225280 |
| SPR   0xeb0000~0xeb01ff|   155648 |   155648 |   155648 |   118784 |   114688 |   204800 |
| PCG   0xeb8000~0xeb81ff|   159744 |   155648 |   155648 |   114688 |   118784 |   151552 |
| SRAM  0xed3800~0xed39ff|   233472 |   229376 |   225280 |   221184 |   196608 |   249856 |
|CGROM  0xf00000~0xf001ff|   233472 |   229376 |   225280 |   221184 |   196608 |   249856 |
|IPLROM 0xfe0000~0xfe01ff|   233472 |   229376 |   225280 |   221184 |   196608 |   249856 |
+------------------------+----------+----------+----------+----------+----------+----------+


testCase 14/39

CRTMOD(13) 512x512 65536color 1plane 15kHz
SP BG disp on (by $EB0808)
T-VRAM buffer
G-VRAM display
memcpyByDma Limited-rate LiteCsrPolling

throughput (bytes/sec)
+------------------------+----------+----------+----------+----------+----------+----------+
|                   dst  |   MAIN   |  G-VRAM  |  T-VRAM  |   SPR    |   PCG    |   SRAM   |
|                        | 0x1ffd88 | 0xc00200 | 0xe00200 | 0xeb0200 | 0xeb8200 | 0xed3a00 |
|  src                   |~0x1fff87 |~0xc003ff |~0xe003ff |~0xeb03ff |~0xeb83ff |~0xed3bff |
+------------------------+----------+----------+----------+----------+----------+----------+
| MAIN  0x1fff88~0x200187|   360448 |   323584 |   352256 |   118784 |   155648 |   229376 |
|G-VRAM 0xc00000~0xc001ff|   327680 |   294912 |   319488 |   118784 |   155648 |   225280 |
|T-VRAM 0xe00000~0xe001ff|   409600 |   315392 |   405504 |   118784 |   155648 |   229376 |
| SPR   0xeb0000~0xeb01ff|   163840 |   155648 |   163840 |    86016 |    77824 |   114688 |
| PCG   0xeb8000~0xeb81ff|   159744 |   155648 |   155648 |    90112 |    81920 |   126976 |
| SRAM  0xed3800~0xed39ff|   233472 |   229376 |   229376 |   114688 |   118784 |   249856 |
|CGROM  0xf00000~0xf001ff|   233472 |   229376 |   229376 |   118784 |   114688 |   245760 |
|IPLROM 0xfe0000~0xfe01ff|   233472 |   229376 |   229376 |   114688 |   118784 |   245760 |
+------------------------+----------+----------+----------+----------+----------+----------+


testCase 15/39

CRTMOD(13) 512x512 65536color 1plane 15kHz
SP BG disp on (by $EB0808)
T-VRAM display
G-VRAM buffer
memcpyByDma Limited-rate LiteCsrPolling

throughput (bytes/sec)
+------------------------+----------+----------+----------+----------+----------+----------+
|                   dst  |   MAIN   |  G-VRAM  |  T-VRAM  |   SPR    |   PCG    |   SRAM   |
|                        | 0x1ffd88 | 0xc00200 | 0xe00200 | 0xeb0200 | 0xeb8200 | 0xed3a00 |
|  src                   |~0x1fff87 |~0xc003ff |~0xe003ff |~0xeb03ff |~0xeb83ff |~0xed3bff |
+------------------------+----------+----------+----------+----------+----------+----------+
| MAIN  0x1fff88~0x200187|   360448 |   356352 |   323584 |   114688 |   159744 |   229376 |
|G-VRAM 0xc00000~0xc001ff|   409600 |   405504 |   315392 |   118784 |   155648 |   229376 |
|T-VRAM 0xe00000~0xe001ff|   327680 |   319488 |   294912 |   118784 |   155648 |   225280 |
| SPR   0xeb0000~0xeb01ff|   163840 |   163840 |   155648 |    86016 |    77824 |   114688 |
| PCG   0xeb8000~0xeb81ff|   159744 |   155648 |   155648 |    90112 |    81920 |   126976 |
| SRAM  0xed3800~0xed39ff|   233472 |   229376 |   229376 |   114688 |   118784 |   245760 |
|CGROM  0xf00000~0xf001ff|   233472 |   229376 |   229376 |   114688 |   118784 |   245760 |
|IPLROM 0xfe0000~0xfe01ff|   233472 |   229376 |   229376 |   114688 |   118784 |   245760 |
+------------------------+----------+----------+----------+----------+----------+----------+


testCase 16/39

CRTMOD(13) 512x512 65536color 1plane 15kHz
SP BG disp on (by $EB0808)
T-VRAM display
G-VRAM display
memcpyByDma Limited-rate FullCsrPolling

throughput (bytes/sec)
+------------------------+----------+----------+----------+----------+----------+----------+
|                   dst  |   MAIN   |  G-VRAM  |  T-VRAM  |   SPR    |   PCG    |   SRAM   |
|                        | 0x1ffd88 | 0xc00200 | 0xe00200 | 0xeb0200 | 0xeb8200 | 0xed3a00 |
|  src                   |~0x1fff87 |~0xc003ff |~0xe003ff |~0xeb03ff |~0xeb83ff |~0xed3bff |
+------------------------+----------+----------+----------+----------+----------+----------+
| MAIN  0x1fff88~0x200187|   417792 |   380928 |   380928 |   118784 |   159744 |   258048 |
|G-VRAM 0xc00000~0xc001ff|   385024 |   372736 |   376832 |   118784 |   159744 |   245760 |
|T-VRAM 0xe00000~0xe001ff|   385024 |   376832 |   372736 |   118784 |   159744 |   245760 |
| SPR   0xeb0000~0xeb01ff|   172032 |   159744 |   163840 |    86016 |    77824 |   114688 |
| PCG   0xeb8000~0xeb81ff|   163840 |   159744 |   155648 |    90112 |    81920 |   126976 |
| SRAM  0xed3800~0xed39ff|   262144 |   245760 |   249856 |   118784 |   118784 |   339968 |
|CGROM  0xf00000~0xf001ff|   262144 |   249856 |   245760 |   118784 |   118784 |   335872 |
|IPLROM 0xfe0000~0xfe01ff|   262144 |   249856 |   245760 |   118784 |   118784 |   339968 |
+------------------------+----------+----------+----------+----------+----------+----------+


testCase 17/39

CRTMOD(13) 512x512 65536color 1plane 15kHz
SP BG disp off (by $EB0808)
T-VRAM display
G-VRAM display
memcpyByDma Limited-rate FullCsrPolling

throughput (bytes/sec)
+------------------------+----------+----------+----------+----------+----------+----------+
|                   dst  |   MAIN   |  G-VRAM  |  T-VRAM  |   SPR    |   PCG    |   SRAM   |
|                        | 0x1ffd88 | 0xc00200 | 0xe00200 | 0xeb0200 | 0xeb8200 | 0xed3a00 |
|  src                   |~0x1fff87 |~0xc003ff |~0xe003ff |~0xeb03ff |~0xeb83ff |~0xed3bff |
+------------------------+----------+----------+----------+----------+----------+----------+
| MAIN  0x1fff88~0x200187|   417792 |   380928 |   380928 |   221184 |   155648 |   262144 |
|G-VRAM 0xc00000~0xc001ff|   389120 |   372736 |   376832 |   188416 |   155648 |   249856 |
|T-VRAM 0xe00000~0xe001ff|   385024 |   376832 |   372736 |   188416 |   155648 |   245760 |
| SPR   0xeb0000~0xeb01ff|   159744 |   159744 |   163840 |   114688 |   118784 |   221184 |
| PCG   0xeb8000~0xeb81ff|   159744 |   155648 |   159744 |   122880 |   114688 |   159744 |
| SRAM  0xed3800~0xed39ff|   262144 |   245760 |   249856 |   225280 |   221184 |   344064 |
|CGROM  0xf00000~0xf001ff|   262144 |   245760 |   245760 |   229376 |   221184 |   344064 |
|IPLROM 0xfe0000~0xfe01ff|   262144 |   249856 |   245760 |   229376 |   221184 |   344064 |
+------------------------+----------+----------+----------+----------+----------+----------+


testCase 18/39

CRTMOD(13) 512x512 65536color 1plane 15kHz
SP BG disp on (by $EB0808)
T-VRAM buffer
G-VRAM display
memcpyByDma Limited-rate FullCsrPolling

throughput (bytes/sec)
+------------------------+----------+----------+----------+----------+----------+----------+
|                   dst  |   MAIN   |  G-VRAM  |  T-VRAM  |   SPR    |   PCG    |   SRAM   |
|                        | 0x1ffd88 | 0xc00200 | 0xe00200 | 0xeb0200 | 0xeb8200 | 0xed3a00 |
|  src                   |~0x1fff87 |~0xc003ff |~0xe003ff |~0xeb03ff |~0xeb83ff |~0xed3bff |
+------------------------+----------+----------+----------+----------+----------+----------+
| MAIN  0x1fff88~0x200187|   417792 |   380928 |   417792 |   118784 |   159744 |   258048 |
|G-VRAM 0xc00000~0xc001ff|   389120 |   372736 |   380928 |   118784 |   159744 |   241664 |
|T-VRAM 0xe00000~0xe001ff|   430080 |   380928 |   430080 |   118784 |   159744 |   253952 |
| SPR   0xeb0000~0xeb01ff|   172032 |   159744 |   167936 |    86016 |    77824 |   118784 |
| PCG   0xeb8000~0xeb81ff|   163840 |   159744 |   159744 |    86016 |    81920 |   131072 |
| SRAM  0xed3800~0xed39ff|   262144 |   245760 |   262144 |   118784 |   118784 |   339968 |
|CGROM  0xf00000~0xf001ff|   262144 |   245760 |   262144 |   118784 |   118784 |   344064 |
|IPLROM 0xfe0000~0xfe01ff|   262144 |   249856 |   258048 |   118784 |   118784 |   344064 |
+------------------------+----------+----------+----------+----------+----------+----------+


testCase 19/39

CRTMOD(13) 512x512 65536color 1plane 15kHz
SP BG disp on (by $EB0808)
T-VRAM display
G-VRAM buffer
memcpyByDma Limited-rate FullCsrPolling

throughput (bytes/sec)
+------------------------+----------+----------+----------+----------+----------+----------+
|                   dst  |   MAIN   |  G-VRAM  |  T-VRAM  |   SPR    |   PCG    |   SRAM   |
|                        | 0x1ffd88 | 0xc00200 | 0xe00200 | 0xeb0200 | 0xeb8200 | 0xed3a00 |
|  src                   |~0x1fff87 |~0xc003ff |~0xe003ff |~0xeb03ff |~0xeb83ff |~0xed3bff |
+------------------------+----------+----------+----------+----------+----------+----------+
| MAIN  0x1fff88~0x200187|   417792 |   417792 |   380928 |   118784 |   159744 |   258048 |
|G-VRAM 0xc00000~0xc001ff|   430080 |   425984 |   380928 |   118784 |   159744 |   253952 |
|T-VRAM 0xe00000~0xe001ff|   385024 |   380928 |   376832 |   118784 |   159744 |   241664 |
| SPR   0xeb0000~0xeb01ff|   172032 |   167936 |   163840 |    86016 |    77824 |   114688 |
| PCG   0xeb8000~0xeb81ff|   163840 |   159744 |   159744 |    86016 |    81920 |   131072 |
| SRAM  0xed3800~0xed39ff|   262144 |   266240 |   245760 |   118784 |   118784 |   339968 |
|CGROM  0xf00000~0xf001ff|   262144 |   262144 |   245760 |   118784 |   118784 |   344064 |
|IPLROM 0xfe0000~0xfe01ff|   262144 |   262144 |   245760 |   114688 |   122880 |   339968 |
+------------------------+----------+----------+----------+----------+----------+----------+


testCase 20/39

CRTMOD(12) 512x512 65536color 1plane 31kHz
SP BG disp on (by $EB0808)
T-VRAM display
G-VRAM display
memcpyByU8 (ideal throughput is 454545 bytes/sec @10MHz)

throughput (bytes/sec)
+------------------------+----------+----------+----------+----------+----------+----------+
|                   dst  |   MAIN   |  G-VRAM  |  T-VRAM  |   SPR    |   PCG    |   SRAM   |
|                        | 0x1ffd88 | 0xc00200 | 0xe00200 | 0xeb0200 | 0xeb8200 | 0xed3a00 |
|  src                   |~0x1fff87 |~0xc003ff |~0xe003ff |~0xeb03ff |~0xeb83ff |~0xed3bff |
+------------------------+----------+----------+----------+----------+----------+----------+
| MAIN  0x1fff88~0x200187|   442368 |   413696 |   413696 |   356352 |   356352 |   425984 |
|G-VRAM 0xc00000~0xc001ff|   413696 |   397312 |   401408 |   348160 |   344064 |   405504 |
|T-VRAM 0xe00000~0xe001ff|   413696 |   401408 |   397312 |   348160 |   344064 |   405504 |
| SPR   0xeb0000~0xeb01ff|   356352 |   348160 |   344064 |   282624 |   286720 |   356352 |
| PCG   0xeb8000~0xeb81ff|   356352 |   348160 |   344064 |   286720 |   278528 |   356352 |
| SRAM  0xed3800~0xed39ff|   430080 |   405504 |   405504 |   356352 |   356352 |   405504 |
|CGROM  0xf00000~0xf001ff|   430080 |   405504 |   405504 |   356352 |   356352 |   405504 |
|IPLROM 0xfe0000~0xfe01ff|   430080 |   405504 |   405504 |   356352 |   356352 |   405504 |
+------------------------+----------+----------+----------+----------+----------+----------+


testCase 21/39

CRTMOD(12) 512x512 65536color 1plane 31kHz
SP BG disp off (by $EB0808)
T-VRAM display
G-VRAM display
memcpyByU8 (ideal throughput is 454545 bytes/sec @10MHz)

throughput (bytes/sec)
+------------------------+----------+----------+----------+----------+----------+----------+
|                   dst  |   MAIN   |  G-VRAM  |  T-VRAM  |   SPR    |   PCG    |   SRAM   |
|                        | 0x1ffd88 | 0xc00200 | 0xe00200 | 0xeb0200 | 0xeb8200 | 0xed3a00 |
|  src                   |~0x1fff87 |~0xc003ff |~0xe003ff |~0xeb03ff |~0xeb83ff |~0xed3bff |
+------------------------+----------+----------+----------+----------+----------+----------+
| MAIN  0x1fff88~0x200187|   442368 |   413696 |   413696 |   376832 |   376832 |   425984 |
|G-VRAM 0xc00000~0xc001ff|   413696 |   397312 |   401408 |   348160 |   356352 |   405504 |
|T-VRAM 0xe00000~0xe001ff|   413696 |   401408 |   397312 |   348160 |   356352 |   405504 |
| SPR   0xeb0000~0xeb01ff|   376832 |   348160 |   344064 |   315392 |   331776 |   352256 |
| PCG   0xeb8000~0xeb81ff|   376832 |   360448 |   356352 |   331776 |   319488 |   364544 |
| SRAM  0xed3800~0xed39ff|   430080 |   405504 |   405504 |   356352 |   364544 |   405504 |
|CGROM  0xf00000~0xf001ff|   430080 |   405504 |   405504 |   356352 |   364544 |   405504 |
|IPLROM 0xfe0000~0xfe01ff|   430080 |   405504 |   405504 |   356352 |   364544 |   405504 |
+------------------------+----------+----------+----------+----------+----------+----------+


testCase 22/39

CRTMOD(12) 512x512 65536color 1plane 31kHz
SP BG disp on (by $EB0808)
T-VRAM buffer
G-VRAM display
memcpyByU8 (ideal throughput is 454545 bytes/sec @10MHz)

throughput (bytes/sec)
+------------------------+----------+----------+----------+----------+----------+----------+
|                   dst  |   MAIN   |  G-VRAM  |  T-VRAM  |   SPR    |   PCG    |   SRAM   |
|                        | 0x1ffd88 | 0xc00200 | 0xe00200 | 0xeb0200 | 0xeb8200 | 0xed3a00 |
|  src                   |~0x1fff87 |~0xc003ff |~0xe003ff |~0xeb03ff |~0xeb83ff |~0xed3bff |
+------------------------+----------+----------+----------+----------+----------+----------+
| MAIN  0x1fff88~0x200187|   442368 |   413696 |   425984 |   352256 |   356352 |   425984 |
|G-VRAM 0xc00000~0xc001ff|   413696 |   397312 |   401408 |   348160 |   344064 |   405504 |
|T-VRAM 0xe00000~0xe001ff|   421888 |   405504 |   405504 |   352256 |   356352 |   409600 |
| SPR   0xeb0000~0xeb01ff|   356352 |   348160 |   352256 |   286720 |   286720 |   352256 |
| PCG   0xeb8000~0xeb81ff|   356352 |   348160 |   352256 |   286720 |   278528 |   356352 |
| SRAM  0xed3800~0xed39ff|   430080 |   405504 |   405504 |   356352 |   352256 |   409600 |
|CGROM  0xf00000~0xf001ff|   430080 |   405504 |   405504 |   356352 |   352256 |   409600 |
|IPLROM 0xfe0000~0xfe01ff|   430080 |   405504 |   405504 |   356352 |   352256 |   409600 |
+------------------------+----------+----------+----------+----------+----------+----------+


testCase 23/39

CRTMOD(12) 512x512 65536color 1plane 31kHz
SP BG disp on (by $EB0808)
T-VRAM display
G-VRAM buffer
memcpyByU8 (ideal throughput is 454545 bytes/sec @10MHz)

throughput (bytes/sec)
+------------------------+----------+----------+----------+----------+----------+----------+
|                   dst  |   MAIN   |  G-VRAM  |  T-VRAM  |   SPR    |   PCG    |   SRAM   |
|                        | 0x1ffd88 | 0xc00200 | 0xe00200 | 0xeb0200 | 0xeb8200 | 0xed3a00 |
|  src                   |~0x1fff87 |~0xc003ff |~0xe003ff |~0xeb03ff |~0xeb83ff |~0xed3bff |
+------------------------+----------+----------+----------+----------+----------+----------+
| MAIN  0x1fff88~0x200187|   442368 |   421888 |   417792 |   352256 |   356352 |   425984 |
|G-VRAM 0xc00000~0xc001ff|   421888 |   401408 |   409600 |   352256 |   356352 |   409600 |
|T-VRAM 0xe00000~0xe001ff|   413696 |   401408 |   397312 |   344064 |   348160 |   405504 |
| SPR   0xeb0000~0xeb01ff|   356352 |   356352 |   344064 |   286720 |   286720 |   352256 |
| PCG   0xeb8000~0xeb81ff|   356352 |   356352 |   344064 |   286720 |   278528 |   356352 |
| SRAM  0xed3800~0xed39ff|   430080 |   405504 |   405504 |   356352 |   352256 |   409600 |
|CGROM  0xf00000~0xf001ff|   430080 |   405504 |   405504 |   356352 |   352256 |   409600 |
|IPLROM 0xfe0000~0xfe01ff|   430080 |   405504 |   405504 |   356352 |   352256 |   409600 |
+------------------------+----------+----------+----------+----------+----------+----------+


testCase 24/39

CRTMOD(12) 512x512 65536color 1plane 31kHz
SP BG disp on (by $EB0808)
T-VRAM display
G-VRAM display
memcpyByMovem (ideal throughput is 2081301 bytes/sec @10MHz)

throughput (bytes/sec)
+------------------------+----------+----------+----------+----------+----------+----------+
|                   dst  |   MAIN   |  G-VRAM  |  T-VRAM  |   SPR    |   PCG    |   SRAM   |
|                        | 0x1ffd88 | 0xc00200 | 0xe00200 | 0xeb0200 | 0xeb8200 | 0xed3a00 |
|  src                   |~0x1fff87 |~0xc003ff |~0xe003ff |~0xeb03ff |~0xeb83ff |~0xed3bff |
+------------------------+----------+----------+----------+----------+----------+----------+
| MAIN  0x1fff88~0x200187|  1986560 |  1789952 |  1789952 |  1236992 |  1179648 |  1826816 |
|G-VRAM 0xc00000~0xc001ff|  1781760 |  1605632 |  1609728 |  1142784 |  1105920 |  1650688 |
|T-VRAM 0xe00000~0xe001ff|  1781760 |  1605632 |  1609728 |  1142784 |  1105920 |  1650688 |
| SPR   0xeb0000~0xeb01ff|  1236992 |  1150976 |  1155072 |   892928 |   872448 |  1175552 |
| PCG   0xeb8000~0xeb81ff|  1241088 |  1146880 |  1142784 |   901120 |   868352 |  1163264 |
| SRAM  0xed3800~0xed39ff|  1818624 |  1654784 |  1650688 |  1167360 |  1118208 |  1691648 |
|CGROM  0xf00000~0xf001ff|  1818624 |  1654784 |  1650688 |  1167360 |  1118208 |  1691648 |
|IPLROM 0xfe0000~0xfe01ff|  1818624 |  1654784 |  1650688 |  1167360 |  1118208 |  1691648 |
+------------------------+----------+----------+----------+----------+----------+----------+


testCase 25/39

CRTMOD(12) 512x512 65536color 1plane 31kHz
SP BG disp off (by $EB0808)
T-VRAM display
G-VRAM display
memcpyByMovem (ideal throughput is 2081301 bytes/sec @10MHz)

throughput (bytes/sec)
+------------------------+----------+----------+----------+----------+----------+----------+
|                   dst  |   MAIN   |  G-VRAM  |  T-VRAM  |   SPR    |   PCG    |   SRAM   |
|                        | 0x1ffd88 | 0xc00200 | 0xe00200 | 0xeb0200 | 0xeb8200 | 0xed3a00 |
|  src                   |~0x1fff87 |~0xc003ff |~0xe003ff |~0xeb03ff |~0xeb83ff |~0xed3bff |
+------------------------+----------+----------+----------+----------+----------+----------+
| MAIN  0x1fff88~0x200187|  1986560 |  1789952 |  1789952 |  1376256 |  1470464 |  1826816 |
|G-VRAM 0xc00000~0xc001ff|  1781760 |  1605632 |  1609728 |  1265664 |  1343488 |  1650688 |
|T-VRAM 0xe00000~0xe001ff|  1781760 |  1605632 |  1609728 |  1265664 |  1343488 |  1650688 |
| SPR   0xeb0000~0xeb01ff|  1363968 |  1257472 |  1257472 |  1044480 |  1097728 |  1282048 |
| PCG   0xeb8000~0xeb81ff|  1454080 |  1335296 |  1339392 |  1093632 |  1138688 |  1363968 |
| SRAM  0xed3800~0xed39ff|  1818624 |  1654784 |  1650688 |  1294336 |  1376256 |  1691648 |
|CGROM  0xf00000~0xf001ff|  1818624 |  1654784 |  1650688 |  1294336 |  1376256 |  1691648 |
|IPLROM 0xfe0000~0xfe01ff|  1818624 |  1654784 |  1650688 |  1290240 |  1380352 |  1691648 |
+------------------------+----------+----------+----------+----------+----------+----------+


testCase 26/39

CRTMOD(12) 512x512 65536color 1plane 31kHz
SP BG disp on (by $EB0808)
T-VRAM buffer
G-VRAM display
memcpyByMovem (ideal throughput is 2081301 bytes/sec @10MHz)

throughput (bytes/sec)
+------------------------+----------+----------+----------+----------+----------+----------+
|                   dst  |   MAIN   |  G-VRAM  |  T-VRAM  |   SPR    |   PCG    |   SRAM   |
|                        | 0x1ffd88 | 0xc00200 | 0xe00200 | 0xeb0200 | 0xeb8200 | 0xed3a00 |
|  src                   |~0x1fff87 |~0xc003ff |~0xe003ff |~0xeb03ff |~0xeb83ff |~0xed3bff |
+------------------------+----------+----------+----------+----------+----------+----------+
| MAIN  0x1fff88~0x200187|  1986560 |  1789952 |  1806336 |  1236992 |  1179648 |  1826816 |
|G-VRAM 0xc00000~0xc001ff|  1781760 |  1605632 |  1634304 |  1142784 |  1105920 |  1650688 |
|T-VRAM 0xe00000~0xe001ff|  1794048 |  1630208 |  1642496 |  1159168 |  1118208 |  1662976 |
| SPR   0xeb0000~0xeb01ff|  1236992 |  1155072 |  1155072 |   892928 |   872448 |  1175552 |
| PCG   0xeb8000~0xeb81ff|  1241088 |  1146880 |  1138688 |   897024 |   868352 |  1167360 |
| SRAM  0xed3800~0xed39ff|  1818624 |  1654784 |  1662976 |  1167360 |  1122304 |  1687552 |
|CGROM  0xf00000~0xf001ff|  1818624 |  1654784 |  1662976 |  1167360 |  1122304 |  1687552 |
|IPLROM 0xfe0000~0xfe01ff|  1818624 |  1654784 |  1662976 |  1167360 |  1122304 |  1687552 |
+------------------------+----------+----------+----------+----------+----------+----------+


testCase 27/39

CRTMOD(12) 512x512 65536color 1plane 31kHz
SP BG disp on (by $EB0808)
T-VRAM display
G-VRAM buffer
memcpyByMovem (ideal throughput is 2081301 bytes/sec @10MHz)

throughput (bytes/sec)
+------------------------+----------+----------+----------+----------+----------+----------+
|                   dst  |   MAIN   |  G-VRAM  |  T-VRAM  |   SPR    |   PCG    |   SRAM   |
|                        | 0x1ffd88 | 0xc00200 | 0xe00200 | 0xeb0200 | 0xeb8200 | 0xed3a00 |
|  src                   |~0x1fff87 |~0xc003ff |~0xe003ff |~0xeb03ff |~0xeb83ff |~0xed3bff |
+------------------------+----------+----------+----------+----------+----------+----------+
| MAIN  0x1fff88~0x200187|  1986560 |  1806336 |  1789952 |  1236992 |  1179648 |  1826816 |
|G-VRAM 0xc00000~0xc001ff|  1794048 |  1642496 |  1630208 |  1159168 |  1118208 |  1662976 |
|T-VRAM 0xe00000~0xe001ff|  1781760 |  1634304 |  1605632 |  1142784 |  1105920 |  1650688 |
| SPR   0xeb0000~0xeb01ff|  1236992 |  1159168 |  1150976 |   892928 |   872448 |  1175552 |
| PCG   0xeb8000~0xeb81ff|  1241088 |  1138688 |  1146880 |   897024 |   868352 |  1163264 |
| SRAM  0xed3800~0xed39ff|  1818624 |  1667072 |  1650688 |  1167360 |  1122304 |  1687552 |
|CGROM  0xf00000~0xf001ff|  1818624 |  1667072 |  1650688 |  1167360 |  1122304 |  1687552 |
|IPLROM 0xfe0000~0xfe01ff|  1818624 |  1667072 |  1650688 |  1167360 |  1118208 |  1691648 |
+------------------------+----------+----------+----------+----------+----------+----------+


testCase 28/39

CRTMOD(12) 512x512 65536color 1plane 31kHz
SP BG disp on (by $EB0808)
T-VRAM display
G-VRAM display
memcpyByDma Maximum-rate

throughput (bytes/sec)
+------------------------+----------+----------+----------+----------+----------+----------+
|                   dst  |   MAIN   |  G-VRAM  |  T-VRAM  |   SPR    |   PCG    |   SRAM   |
|                        | 0x1ffd88 | 0xc00200 | 0xe00200 | 0xeb0200 | 0xeb8200 | 0xed3a00 |
|  src                   |~0x1fff87 |~0xc003ff |~0xe003ff |~0xeb03ff |~0xeb83ff |~0xed3bff |
+------------------------+----------+----------+----------+----------+----------+----------+
| MAIN  0x1fff88~0x200187|  1622016 |  1568768 |  1568768 |  1196032 |  1228800 |  1495040 |
|G-VRAM 0xc00000~0xc001ff|  1572864 |  1560576 |  1568768 |  1167360 |  1200128 |  1462272 |
|T-VRAM 0xe00000~0xe001ff|  1572864 |  1564672 |  1564672 |  1167360 |  1200128 |  1462272 |
| SPR   0xeb0000~0xeb01ff|  1232896 |  1200128 |  1200128 |   868352 |   872448 |  1138688 |
| PCG   0xeb8000~0xeb81ff|  1232896 |  1200128 |  1200128 |   868352 |   679936 |  1228800 |
| SRAM  0xed3800~0xed39ff|  1486848 |  1466368 |  1462272 |  1024000 |   950272 |  1400832 |
|CGROM  0xf00000~0xf001ff|  1486848 |  1466368 |  1462272 |  1024000 |   950272 |  1400832 |
|IPLROM 0xfe0000~0xfe01ff|  1486848 |  1466368 |  1462272 |  1024000 |   950272 |  1400832 |
+------------------------+----------+----------+----------+----------+----------+----------+


testCase 29/39

CRTMOD(12) 512x512 65536color 1plane 31kHz
SP BG disp off (by $EB0808)
T-VRAM display
G-VRAM display
memcpyByDma Maximum-rate

throughput (bytes/sec)
+------------------------+----------+----------+----------+----------+----------+----------+
|                   dst  |   MAIN   |  G-VRAM  |  T-VRAM  |   SPR    |   PCG    |   SRAM   |
|                        | 0x1ffd88 | 0xc00200 | 0xe00200 | 0xeb0200 | 0xeb8200 | 0xed3a00 |
|  src                   |~0x1fff87 |~0xc003ff |~0xe003ff |~0xeb03ff |~0xeb83ff |~0xed3bff |
+------------------------+----------+----------+----------+----------+----------+----------+
| MAIN  0x1fff88~0x200187|  1622016 |  1568768 |  1568768 |  1228800 |  1228800 |  1499136 |
|G-VRAM 0xc00000~0xc001ff|  1572864 |  1560576 |  1568768 |  1196032 |  1200128 |  1466368 |
|T-VRAM 0xe00000~0xe001ff|  1572864 |  1564672 |  1564672 |  1196032 |  1200128 |  1466368 |
| SPR   0xeb0000~0xeb01ff|  1232896 |  1200128 |  1204224 |   946176 |  1011712 |  1208320 |
| PCG   0xeb8000~0xeb81ff|  1335296 |  1294336 |  1290240 |   950272 |  1028096 |  1236992 |
| SRAM  0xed3800~0xed39ff|  1486848 |  1466368 |  1462272 |  1126400 |  1134592 |  1400832 |
|CGROM  0xf00000~0xf001ff|  1486848 |  1466368 |  1462272 |  1126400 |  1134592 |  1400832 |
|IPLROM 0xfe0000~0xfe01ff|  1486848 |  1466368 |  1462272 |  1126400 |  1134592 |  1400832 |
+------------------------+----------+----------+----------+----------+----------+----------+


testCase 30/39

CRTMOD(12) 512x512 65536color 1plane 31kHz
SP BG disp on (by $EB0808)
T-VRAM buffer
G-VRAM display
memcpyByDma Maximum-rate

throughput (bytes/sec)
+------------------------+----------+----------+----------+----------+----------+----------+
|                   dst  |   MAIN   |  G-VRAM  |  T-VRAM  |   SPR    |   PCG    |   SRAM   |
|                        | 0x1ffd88 | 0xc00200 | 0xe00200 | 0xeb0200 | 0xeb8200 | 0xed3a00 |
|  src                   |~0x1fff87 |~0xc003ff |~0xe003ff |~0xeb03ff |~0xeb83ff |~0xed3bff |
+------------------------+----------+----------+----------+----------+----------+----------+
| MAIN  0x1fff88~0x200187|  1622016 |  1568768 |  1617920 |  1196032 |  1228800 |  1499136 |
|G-VRAM 0xc00000~0xc001ff|  1572864 |  1560576 |  1572864 |  1163264 |  1200128 |  1462272 |
|T-VRAM 0xe00000~0xe001ff|  1589248 |  1572864 |  1589248 |  1196032 |  1228800 |  1503232 |
| SPR   0xeb0000~0xeb01ff|  1232896 |  1200128 |  1228800 |   872448 |   868352 |  1138688 |
| PCG   0xeb8000~0xeb81ff|  1232896 |  1200128 |  1228800 |   872448 |   675840 |  1228800 |
| SRAM  0xed3800~0xed39ff|  1486848 |  1466368 |  1499136 |  1024000 |   950272 |  1400832 |
|CGROM  0xf00000~0xf001ff|  1486848 |  1466368 |  1499136 |  1024000 |   950272 |  1400832 |
|IPLROM 0xfe0000~0xfe01ff|  1486848 |  1466368 |  1499136 |  1024000 |   950272 |  1400832 |
+------------------------+----------+----------+----------+----------+----------+----------+


testCase 31/39

CRTMOD(12) 512x512 65536color 1plane 31kHz
SP BG disp on (by $EB0808)
T-VRAM display
G-VRAM buffer
memcpyByDma Maximum-rate

throughput (bytes/sec)
+------------------------+----------+----------+----------+----------+----------+----------+
|                   dst  |   MAIN   |  G-VRAM  |  T-VRAM  |   SPR    |   PCG    |   SRAM   |
|                        | 0x1ffd88 | 0xc00200 | 0xe00200 | 0xeb0200 | 0xeb8200 | 0xed3a00 |
|  src                   |~0x1fff87 |~0xc003ff |~0xe003ff |~0xeb03ff |~0xeb83ff |~0xed3bff |
+------------------------+----------+----------+----------+----------+----------+----------+
| MAIN  0x1fff88~0x200187|  1622016 |  1617920 |  1568768 |  1196032 |  1228800 |  1499136 |
|G-VRAM 0xc00000~0xc001ff|  1589248 |  1593344 |  1568768 |  1196032 |  1228800 |  1503232 |
|T-VRAM 0xe00000~0xe001ff|  1572864 |  1568768 |  1564672 |  1163264 |  1200128 |  1462272 |
| SPR   0xeb0000~0xeb01ff|  1232896 |  1228800 |  1200128 |   872448 |   868352 |  1138688 |
| PCG   0xeb8000~0xeb81ff|  1232896 |  1228800 |  1200128 |   872448 |   675840 |  1228800 |
| SRAM  0xed3800~0xed39ff|  1486848 |  1499136 |  1466368 |  1024000 |   950272 |  1400832 |
|CGROM  0xf00000~0xf001ff|  1486848 |  1499136 |  1466368 |  1024000 |   950272 |  1400832 |
|IPLROM 0xfe0000~0xfe01ff|  1486848 |  1499136 |  1466368 |  1024000 |   950272 |  1396736 |
+------------------------+----------+----------+----------+----------+----------+----------+


testCase 32/39

CRTMOD(12) 512x512 65536color 1plane 31kHz
SP BG disp on (by $EB0808)
T-VRAM display
G-VRAM display
memcpyByDma Limited-rate LiteCsrPolling

throughput (bytes/sec)
+------------------------+----------+----------+----------+----------+----------+----------+
|                   dst  |   MAIN   |  G-VRAM  |  T-VRAM  |   SPR    |   PCG    |   SRAM   |
|                        | 0x1ffd88 | 0xc00200 | 0xe00200 | 0xeb0200 | 0xeb8200 | 0xed3a00 |
|  src                   |~0x1fff87 |~0xc003ff |~0xe003ff |~0xeb03ff |~0xeb83ff |~0xed3bff |
+------------------------+----------+----------+----------+----------+----------+----------+
| MAIN  0x1fff88~0x200187|   360448 |   290816 |   286720 |   208896 |   200704 |   229376 |
|G-VRAM 0xc00000~0xc001ff|   290816 |   270336 |   266240 |   200704 |   200704 |   253952 |
|T-VRAM 0xe00000~0xe001ff|   290816 |   270336 |   266240 |   200704 |   200704 |   253952 |
| SPR   0xeb0000~0xeb01ff|   196608 |   200704 |   204800 |   225280 |   184320 |   258048 |
| PCG   0xeb8000~0xeb81ff|   200704 |   204800 |   204800 |   204800 |   118784 |   196608 |
| SRAM  0xed3800~0xed39ff|   233472 |   249856 |   253952 |   155648 |   159744 |   245760 |
|CGROM  0xf00000~0xf001ff|   233472 |   249856 |   253952 |   155648 |   159744 |   249856 |
|IPLROM 0xfe0000~0xfe01ff|   233472 |   249856 |   253952 |   155648 |   159744 |   245760 |
+------------------------+----------+----------+----------+----------+----------+----------+


testCase 33/39

CRTMOD(12) 512x512 65536color 1plane 31kHz
SP BG disp off (by $EB0808)
T-VRAM display
G-VRAM display
memcpyByDma Limited-rate LiteCsrPolling

throughput (bytes/sec)
+------------------------+----------+----------+----------+----------+----------+----------+
|                   dst  |   MAIN   |  G-VRAM  |  T-VRAM  |   SPR    |   PCG    |   SRAM   |
|                        | 0x1ffd88 | 0xc00200 | 0xe00200 | 0xeb0200 | 0xeb8200 | 0xed3a00 |
|  src                   |~0x1fff87 |~0xc003ff |~0xe003ff |~0xeb03ff |~0xeb83ff |~0xed3bff |
+------------------------+----------+----------+----------+----------+----------+----------+
| MAIN  0x1fff88~0x200187|   360448 |   290816 |   286720 |   196608 |   192512 |   229376 |
|G-VRAM 0xc00000~0xc001ff|   290816 |   270336 |   266240 |   204800 |   204800 |   249856 |
|T-VRAM 0xe00000~0xe001ff|   290816 |   266240 |   270336 |   204800 |   204800 |   249856 |
| SPR   0xeb0000~0xeb01ff|   196608 |   204800 |   200704 |   155648 |   155648 |   196608 |
| PCG   0xeb8000~0xeb81ff|   229376 |   225280 |   225280 |   155648 |   155648 |   196608 |
| SRAM  0xed3800~0xed39ff|   233472 |   249856 |   253952 |   299008 |   266240 |   249856 |
|CGROM  0xf00000~0xf001ff|   233472 |   249856 |   253952 |   303104 |   262144 |   253952 |
|IPLROM 0xfe0000~0xfe01ff|   233472 |   249856 |   253952 |   303104 |   266240 |   249856 |
+------------------------+----------+----------+----------+----------+----------+----------+


testCase 34/39

CRTMOD(12) 512x512 65536color 1plane 31kHz
SP BG disp on (by $EB0808)
T-VRAM buffer
G-VRAM display
memcpyByDma Limited-rate LiteCsrPolling

throughput (bytes/sec)
+------------------------+----------+----------+----------+----------+----------+----------+
|                   dst  |   MAIN   |  G-VRAM  |  T-VRAM  |   SPR    |   PCG    |   SRAM   |
|                        | 0x1ffd88 | 0xc00200 | 0xe00200 | 0xeb0200 | 0xeb8200 | 0xed3a00 |
|  src                   |~0x1fff87 |~0xc003ff |~0xe003ff |~0xeb03ff |~0xeb83ff |~0xed3bff |
+------------------------+----------+----------+----------+----------+----------+----------+
| MAIN  0x1fff88~0x200187|   360448 |   290816 |   352256 |   208896 |   200704 |   233472 |
|G-VRAM 0xc00000~0xc001ff|   290816 |   270336 |   286720 |   200704 |   200704 |   253952 |
|T-VRAM 0xe00000~0xe001ff|   409600 |   286720 |   401408 |   208896 |   200704 |   233472 |
| SPR   0xeb0000~0xeb01ff|   196608 |   200704 |   196608 |   225280 |   184320 |   258048 |
| PCG   0xeb8000~0xeb81ff|   200704 |   204800 |   196608 |   208896 |   118784 |   196608 |
| SRAM  0xed3800~0xed39ff|   233472 |   249856 |   233472 |   155648 |   155648 |   253952 |
|CGROM  0xf00000~0xf001ff|   233472 |   249856 |   233472 |   155648 |   155648 |   249856 |
|IPLROM 0xfe0000~0xfe01ff|   233472 |   249856 |   233472 |   155648 |   155648 |   253952 |
+------------------------+----------+----------+----------+----------+----------+----------+


testCase 35/39

CRTMOD(12) 512x512 65536color 1plane 31kHz
SP BG disp on (by $EB0808)
T-VRAM display
G-VRAM buffer
memcpyByDma Limited-rate LiteCsrPolling

throughput (bytes/sec)
+------------------------+----------+----------+----------+----------+----------+----------+
|                   dst  |   MAIN   |  G-VRAM  |  T-VRAM  |   SPR    |   PCG    |   SRAM   |
|                        | 0x1ffd88 | 0xc00200 | 0xe00200 | 0xeb0200 | 0xeb8200 | 0xed3a00 |
|  src                   |~0x1fff87 |~0xc003ff |~0xe003ff |~0xeb03ff |~0xeb83ff |~0xed3bff |
+------------------------+----------+----------+----------+----------+----------+----------+
| MAIN  0x1fff88~0x200187|   360448 |   356352 |   290816 |   208896 |   200704 |   229376 |
|G-VRAM 0xc00000~0xc001ff|   409600 |   405504 |   286720 |   208896 |   200704 |   229376 |
|T-VRAM 0xe00000~0xe001ff|   290816 |   286720 |   270336 |   200704 |   200704 |   249856 |
| SPR   0xeb0000~0xeb01ff|   196608 |   192512 |   204800 |   225280 |   188416 |   253952 |
| PCG   0xeb8000~0xeb81ff|   200704 |   200704 |   200704 |   208896 |   118784 |   196608 |
| SRAM  0xed3800~0xed39ff|   233472 |   229376 |   253952 |   155648 |   155648 |   249856 |
|CGROM  0xf00000~0xf001ff|   233472 |   229376 |   249856 |   155648 |   159744 |   249856 |
|IPLROM 0xfe0000~0xfe01ff|   233472 |   229376 |   249856 |   155648 |   159744 |   249856 |
+------------------------+----------+----------+----------+----------+----------+----------+


testCase 36/39

CRTMOD(12) 512x512 65536color 1plane 31kHz
SP BG disp on (by $EB0808)
T-VRAM display
G-VRAM display
memcpyByDma Limited-rate FullCsrPolling

throughput (bytes/sec)
+------------------------+----------+----------+----------+----------+----------+----------+
|                   dst  |   MAIN   |  G-VRAM  |  T-VRAM  |   SPR    |   PCG    |   SRAM   |
|                        | 0x1ffd88 | 0xc00200 | 0xe00200 | 0xeb0200 | 0xeb8200 | 0xed3a00 |
|  src                   |~0x1fff87 |~0xc003ff |~0xe003ff |~0xeb03ff |~0xeb83ff |~0xed3bff |
+------------------------+----------+----------+----------+----------+----------+----------+
| MAIN  0x1fff88~0x200187|   417792 |   323584 |   327680 |   237568 |   221184 |   258048 |
|G-VRAM 0xc00000~0xc001ff|   327680 |   331776 |   327680 |   212992 |   217088 |   270336 |
|T-VRAM 0xe00000~0xe001ff|   331776 |   323584 |   335872 |   212992 |   217088 |   270336 |
| SPR   0xeb0000~0xeb01ff|   208896 |   212992 |   212992 |   229376 |   192512 |   266240 |
| PCG   0xeb8000~0xeb81ff|   221184 |   217088 |   217088 |   212992 |   118784 |   212992 |
| SRAM  0xed3800~0xed39ff|   262144 |   270336 |   274432 |   155648 |   167936 |   344064 |
|CGROM  0xf00000~0xf001ff|   262144 |   274432 |   270336 |   155648 |   167936 |   344064 |
|IPLROM 0xfe0000~0xfe01ff|   262144 |   270336 |   274432 |   155648 |   167936 |   344064 |
+------------------------+----------+----------+----------+----------+----------+----------+


testCase 37/39

CRTMOD(12) 512x512 65536color 1plane 31kHz
SP BG disp off (by $EB0808)
T-VRAM display
G-VRAM display
memcpyByDma Limited-rate FullCsrPolling

throughput (bytes/sec)
+------------------------+----------+----------+----------+----------+----------+----------+
|                   dst  |   MAIN   |  G-VRAM  |  T-VRAM  |   SPR    |   PCG    |   SRAM   |
|                        | 0x1ffd88 | 0xc00200 | 0xe00200 | 0xeb0200 | 0xeb8200 | 0xed3a00 |
|  src                   |~0x1fff87 |~0xc003ff |~0xe003ff |~0xeb03ff |~0xeb83ff |~0xed3bff |
+------------------------+----------+----------+----------+----------+----------+----------+
| MAIN  0x1fff88~0x200187|   417792 |   327680 |   323584 |   212992 |   208896 |   258048 |
|G-VRAM 0xc00000~0xc001ff|   331776 |   331776 |   327680 |   217088 |   217088 |   270336 |
|T-VRAM 0xe00000~0xe001ff|   331776 |   323584 |   335872 |   217088 |   217088 |   270336 |
| SPR   0xeb0000~0xeb01ff|   208896 |   212992 |   217088 |   163840 |   155648 |   212992 |
| PCG   0xeb8000~0xeb81ff|   221184 |   225280 |   225280 |   163840 |   155648 |   204800 |
| SRAM  0xed3800~0xed39ff|   262144 |   270336 |   274432 |   299008 |   294912 |   344064 |
|CGROM  0xf00000~0xf001ff|   262144 |   274432 |   270336 |   299008 |   294912 |   344064 |
|IPLROM 0xfe0000~0xfe01ff|   262144 |   270336 |   274432 |   299008 |   294912 |   344064 |
+------------------------+----------+----------+----------+----------+----------+----------+


testCase 38/39

CRTMOD(12) 512x512 65536color 1plane 31kHz
SP BG disp on (by $EB0808)
T-VRAM buffer
G-VRAM display
memcpyByDma Limited-rate FullCsrPolling

throughput (bytes/sec)
+------------------------+----------+----------+----------+----------+----------+----------+
|                   dst  |   MAIN   |  G-VRAM  |  T-VRAM  |   SPR    |   PCG    |   SRAM   |
|                        | 0x1ffd88 | 0xc00200 | 0xe00200 | 0xeb0200 | 0xeb8200 | 0xed3a00 |
|  src                   |~0x1fff87 |~0xc003ff |~0xe003ff |~0xeb03ff |~0xeb83ff |~0xed3bff |
+------------------------+----------+----------+----------+----------+----------+----------+
| MAIN  0x1fff88~0x200187|   417792 |   327680 |   417792 |   237568 |   221184 |   258048 |
|G-VRAM 0xc00000~0xc001ff|   331776 |   331776 |   323584 |   217088 |   217088 |   266240 |
|T-VRAM 0xe00000~0xe001ff|   430080 |   323584 |   425984 |   237568 |   217088 |   258048 |
| SPR   0xeb0000~0xeb01ff|   208896 |   212992 |   208896 |   229376 |   188416 |   270336 |
| PCG   0xeb8000~0xeb81ff|   221184 |   217088 |   217088 |   212992 |   118784 |   212992 |
| SRAM  0xed3800~0xed39ff|   262144 |   274432 |   262144 |   159744 |   163840 |   348160 |
|CGROM  0xf00000~0xf001ff|   262144 |   270336 |   266240 |   155648 |   167936 |   344064 |
|IPLROM 0xfe0000~0xfe01ff|   262144 |   274432 |   258048 |   155648 |   167936 |   344064 |
+------------------------+----------+----------+----------+----------+----------+----------+


testCase 39/39

CRTMOD(12) 512x512 65536color 1plane 31kHz
SP BG disp on (by $EB0808)
T-VRAM display
G-VRAM buffer
memcpyByDma Limited-rate FullCsrPolling

throughput (bytes/sec)
+------------------------+----------+----------+----------+----------+----------+----------+
|                   dst  |   MAIN   |  G-VRAM  |  T-VRAM  |   SPR    |   PCG    |   SRAM   |
|                        | 0x1ffd88 | 0xc00200 | 0xe00200 | 0xeb0200 | 0xeb8200 | 0xed3a00 |
|  src                   |~0x1fff87 |~0xc003ff |~0xe003ff |~0xeb03ff |~0xeb83ff |~0xed3bff |
+------------------------+----------+----------+----------+----------+----------+----------+
| MAIN  0x1fff88~0x200187|   417792 |   417792 |   327680 |   233472 |   221184 |   258048 |
|G-VRAM 0xc00000~0xc001ff|   430080 |   430080 |   323584 |   233472 |   221184 |   253952 |
|T-VRAM 0xe00000~0xe001ff|   331776 |   323584 |   331776 |   212992 |   217088 |   270336 |
| SPR   0xeb0000~0xeb01ff|   208896 |   204800 |   212992 |   229376 |   192512 |   266240 |
| PCG   0xeb8000~0xeb81ff|   221184 |   217088 |   217088 |   212992 |   118784 |   212992 |
| SRAM  0xed3800~0xed39ff|   262144 |   262144 |   270336 |   155648 |   167936 |   344064 |
|CGROM  0xf00000~0xf001ff|   262144 |   262144 |   270336 |   155648 |   167936 |   344064 |
|IPLROM 0xfe0000~0xfe01ff|   262144 |   262144 |   270336 |   159744 |   163840 |   344064 |
+------------------------+----------+----------+----------+----------+----------+----------+

